Chain-curated MC scraper audit report - 2026-05-01 23:02:00
================================================================================

silverado            (auto-confirm): 0 facilities updated
belmont-village      (auto-confirm): 0 facilities updated
aegis                (auto-confirm): 0 facilities updated
activcare            (auto-confirm): 0 facilities updated
ivy-park            : scraped 0, matched 0, updated 0
brookdale           : scraped 0, matched 0, updated 0
atria               : scraped 25, matched 13, updated 0
oakmont             : scraped 0, matched 0, updated 0
front-porch         : scraped 10, matched 0, updated 0
sunrise             : scraped 0, matched 0, updated 0
cogir               : scraped 23, matched 4, updated 4
carlton             : scraped 8, matched 2, updated 2
merrill-gardens     : scraped 0, matched 0, updated 0
eskaton             : scraped 0, matched 0, updated 0
watermark           : scraped 0, matched 0, updated 0
pacifica            : scraped 0, matched 0, updated 0
generations         : scraped 0, matched 0, updated 0
pegasus             : scraped 6, matched 0, updated 0

TOTAL: scraped 72, matched 19, updated 6

AUDIT FINDINGS:
----------------------------------------
Note: Detailed unmatched analysis not yet implemented
Consider adding extraction result storage for full audit