Facilities to process: 69

[1/69] 9th Avenue Community Care Home (San Francisco)
  9th Avenue Community Care Home: 4 reports

[2/69] Alma Via of San Francisco (San Francisco)
  Alma Via of San Francisco: 17 reports

[3/69] Autumn Glow (San Francisco)
  Autumn Glow: 4 reports

[4/69] Bestudio's Care Home for the Elderly (San Francisco)
  Bestudio's Care Home for the Elderly: 1 reports

[5/69] Buena Vista Manor House (San Francisco)
  Buena Vista Manor House: 2 reports

[6/69] Buena Vista Manor House (San Francisco)
  Buena Vista Manor House: 18 reports

[7/69] Byxbee Home (San Francisco)
  Byxbee Home: 6 reports

[8/69] Care and Care Residence I (San Francisco)
  Care and Care Residence I: 7 reports

[9/69] Care and Care Residence Ii (San Francisco)
  Care and Care Residence Ii: 5 reports

[10/69] Carlisle-ivy Signature Living, the (San Francisco)
  Carlisle-ivy Signature Living, the: 10 reports

[11/69] Cayco's Care Home (San Francisco)
  Cayco's Care Home: 5 reports
    ⇧ Promoted to memory-care: Cayco's Care Home

[12/69] Communityworks (San Francisco)
  Communityworks: no reports

[13/69] Communityworks (San Francisco)
  Communityworks: no reports

[14/69] Corinthian Garden Residential Care Home (San Francisco)
  Corinthian Garden Residential Care Home: 16 reports

[15/69] Coterie Cathedral Hill (San Francisco)
  Coterie Cathedral Hill: 29 reports

[16/69] Damenik's Home (San Francisco)
  Damenik's Home: 3 reports
    ⇧ Promoted to memory-care: Damenik's Home

[17/69] Fook Hong Sf Care Home, Inc. (San Francisco)
  Fook Hong Sf Care Home, Inc.: 3 reports

[18/69] Gentle Hands Seniors (San Francisco)
  Gentle Hands Seniors: 6 reports

[19/69] Golden Residential Care Home (San Francisco)
  Golden Residential Care Home: 7 reports

[20/69] Golden Residential Care Home (San Francisco)
  Golden Residential Care Home: 4 reports

[21/69] Gonzales Home (San Francisco)
  Gonzales Home: 7 reports
    ⇧ Promoted to memory-care: Gonzales Home

[22/69] Good Shepherd of San Franciso (San Francisco)
  Good Shepherd of San Franciso: 2 reports

[23/69] Guirola Resident Care (San Francisco)
  Guirola Resident Care: 3 reports

[24/69] Heritage On the Marina (San Francisco)
  Heritage On the Marina: 12 reports

[25/69] Ida's Rest Home, Llc (San Francisco)
  Ida's Rest Home, Llc: 2 reports

[26/69] Ivy at Golden Gate, the (San Francisco)
  Ivy at Golden Gate, the: 17 reports

[27/69] Ivy at Golden Gate, the (San Francisco)
  Ivy at Golden Gate, the: 6 reports

[28/69] Ivy Park at Cathedral Hill (San Francisco)
  Ivy Park at Cathedral Hill: 40 reports

[29/69] Ivy Park at Cathedral Hill (San Francisco)
  Ivy Park at Cathedral Hill: no reports

[30/69] Janet's Residential Facility for the Elderly (San Francisco)
  Janet's Residential Facility for the Elderly: 5 reports
    ⇧ Promoted to memory-care: Janet's Residential Facility for the Elderly

[31/69] Julie's Care Home (San Francisco)
  Julie's Care Home: 7 reports

[32/69] Kimochi Home (San Francisco)
  Kimochi Home: 6 reports
    ⇧ Promoted to memory-care: Kimochi Home

[33/69] Kokoro Assisted Living (San Francisco)
  Kokoro Assisted Living: 15 reports
    ⇧ Promoted to memory-care: Kokoro Assisted Living

[34/69] Lady of Perpetual Help Rfe #1 (San Francisco)
  Lady of Perpetual Help Rfe #1: 5 reports

[35/69] Lina's Rest Home I (San Francisco)
  Lina's Rest Home I: 5 reports

[36/69] Lynne & Roy M Frank Residences (San Francisco)
  Lynne & Roy M Frank Residences: 24 reports
    ⇧ Promoted to memory-care: Lynne & Roy M Frank Residences

[37/69] Marian's Care Home I (San Francisco)
  Marian's Care Home I: 5 reports

[38/69] Merced Girard Residential Care Facility (San Francisco)
  Merced Girard Residential Care Facility: 5 reports

[39/69] Merced Residential Care Facility (San Francisco)
  Merced Residential Care Facility: 3 reports

[40/69] Merced Three Residential Care Facility (San Francisco)
  Merced Three Residential Care Facility: 3 reports

[41/69] Merced Two Residential Care Facility (San Francisco)
  Merced Two Residential Care Facility: 3 reports

[42/69] Parkside Retirement Home (San Francisco)
  Parkside Retirement Home: 2 reports

[43/69] Portola Gardens (San Francisco)
  Portola Gardens: 35 reports

[44/69] Providence Place (San Francisco)
  Providence Place: 6 reports

[45/69] Psalm Residential Care Home (San Francisco)
  Psalm Residential Care Home: 34 reports

[46/69] Quality Care Homes, Llc 2 (San Francisco)
  Quality Care Homes, Llc 2: 9 reports

[47/69] Quality Care Homes, Llc 3 (San Francisco)
  Quality Care Homes, Llc 3: 8 reports

[48/69] Quality Care Homes, Llc 4 (San Francisco)
  Quality Care Homes, Llc 4: 3 reports

[49/69] Rhoda Goldman Plaza (San Francisco)
  Rhoda Goldman Plaza: 8 reports

[50/69] Rj Starlight Home Corporation (San Francisco)
  Rj Starlight Home Corporation: 6 reports

[51/69] Sagebrook Senior Living at San Francisco (San Francisco)
  Sagebrook Senior Living at San Francisco: 33 reports

[52/69] San Francisco Rcfe (San Francisco)
  San Francisco Rcfe: 13 reports

[53/69] San Francisco Towers (San Francisco)
  San Francisco Towers: 13 reports

[54/69] Santiago Home Care (San Francisco)
  Santiago Home Care: no reports

[55/69] Sequoias San Francisco (the) (San Francisco)
  Sequoias San Francisco (the): 14 reports

[56/69] Sfal - the Avenue (San Francisco)
  Sfal - the Avenue: 4 reports

[57/69] St. Anne's Home for the Aged (San Francisco)
  St. Anne's Home for the Aged: 6 reports

[58/69] St. Francis Manor I (San Francisco)
  St. Francis Manor I: 10 reports

[59/69] Stella's Care Home I (San Francisco)
  Stella's Care Home I: 5 reports

[60/69] Sunset Care Home (San Francisco)
  Sunset Care Home: 5 reports

[61/69] Sunset Care Home 2 (San Francisco)
  Sunset Care Home 2: 5 reports

[62/69] Sunset Gardens (San Francisco)
  Sunset Gardens: 5 reports

[63/69] Sutro Heights Corporation (San Francisco)
  Sutro Heights Corporation: 24 reports

[64/69] Sutro Heights Residential Care, Llc (San Francisco)
  Sutro Heights Residential Care, Llc: no reports

[65/69] Taraval Residential Care Home (San Francisco)
  Taraval Residential Care Home: 4 reports

[66/69] Tlc Home Care Ii (San Francisco)
  Tlc Home Care Ii: 14 reports

[67/69] Victorian Manor (San Francisco)
  Victorian Manor: 15 reports

[68/69] Village at Hayes Valley-grove Building, the (San Francisco)
  Village at Hayes Valley-grove Building, the: 12 reports

[69/69] Village at Hayes Valley-laguna Building, the (San Francisco)
  Village at Hayes Valley-laguna Building, the: 27 reports

============================================================
Phase D citations ingest — COMPLETE
============================================================
  Facilities processed  : 69
  Reports seen          : 642
  Reports ingested      : 578
  Reports skipped       : 0 (already in DB)
  Deficiencies stored   : 354
  §87705/87706 citations: 9
  Errors                : 0
  scrape_run id         : 3aec4cf9-b0c3-4119-9a2b-9f2dbba57638
============================================================
