=== 306000961 ===
Facilities to process: 1

[1/1] Walnut Village (Anaheim)
  Walnut Village: 11 reports

============================================================
Phase D citations ingest — COMPLETE
============================================================
  Facilities processed  : 1
  Reports seen          : 11
  Reports ingested      : 10
  Reports skipped       : 0 (already in DB)
  Deficiencies stored   : 2
  §87705/87706 citations: 0
  Errors                : 0
  scrape_run id         : cec940f8-822b-4713-af52-5286e5a08af1
============================================================
=== 197607606 ===
Facilities to process: 1

[1/1] Nikkei Senior Gardens (Arleta)
  Nikkei Senior Gardens: 8 reports

============================================================
Phase D citations ingest — COMPLETE
============================================================
  Facilities processed  : 1
  Reports seen          : 8
  Reports ingested      : 7
  Reports skipped       : 0 (already in DB)
  Deficiencies stored   : 0
  §87705/87706 citations: 0
  Errors                : 0
  scrape_run id         : 98c72a93-3d73-4c8b-be2b-2f64daecb25b
============================================================
=== 306006242 ===
Facilities to process: 1

[1/1] Capriana (Brea)
  Capriana: 16 reports

============================================================
Phase D citations ingest — COMPLETE
============================================================
  Facilities processed  : 1
  Reports seen          : 16
  Reports ingested      : 15
  Reports skipped       : 0 (already in DB)
  Deficiencies stored   : 1
  §87705/87706 citations: 0
  Errors                : 0
  scrape_run id         : 4fde96ab-5845-4a10-b519-20405d5dcc72
============================================================
=== 306006344 ===
Facilities to process: 1

[1/1] Cogir of Brea (Brea)
  Cogir of Brea: 30 reports

============================================================
Phase D citations ingest — COMPLETE
============================================================
  Facilities processed  : 1
  Reports seen          : 30
  Reports ingested      : 29
  Reports skipped       : 0 (already in DB)
  Deficiencies stored   : 8
  §87705/87706 citations: 0
  Errors                : 0
  scrape_run id         : 28ab0567-64f7-4f2c-8702-08d43e0ad70f
============================================================
=== 197608998 ===
Facilities to process: 1

[1/1] Canyon Trails at Topanga Senior Living (Canoga Park)
  Canyon Trails at Topanga Senior Living: 37 reports

============================================================
Phase D citations ingest — COMPLETE
============================================================
  Facilities processed  : 1
  Reports seen          : 37
  Reports ingested      : 36
  Reports skipped       : 0 (already in DB)
  Deficiencies stored   : 8
  §87705/87706 citations: 1
  Errors                : 0
  scrape_run id         : f97c31ab-64a0-45d6-b36b-424cfb9a962d
============================================================
=== 374603190 ===
Facilities to process: 1

[1/1] Activcare at Bressi Ranch (Carlsbad)
  Activcare at Bressi Ranch: 9 reports

============================================================
Phase D citations ingest — COMPLETE
============================================================
  Facilities processed  : 1
  Reports seen          : 9
  Reports ingested      : 8
  Reports skipped       : 0 (already in DB)
  Deficiencies stored   : 2
  §87705/87706 citations: 0
  Errors                : 0
  scrape_run id         : 1b4fba75-db08-4e3b-8dd1-fcb5d19f97b0
============================================================
=== 374604411 ===
Facilities to process: 1

[1/1] La Marea Senior Living (Carlsbad)
  La Marea Senior Living: 25 reports

============================================================
Phase D citations ingest — COMPLETE
============================================================
  Facilities processed  : 1
  Reports seen          : 25
  Reports ingested      : 24
  Reports skipped       : 0 (already in DB)
  Deficiencies stored   : 14
  §87705/87706 citations: 0
  Errors                : 0
  scrape_run id         : 8588620e-4a63-46eb-90c0-10a4fc37d83c
============================================================
=== 374601134 ===
Facilities to process: 1

[1/1] Sunrise at la Costa (Carlsbad)
  Sunrise at la Costa: 21 reports

============================================================
Phase D citations ingest — COMPLETE
============================================================
  Facilities processed  : 1
  Reports seen          : 21
  Reports ingested      : 20
  Reports skipped       : 0 (already in DB)
  Deficiencies stored   : 1
  §87705/87706 citations: 0
  Errors                : 0
  scrape_run id         : 489af916-8e78-4f61-a88c-f3eda96a543f
============================================================
=== 347005251 ===
Facilities to process: 1

[1/1] Atria Carmichael Oaks (Carmichael)
  Atria Carmichael Oaks: 11 reports

============================================================
Phase D citations ingest — COMPLETE
============================================================
  Facilities processed  : 1
  Reports seen          : 11
  Reports ingested      : 10
  Reports skipped       : 0 (already in DB)
  Deficiencies stored   : 2
  §87705/87706 citations: 0
  Errors                : 0
  scrape_run id         : d1997d75-bab0-4d20-b29c-37942b4eccfa
============================================================
=== 347000389 ===
Facilities to process: 1

[1/1] Atria el Camino Gardens (Carmichael)
  Atria el Camino Gardens: 61 reports

============================================================
Phase D citations ingest — COMPLETE
============================================================
  Facilities processed  : 1
  Reports seen          : 61
  Reports ingested      : 60
  Reports skipped       : 0 (already in DB)
  Deficiencies stored   : 7
  §87705/87706 citations: 1
  Errors                : 0
  scrape_run id         : 6a479a89-6a23-46f9-b12b-eff2e98c3e24
============================================================
=== 374603431 ===
Facilities to process: 1

[1/1] Activcare at Rolling Hills Ranch (Chula Vista)
  Activcare at Rolling Hills Ranch: 16 reports

============================================================
Phase D citations ingest — COMPLETE
============================================================
  Facilities processed  : 1
  Reports seen          : 16
  Reports ingested      : 15
  Reports skipped       : 0 (already in DB)
  Deficiencies stored   : 4
  §87705/87706 citations: 0
  Errors                : 0
  scrape_run id         : 9c681e35-7598-4132-93d4-9dca786ae94b
============================================================
=== 374604544 ===
Facilities to process: 1

[1/1] Bonita Villa Senior Living (Chula Vista)
  Bonita Villa Senior Living: 69 reports

============================================================
Phase D citations ingest — COMPLETE
============================================================
  Facilities processed  : 1
  Reports seen          : 69
  Reports ingested      : 68
  Reports skipped       : 0 (already in DB)
  Deficiencies stored   : 31
  §87705/87706 citations: 0
  Errors                : 0
  scrape_run id         : b34f915a-df7e-466e-858e-5dd211b34f30
============================================================
=== 374603402 ===
Facilities to process: 1

[1/1] Fredericka Manor (Chula Vista)
  Fredericka Manor: 25 reports

============================================================
Phase D citations ingest — COMPLETE
============================================================
  Facilities processed  : 1
  Reports seen          : 25
  Reports ingested      : 24
  Reports skipped       : 0 (already in DB)
  Deficiencies stored   : 1
  §87705/87706 citations: 0
  Errors                : 0
  scrape_run id         : 1e1cdbe9-e046-4520-9b49-eda36cdf1111
============================================================
=== 374603509 ===
Facilities to process: 1

[1/1] Westmont at San Miguel Ranch (Chula Vista)
  Westmont at San Miguel Ranch: 37 reports

============================================================
Phase D citations ingest — COMPLETE
============================================================
  Facilities processed  : 1
  Reports seen          : 37
  Reports ingested      : 36
  Reports skipped       : 0 (already in DB)
  Deficiencies stored   : 8
  §87705/87706 citations: 1
  Errors                : 0
  scrape_run id         : 20164c74-fe4d-40a5-ae06-47c63b094fcd
============================================================
=== 342700471 ===
Facilities to process: 1

[1/1] Cogir of Stock Ranch (Citrus Heights)
  Cogir of Stock Ranch: 24 reports

============================================================
Phase D citations ingest — COMPLETE
============================================================
  Facilities processed  : 1
  Reports seen          : 24
  Reports ingested      : 23
  Reports skipped       : 0 (already in DB)
  Deficiencies stored   : 5
  §87705/87706 citations: 0
  Errors                : 0
  scrape_run id         : 3e3bb7be-b042-4169-89c9-2000b14f7cec
============================================================
=== 198601672 ===
Facilities to process: 1

[1/1] Claremont Manor (Claremont)
  Claremont Manor: 23 reports

============================================================
Phase D citations ingest — COMPLETE
============================================================
  Facilities processed  : 1
  Reports seen          : 23
  Reports ingested      : 22
  Reports skipped       : 0 (already in DB)
  Deficiencies stored   : 5
  §87705/87706 citations: 0
  Errors                : 0
  scrape_run id         : a4a1411c-3576-4ac3-bfb9-e0140d2d3560
============================================================
=== 198603786 ===
Facilities to process: 1

[1/1] Claremont Place (Claremont)
  Claremont Place: 2 reports

============================================================
Phase D citations ingest — COMPLETE
============================================================
  Facilities processed  : 1
  Reports seen          : 2
  Reports ingested      : 1
  Reports skipped       : 0 (already in DB)
  Deficiencies stored   : 0
  §87705/87706 citations: 0
  Errors                : 0
  scrape_run id         : 81e99f7d-4379-413a-b09d-00f9a84e793b
============================================================
=== 331880546 ===
Facilities to process: 1

[1/1] Estancia del Sol (Corona)
  Estancia del Sol: 13 reports

============================================================
Phase D citations ingest — COMPLETE
============================================================
  Facilities processed  : 1
  Reports seen          : 13
  Reports ingested      : 12
  Reports skipped       : 0 (already in DB)
  Deficiencies stored   : 5
  §87705/87706 citations: 0
  Errors                : 0
  scrape_run id         : a6275a76-e715-4b1c-b857-7880a9443afe
============================================================
=== 306004640 ===
Facilities to process: 1

[1/1] Newport Mesa Senior Living (Costa Mesa)
  Newport Mesa Senior Living: 13 reports

============================================================
Phase D citations ingest — COMPLETE
============================================================
  Facilities processed  : 1
  Reports seen          : 13
  Reports ingested      : 12
  Reports skipped       : 0 (already in DB)
  Deficiencies stored   : 10
  §87705/87706 citations: 2
  Errors                : 0
  scrape_run id         : a0733d7e-8ca3-47c0-9c26-f807e36f63ec
============================================================
=== 306005272 ===
Facilities to process: 1

[1/1] Pacifica Senior Living South Coast (Costa Mesa)
  Pacifica Senior Living South Coast: 21 reports

============================================================
Phase D citations ingest — COMPLETE
============================================================
  Facilities processed  : 1
  Reports seen          : 21
  Reports ingested      : 20
  Reports skipped       : 0 (already in DB)
  Deficiencies stored   : 13
  §87705/87706 citations: 0
  Errors                : 0
  scrape_run id         : cb0ba0aa-118a-4f17-a692-ce8eef879da5
============================================================
=== 198320402 ===
Facilities to process: 1

[1/1] Westmont of Culver City (Culver City)
  Westmont of Culver City: 8 reports

============================================================
Phase D citations ingest — COMPLETE
============================================================
  Facilities processed  : 1
  Reports seen          : 8
  Reports ingested      : 7
  Reports skipped       : 0 (already in DB)
  Deficiencies stored   : 1
  §87705/87706 citations: 0
  Errors                : 0
  scrape_run id         : ba10bcb5-3e23-46a0-bb3c-e9c9c23d28d2
============================================================
=== 306006345 ===
Facilities to process: 1

[1/1] Sea Bluffs, the (Dana Point)
  Sea Bluffs, the: 11 reports

============================================================
Phase D citations ingest — COMPLETE
============================================================
  Facilities processed  : 1
  Reports seen          : 11
  Reports ingested      : 10
  Reports skipped       : 0 (already in DB)
  Deficiencies stored   : 6
  §87705/87706 citations: 0
  Errors                : 0
  scrape_run id         : 15346720-0248-4b88-95ed-cabc279816d9
============================================================
=== 335530174 ===
Facilities to process: 1

[1/1] A Silver Amore Senior Home (Eastvale)
  A Silver Amore Senior Home: 4 reports

============================================================
Phase D citations ingest — COMPLETE
============================================================
  Facilities processed  : 1
  Reports seen          : 4
  Reports ingested      : 3
  Reports skipped       : 0 (already in DB)
  Deficiencies stored   : 1
  §87705/87706 citations: 0
  Errors                : 0
  scrape_run id         : 7aeeb61c-5dba-4ee6-92a9-5ad06ea827b6
============================================================
=== 342700369 ===
Facilities to process: 1

[1/1] Commons at Elk Grove, the (Elk Grove)
  Commons at Elk Grove, the: 21 reports

============================================================
Phase D citations ingest — COMPLETE
============================================================
  Facilities processed  : 1
  Reports seen          : 21
  Reports ingested      : 20
  Reports skipped       : 0 (already in DB)
  Deficiencies stored   : 5
  §87705/87706 citations: 1
  Errors                : 0
  scrape_run id         : c30aaec8-3e56-412e-8e49-664b6eb1b84d
============================================================
=== 342701306 ===
Facilities to process: 1

[1/1] Meadows Senior Living, the (Elk Grove)
  Meadows Senior Living, the: 20 reports

============================================================
Phase D citations ingest — COMPLETE
============================================================
  Facilities processed  : 1
  Reports seen          : 20
  Reports ingested      : 19
  Reports skipped       : 0 (already in DB)
  Deficiencies stored   : 5
  §87705/87706 citations: 1
  Errors                : 0
  scrape_run id         : 42dedb35-7f9c-4111-a928-2c3dc0da9fa3
============================================================
=== 342700722 ===
Facilities to process: 1

[1/1] Wellquest of Elk Grove (Elk Grove)
  Wellquest of Elk Grove: 32 reports

============================================================
Phase D citations ingest — COMPLETE
============================================================
  Facilities processed  : 1
  Reports seen          : 32
  Reports ingested      : 31
  Reports skipped       : 0 (already in DB)
  Deficiencies stored   : 7
  §87705/87706 citations: 1
  Errors                : 0
  scrape_run id         : edaedf56-dc52-4129-b362-41e63a4efde8
============================================================
=== 374604227 ===
Facilities to process: 1

[1/1] Summerfield of Encinitas (Encinitas)
  Summerfield of Encinitas: 22 reports

============================================================
Phase D citations ingest — COMPLETE
============================================================
  Facilities processed  : 1
  Reports seen          : 22
  Reports ingested      : 21
  Reports skipped       : 0 (already in DB)
  Deficiencies stored   : 4
  §87705/87706 citations: 0
  Errors                : 0
  scrape_run id         : 234c73fb-d036-498f-9d56-35b95a222dd8
============================================================
=== 374603451 ===
Facilities to process: 1

[1/1] Escondido Senior Living (Escondido)
  Escondido Senior Living: 21 reports

============================================================
Phase D citations ingest — COMPLETE
============================================================
  Facilities processed  : 1
  Reports seen          : 21
  Reports ingested      : 20
  Reports skipped       : 0 (already in DB)
  Deficiencies stored   : 4
  §87705/87706 citations: 0
  Errors                : 0
  scrape_run id         : f2bfad81-3456-4fee-97db-8c6f18726b3b
============================================================
=== 374604545 ===
Facilities to process: 1

[1/1] Gardens at Escondido (Escondido)
  Gardens at Escondido: 22 reports

============================================================
Phase D citations ingest — COMPLETE
============================================================
  Facilities processed  : 1
  Reports seen          : 22
  Reports ingested      : 21
  Reports skipped       : 0 (already in DB)
  Deficiencies stored   : 9
  §87705/87706 citations: 0
  Errors                : 0
  scrape_run id         : 4a95658d-9bda-4133-9cda-fff93eac43e5
============================================================
=== 374604294 ===
Facilities to process: 1

[1/1] Las Villas del Norte (Escondido)
  Las Villas del Norte: 36 reports

============================================================
Phase D citations ingest — COMPLETE
============================================================
  Facilities processed  : 1
  Reports seen          : 36
  Reports ingested      : 35
  Reports skipped       : 0 (already in DB)
  Deficiencies stored   : 14
  §87705/87706 citations: 2
  Errors                : 0
  scrape_run id         : 536e26fb-63e1-4d91-b62f-895a5b010c23
============================================================
=== 374600566 ===
Facilities to process: 1

[1/1] Redwood Terrace (Escondido)
  Redwood Terrace: 9 reports

============================================================
Phase D citations ingest — COMPLETE
============================================================
  Facilities processed  : 1
  Reports seen          : 9
  Reports ingested      : 8
  Reports skipped       : 0 (already in DB)
  Deficiencies stored   : 0
  §87705/87706 citations: 0
  Errors                : 0
  scrape_run id         : 47cae40a-c638-47ed-8493-2c4f593604d9
============================================================
=== 374603462 ===
Facilities to process: 1

[1/1] Villa Monticello Assisted Living (Escondido)
  Villa Monticello Assisted Living: 8 reports

============================================================
Phase D citations ingest — COMPLETE
============================================================
  Facilities processed  : 1
  Reports seen          : 8
  Reports ingested      : 7
  Reports skipped       : 0 (already in DB)
  Deficiencies stored   : 0
  §87705/87706 citations: 0
  Errors                : 0
  scrape_run id         : d6986950-51ac-4a06-8e9d-b6d274dbf1c8
============================================================
=== 374603399 ===
Facilities to process: 1

[1/1] Westmont of Escondido (Escondido)
  Westmont of Escondido: 19 reports

============================================================
Phase D citations ingest — COMPLETE
============================================================
  Facilities processed  : 1
  Reports seen          : 19
  Reports ingested      : 18
  Reports skipped       : 0 (already in DB)
  Deficiencies stored   : 1
  §87705/87706 citations: 0
  Errors                : 0
  scrape_run id         : 90721a38-4b05-4745-bb12-07ef3a04263b
============================================================
=== 374601685 ===
Facilities to process: 1

[1/1] Regency Fallbrook (Fallbrook)
  Regency Fallbrook: 9 reports

============================================================
Phase D citations ingest — COMPLETE
============================================================
  Facilities processed  : 1
  Reports seen          : 9
  Reports ingested      : 8
  Reports skipped       : 0 (already in DB)
  Deficiencies stored   : 1
  §87705/87706 citations: 0
  Errors                : 0
  scrape_run id         : 71dea640-c5f9-4472-8c08-330f323f10c3
============================================================
=== 345002909 ===
Facilities to process: 1

[1/1] Cogir of Folsom (Folsom)
  Cogir of Folsom: 45 reports

============================================================
Phase D citations ingest — COMPLETE
============================================================
  Facilities processed  : 1
  Reports seen          : 45
  Reports ingested      : 44
  Reports skipped       : 0 (already in DB)
  Deficiencies stored   : 11
  §87705/87706 citations: 0
  Errors                : 0
  scrape_run id         : 05d4b99d-5cbc-46ca-911e-fc5c2d45cdf1
============================================================
=== 342700902 ===
Facilities to process: 1

[1/1] Folsom Countryhouse (Folsom)
  Folsom Countryhouse: 17 reports

============================================================
Phase D citations ingest — COMPLETE
============================================================
  Facilities processed  : 1
  Reports seen          : 17
  Reports ingested      : 16
  Reports skipped       : 0 (already in DB)
  Deficiencies stored   : 1
  §87705/87706 citations: 0
  Errors                : 0
  scrape_run id         : 86a4182b-36bb-41c8-b2fd-f36bfc9e7999
============================================================
=== 306005513 ===
Facilities to process: 1

[1/1] Carmel Village Retirement Community (Fountain Valley)
  Carmel Village Retirement Community: 51 reports

============================================================
Phase D citations ingest — COMPLETE
============================================================
  Facilities processed  : 1
  Reports seen          : 51
  Reports ingested      : 50
  Reports skipped       : 0 (already in DB)
  Deficiencies stored   : 11
  §87705/87706 citations: 1
  Errors                : 0
  scrape_run id         : 20a00520-2329-4e4f-95ae-56dbd19a72a7
============================================================
=== 306006017 ===
Facilities to process: 1

[1/1] Ivy Terrace at Fullerton (Fullerton)
  Ivy Terrace at Fullerton: 6 reports

============================================================
Phase D citations ingest — COMPLETE
============================================================
  Facilities processed  : 1
  Reports seen          : 6
  Reports ingested      : 5
  Reports skipped       : 0 (already in DB)
  Deficiencies stored   : 6
  §87705/87706 citations: 0
  Errors                : 0
  scrape_run id         : 0d45bb7f-207d-4cfb-aa1d-664a7ce02567
============================================================
=== 306006019 ===
Facilities to process: 1

[1/1] Ivy Terrace at Garden Grove (Garden Grove)
  Ivy Terrace at Garden Grove: 8 reports

============================================================
Phase D citations ingest — COMPLETE
============================================================
  Facilities processed  : 1
  Reports seen          : 8
  Reports ingested      : 7
  Reports skipped       : 0 (already in DB)
  Deficiencies stored   : 2
  §87705/87706 citations: 0
  Errors                : 0
  scrape_run id         : ac1d90d0-9722-4679-9e98-3a38b0a3c473
============================================================
=== 198603413 ===
Facilities to process: 1

[1/1] Sage Glendale Senior Living (Glendale)
  Sage Glendale Senior Living: 14 reports

============================================================
Phase D citations ingest — COMPLETE
============================================================
  Facilities processed  : 1
  Reports seen          : 14
  Reports ingested      : 13
  Reports skipped       : 0 (already in DB)
  Deficiencies stored   : 6
  §87705/87706 citations: 0
  Errors                : 0
  scrape_run id         : f136d956-3bce-48e4-b970-e10cef54c390
============================================================
=== 198603606 ===
Facilities to process: 1

[1/1] Clearwater at Glendora (Glendora)
  Clearwater at Glendora: 13 reports

============================================================
Phase D citations ingest — COMPLETE
============================================================
  Facilities processed  : 1
  Reports seen          : 13
  Reports ingested      : 12
  Reports skipped       : 0 (already in DB)
  Deficiencies stored   : 2
  §87705/87706 citations: 0
  Errors                : 0
  scrape_run id         : 3ed9f976-e53d-4222-b57c-87802fcec4bf
============================================================
=== 347001241 ===
Facilities to process: 1

[1/1] Eskaton Gold River Lodge (Gold River)
  Eskaton Gold River Lodge: 44 reports

============================================================
Phase D citations ingest — COMPLETE
============================================================
  Facilities processed  : 1
  Reports seen          : 44
  Reports ingested      : 43
  Reports skipped       : 0 (already in DB)
  Deficiencies stored   : 26
  §87705/87706 citations: 1
  Errors                : 0
  scrape_run id         : 057da880-c92b-4e10-a90a-352b71da476a
============================================================
=== 336426759 ===
Facilities to process: 1

[1/1] Citrus Gardens (Hemet)
  Citrus Gardens: 48 reports

============================================================
Phase D citations ingest — COMPLETE
============================================================
  Facilities processed  : 1
  Reports seen          : 48
  Reports ingested      : 47
  Reports skipped       : 0 (already in DB)
  Deficiencies stored   : 31
  §87705/87706 citations: 2
  Errors                : 0
  scrape_run id         : d87a9799-bca2-47d2-8852-212a7e6132be
============================================================
=== 331800055 ===
Facilities to process: 1

[1/1] Cottages at Hemet (Hemet)
  Cottages at Hemet: 48 reports

============================================================
Phase D citations ingest — COMPLETE
============================================================
  Facilities processed  : 1
  Reports seen          : 48
  Reports ingested      : 47
  Reports skipped       : 0 (already in DB)
  Deficiencies stored   : 18
  §87705/87706 citations: 0
  Errors                : 0
  scrape_run id         : aabb6847-fc86-44a8-9e3d-95b0042240f9
============================================================
=== 336426760 ===
Facilities to process: 1

[1/1] Hacienda Senior Living (Hemet)
  Hacienda Senior Living: 16 reports

============================================================
Phase D citations ingest — COMPLETE
============================================================
  Facilities processed  : 1
  Reports seen          : 16
  Reports ingested      : 15
  Reports skipped       : 0 (already in DB)
  Deficiencies stored   : 2
  §87705/87706 citations: 0
  Errors                : 0
  scrape_run id         : 70f8e6b5-56e4-496e-b188-fd9f102073f0
============================================================
=== 331800223 ===
Facilities to process: 1

[1/1] Yorkshire Village (Hemet)
  Yorkshire Village: 43 reports

============================================================
Phase D citations ingest — COMPLETE
============================================================
  Facilities processed  : 1
  Reports seen          : 43
  Reports ingested      : 42
  Reports skipped       : 0 (already in DB)
  Deficiencies stored   : 9
  §87705/87706 citations: 0
  Errors                : 0
  scrape_run id         : af4bb853-d704-48ff-a636-913d5ac4a5bb
============================================================
=== 306004796 ===
Facilities to process: 1

[1/1] Huntington Terrace (Huntington Beach)
  Huntington Terrace: 28 reports

============================================================
Phase D citations ingest — COMPLETE
============================================================
  Facilities processed  : 1
  Reports seen          : 28
  Reports ingested      : 27
  Reports skipped       : 0 (already in DB)
  Deficiencies stored   : 4
  §87705/87706 citations: 0
  Errors                : 0
  scrape_run id         : 21fb0c93-960e-4492-8083-8ac178c42b9f
============================================================
=== 306000752 ===
Facilities to process: 1

[1/1] Atria Golden Creek (Irvine)
  Atria Golden Creek: 15 reports

============================================================
Phase D citations ingest — COMPLETE
============================================================
  Facilities processed  : 1
  Reports seen          : 15
  Reports ingested      : 14
  Reports skipped       : 0 (already in DB)
  Deficiencies stored   : 2
  §87705/87706 citations: 0
  Errors                : 0
  scrape_run id         : 3352a70f-5f7b-4c33-86cb-2ac82b3eeea1
============================================================
=== 306005960 ===
Facilities to process: 1

[1/1] Woodbridge Terrace (Irvine)
  Woodbridge Terrace: 26 reports

============================================================
Phase D citations ingest — COMPLETE
============================================================
  Facilities processed  : 1
  Reports seen          : 26
  Reports ingested      : 25
  Reports skipped       : 0 (already in DB)
  Deficiencies stored   : 2
  §87705/87706 citations: 0
  Errors                : 0
  scrape_run id         : 390b5160-55bc-47cd-b7bb-78fa53720053
============================================================
=== 374604261 ===
Facilities to process: 1

[1/1] Avantgarde Senior Living of la Jolla (La Jolla)
  Avantgarde Senior Living of la Jolla: 27 reports

============================================================
Phase D citations ingest — COMPLETE
============================================================
  Facilities processed  : 1
  Reports seen          : 27
  Reports ingested      : 26
  Reports skipped       : 0 (already in DB)
  Deficiencies stored   : 13
  §87705/87706 citations: 1
  Errors                : 0
  scrape_run id         : e54b013a-2220-40f9-affa-3ea3f07dfd07
============================================================
=== 374604083 ===
Facilities to process: 1

[1/1] Montera, the (La Mesa)
  Montera, the: 104 reports

============================================================
Phase D citations ingest — COMPLETE
============================================================
  Facilities processed  : 1
  Reports seen          : 104
  Reports ingested      : 103
  Reports skipped       : 0 (already in DB)
  Deficiencies stored   : 25
  §87705/87706 citations: 1
  Errors                : 0
  scrape_run id         : 1dcee637-2dfe-4ceb-afbb-d87c0710d6a4
============================================================
=== 374604079 ===
Facilities to process: 1

[1/1] Westmont of la Mesa (La Mesa)
  Westmont of la Mesa: 34 reports

============================================================
Phase D citations ingest — COMPLETE
============================================================
  Facilities processed  : 1
  Reports seen          : 34
  Reports ingested      : 33
  Reports skipped       : 0 (already in DB)
  Deficiencies stored   : 11
  §87705/87706 citations: 0
  Errors                : 0
  scrape_run id         : b5c005f6-c836-453c-b160-d16975072950
============================================================
=== 331880511 ===
Facilities to process: 1

[1/1] Palms at la Quinta, the (La Quinta)
  Palms at la Quinta, the: 19 reports

============================================================
Phase D citations ingest — COMPLETE
============================================================
  Facilities processed  : 1
  Reports seen          : 19
  Reports ingested      : 18
  Reports skipped       : 0 (already in DB)
  Deficiencies stored   : 7
  §87705/87706 citations: 0
  Errors                : 0
  scrape_run id         : 6b0f985b-b10c-4954-ac71-3efecaac2964
============================================================
=== 306005986 ===
Facilities to process: 1

[1/1] Activcare Laguna Hills (Laguna Hills)
  Activcare Laguna Hills: 14 reports

============================================================
Phase D citations ingest — COMPLETE
============================================================
  Facilities processed  : 1
  Reports seen          : 14
  Reports ingested      : 13
  Reports skipped       : 0 (already in DB)
  Deficiencies stored   : 0
  §87705/87706 citations: 0
  Errors                : 0
  scrape_run id         : 9c22d8c0-c60c-404c-a7f5-d58cec875467
============================================================
=== 306006198 ===
Facilities to process: 1

[1/1] Crestavilla (Laguna Niguel)
  Crestavilla: 12 reports

============================================================
Phase D citations ingest — COMPLETE
============================================================
  Facilities processed  : 1
  Reports seen          : 12
  Reports ingested      : 11
  Reports skipped       : 0 (already in DB)
  Deficiencies stored   : 3
  §87705/87706 citations: 0
  Errors                : 0
  scrape_run id         : c2523fce-94af-4090-94f1-e9919763917c
============================================================
=== 306006360 ===
Facilities to process: 1

[1/1] Watermark Laguna Niguel (Laguna Niguel)
  Watermark Laguna Niguel: 6 reports

============================================================
Phase D citations ingest — COMPLETE
============================================================
  Facilities processed  : 1
  Reports seen          : 6
  Reports ingested      : 5
  Reports skipped       : 0 (already in DB)
  Deficiencies stored   : 1
  §87705/87706 citations: 0
  Errors                : 0
  scrape_run id         : 42cd2918-40a2-44a6-8670-69c31dc07334
============================================================
=== 198320417 ===
Facilities to process: 1

[1/1] Brittany House (Long Beach)
  Brittany House: 73 reports

============================================================
Phase D citations ingest — COMPLETE
============================================================
  Facilities processed  : 1
  Reports seen          : 73
  Reports ingested      : 72
  Reports skipped       : 0 (already in DB)
  Deficiencies stored   : 56
  §87705/87706 citations: 1
  Errors                : 0
  scrape_run id         : 15d3f166-48a4-475e-ab6a-3e4c06c1f572
============================================================
=== 198602567 ===
Facilities to process: 1

[1/1] Regency Palms Long Beach (Long Beach)
  Regency Palms Long Beach: 84 reports

============================================================
Phase D citations ingest — COMPLETE
============================================================
  Facilities processed  : 1
  Reports seen          : 84
  Reports ingested      : 83
  Reports skipped       : 0 (already in DB)
  Deficiencies stored   : 44
  §87705/87706 citations: 2
  Errors                : 0
  scrape_run id         : 7f10bc28-e29d-4c61-a471-09a01bfa976a
============================================================
=== 197608029 ===
Facilities to process: 1

[1/1] Vista del Mar Senior Living (Long Beach)
  Vista del Mar Senior Living: 108 reports

============================================================
Phase D citations ingest — COMPLETE
============================================================
  Facilities processed  : 1
  Reports seen          : 108
  Reports ingested      : 107
  Reports skipped       : 0 (already in DB)
  Deficiencies stored   : 14
  §87705/87706 citations: 0
  Errors                : 0
  scrape_run id         : 40abaa3b-d0ef-48e7-8c7b-d263d674a27a
============================================================
=== 191800001 ===
Facilities to process: 1

[1/1] Hollenbeck Palms (Los Angeles)
  Hollenbeck Palms: 13 reports

============================================================
Phase D citations ingest — COMPLETE
============================================================
  Facilities processed  : 1
  Reports seen          : 13
  Reports ingested      : 12
  Reports skipped       : 0 (already in DB)
  Deficiencies stored   : 3
  §87705/87706 citations: 0
  Errors                : 0
  scrape_run id         : b73fe0f7-4a08-401a-afbd-c3da658d1e87
============================================================
=== 197609103 ===
Facilities to process: 1

[1/1] Hollywood Hills Senior Living (Los Angeles)
  Hollywood Hills Senior Living: 62 reports

============================================================
Phase D citations ingest — COMPLETE
============================================================
  Facilities processed  : 1
  Reports seen          : 62
  Reports ingested      : 61
  Reports skipped       : 0 (already in DB)
  Deficiencies stored   : 23
  §87705/87706 citations: 2
  Errors                : 0
  scrape_run id         : c8f10eb0-327e-4b4e-8b93-9dc6861dd3df
============================================================
=== 198602192 ===
Facilities to process: 1

[1/1] Sakura Gardens at los Angeles (Los Angeles)
  Sakura Gardens at los Angeles: 34 reports

============================================================
Phase D citations ingest — COMPLETE
============================================================
  Facilities processed  : 1
  Reports seen          : 34
  Reports ingested      : 33
  Reports skipped       : 0 (already in DB)
  Deficiencies stored   : 39
  §87705/87706 citations: 2
  Errors                : 0
  scrape_run id         : 57e9f900-2f99-42f5-b692-03696eef72fd
============================================================
=== 191802082 ===
Facilities to process: 1

[1/1] Solheim Senior Community (Los Angeles)
  Solheim Senior Community: 6 reports

============================================================
Phase D citations ingest — COMPLETE
============================================================
  Facilities processed  : 1
  Reports seen          : 6
  Reports ingested      : 5
  Reports skipped       : 0 (already in DB)
  Deficiencies stored   : 2
  §87705/87706 citations: 0
  Errors                : 0
  scrape_run id         : 778451b5-cbf8-41d5-b11d-51878214ee37
============================================================
=== 331881106 ===
Facilities to process: 1

[1/1] Wellquest of Menifee Lakes (Menifee)
  Wellquest of Menifee Lakes: 12 reports

============================================================
Phase D citations ingest — COMPLETE
============================================================
  Facilities processed  : 1
  Reports seen          : 12
  Reports ingested      : 11
  Reports skipped       : 0 (already in DB)
  Deficiencies stored   : 4
  §87705/87706 citations: 0
  Errors                : 0
  scrape_run id         : e26fee7c-3f7f-43f2-a9a1-b903cc6a8039
============================================================
=== 306000372 ===
Facilities to process: 1

[1/1] Atria del Sol (Mission Viejo)
  Atria del Sol: 12 reports

============================================================
Phase D citations ingest — COMPLETE
============================================================
  Facilities processed  : 1
  Reports seen          : 12
  Reports ingested      : 11
  Reports skipped       : 0 (already in DB)
  Deficiencies stored   : 1
  §87705/87706 citations: 0
  Errors                : 0
  scrape_run id         : c13b83f3-d6a1-483b-962a-8a297991d62f
============================================================
=== 306006248 ===
Facilities to process: 1

[1/1] Morningstar Senior Living of Mission Viejo (Mission Viejo)
  Morningstar Senior Living of Mission Viejo: 9 reports

============================================================
Phase D citations ingest — COMPLETE
============================================================
  Facilities processed  : 1
  Reports seen          : 9
  Reports ingested      : 8
  Reports skipped       : 0 (already in DB)
  Deficiencies stored   : 0
  §87705/87706 citations: 0
  Errors                : 0
  scrape_run id         : 2e34a6b4-19b0-4cdb-8aeb-9c93f60eef7c
============================================================
=== 197609594 ===
Facilities to process: 1

[1/1] Sparr Heights Estates Senior Living (Montrose)
  Sparr Heights Estates Senior Living: 17 reports

============================================================
Phase D citations ingest — COMPLETE
============================================================
  Facilities processed  : 1
  Reports seen          : 17
  Reports ingested      : 16
  Reports skipped       : 0 (already in DB)
  Deficiencies stored   : 5
  §87705/87706 citations: 0
  Errors                : 0
  scrape_run id         : 1b57b919-5950-4396-8eaf-d908c664adc8
============================================================
=== 331881349 ===
Facilities to process: 1

[1/1] Manzanita Village at Rancho Belago (Moreno Valley)
  Manzanita Village at Rancho Belago: 31 reports

============================================================
Phase D citations ingest — COMPLETE
============================================================
  Facilities processed  : 1
  Reports seen          : 31
  Reports ingested      : 30
  Reports skipped       : 0 (already in DB)
  Deficiencies stored   : 2
  §87705/87706 citations: 0
  Errors                : 0
  scrape_run id         : 33e3454b-e750-4ff4-8f36-af72d1736dae
============================================================
=== 331881582 ===
Facilities to process: 1

[1/1] Murrieta Gardens (Murrieta)
  Murrieta Gardens: 4 reports

============================================================
Phase D citations ingest — COMPLETE
============================================================
  Facilities processed  : 1
  Reports seen          : 4
  Reports ingested      : 3
  Reports skipped       : 0 (already in DB)
  Deficiencies stored   : 0
  §87705/87706 citations: 0
  Errors                : 0
  scrape_run id         : e6807c1c-7000-4595-9bf2-08744467c5f4
============================================================
=== 331800073 ===
Facilities to process: 1

[1/1] Vineyard Place (Murrieta)
  Vineyard Place: 14 reports

============================================================
Phase D citations ingest — COMPLETE
============================================================
  Facilities processed  : 1
  Reports seen          : 14
  Reports ingested      : 13
  Reports skipped       : 0 (already in DB)
  Deficiencies stored   : 1
  §87705/87706 citations: 0
  Errors                : 0
  scrape_run id         : d0fb85d0-4b84-4ee7-84be-068238f6be8c
============================================================
=== 306005789 ===
Facilities to process: 1

[1/1] Atria Newport Beach (Newport Beach)
  Atria Newport Beach: 18 reports

============================================================
Phase D citations ingest — COMPLETE
============================================================
  Facilities processed  : 1
  Reports seen          : 18
  Reports ingested      : 17
  Reports skipped       : 0 (already in DB)
  Deficiencies stored   : 5
  §87705/87706 citations: 0
  Errors                : 0
  scrape_run id         : 2a3261ac-dd71-4080-a432-9c2f07e20180
============================================================
=== 197610191 ===
Facilities to process: 1

[1/1] Gardens at Northridge, the (Northridge)
  Gardens at Northridge, the: 23 reports

============================================================
Phase D citations ingest — COMPLETE
============================================================
  Facilities processed  : 1
  Reports seen          : 23
  Reports ingested      : 22
  Reports skipped       : 0 (already in DB)
  Deficiencies stored   : 3
  §87705/87706 citations: 0
  Errors                : 0
  scrape_run id         : 935432db-6d9c-4b3d-a5e8-e222963b4838
============================================================
=== 374604806 ===
Facilities to process: 1

[1/1] Everest at Oceanside (Oceanside)
  Everest at Oceanside: 10 reports

============================================================
Phase D citations ingest — COMPLETE
============================================================
  Facilities processed  : 1
  Reports seen          : 10
  Reports ingested      : 9
  Reports skipped       : 0 (already in DB)
  Deficiencies stored   : 1
  §87705/87706 citations: 0
  Errors                : 0
  scrape_run id         : c4016581-4e72-464e-ba9f-fad0678b729f
============================================================
=== 374604300 ===
Facilities to process: 1

[1/1] Oceanside Senior Living (Oceanside)
  Oceanside Senior Living: 33 reports

============================================================
Phase D citations ingest — COMPLETE
============================================================
  Facilities processed  : 1
  Reports seen          : 33
  Reports ingested      : 32
  Reports skipped       : 0 (already in DB)
  Deficiencies stored   : 11
  §87705/87706 citations: 1
  Errors                : 0
  scrape_run id         : 90c99178-97d2-4f93-9514-6ef9bd185597
============================================================
=== 306005796 ===
Facilities to process: 1

[1/1] Activcare Orange (Orange)
  Activcare Orange: 9 reports

============================================================
Phase D citations ingest — COMPLETE
============================================================
  Facilities processed  : 1
  Reports seen          : 9
  Reports ingested      : 8
  Reports skipped       : 0 (already in DB)
  Deficiencies stored   : 0
  §87705/87706 citations: 0
  Errors                : 0
  scrape_run id         : 70307063-ff50-4966-9201-c69907457738
============================================================
=== 306005835 ===
Facilities to process: 1

[1/1] Kirkwood Orange (Orange)
  Kirkwood Orange: 10 reports

============================================================
Phase D citations ingest — COMPLETE
============================================================
  Facilities processed  : 1
  Reports seen          : 10
  Reports ingested      : 9
  Reports skipped       : 0 (already in DB)
  Deficiencies stored   : 4
  §87705/87706 citations: 1
  Errors                : 0
  scrape_run id         : 3acefc47-9a1e-43c4-857b-8f9c9bc807ca
============================================================
=== 342700525 ===
Facilities to process: 1

[1/1] Almond Heights (Orangevale)
  Almond Heights: 53 reports

============================================================
Phase D citations ingest — COMPLETE
============================================================
  Facilities processed  : 1
  Reports seen          : 53
  Reports ingested      : 52
  Reports skipped       : 0 (already in DB)
  Deficiencies stored   : 16
  §87705/87706 citations: 1
  Errors                : 0
  scrape_run id         : 84117f58-6eaa-450d-8d45-e05848a7b4f7
============================================================
=== 345002805 ===
Facilities to process: 1

[1/1] Carlton Senior Living Orangevale (Orangevale)
  Carlton Senior Living Orangevale: 25 reports

============================================================
Phase D citations ingest — COMPLETE
============================================================
  Facilities processed  : 1
  Reports seen          : 25
  Reports ingested      : 24
  Reports skipped       : 0 (already in DB)
  Deficiencies stored   : 3
  §87705/87706 citations: 0
  Errors                : 0
  scrape_run id         : 230242be-6174-4777-b86e-2cfe426e8494
============================================================
=== 336400075 ===
Facilities to process: 1

[1/1] Atria Hacienda (Palm Desert)
  Atria Hacienda: 46 reports

============================================================
Phase D citations ingest — COMPLETE
============================================================
  Facilities processed  : 1
  Reports seen          : 46
  Reports ingested      : 45
  Reports skipped       : 0 (already in DB)
  Deficiencies stored   : 1
  §87705/87706 citations: 0
  Errors                : 0
  scrape_run id         : dc013de9-f7db-4aef-9b73-dc30391da05d
============================================================
=== 331880550 ===
Facilities to process: 1

[1/1] Cottages at Palm Springs (Palm Springs)
  Cottages at Palm Springs: 16 reports

============================================================
Phase D citations ingest — COMPLETE
============================================================
  Facilities processed  : 1
  Reports seen          : 16
  Reports ingested      : 15
  Reports skipped       : 0 (already in DB)
  Deficiencies stored   : 8
  §87705/87706 citations: 0
  Errors                : 0
  scrape_run id         : e00fb2f6-cd3b-46b6-9b9b-085e9fa40203
============================================================
=== 198603566 ===
Facilities to process: 1

[1/1] Astoria Park Senior Living (Pasadena)
  Astoria Park Senior Living: 67 reports

============================================================
Phase D citations ingest — COMPLETE
============================================================
  Facilities processed  : 1
  Reports seen          : 67
  Reports ingested      : 66
  Reports skipped       : 0 (already in DB)
  Deficiencies stored   : 48
  §87705/87706 citations: 3
  Errors                : 0
  scrape_run id         : 55383a9c-5073-44eb-8af2-4f7b614819ff
============================================================
=== 198603384 ===
Facilities to process: 1

[1/1] Pasadena Highlands (Pasadena)
  Pasadena Highlands: 30 reports

============================================================
Phase D citations ingest — COMPLETE
============================================================
  Facilities processed  : 1
  Reports seen          : 30
  Reports ingested      : 29
  Reports skipped       : 0 (already in DB)
  Deficiencies stored   : 7
  §87705/87706 citations: 1
  Errors                : 0
  scrape_run id         : a78b4741-3eb9-4078-b2ad-f8f8f9164b40
============================================================
=== 191200037 ===
Facilities to process: 1

[1/1] Regency Park Oak Knoll (Pasadena)
  Regency Park Oak Knoll: 16 reports

============================================================
Phase D citations ingest — COMPLETE
============================================================
  Facilities processed  : 1
  Reports seen          : 16
  Reports ingested      : 15
  Reports skipped       : 0 (already in DB)
  Deficiencies stored   : 13
  §87705/87706 citations: 1
  Errors                : 0
  scrape_run id         : c03e37d4-0bd6-4a5b-a85d-ad2b3f502f41
============================================================
=== 336407734 ===
Facilities to process: 1

[1/1] Pico de Loro (Perris)
  Pico de Loro: 29 reports

============================================================
Phase D citations ingest — COMPLETE
============================================================
  Facilities processed  : 1
  Reports seen          : 29
  Reports ingested      : 28
  Reports skipped       : 0 (already in DB)
  Deficiencies stored   : 10
  §87705/87706 citations: 0
  Errors                : 0
  scrape_run id         : d8dba50e-8dab-4826-a351-bfe71220ffa5
============================================================
=== 306006473 ===
Facilities to process: 1

[1/1] Crescendo Senior Living (Placentia)
  Crescendo Senior Living: 14 reports

============================================================
Phase D citations ingest — COMPLETE
============================================================
  Facilities processed  : 1
  Reports seen          : 14
  Reports ingested      : 13
  Reports skipped       : 0 (already in DB)
  Deficiencies stored   : 4
  §87705/87706 citations: 0
  Errors                : 0
  scrape_run id         : 1450b1c4-1f91-49c4-b573-a0db24da1ee5
============================================================
=== 374604633 ===
Facilities to process: 1

[1/1] Poway Gardens Senior Living - Mountain Vistas (Poway)
  Poway Gardens Senior Living - Mountain Vistas: 2 reports

============================================================
Phase D citations ingest — COMPLETE
============================================================
  Facilities processed  : 1
  Reports seen          : 2
  Reports ingested      : 1
  Reports skipped       : 0 (already in DB)
  Deficiencies stored   : 0
  §87705/87706 citations: 0
  Errors                : 0
  scrape_run id         : 9543e405-f77a-4b9e-a2f4-a27b5ecf08ba
============================================================
=== 331880734 ===
Facilities to process: 1

[1/1] Atria Rancho Mirage (Rancho Mirage)
  Atria Rancho Mirage: 16 reports

============================================================
Phase D citations ingest — COMPLETE
============================================================
  Facilities processed  : 1
  Reports seen          : 16
  Reports ingested      : 15
  Reports skipped       : 0 (already in DB)
  Deficiencies stored   : 1
  §87705/87706 citations: 0
  Errors                : 0
  scrape_run id         : 94fb6af6-69ac-4573-b377-34bb067b7575
============================================================
=== 331881086 ===
Facilities to process: 1

[1/1] Bayshire Rancho Mirage (Rancho Mirage)
  Bayshire Rancho Mirage: 24 reports

============================================================
Phase D citations ingest — COMPLETE
============================================================
  Facilities processed  : 1
  Reports seen          : 24
  Reports ingested      : 23
  Reports skipped       : 0 (already in DB)
  Deficiencies stored   : 9
  §87705/87706 citations: 0
  Errors                : 0
  scrape_run id         : 712937c5-e33b-47de-8f11-b29285a31ae6
============================================================
=== 336408433 ===
Facilities to process: 1

[1/1] Vista Cove at Rancho Mirage (Rancho Mirage)
  Vista Cove at Rancho Mirage: 14 reports

============================================================
Phase D citations ingest — COMPLETE
============================================================
  Facilities processed  : 1
  Reports seen          : 14
  Reports ingested      : 13
  Reports skipped       : 0 (already in DB)
  Deficiencies stored   : 5
  §87705/87706 citations: 0
  Errors                : 0
  scrape_run id         : a9d58a5b-fa30-4829-99bd-a67aeecd315a
============================================================
=== 331880924 ===
Facilities to process: 1

[1/1] Citrus Place (Riverside)
  Citrus Place: 28 reports

============================================================
Phase D citations ingest — COMPLETE
============================================================
  Facilities processed  : 1
  Reports seen          : 28
  Reports ingested      : 27
  Reports skipped       : 0 (already in DB)
  Deficiencies stored   : 11
  §87705/87706 citations: 0
  Errors                : 0
  scrape_run id         : f6730608-76d2-414b-ba8b-3c3b7d09efcf
============================================================
=== 336425840 ===
Facilities to process: 1

[1/1] Cottages at Riverside (Riverside)
  Cottages at Riverside: 42 reports

============================================================
Phase D citations ingest — COMPLETE
============================================================
  Facilities processed  : 1
  Reports seen          : 42
  Reports ingested      : 41
  Reports skipped       : 0 (already in DB)
  Deficiencies stored   : 5
  §87705/87706 citations: 0
  Errors                : 0
  scrape_run id         : dcc9cb32-eca6-42f9-b144-15c94d03cb45
============================================================
=== 335530134 ===
Facilities to process: 1

[1/1] Gardens of Riverside, the (Riverside)
  Gardens of Riverside, the: 6 reports

============================================================
Phase D citations ingest — COMPLETE
============================================================
  Facilities processed  : 1
  Reports seen          : 6
  Reports ingested      : 5
  Reports skipped       : 0 (already in DB)
  Deficiencies stored   : 1
  §87705/87706 citations: 0
  Errors                : 0
  scrape_run id         : 5018baf2-647a-472b-9f57-db6fcf778607
============================================================
=== 336403028 ===
Facilities to process: 1

[1/1] Sunrise at Canyon Crest (Riverside)
  Sunrise at Canyon Crest: 11 reports

============================================================
Phase D citations ingest — COMPLETE
============================================================
  Facilities processed  : 1
  Reports seen          : 11
  Reports ingested      : 10
  Reports skipped       : 0 (already in DB)
  Deficiencies stored   : 0
  §87705/87706 citations: 0
  Errors                : 0
  scrape_run id         : 80bedfe9-7d95-4d17-9312-ea827e86fca1
============================================================
=== 331880776 ===
Facilities to process: 1

[1/1] Westmont of Riverside (Riverside)
  Westmont of Riverside: 40 reports

============================================================
Phase D citations ingest — COMPLETE
============================================================
  Facilities processed  : 1
  Reports seen          : 40
  Reports ingested      : 39
  Reports skipped       : 0 (already in DB)
  Deficiencies stored   : 5
  §87705/87706 citations: 0
  Errors                : 0
  scrape_run id         : 61135346-84d9-4576-bc7f-0cd5b61041e3
============================================================
=== 345002991 ===
Facilities to process: 1

[1/1] Roseville Senior Living (Roseville)
  Roseville Senior Living: 6 reports

============================================================
Phase D citations ingest — COMPLETE
============================================================
  Facilities processed  : 1
  Reports seen          : 6
  Reports ingested      : 5
  Reports skipped       : 0 (already in DB)
  Deficiencies stored   : 1
  §87705/87706 citations: 0
  Errors                : 0
  scrape_run id         : b33ca092-b0cb-4cff-996c-2489638467de
============================================================
=== 347000985 ===
Facilities to process: 1

[1/1] Golden Pond Retirement Community (Sacramento)
  Golden Pond Retirement Community: 59 reports

============================================================
Phase D citations ingest — COMPLETE
============================================================
  Facilities processed  : 1
  Reports seen          : 59
  Reports ingested      : 58
  Reports skipped       : 0 (already in DB)
  Deficiencies stored   : 32
  §87705/87706 citations: 4
  Errors                : 0
  scrape_run id         : bd2b802c-bd78-4dd8-b4d7-9b2fcd526889
============================================================
=== 342701107 ===
Facilities to process: 1

[1/1] Regency Place (Sacramento)
  Regency Place: 20 reports

============================================================
Phase D citations ingest — COMPLETE
============================================================
  Facilities processed  : 1
  Reports seen          : 20
  Reports ingested      : 19
  Reports skipped       : 0 (already in DB)
  Deficiencies stored   : 8
  §87705/87706 citations: 2
  Errors                : 0
  scrape_run id         : c9cf23ca-e3e7-435a-b251-97f9e3e95ef2
============================================================
=== 306006472 ===
Facilities to process: 1

[1/1] San Clemente Villas by the Sea (San Clemente)
  San Clemente Villas by the Sea: 13 reports

============================================================
Phase D citations ingest — COMPLETE
============================================================
  Facilities processed  : 1
  Reports seen          : 13
  Reports ingested      : 12
  Reports skipped       : 0 (already in DB)
  Deficiencies stored   : 7
  §87705/87706 citations: 1
  Errors                : 0
  scrape_run id         : d25cf2c2-cb9e-41c8-8856-5dce5f9ac12e
============================================================
=== 374603714 ===
Facilities to process: 1

[1/1] Activcare at 4s Ranch (San Diego)
  Activcare at 4s Ranch: 11 reports

============================================================
Phase D citations ingest — COMPLETE
============================================================
  Facilities processed  : 1
  Reports seen          : 11
  Reports ingested      : 10
  Reports skipped       : 0 (already in DB)
  Deficiencies stored   : 1
  §87705/87706 citations: 1
  Errors                : 0
  scrape_run id         : 236ae43e-f9c7-4628-9097-ea5ee420e90f
============================================================
=== 374603584 ===
Facilities to process: 1

[1/1] Activcare at Mission Bay (San Diego)
  Activcare at Mission Bay: 7 reports

============================================================
Phase D citations ingest — COMPLETE
============================================================
  Facilities processed  : 1
  Reports seen          : 7
  Reports ingested      : 6
  Reports skipped       : 0 (already in DB)
  Deficiencies stored   : 1
  §87705/87706 citations: 0
  Errors                : 0
  scrape_run id         : 01540b42-5f9c-4759-bde1-7d81ac4d9f29
============================================================
=== 374604542 ===
Facilities to process: 1

[1/1] Rancho Penasquitos Senior Living (San Diego)
  Rancho Penasquitos Senior Living: 23 reports

============================================================
Phase D citations ingest — COMPLETE
============================================================
  Facilities processed  : 1
  Reports seen          : 23
  Reports ingested      : 22
  Reports skipped       : 0 (already in DB)
  Deficiencies stored   : 11
  §87705/87706 citations: 1
  Errors                : 0
  scrape_run id         : 4f2a6820-d906-4461-8a6f-565f1d5fcde6
============================================================
=== 374604323 ===
Facilities to process: 1

[1/1] Silvergate Rancho Bernardo (San Diego)
  Silvergate Rancho Bernardo: 13 reports

============================================================
Phase D citations ingest — COMPLETE
============================================================
  Facilities processed  : 1
  Reports seen          : 13
  Reports ingested      : 12
  Reports skipped       : 0 (already in DB)
  Deficiencies stored   : 1
  §87705/87706 citations: 0
  Errors                : 0
  scrape_run id         : 366f3059-329b-4866-8f39-c4f7ae27bb65
============================================================
=== 374604692 ===
Facilities to process: 1

[1/1] Westmont of Carmel Valley (San Diego)
  Westmont of Carmel Valley: 9 reports

============================================================
Phase D citations ingest — COMPLETE
============================================================
  Facilities processed  : 1
  Reports seen          : 9
  Reports ingested      : 8
  Reports skipped       : 0 (already in DB)
  Deficiencies stored   : 2
  §87705/87706 citations: 0
  Errors                : 0
  scrape_run id         : 811f27c9-6159-4b02-baad-d95261361574
============================================================
=== 306000347 ===
Facilities to process: 1

[1/1] Atria San Juan (San Juan Capistrano)
  Atria San Juan: 8 reports

============================================================
Phase D citations ingest — COMPLETE
============================================================
  Facilities processed  : 1
  Reports seen          : 8
  Reports ingested      : 7
  Reports skipped       : 0 (already in DB)
  Deficiencies stored   : 0
  §87705/87706 citations: 0
  Errors                : 0
  scrape_run id         : c8b4e517-3b75-485a-80c7-456d4def134f
============================================================
=== 306005946 ===
Facilities to process: 1

[1/1] Serra Sol (San Juan Capistrano)
  Serra Sol: 23 reports

============================================================
Phase D citations ingest — COMPLETE
============================================================
  Facilities processed  : 1
  Reports seen          : 23
  Reports ingested      : 22
  Reports skipped       : 0 (already in DB)
  Deficiencies stored   : 5
  §87705/87706 citations: 2
  Errors                : 0
  scrape_run id         : d2843402-f364-4556-a370-55be1fe0e6e5
============================================================
=== 374600026 ===
Facilities to process: 1

[1/1] Silvergate San Marcos Retirement Residence (San Marcos)
  Silvergate San Marcos Retirement Residence: 14 reports

============================================================
Phase D citations ingest — COMPLETE
============================================================
  Facilities processed  : 1
  Reports seen          : 14
  Reports ingested      : 13
  Reports skipped       : 0 (already in DB)
  Deficiencies stored   : 4
  §87705/87706 citations: 0
  Errors                : 0
  scrape_run id         : 637b6444-db89-4f92-bcf2-664ff5b44e01
============================================================
=== 197608685 ===
Facilities to process: 1

[1/1] Atria Santa Clarita (Santa Clarita)
  Atria Santa Clarita: 39 reports

============================================================
Phase D citations ingest — COMPLETE
============================================================
  Facilities processed  : 1
  Reports seen          : 39
  Reports ingested      : 38
  Reports skipped       : 0 (already in DB)
  Deficiencies stored   : 7
  §87705/87706 citations: 2
  Errors                : 0
  scrape_run id         : e2ed3217-84c7-4903-b9ce-479ad678d13b
============================================================
=== 374603253 ===
Facilities to process: 1

[1/1] Lantern Crest (Santee)
  Lantern Crest: 14 reports

============================================================
Phase D citations ingest — COMPLETE
============================================================
  Facilities processed  : 1
  Reports seen          : 14
  Reports ingested      : 13
  Reports skipped       : 0 (already in DB)
  Deficiencies stored   : 1
  §87705/87706 citations: 0
  Errors                : 0
  scrape_run id         : 5cf88944-feab-4eff-8019-10b30b4e6582
============================================================
=== 300600816 ===
Facilities to process: 1

[1/1] Rowntree Gardens (Stanton)
  Rowntree Gardens: 21 reports

============================================================
Phase D citations ingest — COMPLETE
============================================================
  Facilities processed  : 1
  Reports seen          : 21
  Reports ingested      : 20
  Reports skipped       : 0 (already in DB)
  Deficiencies stored   : 0
  §87705/87706 citations: 0
  Errors                : 0
  scrape_run id         : 7506aba6-8884-4e0e-ae05-eadb606bb3b1
============================================================
=== 331881073 ===
Facilities to process: 1

[1/1] Menifee Senior Living (Sun City)
  Menifee Senior Living: 32 reports

============================================================
Phase D citations ingest — COMPLETE
============================================================
  Facilities processed  : 1
  Reports seen          : 32
  Reports ingested      : 31
  Reports skipped       : 0 (already in DB)
  Deficiencies stored   : 6
  §87705/87706 citations: 0
  Errors                : 0
  scrape_run id         : e55e2bb7-73be-4713-9373-8481aeb93d3d
============================================================
=== 331881358 ===
Facilities to process: 1

[1/1] Sun City Gardens (Sun City)
  Sun City Gardens: 25 reports

============================================================
Phase D citations ingest — COMPLETE
============================================================
  Facilities processed  : 1
  Reports seen          : 25
  Reports ingested      : 24
  Reports skipped       : 0 (already in DB)
  Deficiencies stored   : 9
  §87705/87706 citations: 1
  Errors                : 0
  scrape_run id         : c5816033-5fa7-4f5f-a1be-0d1c853b7332
============================================================
=== 336426083 ===
Facilities to process: 1

[1/1] Atria Park of Vintage Hills (Temecula)
  Atria Park of Vintage Hills: 13 reports

============================================================
Phase D citations ingest — COMPLETE
============================================================
  Facilities processed  : 1
  Reports seen          : 13
  Reports ingested      : 12
  Reports skipped       : 0 (already in DB)
  Deficiencies stored   : 1
  §87705/87706 citations: 0
  Errors                : 0
  scrape_run id         : b465881a-6e98-483a-ad0b-739eef7b045c
============================================================
=== 331881258 ===
Facilities to process: 1

[1/1] Vineyard Ranch at Temecula (Temecula)
  Vineyard Ranch at Temecula: 10 reports

============================================================
Phase D citations ingest — COMPLETE
============================================================
  Facilities processed  : 1
  Reports seen          : 10
  Reports ingested      : 9
  Reports skipped       : 0 (already in DB)
  Deficiencies stored   : 0
  §87705/87706 citations: 0
  Errors                : 0
  scrape_run id         : 06455306-272c-44b8-a15c-2f5693854799
============================================================
=== 198603118 ===
Facilities to process: 1

[1/1] Clearwater at South Bay (Torrance)
  Clearwater at South Bay: 25 reports

============================================================
Phase D citations ingest — COMPLETE
============================================================
  Facilities processed  : 1
  Reports seen          : 25
  Reports ingested      : 24
  Reports skipped       : 0 (already in DB)
  Deficiencies stored   : 7
  §87705/87706 citations: 1
  Errors                : 0
  scrape_run id         : f3aaec26-6215-43a0-9e47-109b6a538434
============================================================
=== 198320454 ===
Facilities to process: 1

[1/1] Cogir of South Bay (Torrance)
  Cogir of South Bay: 4 reports

============================================================
Phase D citations ingest — COMPLETE
============================================================
  Facilities processed  : 1
  Reports seen          : 4
  Reports ingested      : 3
  Reports skipped       : 0 (already in DB)
  Deficiencies stored   : 4
  §87705/87706 citations: 0
  Errors                : 0
  scrape_run id         : 108032b7-ba06-43b7-a419-17819b217155
============================================================
=== 306004718 ===
Facilities to process: 1

[1/1] Groves of Tustin, the (Tustin)
  Groves of Tustin, the: 20 reports

============================================================
Phase D citations ingest — COMPLETE
============================================================
  Facilities processed  : 1
  Reports seen          : 20
  Reports ingested      : 19
  Reports skipped       : 0 (already in DB)
  Deficiencies stored   : 7
  §87705/87706 citations: 1
  Errors                : 0
  scrape_run id         : 5cfa2a81-3c96-46a8-a489-0f8e15a55ed7
============================================================
=== 197602434 ===
Facilities to process: 1

[1/1] Gardens at Park Balboa, the (Van Nuys)
  Gardens at Park Balboa, the: 29 reports

============================================================
Phase D citations ingest — COMPLETE
============================================================
  Facilities processed  : 1
  Reports seen          : 29
  Reports ingested      : 28
  Reports skipped       : 0 (already in DB)
  Deficiencies stored   : 15
  §87705/87706 citations: 1
  Errors                : 0
  scrape_run id         : 3f170a18-3ec8-4dea-b24f-f1ad5d64c864
============================================================
=== 374604176 ===
Facilities to process: 1

[1/1] Alta Vista Senior Living (Vista)
  Alta Vista Senior Living: 23 reports

============================================================
Phase D citations ingest — COMPLETE
============================================================
  Facilities processed  : 1
  Reports seen          : 23
  Reports ingested      : 22
  Reports skipped       : 0 (already in DB)
  Deficiencies stored   : 11
  §87705/87706 citations: 0
  Errors                : 0
  scrape_run id         : bd0bebce-f33d-4fb2-844e-fdf0420a1bc8
============================================================
=== 374604134 ===
Facilities to process: 1

[1/1] Rancho Vista Senior Living (Vista)
  Rancho Vista Senior Living: 28 reports

============================================================
Phase D citations ingest — COMPLETE
============================================================
  Facilities processed  : 1
  Reports seen          : 28
  Reports ingested      : 27
  Reports skipped       : 0 (already in DB)
  Deficiencies stored   : 4
  §87705/87706 citations: 0
  Errors                : 0
  scrape_run id         : 9fedbe57-8916-4d23-b35f-472f809bcada
============================================================
=== 198603504 ===
Facilities to process: 1

[1/1] La Posada (Whittier)
  La Posada: 44 reports

============================================================
Phase D citations ingest — COMPLETE
============================================================
  Facilities processed  : 1
  Reports seen          : 44
  Reports ingested      : 43
  Reports skipped       : 0 (already in DB)
  Deficiencies stored   : 56
  §87705/87706 citations: 3
  Errors                : 0
  scrape_run id         : 37213017-10be-4f96-b796-95280456524f
============================================================
=== 195850546 ===
Facilities to process: 1

[1/1] Savant of Woodland Hills (Woodland Hills)
  Savant of Woodland Hills: 9 reports

============================================================
Phase D citations ingest — COMPLETE
============================================================
  Facilities processed  : 1
  Reports seen          : 9
  Reports ingested      : 8
  Reports skipped       : 0 (already in DB)
  Deficiencies stored   : 1
  §87705/87706 citations: 0
  Errors                : 0
  scrape_run id         : 5286eb50-2bfd-48a4-9262-b3640ca32256
============================================================
=== 306005322 ===
Facilities to process: 1

[1/1] Activcare at Yorba Linda (Yorba Linda)
  Activcare at Yorba Linda: 8 reports

============================================================
Phase D citations ingest — COMPLETE
============================================================
  Facilities processed  : 1
  Reports seen          : 8
  Reports ingested      : 7
  Reports skipped       : 0 (already in DB)
  Deficiencies stored   : 2
  §87705/87706 citations: 0
  Errors                : 0
  scrape_run id         : 407716fb-a15d-42b4-9dbc-6a7fac34c30f
============================================================
