Facilities to process: 8092

[1/8092] Acton Senior Housing Care, Inc (Acton)
  Acton Senior Housing Care, Inc: 2 reports

[2/8092] Community Care Group (Acton)
  Community Care Group: no reports

[3/8092] Ladyface View Living Llc (Agoura Hills)
  Ladyface View Living Llc: 5 reports

[4/8092] Leisure Living (Agoura Hills)
  Leisure Living: 5 reports

[5/8092] Leisure Living Properties (Agoura Hills)
  Leisure Living Properties: 5 reports

[6/8092] Meadowbrook at Agoura Hills (Agoura Hills)
  Meadowbrook at Agoura Hills: 46 reports

[7/8092] Oakmont of Agoura Hills (Agoura Hills)
  Oakmont of Agoura Hills: 4 reports

[8/8092] Oakmont of Agoura Hills (Agoura Hills)
  Oakmont of Agoura Hills: 15 reports

[9/8092] Alegria Community Living - Otis (Alameda)
  Alegria Community Living - Otis: 3 reports

[10/8092] Bay Harbour Care Home (Alameda)
  Bay Harbour Care Home: 5 reports

[11/8092] Cardinal Point at Mariner Square (Alameda)
  Cardinal Point at Mariner Square: 11 reports

[12/8092] Elders Inn On Webster (Alameda)
  Elders Inn On Webster: 10 reports

[13/8092] Golden Age Bayside Ii (Alameda)
  Golden Age Bayside Ii: 6 reports

[14/8092] Golden Age of Channing Ii (Alameda)
  Golden Age of Channing Ii: no reports

[15/8092] Golden Age of Sweet Road (Alameda)
  Golden Age of Sweet Road: 4 reports

[16/8092] Harbor Bay Assisted Living Inc (Alameda)
  Harbor Bay Assisted Living Inc: 4 reports

[17/8092] Oakmont of Mariner Point (Alameda)
  Oakmont of Mariner Point: 1 reports

[18/8092] Oakmont of Mariner Point (Alameda)
  Oakmont of Mariner Point: 18 reports

[19/8092] Waters Edge Lodge (Alameda)
  Waters Edge Lodge: 11 reports

[20/8092] Alamo Care Home (Alamo)
  Alamo Care Home: 11 reports

[21/8092] Alamo Residence Home (Alamo)
  Alamo Residence Home: 9 reports

[22/8092] Alamo Residence Home, Inc. (Alamo)
  Alamo Residence Home, Inc.: 3 reports

[23/8092] Alamo Villa (Alamo)
  Alamo Villa: 2 reports

[24/8092] Casa Blanca Retirement Homes (Alamo)
  Casa Blanca Retirement Homes: 6 reports

[25/8092] Castle Crest Home I (Alamo)
  Castle Crest Home I: 3 reports

[26/8092] Eaton Place (Alamo)
  Eaton Place: 4 reports

[27/8092] Gines Residential Care Home Iii (Alamo)
  Gines Residential Care Home Iii: 14 reports

[28/8092] Home Sweet Alamo (Alamo)
  Home Sweet Alamo: no reports

[29/8092] Megan Care Home (Alamo)
  Megan Care Home: 8 reports

[30/8092] Navajo Care Home (Alamo)
  Navajo Care Home: 4 reports

[31/8092] New Alamo Residence Home (Alamo)
  New Alamo Residence Home: 9 reports

[32/8092] Roundhill Care Homes, Inc. (Alamo)
  Roundhill Care Homes, Inc.: 11 reports

[33/8092] Welcome Home Senior Residence (alamo Ii) (Alamo)
  Welcome Home Senior Residence (alamo Ii): 4 reports

[34/8092] Welcome Home Senior Residence (alamo) (Alamo)
  Welcome Home Senior Residence (alamo): 4 reports

[35/8092] Welcome Home Senior Residence-alamo 3 (Alamo)
  Welcome Home Senior Residence-alamo 3: 3 reports

[36/8092] Belmont Village Albany (Albany)
  Belmont Village Albany: 26 reports

[37/8092] Belmont Village Albany (Albany)
  Belmont Village Albany: no reports

[38/8092] Raksha 13 Care Home (Albany)
  Raksha 13 Care Home: 12 reports

[39/8092] Raksha 4 Care Home (Albany)
  Raksha 4 Care Home: 8 reports

[40/8092] Raksha 6 (Albany)
  Raksha 6: 6 reports

[41/8092] Alhambra Villa (Alhambra)
  Alhambra Villa: 12 reports

[42/8092] Atherton Baptist Homes (Alhambra)
  Atherton Baptist Homes: 9 reports

[43/8092] Brookdale Alhambra (Alhambra)
  Brookdale Alhambra: 14 reports

[44/8092] Evergreen Senior Care (Alhambra)
  Evergreen Senior Care: 10 reports
    ⇧ Promoted to memory-care: Evergreen Senior Care

[45/8092] My Ladies Guest House (Alhambra)
  My Ladies Guest House: 6 reports

[46/8092] Savant of Alhambra (Alhambra)
  Savant of Alhambra: 26 reports

[47/8092] Silverado Senior Living - the Huntington (Alhambra)
  Silverado Senior Living - the Huntington: 27 reports

[48/8092] Silverado Senior Living-the Huntington (Alhambra)
  Silverado Senior Living-the Huntington: no reports

[49/8092] Vip Villa (Alhambra)
  Vip Villa: 1 reports

[50/8092] Belmont Village Aliso Viejo (Aliso Viejo)
  Belmont Village Aliso Viejo: 23 reports

[51/8092] Covington, the (Aliso Viejo)
  Covington, the: 8 reports

[52/8092] Alpine View Lodge (Alpine)
  Alpine View Lodge: 6 reports

[53/8092] Alpine View Lodge - Dba Cioffi Ent.,inc. (Alpine)
  Alpine View Lodge - Dba Cioffi Ent.,inc.: 1 reports

[54/8092] Baron's Loving Care - Alpine (Alpine)
  Baron's Loving Care - Alpine: 3 reports

[55/8092] Kasitz Kastle (Alpine)
  Kasitz Kastle: 4 reports

[56/8092] Azalea House (Altadena)
  Azalea House: 5 reports

[57/8092] Casa de Madera (Altadena)
  Casa de Madera: 3 reports

[58/8092] Con Carino Braeburn (Altadena)
  Con Carino Braeburn: 7 reports

[59/8092] Eaton Canyon Villas I (Altadena)
  Eaton Canyon Villas I: 8 reports
    ⇧ Promoted to memory-care: Eaton Canyon Villas I

[60/8092] Eaton Canyon Villas Ii Inc. (Altadena)
  Eaton Canyon Villas Ii Inc.: 4 reports

[61/8092] Flowers Residential Care Facility (Altadena)
  Flowers Residential Care Facility: 14 reports

[62/8092] Harmony Villa Altadena Rcfe (Altadena)
  Harmony Villa Altadena Rcfe: 5 reports

[63/8092] Lily & Rose Senior Living Inc (Altadena)
  Lily & Rose Senior Living Inc: 1 reports

[64/8092] Lily & Rose Senior Living Inc (Altadena)
  Lily & Rose Senior Living Inc: 1 reports

[65/8092] Lily & Rose Senior Living Inc (Altadena)
  Lily & Rose Senior Living Inc: 3 reports
    ⇧ Promoted to memory-care: Lily & Rose Senior Living Inc

[66/8092] Lodge at Eaton Canyon, the (Altadena)
  Lodge at Eaton Canyon, the: no reports

[67/8092] Montecedro (Altadena)
  Montecedro: 3 reports

[68/8092] Montecedro (Altadena)
  Montecedro: 7 reports

[69/8092] Mountain View Estates (Altadena)
  Mountain View Estates: 6 reports

[70/8092] North Lake Villas Inc. (Altadena)
  North Lake Villas Inc.: 7 reports

[71/8092] Ray of Hope - Braeburn (Altadena)
  Ray of Hope - Braeburn: no reports

[72/8092] Rose Valley Altadena I (Altadena)
  Rose Valley Altadena I: 2 reports

[73/8092] Rose Valley Altadena Ii (Altadena)
  Rose Valley Altadena Ii: 5 reports

[74/8092] Rose Valley Colman (Altadena)
  Rose Valley Colman: 2 reports

[75/8092] 3k Home Care (Anaheim)
  3k Home Care: 6 reports

[76/8092] A & a Homecare (Anaheim)
  A & a Homecare: no reports

[77/8092] A Faithful Home of Anaheim (Anaheim)
  A Faithful Home of Anaheim: 10 reports

[78/8092] A.c.e. Advanced Care for Elderly (Anaheim)
  A.c.e. Advanced Care for Elderly: 4 reports

[79/8092] A&a Residential Care (Anaheim)
  A&a Residential Care: no reports

[80/8092] A1 Residential Care Facility (Anaheim)
  A1 Residential Care Facility: 3 reports

[81/8092] Abundant Grace Care Villa (Anaheim)
  Abundant Grace Care Villa: 4 reports

[82/8092] Abundant Grace Care Villa 2 (Anaheim)
  Abundant Grace Care Villa 2: 1 reports

[83/8092] Acacia Guest Home-anaheim (Anaheim)
  Acacia Guest Home-anaheim: 9 reports
    ⇧ Promoted to memory-care: Acacia Guest Home-anaheim

[84/8092] Addie's Cottage Senior Living Inc (Anaheim)
  Addie's Cottage Senior Living Inc: 4 reports

[85/8092] Adeline Guest Home (Anaheim)
  Adeline Guest Home: 10 reports

[86/8092] Agape Senior Ii (Anaheim)
  Agape Senior Ii: 4 reports

[87/8092] Alice Way Home Care (Anaheim)
  Alice Way Home Care: no reports

[88/8092] Allen's Palm Cove Residence Care (Anaheim)
  Allen's Palm Cove Residence Care: 4 reports

[89/8092] Amari House (Anaheim)
  Amari House: 4 reports

[90/8092] Ameriheart Care Home (Anaheim)
  Ameriheart Care Home: 7 reports

[91/8092] Amethyst Care Home @ Virginia (Anaheim)
  Amethyst Care Home @ Virginia: 3 reports

[92/8092] Amethyst Home (Anaheim)
  Amethyst Home: 10 reports

[93/8092] Amethyst Home # 2 (Anaheim)
  Amethyst Home # 2: 2 reports

[94/8092] Anaheim Colony Abode, the (Anaheim)
  Anaheim Colony Abode, the: 2 reports

[95/8092] Anaheim Crown Plaza (Anaheim)
  Anaheim Crown Plaza: 17 reports

[96/8092] Anaheim Villa (Anaheim)
  Anaheim Villa: 12 reports
    ⇧ Promoted to memory-care: Anaheim Villa

[97/8092] Anaheim Villa Estates (Anaheim)
  Anaheim Villa Estates: 2 reports

[98/8092] Anaheim Villa Guest Home (Anaheim)
  Anaheim Villa Guest Home: 2 reports

[99/8092] Angel Comfort Care 2 (Anaheim)
  Angel Comfort Care 2: 5 reports
    ⇧ Promoted to memory-care: Angel Comfort Care 2

[100/8092] Angel Guest Care Home (Anaheim)
  Angel Guest Care Home: 1 reports

[101/8092] Angel Rose Residence (Anaheim)
  Angel Rose Residence: 2 reports

[102/8092] Angels Care (Anaheim)
  Angels Care: 1 reports

[103/8092] Angels Care Guest Home Ii (Anaheim)
  Angels Care Guest Home Ii: 5 reports

[104/8092] Angels Haven Ii, Llc (Anaheim)
  Angels Haven Ii, Llc: no reports

[105/8092] Arabella Care Villa (Anaheim)
  Arabella Care Villa: 4 reports

[106/8092] Arbor Palms of Anaheim (Anaheim)
  Arbor Palms of Anaheim: 24 reports

[107/8092] Archer Residential Care (Anaheim)
  Archer Residential Care: 5 reports

[108/8092] Ardent Care (Anaheim)
  Ardent Care: 31 reports

[109/8092] Arevalo's Board & Care Home (Anaheim)
  Arevalo's Board & Care Home: 2 reports

[110/8092] B & B Home Care (Anaheim)
  B & B Home Care: 2 reports

[111/8092] B & B Homecare (Anaheim)
  B & B Homecare: 2 reports

[112/8092] B&c Senior Living (Anaheim)
  B&c Senior Living: 3 reports

[113/8092] Bauer Assisted Living (Anaheim)
  Bauer Assisted Living: no reports

[114/8092] Beloved Care (Anaheim)
  Beloved Care: 1 reports

[115/8092] Blessings Senior Care (Anaheim)
  Blessings Senior Care: 7 reports

[116/8092] Blue Sky Manor Inc (Anaheim)
  Blue Sky Manor Inc: 30 reports

[117/8092] Brenda's Guest Home (Anaheim)
  Brenda's Guest Home: 2 reports

[118/8092] Britta Care (Anaheim)
  Britta Care: 6 reports
    ⇧ Promoted to memory-care: Britta Care

[119/8092] Britta Care Manor (Anaheim)
  Britta Care Manor: no reports

[120/8092] Brookdale Anaheim (Anaheim)
  Brookdale Anaheim: 40 reports

[121/8092] Care Celine (Anaheim)
  Care Celine: 5 reports
    ⇧ Promoted to memory-care: Care Celine

[122/8092] Carewell Manor (Anaheim)
  Carewell Manor: 14 reports
    ⇧ Promoted to memory-care: Carewell Manor

[123/8092] Caringbridge Inc. (Anaheim)
  Caringbridge Inc.: 3 reports
    ⇧ Promoted to memory-care: Caringbridge Inc.

[124/8092] Carnelian Villas (Anaheim)
  Carnelian Villas: 8 reports
    ⇧ Promoted to memory-care: Carnelian Villas

[125/8092] Celestial Garden (Anaheim)
  Celestial Garden: 1 reports

[126/8092] Celestial Garden (Anaheim)
  Celestial Garden: 4 reports
    ⇧ Promoted to memory-care: Celestial Garden

[127/8092] Celestial Garden (Anaheim)
  Celestial Garden: 9 reports

[128/8092] Charlou Guest Home #3 (Anaheim)
  Charlou Guest Home #3: 3 reports

[129/8092] Charlou Guest Home Iv (Anaheim)
  Charlou Guest Home Iv: 4 reports

[130/8092] Cherish Senior Living (Anaheim)
  Cherish Senior Living: 4 reports

[131/8092] Chestnut Cove (Anaheim)
  Chestnut Cove: 6 reports

[132/8092] Citrine Residential Care (Anaheim)
  Citrine Residential Care: 3 reports

[133/8092] Coastal Comfort Assisted Living (Anaheim)
  Coastal Comfort Assisted Living: 2 reports

[134/8092] Colorado Residential Care (Anaheim)
  Colorado Residential Care: 4 reports

[135/8092] Comfort First Home Care (Anaheim)
  Comfort First Home Care: 6 reports

[136/8092] Comfort Keepers Home Care Ii (Anaheim)
  Comfort Keepers Home Care Ii: 4 reports

[137/8092] Compassionate Home Care (Anaheim)
  Compassionate Home Care: 4 reports

[138/8092] Cottages at Artesia Anaheim, the (Anaheim)
  Cottages at Artesia Anaheim, the: 22 reports
    ⇧ Promoted to memory-care: Cottages at Artesia Anaheim, the

[139/8092] Crystal Care Home (Anaheim)
  Crystal Care Home: 2 reports

[140/8092] Danbrook Care Home (Anaheim)
  Danbrook Care Home: 4 reports

[141/8092] Deluxe Care (Anaheim)
  Deluxe Care: 2 reports

[142/8092] Diamond Manor 2 (Anaheim)
  Diamond Manor 2: 5 reports

[143/8092] Diamond Manor Ii (Anaheim)
  Diamond Manor Ii: 3 reports

[144/8092] Divine & Gus Care Home (Anaheim)
  Divine & Gus Care Home: 5 reports

[145/8092] Divine Grace Villa (Anaheim)
  Divine Grace Villa: 7 reports
    ⇧ Promoted to memory-care: Divine Grace Villa

[146/8092] Elegant Care Villa Iii (Anaheim)
  Elegant Care Villa Iii: 6 reports

[147/8092] Emerald Court (Anaheim)
  Emerald Court: 30 reports

[148/8092] European Christian Home Ii (Anaheim)
  European Christian Home Ii: 4 reports

[149/8092] Eve's Guest Home Iii (Anaheim)
  Eve's Guest Home Iii: 1 reports

[150/8092] Extraordinary Assisted Living of Anaheim (Anaheim)
  Extraordinary Assisted Living of Anaheim: 1 reports

[151/8092] Family Choice Senior Care 4 (Anaheim)
  Family Choice Senior Care 4: 2 reports
    inx=1 fetch error: 404 Client Error: Not Found for url: https://www.ccld.dss.ca.gov/transparencyapi/api/FacilityReports?facNum=306003385&inx=1
    inx=2 fetch error: 404 Client Error: Not Found for url: https://www.ccld.dss.ca.gov/transparencyapi/api/FacilityReports?facNum=306003385&inx=2

[152/8092] Family Choice Senior Living (Anaheim)
  Family Choice Senior Living: 30 reports
    ⇧ Promoted to memory-care: Family Choice Senior Living

[153/8092] Family Choice Senior Living (Anaheim)
  Family Choice Senior Living: 15 reports

[154/8092] Ferdowsa Home Care (Anaheim)
  Ferdowsa Home Care: 1 reports

[155/8092] Fountain of Youth Senior Living (Anaheim)
  Fountain of Youth Senior Living: 6 reports

[156/8092] Francel Guest Home Ii (Anaheim)
  Francel Guest Home Ii: 5 reports
    ⇧ Promoted to memory-care: Francel Guest Home Ii

[157/8092] Genuinecare Residential Care Facility (Anaheim)
  Genuinecare Residential Care Facility: 2 reports
    inx=1 fetch error: 404 Client Error: Not Found for url: https://www.ccld.dss.ca.gov/transparencyapi/api/FacilityReports?facNum=306005737&inx=1
    inx=2 fetch error: 404 Client Error: Not Found for url: https://www.ccld.dss.ca.gov/transparencyapi/api/FacilityReports?facNum=306005737&inx=2

[158/8092] Gilbert House of Joy (Anaheim)
  Gilbert House of Joy: no reports

[159/8092] Golden Diamond Retirement (Anaheim)
  Golden Diamond Retirement: 3 reports

[160/8092] Golden Flower Manor, Llc (Anaheim)
  Golden Flower Manor, Llc: 10 reports

[161/8092] Golden Life Manor (Anaheim)
  Golden Life Manor: 4 reports

[162/8092] Golden Life Manor I (Anaheim)
  Golden Life Manor I: 5 reports

[163/8092] Golden Life Manor Iii (Anaheim)
  Golden Life Manor Iii: 1 reports

[164/8092] Golden Loving Care Homes (Anaheim)
  Golden Loving Care Homes: 5 reports

[165/8092] Golden Outlook Senior Care (Anaheim)
  Golden Outlook Senior Care: no reports

[166/8092] Golden Tiara Guest Home (Anaheim)
  Golden Tiara Guest Home: 6 reports

[167/8092] Golden Tuscany Care (Anaheim)
  Golden Tuscany Care: 4 reports

[168/8092] Golden Years Group (Anaheim)
  Golden Years Group: 8 reports

[169/8092] Golden Years Group1 (Anaheim)
  Golden Years Group1: 4 reports

[170/8092] Graces Home (Anaheim)
  Graces Home: 23 reports
    ⇧ Promoted to memory-care: Graces Home

[171/8092] Grafton Cottages (Anaheim)
  Grafton Cottages: 1 reports

[172/8092] Greenleaf Guest Home Llc (Anaheim)
  Greenleaf Guest Home Llc: 3 reports

[173/8092] Hany's Guest Home (Anaheim)
  Hany's Guest Home: 4 reports

[174/8092] Harbor Heights Assisted Living & Memory Care (Anaheim)
  Harbor Heights Assisted Living & Memory Care: 67 reports
