Facilities to process: 915

[1/915] Alegria Community Living - Otis (Alameda)
  Alegria Community Living - Otis: 3 reports

[2/915] Bay Harbour Care Home (Alameda)
  Bay Harbour Care Home: 5 reports

[3/915] Cardinal Point at Mariner Square (Alameda)
  Cardinal Point at Mariner Square: 11 reports

[4/915] Elders Inn On Webster (Alameda)
  Elders Inn On Webster: 10 reports

[5/915] Golden Age Bayside Ii (Alameda)
  Golden Age Bayside Ii: 6 reports

[6/915] Golden Age of Channing Ii (Alameda)
  Golden Age of Channing Ii: no reports

[7/915] Golden Age of Sweet Road (Alameda)
  Golden Age of Sweet Road: 4 reports

[8/915] Harbor Bay Assisted Living Inc (Alameda)
  Harbor Bay Assisted Living Inc: 4 reports

[9/915] Oakmont of Mariner Point (Alameda)
  Oakmont of Mariner Point: 18 reports

[10/915] Oakmont of Mariner Point (Alameda)
  Oakmont of Mariner Point: 1 reports

[11/915] Waters Edge Lodge (Alameda)
  Waters Edge Lodge: 11 reports

[12/915] Alamo Care Home (Alamo)
  Alamo Care Home: 11 reports

[13/915] Alamo Residence Home (Alamo)
  Alamo Residence Home: 9 reports

[14/915] Alamo Residence Home, Inc. (Alamo)
  Alamo Residence Home, Inc.: 3 reports

[15/915] Alamo Villa (Alamo)
  Alamo Villa: 2 reports

[16/915] Casa Blanca Retirement Homes (Alamo)
  Casa Blanca Retirement Homes: 6 reports

[17/915] Castle Crest Home I (Alamo)
  Castle Crest Home I: 3 reports

[18/915] Eaton Place (Alamo)
  Eaton Place: 4 reports

[19/915] Gines Residential Care Home Iii (Alamo)
  Gines Residential Care Home Iii: 14 reports

[20/915] Home Sweet Alamo (Alamo)
  Home Sweet Alamo: no reports

[21/915] Megan Care Home (Alamo)
  Megan Care Home: 8 reports

[22/915] Navajo Care Home (Alamo)
  Navajo Care Home: 4 reports

[23/915] New Alamo Residence Home (Alamo)
  New Alamo Residence Home: 9 reports

[24/915] Roundhill Care Homes, Inc. (Alamo)
  Roundhill Care Homes, Inc.: 11 reports

[25/915] Welcome Home Senior Residence (alamo Ii) (Alamo)
  Welcome Home Senior Residence (alamo Ii): 4 reports

[26/915] Welcome Home Senior Residence (alamo) (Alamo)
  Welcome Home Senior Residence (alamo): 4 reports

[27/915] Welcome Home Senior Residence-alamo 3 (Alamo)
  Welcome Home Senior Residence-alamo 3: 3 reports

[28/915] Belmont Village Albany (Albany)
  Belmont Village Albany: 26 reports

[29/915] Belmont Village Albany (Albany)
  Belmont Village Albany: no reports

[30/915] Raksha 13 Care Home (Albany)
  Raksha 13 Care Home: 12 reports

[31/915] Raksha 4 Care Home (Albany)
  Raksha 4 Care Home: 8 reports

[32/915] Raksha 6 (Albany)
  Raksha 6: 6 reports

[33/915] New Rivershore Care Home (Bay Point)
  New Rivershore Care Home: 9 reports

[34/915] Willow Glen Residence (Bay Point)
  Willow Glen Residence: 9 reports

[35/915] Ivy Park at Belmont (Belmont)
  Ivy Park at Belmont: 8 reports

[36/915] Ivy Park of Belmont (Belmont)
  Ivy Park of Belmont: 6 reports

[37/915] Lesley Terrace Assisted Living Facility (Belmont)
  Lesley Terrace Assisted Living Facility: no reports

[38/915] Silverado Senior Living - Belmont Hills (Belmont)
  Silverado Senior Living - Belmont Hills: 43 reports

[39/915] Silverado Senior Living-belmont Hills (Belmont)
  Silverado Senior Living-belmont Hills: 1 reports

[40/915] Vista Terrace of Belmont (Belmont)
  Vista Terrace of Belmont: 44 reports

[41/915] Angeleon Care Home (Berkeley)
  Angeleon Care Home: 8 reports

[42/915] Angeleon Care Home (Berkeley)
  Angeleon Care Home: 14 reports

[43/915] Angels Windsor House (Berkeley)
  Angels Windsor House: 5 reports

[44/915] Elegance Berkeley (Berkeley)
  Elegance Berkeley: 46 reports

[45/915] Golden Oasis (Berkeley)
  Golden Oasis: 5 reports

[46/915] Ivy at Berkeley, the (Berkeley)
  Ivy at Berkeley, the: 6 reports

[47/915] Morningstar Senior Living of Berkeley (Berkeley)
  Morningstar Senior Living of Berkeley: no reports

[48/915] Silverado Senior Living - Berkeley (Berkeley)
  Silverado Senior Living - Berkeley: 5 reports
    inx=1 fetch error: 404 Client Error: Not Found for url: https://www.ccld.dss.ca.gov/transparencyapi/api/FacilityReports?facNum=019200709&inx=1
    inx=2 fetch error: 404 Client Error: Not Found for url: https://www.ccld.dss.ca.gov/transparencyapi/api/FacilityReports?facNum=019200709&inx=2
    inx=3 fetch error: 404 Client Error: Not Found for url: https://www.ccld.dss.ca.gov/transparencyapi/api/FacilityReports?facNum=019200709&inx=3
    inx=4 fetch error: 404 Client Error: Not Found for url: https://www.ccld.dss.ca.gov/transparencyapi/api/FacilityReports?facNum=019200709&inx=4
    inx=5 fetch error: 404 Client Error: Not Found for url: https://www.ccld.dss.ca.gov/transparencyapi/api/FacilityReports?facNum=019200709&inx=5

[49/915] Silverado Senior Living-berkeley (Berkeley)
  Silverado Senior Living-berkeley: 23 reports

[50/915] Acacia Manor (Burlingame)
  Acacia Manor: 4 reports

[51/915] Am Residential Care Home (Burlingame)
  Am Residential Care Home: 5 reports

[52/915] Burlingame Senior Home (Burlingame)
  Burlingame Senior Home: 5 reports

[53/915] Burlingame Senior Home 2 (Burlingame)
  Burlingame Senior Home 2: 8 reports

[54/915] Burlingame Senior Living (Burlingame)
  Burlingame Senior Living: 35 reports

[55/915] Burlingame Villa, Inc. (Burlingame)
  Burlingame Villa, Inc.: 14 reports

[56/915] Cedarhill Manor Ii (Burlingame)
  Cedarhill Manor Ii: 8 reports

[57/915] Elder Care Haven (Burlingame)
  Elder Care Haven: 16 reports

[58/915] Heritage Manor (Burlingame)
  Heritage Manor: 4 reports

[59/915] Home in Burlingame, the (Burlingame)
  Home in Burlingame, the: 1 reports

[60/915] Jla Healthcare Services (Burlingame)
  Jla Healthcare Services: 5 reports

[61/915] Marina's Home (Burlingame)
  Marina's Home: 2 reports

[62/915] Mills Estate Villa (Burlingame)
  Mills Estate Villa: 4 reports

[63/915] Oakmont of Burlingame (Burlingame)
  Oakmont of Burlingame: 10 reports

[64/915] Oakmont of Burlingame (Burlingame)
  Oakmont of Burlingame: 5 reports

[65/915] Pacifica Senior Living Burlingame (Burlingame)
  Pacifica Senior Living Burlingame: 11 reports

[66/915] Palm Assisted Living Llc (Burlingame)
  Palm Assisted Living Llc: 3 reports

[67/915] Toyon Care Llc (Burlingame)
  Toyon Care Llc: 4 reports

[68/915] Trousdale, the (Burlingame)
  Trousdale, the: 13 reports

[69/915] Ambrosia Home (Campbell)
  Ambrosia Home: 4 reports

[70/915] Bed of Roses Residential Care Home (Campbell)
  Bed of Roses Residential Care Home: 4 reports

[71/915] Campbell Senior Living (Campbell)
  Campbell Senior Living: 4 reports

[72/915] Campbell Village (Campbell)
  Campbell Village: 24 reports

[73/915] Esther's Residential Care Home (Campbell)
  Esther's Residential Care Home: 3 reports

[74/915] Gardenia Homes 1 Llc (Campbell)
  Gardenia Homes 1 Llc: 4 reports

[75/915] Marquez Living I (rcfe) (Campbell)
  Marquez Living I (rcfe): 6 reports

[76/915] Merrill Gardens at Campbell (Campbell)
  Merrill Gardens at Campbell: 10 reports

[77/915] Mina's Elderly Care Home 3 Llc (Campbell)
  Mina's Elderly Care Home 3 Llc: 4 reports

[78/915] Palm Villas, Campbell (Campbell)
  Palm Villas, Campbell: 28 reports

[79/915] Princess Lodge (Campbell)
  Princess Lodge: 7 reports

[80/915] Sakura Gardens Villa Llc (Campbell)
  Sakura Gardens Villa Llc: 6 reports

[81/915] Shamrock Residential Care Home (Campbell)
  Shamrock Residential Care Home: 5 reports

[82/915] West Valley Care Home (Campbell)
  West Valley Care Home: 12 reports

[83/915] White Oaks Senior Care Home (Campbell)
  White Oaks Senior Care Home: no reports

[84/915] White Oaks Senior Living (Campbell)
  White Oaks Senior Living: 7 reports

[85/915] Aaa Care Haven (Castro Valley)
  Aaa Care Haven: no reports

[86/915] Aaa Care Haven Ii (Castro Valley)
  Aaa Care Haven Ii: 3 reports

[87/915] Almond Road Senior Estates (Castro Valley)
  Almond Road Senior Estates: 5 reports

[88/915] Baywood Court (Castro Valley)
  Baywood Court: 7 reports

[89/915] Blessing Home (Castro Valley)
  Blessing Home: 5 reports

[90/915] California Mentor - Malabar Home (Castro Valley)
  California Mentor - Malabar Home: 21 reports

[91/915] Carefield Castro Valley (Castro Valley)
  Carefield Castro Valley: 17 reports

[92/915] Castro Valley Residential Care Home Llc (Castro Valley)
  Castro Valley Residential Care Home Llc: 5 reports

[93/915] Castro Village Care Home (Castro Valley)
  Castro Village Care Home: 4 reports

[94/915] Eden Assisted Living (Castro Valley)
  Eden Assisted Living: 7 reports

[95/915] Fairbanks Home Care (Castro Valley)
  Fairbanks Home Care: 6 reports

[96/915] Fairbanks One (Castro Valley)
  Fairbanks One: 4 reports

[97/915] Flamingo Assisted Living (Castro Valley)
  Flamingo Assisted Living: 3 reports

[98/915] Golden Valley Elderly Living (Castro Valley)
  Golden Valley Elderly Living: 4 reports

[99/915] Helping Hands Home Care (Castro Valley)
  Helping Hands Home Care: 1 reports

[100/915] Jasmine Court (Castro Valley)
  Jasmine Court: 4 reports

[101/915] Lake Chabot Assisted Living (Castro Valley)
  Lake Chabot Assisted Living: no reports

[102/915] Lake Chabot Assisted Living (Castro Valley)
  Lake Chabot Assisted Living: 5 reports

[103/915] Lake Chabot Care Home (Castro Valley)
  Lake Chabot Care Home: 3 reports

[104/915] Lake Chabot Care Home (Castro Valley)
  Lake Chabot Care Home: 6 reports

[105/915] Oakcreek (Castro Valley)
  Oakcreek: 7 reports

[106/915] Redwood Assisted Living (Castro Valley)
  Redwood Assisted Living: 5 reports

[107/915] Redwood Road Care Home (Castro Valley)
  Redwood Road Care Home: 4 reports

[108/915] Welcome Home - Castro Valley (Castro Valley)
  Welcome Home - Castro Valley: 4 reports

[109/915] Willow Creek Alzheimer's & Dementia Care Center (Castro Valley)
  Willow Creek Alzheimer's & Dementia Care Center: 10 reports

[110/915] Woodside Residential Care Facility for Elderly (Castro Valley)
  Woodside Residential Care Facility for Elderly: 8 reports

[111/915] California Sunshine Rcfe (Clayton)
  California Sunshine Rcfe: 8 reports

[112/915] Angela's Rest Home I (Colma)
  Angela's Rest Home I: 5 reports

[113/915] Peninsula Reflections (Colma)
  Peninsula Reflections: 16 reports

[114/915] Blended Family Care Home (Cupertino)
  Blended Family Care Home: 11 reports

[115/915] Forum at Rancho San Antonio, the (Cupertino)
  Forum at Rancho San Antonio, the: 8 reports

[116/915] Lotus of Cupertino (Cupertino)
  Lotus of Cupertino: 2 reports

[117/915] Lotus of Cupertino Care Home (Cupertino)
  Lotus of Cupertino Care Home: 3 reports

[118/915] Paradise Manor 4 (Cupertino)
  Paradise Manor 4: 1 reports

[119/915] Paradise Manor Ii Inc. (Cupertino)
  Paradise Manor Ii Inc.: 9 reports

[120/915] Selah Elderly Care (Cupertino)
  Selah Elderly Care: 3 reports

[121/915] Sunny View Retirement Community (Cupertino)
  Sunny View Retirement Community: 13 reports

[122/915] Angel's Crest Home Ii (Danville)
  Angel's Crest Home Ii: 6 reports

[123/915] Blackhawk Senior Residential Care (Danville)
  Blackhawk Senior Residential Care: 5 reports

[124/915] Brookdale Danville (Danville)
  Brookdale Danville: 14 reports

[125/915] Brookdale Diablo Lodge (Danville)
  Brookdale Diablo Lodge: 16 reports

[126/915] Camino Ramon Home for Seniors (Danville)
  Camino Ramon Home for Seniors: 4 reports

[127/915] Danville Care Home (Danville)
  Danville Care Home: 4 reports

[128/915] Danville Courtyard (Danville)
  Danville Courtyard: 4 reports

[129/915] Danville Home for Seniors (Danville)
  Danville Home for Seniors: 5 reports

[130/915] Danville Paradise (Danville)
  Danville Paradise: 4 reports

[131/915] Dipina Board and Care (Danville)
  Dipina Board and Care: 1 reports

[132/915] Golden Pond (Danville)
  Golden Pond: 5 reports

[133/915] Good Shepherd of Danville (Danville)
  Good Shepherd of Danville: 17 reports

[134/915] Granny's Loving Angels Llc (Danville)
  Granny's Loving Angels Llc: 5 reports

[135/915] Home Sweet Elsie (Danville)
  Home Sweet Elsie: 3 reports

[136/915] Lynwood Guest Home (Danville)
  Lynwood Guest Home: 5 reports

[137/915] Magnolia Garden Assisted Living (Danville)
  Magnolia Garden Assisted Living: 6 reports

[138/915] Magnolia Garden at Danville (Danville)
  Magnolia Garden at Danville: 6 reports

[139/915] Palm Garden Home Care (Danville)
  Palm Garden Home Care: 3 reports

[140/915] Paraiso Gardens (Danville)
  Paraiso Gardens: 5 reports

[141/915] Reutlinger Community, the (Danville)
  Reutlinger Community, the: 26 reports

[142/915] Round Hill Care Homes, Inc. (Danville)
  Round Hill Care Homes, Inc.: 5 reports

[143/915] Santa Clara Care Home (Danville)
  Santa Clara Care Home: no reports

[144/915] Serving Hands Llc (Danville)
  Serving Hands Llc: 4 reports

[145/915] Sunrise Assisted Living of Danville (Danville)
  Sunrise Assisted Living of Danville: 12 reports

[146/915] Trinity Care Home 4 (Danville)
  Trinity Care Home 4: 8 reports

[147/915] A Hananiah Place of Dublin (Dublin)
  A Hananiah Place of Dublin: 3 reports

[148/915] Allstar Residence (Dublin)
  Allstar Residence: 5 reports

[149/915] Angels Ilie & Maria Golden Age Care (Dublin)
  Angels Ilie & Maria Golden Age Care: 3 reports

[150/915] C & M Guest Home (Dublin)
  C & M Guest Home: no reports

[151/915] Elegance at Dublin (Dublin)
  Elegance at Dublin: 2 reports

[152/915] Emerald Home Care (Dublin)
  Emerald Home Care: 7 reports

[153/915] Emerald Valley (Dublin)
  Emerald Valley: 23 reports

[154/915] Good Shepherd of Dublin, the (Dublin)
  Good Shepherd of Dublin, the: 26 reports

[155/915] Helping Hands, Llc (Dublin)
  Helping Hands, Llc: 8 reports

[156/915] Senior Serenity Care Home (Dublin)
  Senior Serenity Care Home: no reports

[157/915] Sunrise Home Care (Dublin)
  Sunrise Home Care: 3 reports

[158/915] Therapeutic Residential Care Home (Dublin)
  Therapeutic Residential Care Home: no reports

[159/915] Valle Verde Care Home Ii (Dublin)
  Valle Verde Care Home Ii: 4 reports

[160/915] Warm House (Dublin)
  Warm House: 7 reports

[161/915] Welcome Home Senior Residence (Dublin)
  Welcome Home Senior Residence: no reports

[162/915] Adeline Care Community (East Palo Alto)
  Adeline Care Community: 2 reports

[163/915] Bay Breeze Serenity (East Palo Alto)
  Bay Breeze Serenity: 2 reports

[164/915] Penisoni Care Home (East Palo Alto)
  Penisoni Care Home: 5 reports

[165/915] Wright Place, the (East Palo Alto)
  Wright Place, the: 8 reports

[166/915] Amiable Care Home (El Sobrante)
  Amiable Care Home: 2 reports

[167/915] Bina's Adult Care Llc (El Sobrante)
  Bina's Adult Care Llc: no reports

[168/915] Carter Place (El Sobrante)
  Carter Place: 5 reports

[169/915] Hailey's Care Home (El Sobrante)
  Hailey's Care Home: 8 reports

[170/915] Hm Love & Care Home (El Sobrante)
  Hm Love & Care Home: 11 reports

[171/915] Priority Care Home Ii (El Sobrante)
  Priority Care Home Ii: 2 reports

[172/915] Lakeview Lodge (Emerald Hills)
  Lakeview Lodge: 57 reports

[173/915] 1440 by the Bay (Emeryville)
  1440 by the Bay: 22 reports

[174/915] Always Tlc (Foster City)
  Always Tlc: 8 reports

[175/915] Atria at Foster Square (Foster City)
  Atria at Foster Square: 26 reports

[176/915] Emerald Retirement Residence (Foster City)
  Emerald Retirement Residence: 3 reports

[177/915] Five Star Care Home Ii (Foster City)
  Five Star Care Home Ii: 4 reports

[178/915] Foster City Care Home (Foster City)
  Foster City Care Home: 2 reports

[179/915] Janie's Home (Foster City)
  Janie's Home: 10 reports

[180/915] Karina Care Home (Foster City)
  Karina Care Home: 1 reports

[181/915] Sandpiper Court (Foster City)
  Sandpiper Court: 3 reports

[182/915] Seniors at Crane (Foster City)
  Seniors at Crane: 3 reports

[183/915] Sonas Home (Foster City)
  Sonas Home: 7 reports

[184/915] A & P Care Home for Seniors (Fremont)
  A & P Care Home for Seniors: 6 reports

[185/915] Aegis Assisted Living of Fremont (Fremont)
  Aegis Assisted Living of Fremont: 42 reports

[186/915] Aegis Gardens (Fremont)
  Aegis Gardens: 37 reports

[187/915] Aegis Gardens (Fremont)
  Aegis Gardens: 1 reports

[188/915] Alondra Care Home 4 (Fremont)
  Alondra Care Home 4: 5 reports

[189/915] Asyst Residential Care (Fremont)
  Asyst Residential Care: 1 reports

[190/915] Bella Amore, Inc. (Fremont)
  Bella Amore, Inc.: 1 reports

[191/915] Beloved Home Retreat (Fremont)
  Beloved Home Retreat: 7 reports

[192/915] Brookdale North Fremont (Fremont)
  Brookdale North Fremont: 14 reports

[193/915] Carlton Plaza of Fremont (Fremont)
  Carlton Plaza of Fremont: 27 reports

[194/915] Cma Care Home (Fremont)
  Cma Care Home: 5 reports

[195/915] Cma Care Home 1 (Fremont)
  Cma Care Home 1: 4 reports

[196/915] Common Destiny (Fremont)
  Common Destiny: 6 reports

[197/915] Florence Residential Care Home I (Fremont)
  Florence Residential Care Home I: no reports

[198/915] Footprint Care Home (Fremont)
  Footprint Care Home: 10 reports

[199/915] Fremont Hills (Fremont)
  Fremont Hills: 27 reports

[200/915] Fremont Rtrmt Com-happy Lvng by Cogir/cogir Fremon (Fremont)
  Fremont Rtrmt Com-happy Lvng by Cogir/cogir Fremon: 14 reports

[201/915] Fremont Village (Fremont)
  Fremont Village: 23 reports

[202/915] Gm Residential Care Home (Fremont)
  Gm Residential Care Home: 3 reports

[203/915] Golden Age Retirement (Fremont)
  Golden Age Retirement: 1 reports

[204/915] Golden Home Ii (Fremont)
  Golden Home Ii: 1 reports

[205/915] Good Samaritan Care Home (Fremont)
  Good Samaritan Care Home: 2 reports

[206/915] H & M Homes Llc (Fremont)
  H & M Homes Llc: 8 reports

[207/915] Haven Residential Care, Llc, the (Fremont)
  Haven Residential Care, Llc, the: no reports

[208/915] Heather's Care Home (Fremont)
  Heather's Care Home: 5 reports

[209/915] Isherwood Care Iii (Fremont)
  Isherwood Care Iii: 7 reports

[210/915] K & J Residential Care Home (Fremont)
  K & J Residential Care Home: 7 reports

[211/915] K & J Residential Care Home Iii (Fremont)
  K & J Residential Care Home Iii: 4 reports

[212/915] La Concepcion Residential Care Home (Fremont)
  La Concepcion Residential Care Home: 7 reports

[213/915] Lincoln Villa (Fremont)
  Lincoln Villa: 3 reports
    inx=1 fetch error: 404 Client Error: Not Found for url: https://www.ccld.dss.ca.gov/transparencyapi/api/FacilityReports?facNum=015601364&inx=1
    inx=2 fetch error: 404 Client Error: Not Found for url: https://www.ccld.dss.ca.gov/transparencyapi/api/FacilityReports?facNum=015601364&inx=2
    inx=3 fetch error: 404 Client Error: Not Found for url: https://www.ccld.dss.ca.gov/transparencyapi/api/FacilityReports?facNum=015601364&inx=3

[214/915] Lincoln Villa (Fremont)
  Lincoln Villa: 16 reports

[215/915] Lincoln Villa (Fremont)
  Lincoln Villa: 24 reports

[216/915] Lucky Garden Care Home (Fremont)
  Lucky Garden Care Home: 8 reports

[217/915] Mary's Manor (Fremont)
  Mary's Manor: 7 reports

[218/915] Merisol Care (Fremont)
  Merisol Care: 7 reports

[219/915] Mission Villa Residential Care Home (Fremont)
  Mission Villa Residential Care Home: 5 reports

[220/915] Muriel's Residential Facility (Fremont)
  Muriel's Residential Facility: 4 reports

[221/915] Muriel's Residential Facility Ii (Fremont)
  Muriel's Residential Facility Ii: 6 reports

[222/915] Oak Home at Niles Grove (Fremont)
  Oak Home at Niles Grove: 3 reports

[223/915] Royal Palm Residential Home (Fremont)
  Royal Palm Residential Home: 5 reports

[224/915] Tri City Care Home Ii (Fremont)
  Tri City Care Home Ii: 8 reports

[225/915] Wolcott Home (Fremont)
  Wolcott Home: 3 reports

[226/915] Bonita Springs Care Home (Gilroy)
  Bonita Springs Care Home: 5 reports

[227/915] Clark's Villa (Gilroy)
  Clark's Villa: 5 reports

[228/915] Gilroy Elderly Care Home (Gilroy)
  Gilroy Elderly Care Home: 4 reports

[229/915] Mary's House (Gilroy)
  Mary's House: no reports

[230/915] Mary's House 2 (Gilroy)
  Mary's House 2: 5 reports

[231/915] Merrill Gardens at Gilroy (Gilroy)
  Merrill Gardens at Gilroy: 48 reports

[232/915] Merrill Gardens at Gilroy (Gilroy)
  Merrill Gardens at Gilroy: no reports

[233/915] Sweet Care Home in Gilroy (Gilroy)
  Sweet Care Home in Gilroy: 5 reports

[234/915] Above & Beyond Rcfe, Inc. (Hayward)
  Above & Beyond Rcfe, Inc.: 8 reports

[235/915] Aic Residential Care Facility for the Elderly (Hayward)
  Aic Residential Care Facility for the Elderly: 7 reports

[236/915] Alondra Care Home 3 (Hayward)
  Alondra Care Home 3: 7 reports

[237/915] Arcadian Residential Community (Hayward)
  Arcadian Residential Community: 10 reports

[238/915] Astera Care Home Llc (Hayward)
  Astera Care Home Llc: 7 reports

[239/915] Bella Vista (Hayward)
  Bella Vista: 17 reports

[240/915] Bellara Senior Living (Hayward)
  Bellara Senior Living: 10 reports

[241/915] Bethesda Home (Hayward)
  Bethesda Home: 26 reports

[242/915] Bloomstone Family Home Llc (Hayward)
  Bloomstone Family Home Llc: 6 reports

[243/915] Blossom Garden Senior Home (Hayward)
  Blossom Garden Senior Home: 6 reports

[244/915] Casa Sandoval (Hayward)
  Casa Sandoval: 6 reports
    inx=1 fetch error: 404 Client Error: Not Found for url: https://www.ccld.dss.ca.gov/transparencyapi/api/FacilityReports?facNum=015600073&inx=1
    inx=2 fetch error: 404 Client Error: Not Found for url: https://www.ccld.dss.ca.gov/transparencyapi/api/FacilityReports?facNum=015600073&inx=2
    inx=3 fetch error: 404 Client Error: Not Found for url: https://www.ccld.dss.ca.gov/transparencyapi/api/FacilityReports?facNum=015600073&inx=3
    inx=4 fetch error: 404 Client Error: Not Found for url: https://www.ccld.dss.ca.gov/transparencyapi/api/FacilityReports?facNum=015600073&inx=4
    inx=5 fetch error: 404 Client Error: Not Found for url: https://www.ccld.dss.ca.gov/transparencyapi/api/FacilityReports?facNum=015600073&inx=5
    inx=6 fetch error: 404 Client Error: Not Found for url: https://www.ccld.dss.ca.gov/transparencyapi/api/FacilityReports?facNum=015600073&inx=6

[245/915] Colonial Acres Residential Care Home (Hayward)
  Colonial Acres Residential Care Home: 21 reports

[246/915] Comfort Care Home (Hayward)
  Comfort Care Home: 2 reports

[247/915] Continuance Care Home Llc (Hayward)
  Continuance Care Home Llc: 16 reports

[248/915] Diana's Care Home (Hayward)
  Diana's Care Home: no reports

[249/915] Diana's Care Home (Hayward)
  Diana's Care Home: 5 reports

[250/915] Diana's Care Home (Hayward)
  Diana's Care Home: 9 reports

[251/915] Elle's Home (Hayward)
  Elle's Home: 8 reports

[252/915] Escueta Care Home #2 (Hayward)
  Escueta Care Home #2: 3 reports

[253/915] Escueta Care Home 2 (Hayward)
  Escueta Care Home 2: 4 reports

[254/915] Escueta Care Home 3, Inc. (Hayward)
  Escueta Care Home 3, Inc.: 6 reports

[255/915] Fairview Care Home (Hayward)
  Fairview Care Home: 1 reports

[256/915] Galicia's Tulip Care Home (Hayward)
  Galicia's Tulip Care Home: 16 reports

[257/915] Galicia's Tulip Care Home #2 (Hayward)
  Galicia's Tulip Care Home #2: 6 reports

[258/915] Genuine Love Care Home (Hayward)
  Genuine Love Care Home: 10 reports

[259/915] Grand Oak Manor Suite Ii Llc (Hayward)
  Grand Oak Manor Suite Ii Llc: 12 reports

[260/915] H & M Homes Standish (Hayward)
  H & M Homes Standish: 6 reports

[261/915] Harmony Care House Llc (Hayward)
  Harmony Care House Llc: 4 reports

[262/915] High Country Elderly Care (Hayward)
  High Country Elderly Care: no reports

[263/915] Ivy Park at Hayward (Hayward)
  Ivy Park at Hayward: 32 reports

[264/915] J-sei Home (Hayward)
  J-sei Home: 4 reports

[265/915] Jomok Care Home (Hayward)
  Jomok Care Home: 10 reports

[266/915] Julian Family Carehome (Hayward)
  Julian Family Carehome: 10 reports

[267/915] K & J Residential Care Home-hayward (Hayward)
  K & J Residential Care Home-hayward: 7 reports

[268/915] Landmark Villa (Hayward)
  Landmark Villa: 18 reports

[269/915] Loving Home Care (Hayward)
  Loving Home Care: 7 reports

[270/915] Montgomery Springs Manor (Hayward)
  Montgomery Springs Manor: 27 reports

[271/915] Moon Assisted Living (Hayward)
  Moon Assisted Living: no reports

[272/915] Moonraker Villa Senior Care (Hayward)
  Moonraker Villa Senior Care: 7 reports

[273/915] Moonraker Villa Senior Care (Hayward)
  Moonraker Villa Senior Care: no reports

[274/915] Moonraker Villa Senior Care (Hayward)
  Moonraker Villa Senior Care: no reports

[275/915] Moonraker Villa Senior Care 2 (Hayward)
  Moonraker Villa Senior Care 2: 5 reports

[276/915] Pacaldo-yee (Hayward)
  Pacaldo-yee: 14 reports

[277/915] Pacific Care Home (Hayward)
  Pacific Care Home: 1 reports
    inx=1 fetch error: 404 Client Error: Not Found for url: https://www.ccld.dss.ca.gov/transparencyapi/api/FacilityReports?facNum=015601226&inx=1

[278/915] Palm Tree Courtyard (Hayward)
  Palm Tree Courtyard: 9 reports

[279/915] Pleasant Hill Manor (Hayward)
  Pleasant Hill Manor: 6 reports

[280/915] Quincy Way Senior Living Llc (Hayward)
  Quincy Way Senior Living Llc: 2 reports

[281/915] Royal Colony View Place (Hayward)
  Royal Colony View Place: 8 reports

[282/915] Ruus Home-rcfe (Hayward)
  Ruus Home-rcfe: 4 reports

[283/915] Scott Residential Care Home (Hayward)
  Scott Residential Care Home: 3 reports

[284/915] Scott Villa (Hayward)
  Scott Villa: 16 reports

[285/915] St. Anthony's Residential Care Home (Hayward)
  St. Anthony's Residential Care Home: 1 reports

[286/915] St. Lourdes Home (Hayward)
  St. Lourdes Home: 8 reports

[287/915] St. Regis Retirement Center, Inc. (Hayward)
  St. Regis Retirement Center, Inc.: 5 reports

[288/915] Villa Mercedes Residence (Hayward)
  Villa Mercedes Residence: no reports

[289/915] Williams Family Care Home (Hayward)
  Williams Family Care Home: 5 reports

[290/915] Ask Assisted Living Llc (Lafayette)
  Ask Assisted Living Llc: 5 reports

[291/915] Ask: Hidden Valley Care Home (Lafayette)
  Ask: Hidden Valley Care Home: 11 reports

[292/915] Atria Park of Lafayette (Lafayette)
  Atria Park of Lafayette: 19 reports

[293/915] Caring Angels Care Home (Lafayette)
  Caring Angels Care Home: 5 reports

[294/915] Happy Valley-home for Our Parents (Lafayette)
  Happy Valley-home for Our Parents: 6 reports

[295/915] Hidden Valley Care Home (Lafayette)
  Hidden Valley Care Home: no reports

[296/915] Immaculate Home at Withers (Lafayette)
  Immaculate Home at Withers: 6 reports

[297/915] Immaculate Home at Withers (Lafayette)
  Immaculate Home at Withers: no reports

[298/915] Lafayette Care Home (Lafayette)
  Lafayette Care Home: 4 reports

[299/915] Lafayette Care Home Ii (Lafayette)
  Lafayette Care Home Ii: 5 reports

[300/915] Lafayette Gardens (Lafayette)
  Lafayette Gardens: 10 reports

[301/915] Lafayette Heights Res. Care (Lafayette)
  Lafayette Heights Res. Care: 5 reports

[302/915] Merrill Gardens at Lafayette (Lafayette)
  Merrill Gardens at Lafayette: 9 reports

[303/915] Woodlands Iv (Lafayette)
  Woodlands Iv: 4 reports

[304/915] A Gabriela's Villa-livermore (Livermore)
  A Gabriela's Villa-livermore: 7 reports

[305/915] A Home of Our Own (Livermore)
  A Home of Our Own: 6 reports

[306/915] A Home of Our Own Ii (Livermore)
  A Home of Our Own Ii: 4 reports

[307/915] A New Haven Care Home (Livermore)
  A New Haven Care Home: 9 reports

[308/915] A New Haven Care Home - Adams (Livermore)
  A New Haven Care Home - Adams: 5 reports

[309/915] A New Haven Care Home - Berlin (Livermore)
  A New Haven Care Home - Berlin: 8 reports

[310/915] A New Haven Care Home - Hampton (Livermore)
  A New Haven Care Home - Hampton: 6 reports

[311/915] A New Haven Care Home-hudson (Livermore)
  A New Haven Care Home-hudson: 5 reports

[312/915] A New Haven Care Home-springtown (Livermore)
  A New Haven Care Home-springtown: 5 reports

[313/915] Anastasia (Livermore)
  Anastasia: 11 reports

[314/915] Assisted Graceful Living (Livermore)
  Assisted Graceful Living: 6 reports

[315/915] Bethany Home Senior Living, Llc (Livermore)
  Bethany Home Senior Living, Llc: 24 reports

[316/915] Bethany Home/harvard Manor (Livermore)
  Bethany Home/harvard Manor: 6 reports

[317/915] Bethany Homes Senior Living Ii (Livermore)
  Bethany Homes Senior Living Ii: 6 reports

[318/915] Bloomingdale Court (Livermore)
  Bloomingdale Court: no reports

[319/915] Caring Hands (Livermore)
  Caring Hands: 7 reports

[320/915] Easy Living Care Home (Livermore)
  Easy Living Care Home: no reports

[321/915] Easy Living Care Home - Lloyd (Livermore)
  Easy Living Care Home - Lloyd: 2 reports

[322/915] Easy Living Care Home-meadowlark (Livermore)
  Easy Living Care Home-meadowlark: 2 reports

[323/915] Evergreen Senior Assisted Living (Livermore)
  Evergreen Senior Assisted Living: 5 reports

[324/915] Findlay Care Home Llc (Livermore)
  Findlay Care Home Llc: no reports

[325/915] Gigi's Guest Home Ii (Livermore)
  Gigi's Guest Home Ii: no reports

[326/915] Grace Home Care - Lloyd (Livermore)
  Grace Home Care - Lloyd: 9 reports

[327/915] Grace Home Care - Meadowlark (Livermore)
  Grace Home Care - Meadowlark: 5 reports

[328/915] Grace Home Care - Springtown (Livermore)
  Grace Home Care - Springtown: no reports

[329/915] Grace Home Care Ii (Livermore)
  Grace Home Care Ii: 4 reports

[330/915] Heritage Estates (Livermore)
  Heritage Estates: 20 reports

[331/915] Hope Senior Estates (Livermore)
  Hope Senior Estates: 3 reports

[332/915] Hrs Care Home (Livermore)
  Hrs Care Home: 6 reports

[333/915] J & C Care Home (Livermore)
  J & C Care Home: 1 reports

[334/915] Kennedy Guest Home (Livermore)
  Kennedy Guest Home: 5 reports

[335/915] Khivi Care, Llc (Livermore)
  Khivi Care, Llc: 6 reports

[336/915] Leap Care Services Llc (Livermore)
  Leap Care Services Llc: 8 reports

[337/915] Livermore Care Home (Livermore)
  Livermore Care Home: 9 reports

[338/915] Livermore Valley Senior Care (Livermore)
  Livermore Valley Senior Care: 7 reports

[339/915] Lucky Haven Care Facility Llc (Livermore)
  Lucky Haven Care Facility Llc: no reports

[340/915] Mama's Loving Care Home (Livermore)
  Mama's Loving Care Home: 2 reports

[341/915] Milan Villa Senior Living (Livermore)
  Milan Villa Senior Living: 12 reports

[342/915] Old Oak Golden Villa, Llc (Livermore)
  Old Oak Golden Villa, Llc: 6 reports

[343/915] Quail Garden (Livermore)
  Quail Garden: 10 reports

[344/915] Quail Garden 2 (Livermore)
  Quail Garden 2: 4 reports

[345/915] Quail Garden 2 (Livermore)
  Quail Garden 2: 7 reports

[346/915] Rhome Cares at Lynn (Livermore)
  Rhome Cares at Lynn: 3 reports

[347/915] Shannen Guest Home (Livermore)
  Shannen Guest Home: 5 reports

[348/915] Sunrise Private Care (Livermore)
  Sunrise Private Care: 9 reports

[349/915] Tiffany Gardens (Livermore)
  Tiffany Gardens: no reports

[350/915] Tuscany Villa Senior Living (Livermore)
  Tuscany Villa Senior Living: 9 reports

[351/915] Watermark at Rosewood Gardens, the (Livermore)
  Watermark at Rosewood Gardens, the: 18 reports

[352/915] Bridgepoint at los Altos (Los Altos)
  Bridgepoint at los Altos: 15 reports

[353/915] El Sereno Home (Los Altos)
  El Sereno Home: 6 reports

[354/915] Hidden Lane Villa (Los Altos)
  Hidden Lane Villa: 5 reports

[355/915] Snow White Care Home (Los Altos)
  Snow White Care Home: 6 reports

[356/915] Terraces at los Altos, the (Los Altos)
  Terraces at los Altos, the: 10 reports

[357/915] Cedar Creek Alzheimer's & Dementia Care Center (Los Gatos)
  Cedar Creek Alzheimer's & Dementia Care Center: 7 reports

[358/915] Grove at los Gatos, the (Los Gatos)
  Grove at los Gatos, the: 1 reports

[359/915] Mina's Elderly Care Home 1 (Los Gatos)
  Mina's Elderly Care Home 1: 2 reports

[360/915] Mina's Elderly Carehome 2 (Los Gatos)
  Mina's Elderly Carehome 2: 3 reports

[361/915] Minas Elderly Care Home 1 (Los Gatos)
  Minas Elderly Care Home 1: 3 reports

[362/915] Roxbury Elderly Care Llc (Los Gatos)
  Roxbury Elderly Care Llc: 4 reports

[363/915] Terraces of los Gatos, the (Los Gatos)
  Terraces of los Gatos, the: 19 reports

[364/915] Aster Garden Care Home (Martinez)
  Aster Garden Care Home: no reports

[365/915] Aster Garden Care Home, Inc (Martinez)
  Aster Garden Care Home, Inc: 4 reports

[366/915] Cherish Care Home Inc. (Martinez)
  Cherish Care Home Inc.: 10 reports

[367/915] Martinez Guest Home Llc (Martinez)
  Martinez Guest Home Llc: 4 reports

[368/915] Olympic Residential Care Home (Martinez)
  Olympic Residential Care Home: 5 reports

[369/915] Olympic Retirement Home (Martinez)
  Olympic Retirement Home: 4 reports

[370/915] Reliez Valley Care Home (Martinez)
  Reliez Valley Care Home: 8 reports

[371/915] Tender Touch Residential Care Home (Martinez)
  Tender Touch Residential Care Home: 13 reports

[372/915] Villa Nueva Care Home 4 (Martinez)
  Villa Nueva Care Home 4: 4 reports

[373/915] Villa Vittoria (Martinez)
  Villa Vittoria: 4 reports

[374/915] Orchid Lan (Menlo Park)
  Orchid Lan: 7 reports

[375/915] Orchid Villa Residential Care (Menlo Park)
  Orchid Villa Residential Care: 12 reports

[376/915] Pech5 Mg Oc Llc (Menlo Park)
  Pech5 Mg Oc Llc: 17 reports

[377/915] Pech5 Mg Oc Llc (Menlo Park)
  Pech5 Mg Oc Llc: 3 reports

[378/915] Sandhill Assisted Living Llc (Menlo Park)
  Sandhill Assisted Living Llc: 22 reports

[379/915] Sandhill Assisted Living Llc (Menlo Park)
  Sandhill Assisted Living Llc: 16 reports

[380/915] Silver Oaks (Menlo Park)
  Silver Oaks: 37 reports

[381/915] Advent Residential Home Ii (Millbrae)
  Advent Residential Home Ii: 5 reports

[382/915] Brenner's Retirement Home (Millbrae)
  Brenner's Retirement Home: 1 reports

[383/915] Cadence Millbrae (Millbrae)
  Cadence Millbrae: 26 reports

[384/915] Elle's Care Home 2 (Millbrae)
  Elle's Care Home 2: 2 reports

[385/915] Golden Age Inc. (Millbrae)
  Golden Age Inc.: 5 reports

[386/915] Hearts at Millwood Assisted Living (Millbrae)
  Hearts at Millwood Assisted Living: 10 reports

[387/915] Heritage Royale (Millbrae)
  Heritage Royale: 6 reports

[388/915] Heritage Royale (Millbrae)
  Heritage Royale: 3 reports

[389/915] J and V Family Care Home (Millbrae)
  J and V Family Care Home: 4 reports

[390/915] Magnolia of Millbrae (Millbrae)
  Magnolia of Millbrae: 9 reports

[391/915] Millbrae Assisted Living Center Llc (Millbrae)
  Millbrae Assisted Living Center Llc: 4 reports

[392/915] Millbrae Assisted Living Home (Millbrae)
  Millbrae Assisted Living Home: 10 reports

[393/915] Millbrae Board & Care Home (Millbrae)
  Millbrae Board & Care Home: 3 reports

[394/915] Millbrae Family Care Home (Millbrae)
  Millbrae Family Care Home: 5 reports

[395/915] Millbrae Paradise Care Home (Millbrae)
  Millbrae Paradise Care Home: 4 reports

[396/915] Millbrae Paradise Retirement Home (Millbrae)
  Millbrae Paradise Retirement Home: no reports

[397/915] Jla Healthcare Services Llc (Montara)
  Jla Healthcare Services Llc: 15 reports

[398/915] New Cedar Lane Care Home, Inc. (Montara)
  New Cedar Lane Care Home, Inc.: 11 reports

[399/915] Pacific Oaks (Montara)
  Pacific Oaks: 2 reports

[400/915] Aegis Assisted Living of Moraga (Moraga)
  Aegis Assisted Living of Moraga: 18 reports

[401/915] Moraga Retreat Care (Moraga)
  Moraga Retreat Care: 5 reports

[402/915] Moraga Retreat Care On Woodford (Moraga)
  Moraga Retreat Care On Woodford: 5 reports

[403/915] Moraga Royale (Moraga)
  Moraga Royale: 5 reports

[404/915] Earth Angel, Llc (Morgan Hill)
  Earth Angel, Llc: no reports

[405/915] Elwyn California Ginger Home (Morgan Hill)
  Elwyn California Ginger Home: 4 reports

[406/915] Laurel Heights (Morgan Hill)
  Laurel Heights: 5 reports

[407/915] Loma Clara Senior Living (Morgan Hill)
  Loma Clara Senior Living: 26 reports

[408/915] Meridian Manor 3 Special Res Fac for Elderly(rcfe) (Morgan Hill)
  Meridian Manor 3 Special Res Fac for Elderly(rcfe): 3 reports

[409/915] Primavera Gardens (Morgan Hill)
  Primavera Gardens: 12 reports

[410/915] Valley Pines (Morgan Hill)
  Valley Pines: 11 reports

[411/915] Vila Monte (Morgan Hill)
  Vila Monte: 31 reports

[412/915] Villa Amor (Morgan Hill)
  Villa Amor: 6 reports

[413/915] Villa Serena of Morgan Hill, Llc (Morgan Hill)
  Villa Serena of Morgan Hill, Llc: no reports

[414/915] Westmont of Morgan Hill (Morgan Hill)
  Westmont of Morgan Hill: 27 reports

[415/915] Casa Alice Care Home (Mountain View)
  Casa Alice Care Home: 9 reports

[416/915] Casa Pastel Care Home (Mountain View)
  Casa Pastel Care Home: 4 reports

[417/915] Paradise Care Home (Mountain View)
  Paradise Care Home: 5 reports

[418/915] Villa Siena (Mountain View)
  Villa Siena: 4 reports

[419/915] Villa Toscana a Memory Care Community (Mountain View)
  Villa Toscana a Memory Care Community: 4 reports

[420/915] Alegria Community Living - Dichondra (Newark)
  Alegria Community Living - Dichondra: 4 reports

[421/915] Alondra Care Home 2 (Newark)
  Alondra Care Home 2: 3 reports

[422/915] Flintwood Care Home (Newark)
  Flintwood Care Home: 6 reports

[423/915] Heavenly Care Home (Newark)
  Heavenly Care Home: 7 reports

[424/915] Mag's Rest Home (Newark)
  Mag's Rest Home: 3 reports

[425/915] New Sunrise Retirement Care Home (Newark)
  New Sunrise Retirement Care Home: no reports

[426/915] Our Three Hearts Care Home Llc (Newark)
  Our Three Hearts Care Home Llc: 4 reports

[427/915] St Joseph Senior Care (Newark)
  St Joseph Senior Care: 4 reports

[428/915] Alondra Care Home (Oakland)
  Alondra Care Home: 11 reports

[429/915] Bellaken Garden (Oakland)
  Bellaken Garden: 8 reports

[430/915] Bethany Home Care 2 (Oakland)
  Bethany Home Care 2: 2 reports

[431/915] Beulah's Room and Board (Oakland)
  Beulah's Room and Board: no reports

[432/915] Charitys Residence (Oakland)
  Charitys Residence: 5 reports

[433/915] Connected Living Oakland (Oakland)
  Connected Living Oakland: 9 reports

[434/915] D'nalor Care Homes, Llc (Oakland)
  D'nalor Care Homes, Llc: 8 reports

[435/915] Dimond Care (Oakland)
  Dimond Care: 6 reports

[436/915] Dimond Care Ii (Oakland)
  Dimond Care Ii: 4 reports

[437/915] Dimond Ridge Senior Homes (Oakland)
  Dimond Ridge Senior Homes: no reports

[438/915] East Bay Assisted Living (Oakland)
  East Bay Assisted Living: 4 reports

[439/915] East Bay Longevity Assisted Living (Oakland)
  East Bay Longevity Assisted Living: 4 reports

[440/915] Elder Ashram (Oakland)
  Elder Ashram: 32 reports

[441/915] Elder Ashram (Oakland)
  Elder Ashram: 1 reports
    inx=1 fetch error: 404 Client Error: Not Found for url: https://www.ccld.dss.ca.gov/transparencyapi/api/FacilityReports?facNum=019200514&inx=1

[442/915] Ester's Place (Oakland)
  Ester's Place: no reports

[443/915] Golden Living Guest Home (Oakland)
  Golden Living Guest Home: 7 reports

[444/915] Golden Living Guest Home, Llc (Oakland)
  Golden Living Guest Home, Llc: 2 reports

[445/915] Good Shepherd Vista (Oakland)
  Good Shepherd Vista: 12 reports

[446/915] Grand Lake Gardens (Oakland)
  Grand Lake Gardens: 4 reports

[447/915] Grand Lake Home (Oakland)
  Grand Lake Home: 6 reports

[448/915] Grand Lake Vista (Oakland)
  Grand Lake Vista: 3 reports

[449/915] Guide Light Community Elderly Care Llc (Oakland)
  Guide Light Community Elderly Care Llc: no reports

[450/915] Heart & Soul Communities (Oakland)
  Heart & Soul Communities: 7 reports

[451/915] Holy Family Home (Oakland)
  Holy Family Home: 5 reports

[452/915] House of Psalms Assisted Living for Seniors (Oakland)
  House of Psalms Assisted Living for Seniors: 5 reports

[453/915] House of Psalms Assisted Living for Seniors (Oakland)
  House of Psalms Assisted Living for Seniors: 5 reports

[454/915] Ivy Park at Oakland Hills (Oakland)
  Ivy Park at Oakland Hills: 12 reports

[455/915] Ivy Park at Oakland Hills (Oakland)
  Ivy Park at Oakland Hills: 38 reports

[456/915] J & C Care Center Llc (Oakland)
  J & C Care Center Llc: 11 reports

[457/915] Lake Merritt Care Home (Oakland)
  Lake Merritt Care Home: 12 reports

[458/915] Lake Park (Oakland)
  Lake Park: 49 reports

[459/915] Lake Park Senior Living (Oakland)
  Lake Park Senior Living: 54 reports

[460/915] Lakeshore Residential Care (Oakland)
  Lakeshore Residential Care: 22 reports

[461/915] Lakeside Park (Oakland)
  Lakeside Park: 28 reports

[462/915] Love Lake Merritt (Oakland)
  Love Lake Merritt: no reports

[463/915] Mahogany Homes, Llc (Oakland)
  Mahogany Homes, Llc: 2 reports

[464/915] Mercy Retirement & Care Center (Oakland)
  Mercy Retirement & Care Center: 26 reports

[465/915] Merrill Gardens at Rockridge (Oakland)
  Merrill Gardens at Rockridge: 29 reports

[466/915] Mom Board and Care Services, Inc. (Oakland)
  Mom Board and Care Services, Inc.: 6 reports

[467/915] Nacila Senior Living (Oakland)
  Nacila Senior Living: 4 reports

[468/915] New Horizon Foothill Residential Care Llc (home #3 (Oakland)
  New Horizon Foothill Residential Care Llc (home #3: no reports

[469/915] New Horizon Foothill Residential Care Llc Home#1 (Oakland)
  New Horizon Foothill Residential Care Llc Home#1: no reports

[470/915] New Horizon Foothill Residential Care Llc Home#2 (Oakland)
  New Horizon Foothill Residential Care Llc Home#2: no reports

[471/915] New Horizons (home #1 for the Aged) (Oakland)
  New Horizons (home #1 for the Aged): 3 reports

[472/915] New Horizons (home #2 for the Aged) (Oakland)
  New Horizons (home #2 for the Aged): 2 reports

[473/915] New Horizons #3 (Oakland)
  New Horizons #3: 1 reports

[474/915] Oakland Heights Senior Living (Oakland)
  Oakland Heights Senior Living: 81 reports

[475/915] Opal Care Llc (Oakland)
  Opal Care Llc: 67 reports

[476/915] Park Merritt (Oakland)
  Park Merritt: no reports

[477/915] Piedmont Gardens #1 (Oakland)
  Piedmont Gardens #1: 20 reports

[478/915] Point at Rockridge, the (Oakland)
  Point at Rockridge, the: 48 reports

[479/915] St. Paul's Towers (Oakland)
  St. Paul's Towers: 18 reports

[480/915] Vermontcare Llc (Oakland)
  Vermontcare Llc: 5 reports

[481/915] B. Ruiz Carehome 2 (Oakley)
  B. Ruiz Carehome 2: 7 reports

[482/915] Buttons Elderly Care Llc (Oakley)
  Buttons Elderly Care Llc: 5 reports

[483/915] Camelia Gardens (Oakley)
  Camelia Gardens: 3 reports

[484/915] Cathedral Care Home - Oakley (Oakley)
  Cathedral Care Home - Oakley: 4 reports

[485/915] Coral Home Care Llc (Oakley)
  Coral Home Care Llc: 4 reports

[486/915] Ecolux Assisted Living (Oakley)
  Ecolux Assisted Living: 6 reports

[487/915] Ecolux Assisted Living (Oakley)
  Ecolux Assisted Living: 8 reports

[488/915] Golden Luxe Residences - Oakley (Oakley)
  Golden Luxe Residences - Oakley: 3 reports

[489/915] Light of Grace I (Oakley)
  Light of Grace I: 5 reports

[490/915] Oakley Assisted Living Ii , Llc (Oakley)
  Oakley Assisted Living Ii , Llc: 6 reports

[491/915] Oakley Assisted Living Llc (Oakley)
  Oakley Assisted Living Llc: 6 reports

[492/915] Sacred Hands Living Iii (Oakley)
  Sacred Hands Living Iii: 8 reports

[493/915] Safe Haven Oakley Llc (Oakley)
  Safe Haven Oakley Llc: 4 reports

[494/915] Serene Care Winchester (Oakley)
  Serene Care Winchester: 4 reports

[495/915] Silver Crest Homecare (Oakley)
  Silver Crest Homecare: 4 reports

[496/915] Spyglass Senior Villa I (Oakley)
  Spyglass Senior Villa I: 7 reports

[497/915] Spyglass Senior Villa Ii (Oakley)
  Spyglass Senior Villa Ii: 7 reports

[498/915] Teresa's Quality Comfort Care, Llc (Oakley)
  Teresa's Quality Comfort Care, Llc: 6 reports

[499/915] Vita (Oakley)
  Vita: 4 reports

[500/915] Coastal Home Care for the Elderly (Pacifica)
  Coastal Home Care for the Elderly: 1 reports

[501/915] Marinol Senior Care I (Pacifica)
  Marinol Senior Care I: 5 reports

[502/915] Marinol Senior Care Ii (Pacifica)
  Marinol Senior Care Ii: 1 reports

[503/915] Saint Jarielle Residential Care 2 (Pacifica)
  Saint Jarielle Residential Care 2: 9 reports

[504/915] Saint Jarrielle Residential Care (Pacifica)
  Saint Jarrielle Residential Care: no reports

[505/915] Saint Jarrielle Residential Care (Pacifica)
  Saint Jarrielle Residential Care: 4 reports

[506/915] Sunvalley Chateau Pacifica (Pacifica)
  Sunvalley Chateau Pacifica: 2 reports

[507/915] Tlc Pacifica (Pacifica)
  Tlc Pacifica: 6 reports

[508/915] Channing House (Palo Alto)
  Channing House: 13 reports

[509/915] Ivy Park at Palo Alto (Palo Alto)
  Ivy Park at Palo Alto: 18 reports

[510/915] Ivy Park at Palo Alto (Palo Alto)
  Ivy Park at Palo Alto: 5 reports

[511/915] Lytton Gardens Community Care (Palo Alto)
  Lytton Gardens Community Care: 22 reports

[512/915] Moldaw Family Residences at 899 Charleston (Palo Alto)
  Moldaw Family Residences at 899 Charleston: 12 reports

[513/915] Palo Alto Commons (Palo Alto)
  Palo Alto Commons: 28 reports

[514/915] Palo Alto Commons (Palo Alto)
  Palo Alto Commons: no reports

[515/915] Palo Alto Commons (Palo Alto)
  Palo Alto Commons: 3 reports

[516/915] Sweet Little Home (Palo Alto)
  Sweet Little Home: 5 reports

[517/915] Sweet Little Home (Palo Alto)
  Sweet Little Home: 1 reports

[518/915] Vi at Palo Alto (Palo Alto)
  Vi at Palo Alto: 21 reports

[519/915] Webster House (Palo Alto)
  Webster House: 7 reports

[520/915] Aegis Assisted Living of Pleasant Hill (Pleasant Hill)
  Aegis Assisted Living of Pleasant Hill: no reports

[521/915] Aegis Living Pleasant Hill (Pleasant Hill)
  Aegis Living Pleasant Hill: 18 reports

[522/915] Better Living Care Home (Pleasant Hill)
  Better Living Care Home: 11 reports

[523/915] Boyd Senior Care Home (Pleasant Hill)
  Boyd Senior Care Home: 10 reports

[524/915] Chateau Iii (Pleasant Hill)
  Chateau Iii: 14 reports

[525/915] Chateau Pleasant Hill (Pleasant Hill)
  Chateau Pleasant Hill: 14 reports

[526/915] Cordial Care Home (Pleasant Hill)
  Cordial Care Home: 10 reports

[527/915] Dysico Care Home, Rcfe (Pleasant Hill)
  Dysico Care Home, Rcfe: 7 reports

[528/915] Eden Senior Care (Pleasant Hill)
  Eden Senior Care: 3 reports

[529/915] Elisabeth Care Home (Pleasant Hill)
  Elisabeth Care Home: 18 reports

[530/915] Golden Stay Llc (Pleasant Hill)
  Golden Stay Llc: 4 reports

[531/915] Heavenly Care Elderly Home (Pleasant Hill)
  Heavenly Care Elderly Home: 1 reports
    inx=1 fetch error: 404 Client Error: Not Found for url: https://www.ccld.dss.ca.gov/transparencyapi/api/FacilityReports?facNum=075600758&inx=1

[532/915] Kai's Care Home (Pleasant Hill)
  Kai's Care Home: no reports

[533/915] Las Trampas - Sheila House (Pleasant Hill)
  Las Trampas - Sheila House: 5 reports

[534/915] Maureen House (Pleasant Hill)
  Maureen House: 13 reports

[535/915] Memory Care of Contra Costa (Pleasant Hill)
  Memory Care of Contra Costa: 15 reports

[536/915] Paradise Villa Senior Care Ii (Pleasant Hill)
  Paradise Villa Senior Care Ii: 4 reports

[537/915] Pleasant Hill Oasis (Pleasant Hill)
  Pleasant Hill Oasis: 20 reports

[538/915] Pleasant Hill Villa Home Care (Pleasant Hill)
  Pleasant Hill Villa Home Care: 9 reports

[539/915] Pleasant Hill Villa Home Care 2 (Pleasant Hill)
  Pleasant Hill Villa Home Care 2: 4 reports

[540/915] Pleasant Hill Villa Home Care 3 (Pleasant Hill)
  Pleasant Hill Villa Home Care 3: 3 reports

[541/915] Poet's Vista Residential Care (Pleasant Hill)
  Poet's Vista Residential Care: 5 reports

[542/915] Ramona Care Home (Pleasant Hill)
  Ramona Care Home: 6 reports

[543/915] Rose Cottage Elderly Home (Pleasant Hill)
  Rose Cottage Elderly Home: 3 reports

[544/915] Rose Cottage Rcfe (Pleasant Hill)
  Rose Cottage Rcfe: 11 reports

[545/915] Serene Suites (Pleasant Hill)
  Serene Suites: 3 reports

[546/915] Stonehedge Guest Home (Pleasant Hill)
  Stonehedge Guest Home: 8 reports

[547/915] Sunvalley Residential Care Home (Pleasant Hill)
  Sunvalley Residential Care Home: 5 reports

[548/915] Turrin House (Pleasant Hill)
  Turrin House: 2 reports

[549/915] A New Haven Care Home - Pleasanton (Pleasanton)
  A New Haven Care Home - Pleasanton: 1 reports

[550/915] Abigail's Guest Home (Pleasanton)
  Abigail's Guest Home: 9 reports

[551/915] Bordeaux Senior Care, Inc. (Pleasanton)
  Bordeaux Senior Care, Inc.: 4 reports

[552/915] Carefield Pleasanton (Pleasanton)
  Carefield Pleasanton: 1 reports

[553/915] Carefield Pleasanton (Pleasanton)
  Carefield Pleasanton: 15 reports

[554/915] Creekview Assisted Living (Pleasanton)
  Creekview Assisted Living: 9 reports

[555/915] Crow Canyon Residential Care Ii (Pleasanton)
  Crow Canyon Residential Care Ii: no reports

[556/915] Good Shepherd of Pleasanton, the (Pleasanton)
  Good Shepherd of Pleasanton, the: 14 reports

[557/915] Ivy Park at Pleasanton (Pleasanton)
  Ivy Park at Pleasanton: 16 reports

[558/915] Ivy Park at Pleasanton (Pleasanton)
  Ivy Park at Pleasanton: 17 reports

[559/915] Juliet's Care Home (Pleasanton)
  Juliet's Care Home: 1 reports

[560/915] Parkview, the (Pleasanton)
  Parkview, the: 15 reports

[561/915] Pleasanton Senior Care Villa (Pleasanton)
  Pleasanton Senior Care Villa: 5 reports

[562/915] Queens Care Home Ii (Pleasanton)
  Queens Care Home Ii: 3 reports

[563/915] Stoneridge Creek Pleasanton (Pleasanton)
  Stoneridge Creek Pleasanton: 14 reports

[564/915] Sunnies Guest Home (Pleasanton)
  Sunnies Guest Home: 4 reports

[565/915] Sunol Creek Memory Care (Pleasanton)
  Sunol Creek Memory Care: 23 reports

[566/915] Valle Verde Care Home Iii (Pleasanton)
  Valle Verde Care Home Iii: 4 reports

[567/915] Valle Verde Care Home Iv (Pleasanton)
  Valle Verde Care Home Iv: 5 reports

[568/915] Welcome Home Senior Residence (pleasanton) (Pleasanton)
  Welcome Home Senior Residence (pleasanton): 4 reports

[569/915] Sequoias-portola Valley, the (Portola Valley)
  Sequoias-portola Valley, the: 7 reports

[570/915] A Family Affair (Redwood City)
  A Family Affair: 2 reports

[571/915] Abigail Complete Care, Inc (Redwood City)
  Abigail Complete Care, Inc: 6 reports

[572/915] Advent Residential Home (Redwood City)
  Advent Residential Home: 5 reports

[573/915] Ark, the (Redwood City)
  Ark, the: 6 reports

[574/915] Ark, the (Redwood City)
  Ark, the: 6 reports

[575/915] Atherton Gardens (Redwood City)
  Atherton Gardens: 3 reports

[576/915] Bay Leaf Elderly Care Home Llc (Redwood City)
  Bay Leaf Elderly Care Home Llc: 10 reports

[577/915] Britannia House (Redwood City)
  Britannia House: 5 reports

[578/915] Britannia Place (Redwood City)
  Britannia Place: 10 reports

[579/915] Brookdale Redwood City (Redwood City)
  Brookdale Redwood City: 25 reports

[580/915] Canyon Place (Redwood City)
  Canyon Place: 6 reports

[581/915] Clm Care Home (Redwood City)
  Clm Care Home: 1 reports

[582/915] Cypress Home (Redwood City)
  Cypress Home: 1 reports

[583/915] Cypress Home (Redwood City)
  Cypress Home: 20 reports

[584/915] Diaz Residential Care Home (Redwood City)
  Diaz Residential Care Home: 6 reports

[585/915] Dolphin Park Rest Home #3 (Redwood City)
  Dolphin Park Rest Home #3: 3 reports

[586/915] Dolphin Park Rest Home #3 (Redwood City)
  Dolphin Park Rest Home #3: 3 reports

[587/915] East West Care Redwood City Ii (Redwood City)
  East West Care Redwood City Ii: 6 reports

[588/915] Emerald Hills Care Home (Redwood City)
  Emerald Hills Care Home: 3 reports

[589/915] Encina Care Home (Redwood City)
  Encina Care Home: 4 reports

[590/915] Farm Hill Rest Home (Redwood City)
  Farm Hill Rest Home: 8 reports

[591/915] Five Star Care Home (Redwood City)
  Five Star Care Home: 3 reports

[592/915] Friendly Acres Elderly Home (Redwood City)
  Friendly Acres Elderly Home: 5 reports

[593/915] Gordon Manor (Redwood City)
  Gordon Manor: 1 reports

[594/915] Gordon Manor (Redwood City)
  Gordon Manor: 6 reports

[595/915] Gwenelle's Home Care (Redwood City)
  Gwenelle's Home Care: no reports

[596/915] Hillcrest Manor (Redwood City)
  Hillcrest Manor: 6 reports

[597/915] Hopkins Manor (Redwood City)
  Hopkins Manor: 37 reports

[598/915] Hopkins Manor Pacific Corporation (Redwood City)
  Hopkins Manor Pacific Corporation: 25 reports

[599/915] Hudson Manor (Redwood City)
  Hudson Manor: 3 reports

[600/915] Jlf Vera Manor (Redwood City)
  Jlf Vera Manor: no reports

[601/915] Kensington Place Redwood City (Redwood City)
  Kensington Place Redwood City: 14 reports

[602/915] Lyons Elderly Home Llc (Redwood City)
  Lyons Elderly Home Llc: 2 reports
    inx=1 fetch error: 404 Client Error: Not Found for url: https://www.ccld.dss.ca.gov/transparencyapi/api/FacilityReports?facNum=415600769&inx=1
    inx=2 fetch error: 404 Client Error: Not Found for url: https://www.ccld.dss.ca.gov/transparencyapi/api/FacilityReports?facNum=415600769&inx=2

[603/915] Marbella Redwood City (Redwood City)
  Marbella Redwood City: 6 reports

[604/915] Maria's Senior Care Home (Redwood City)
  Maria's Senior Care Home: 5 reports

[605/915] Mariner's Green Residential Care (Redwood City)
  Mariner's Green Residential Care: 8 reports

[606/915] Mission Woodside (Redwood City)
  Mission Woodside: 11 reports

[607/915] Oakmont of Redwood City (Redwood City)
  Oakmont of Redwood City: 28 reports

[608/915] Palm Villas (Redwood City)
  Palm Villas: 9 reports

[609/915] Petes' Place (Redwood City)
  Petes' Place: 4 reports

[610/915] Red Roses Care Home (Redwood City)
  Red Roses Care Home: 1 reports

[611/915] Redwood Acres Residential Home (Redwood City)
  Redwood Acres Residential Home: 7 reports

[612/915] Redwood Care Home (Redwood City)
  Redwood Care Home: 7 reports

[613/915] Seniors With Grace Care Home (Redwood City)
  Seniors With Grace Care Home: 3 reports

[614/915] Sequoia Home (Redwood City)
  Sequoia Home: 4 reports

[615/915] Vera Manor (Redwood City)
  Vera Manor: 5 reports

[616/915] Casa Rivera Assisted Living & Memory Care Llc (Rodeo)
  Casa Rivera Assisted Living & Memory Care Llc: 1 reports

[617/915] Loving Hands Care Home Llc (Rodeo)
  Loving Hands Care Home Llc: 14 reports

[618/915] Priority Care Home I (Rodeo)
  Priority Care Home I: 5 reports

[619/915] Seventh Heaven (Rodeo)
  Seventh Heaven: 2 reports

[620/915] Seventh Heaven Care Home (Rodeo)
  Seventh Heaven Care Home: no reports

[621/915] Villa Board and Care Home (Rodeo)
  Villa Board and Care Home: 9 reports

[622/915] Early Horizons Home Care (S San Francisco)
  Early Horizons Home Care: 8 reports

[623/915] Access Care Center (San Bruno)
  Access Care Center: 3 reports

[624/915] Ahau Boarding Care Home (San Bruno)
  Ahau Boarding Care Home: 6 reports

[625/915] Araville Residential Care Home Ii (San Bruno)
  Araville Residential Care Home Ii: 5 reports

[626/915] Bautista Guest House #1 (San Bruno)
  Bautista Guest House #1: 1 reports
    inx=1 fetch error: 404 Client Error: Not Found for url: https://www.ccld.dss.ca.gov/transparencyapi/api/FacilityReports?facNum=415600851&inx=1

[627/915] C & C Carehome (San Bruno)
  C & C Carehome: 4 reports

[628/915] C & C Carehome (San Bruno)
  C & C Carehome: 1 reports

[629/915] Cristina's Care Home (San Bruno)
  Cristina's Care Home: no reports

[630/915] Cristina's Care Home (San Bruno)
  Cristina's Care Home: no reports

[631/915] Crystal Springs Care Home (San Bruno)
  Crystal Springs Care Home: 5 reports

[632/915] Family Affair Care Home (San Bruno)
  Family Affair Care Home: 13 reports

[633/915] Golden Manor of San Bruno (San Bruno)
  Golden Manor of San Bruno: 2 reports

[634/915] Gonzales Home (San Bruno)
  Gonzales Home: 7 reports

[635/915] Gonzales Home (San Bruno)
  Gonzales Home: 1 reports

[636/915] Heirloom Gardens of San Bruno (San Bruno)
  Heirloom Gardens of San Bruno: 1 reports

[637/915] Home at Crestmoor (San Bruno)
  Home at Crestmoor: 4 reports

[638/915] Ismaela's Home Care, Inc. (San Bruno)
  Ismaela's Home Care, Inc.: 7 reports

[639/915] J and J Manalo's Board and Care (San Bruno)
  J and J Manalo's Board and Care: 4 reports

[640/915] Manalo's Board & Care Iv (San Bruno)
  Manalo's Board & Care Iv: 5 reports

[641/915] Mariah's Garden Home Care (San Bruno)
  Mariah's Garden Home Care: 7 reports

[642/915] Mars Home Llc (San Bruno)
  Mars Home Llc: no reports

[643/915] Monteverde Manor (San Bruno)
  Monteverde Manor: 7 reports

[644/915] Monteverde Manor Ii (San Bruno)
  Monteverde Manor Ii: 7 reports

[645/915] Nanay's Home (San Bruno)
  Nanay's Home: 4 reports

[646/915] Pacaldo Llc (San Bruno)
  Pacaldo Llc: 4 reports

[647/915] Pacaldo Llc (San Bruno)
  Pacaldo Llc: 8 reports

[648/915] Pacaldo Llc (San Bruno)
  Pacaldo Llc: 5 reports

[649/915] Pacific Care Home Iii (San Bruno)
  Pacific Care Home Iii: 4 reports

[650/915] San Bruno Care Home (San Bruno)
  San Bruno Care Home: 5 reports

[651/915] Soledad's Home (San Bruno)
  Soledad's Home: 6 reports

[652/915] Sunshine Care Home Care Facility Llc (San Bruno)
  Sunshine Care Home Care Facility Llc: no reports

[653/915] Sunshine Care Home Facility Llc (San Bruno)
  Sunshine Care Home Facility Llc: 8 reports

[654/915] Tlc Home Care (San Bruno)
  Tlc Home Care: 8 reports

[655/915] Tlc Home Corporation (San Bruno)
  Tlc Home Corporation: 1 reports

[656/915] Westborough Manor 5 (San Bruno)
  Westborough Manor 5: 3 reports

[657/915] Westborough Manor 6 (San Bruno)
  Westborough Manor 6: 12 reports

[658/915] Bayview Villa (San Carlos)
  Bayview Villa: 5 reports

[659/915] Chestnut House (San Carlos)
  Chestnut House: 3 reports

[660/915] Dayton Home Care (San Carlos)
  Dayton Home Care: 4 reports

[661/915] Laurelwood Care Home (San Carlos)
  Laurelwood Care Home: no reports

[662/915] Peninsula Elderly Care Home - Laurelwood Llc (San Carlos)
  Peninsula Elderly Care Home - Laurelwood Llc: 6 reports

[663/915] Peninsula Elderly Care Home-laurel Llc (San Carlos)
  Peninsula Elderly Care Home-laurel Llc: 11 reports

[664/915] Retirement Plus of San Carlos (San Carlos)
  Retirement Plus of San Carlos: 4 reports

[665/915] San Carlos Elms (San Carlos)
  San Carlos Elms: 14 reports

[666/915] 9th Avenue Community Care Home (San Francisco)
  9th Avenue Community Care Home: 4 reports

[667/915] Alma Via of San Francisco (San Francisco)
  Alma Via of San Francisco: 17 reports

[668/915] Autumn Glow (San Francisco)
  Autumn Glow: 4 reports

[669/915] Bestudio's Care Home for the Elderly (San Francisco)
  Bestudio's Care Home for the Elderly: 1 reports

[670/915] Buena Vista Manor House (San Francisco)
  Buena Vista Manor House: 18 reports

[671/915] Buena Vista Manor House (San Francisco)
  Buena Vista Manor House: 2 reports

[672/915] Byxbee Home (San Francisco)
  Byxbee Home: 6 reports

[673/915] Care and Care Residence I (San Francisco)
  Care and Care Residence I: 7 reports

[674/915] Care and Care Residence Ii (San Francisco)
  Care and Care Residence Ii: 5 reports

[675/915] Carlisle-ivy Signature Living, the (San Francisco)
  Carlisle-ivy Signature Living, the: 10 reports

[676/915] Cayco's Care Home (San Francisco)
  Cayco's Care Home: 5 reports

[677/915] Communityworks (San Francisco)
  Communityworks: no reports

[678/915] Communityworks (San Francisco)
  Communityworks: no reports

[679/915] Corinthian Garden Residential Care Home (San Francisco)
  Corinthian Garden Residential Care Home: 16 reports

[680/915] Coterie Cathedral Hill (San Francisco)
  Coterie Cathedral Hill: 29 reports

[681/915] Damenik's Home (San Francisco)
  Damenik's Home: 3 reports

[682/915] Fook Hong Sf Care Home, Inc. (San Francisco)
  Fook Hong Sf Care Home, Inc.: 3 reports

[683/915] Gentle Hands Seniors (San Francisco)
  Gentle Hands Seniors: 6 reports

[684/915] Golden Residential Care Home (San Francisco)
  Golden Residential Care Home: 4 reports

[685/915] Golden Residential Care Home (San Francisco)
  Golden Residential Care Home: 7 reports

[686/915] Gonzales Home (San Francisco)
  Gonzales Home: 7 reports

[687/915] Good Shepherd of San Franciso (San Francisco)
  Good Shepherd of San Franciso: 2 reports

[688/915] Guirola Resident Care (San Francisco)
  Guirola Resident Care: 3 reports

[689/915] Heritage On the Marina (San Francisco)
  Heritage On the Marina: 12 reports

[690/915] Ida's Rest Home, Llc (San Francisco)
  Ida's Rest Home, Llc: 2 reports

[691/915] Ivy at Golden Gate, the (San Francisco)
  Ivy at Golden Gate, the: 17 reports

[692/915] Ivy at Golden Gate, the (San Francisco)
  Ivy at Golden Gate, the: 6 reports

[693/915] Ivy Park at Cathedral Hill (San Francisco)
  Ivy Park at Cathedral Hill: no reports

[694/915] Ivy Park at Cathedral Hill (San Francisco)
  Ivy Park at Cathedral Hill: 40 reports

[695/915] Janet's Residential Facility for the Elderly (San Francisco)
  Janet's Residential Facility for the Elderly: 5 reports

[696/915] Julie's Care Home (San Francisco)
  Julie's Care Home: 7 reports

[697/915] Kimochi Home (San Francisco)
  Kimochi Home: 6 reports

[698/915] Kokoro Assisted Living (San Francisco)
  Kokoro Assisted Living: 15 reports

[699/915] Lady of Perpetual Help Rfe #1 (San Francisco)
  Lady of Perpetual Help Rfe #1: 5 reports

[700/915] Lina's Rest Home I (San Francisco)
  Lina's Rest Home I: 5 reports

[701/915] Lynne & Roy M Frank Residences (San Francisco)
  Lynne & Roy M Frank Residences: 24 reports

[702/915] Marian's Care Home I (San Francisco)
  Marian's Care Home I: 5 reports

[703/915] Merced Girard Residential Care Facility (San Francisco)
  Merced Girard Residential Care Facility: 5 reports

[704/915] Merced Residential Care Facility (San Francisco)
  Merced Residential Care Facility: 3 reports

[705/915] Merced Three Residential Care Facility (San Francisco)
  Merced Three Residential Care Facility: 3 reports

[706/915] Merced Two Residential Care Facility (San Francisco)
  Merced Two Residential Care Facility: 3 reports

[707/915] Parkside Retirement Home (San Francisco)
  Parkside Retirement Home: 2 reports

[708/915] Portola Gardens (San Francisco)
  Portola Gardens: 35 reports

[709/915] Providence Place (San Francisco)
  Providence Place: 6 reports

[710/915] Psalm Residential Care Home (San Francisco)
  Psalm Residential Care Home: 34 reports

[711/915] Quality Care Homes, Llc 2 (San Francisco)
  Quality Care Homes, Llc 2: 9 reports

[712/915] Quality Care Homes, Llc 3 (San Francisco)
  Quality Care Homes, Llc 3: 8 reports

[713/915] Quality Care Homes, Llc 4 (San Francisco)
  Quality Care Homes, Llc 4: 3 reports

[714/915] Rhoda Goldman Plaza (San Francisco)
  Rhoda Goldman Plaza: 8 reports

[715/915] Rj Starlight Home Corporation (San Francisco)
  Rj Starlight Home Corporation: 6 reports

[716/915] Sagebrook Senior Living at San Francisco (San Francisco)
  Sagebrook Senior Living at San Francisco: 33 reports

[717/915] San Francisco Rcfe (San Francisco)
  San Francisco Rcfe: 13 reports

[718/915] San Francisco Towers (San Francisco)
  San Francisco Towers: 13 reports

[719/915] Santiago Home Care (San Francisco)
  Santiago Home Care: no reports

[720/915] Sequoias San Francisco (the) (San Francisco)
  Sequoias San Francisco (the): 14 reports

[721/915] Sfal - the Avenue (San Francisco)
  Sfal - the Avenue: 4 reports

[722/915] St. Anne's Home for the Aged (San Francisco)
  St. Anne's Home for the Aged: 6 reports

[723/915] St. Francis Manor I (San Francisco)
  St. Francis Manor I: 10 reports

[724/915] Stella's Care Home I (San Francisco)
  Stella's Care Home I: 5 reports

[725/915] Sunset Care Home (San Francisco)
  Sunset Care Home: 5 reports

[726/915] Sunset Care Home 2 (San Francisco)
  Sunset Care Home 2: 5 reports

[727/915] Sunset Gardens (San Francisco)
  Sunset Gardens: 5 reports

[728/915] Sutro Heights Corporation (San Francisco)
  Sutro Heights Corporation: 24 reports

[729/915] Sutro Heights Residential Care, Llc (San Francisco)
  Sutro Heights Residential Care, Llc: no reports

[730/915] Taraval Residential Care Home (San Francisco)
  Taraval Residential Care Home: 4 reports

[731/915] Tlc Home Care Ii (San Francisco)
  Tlc Home Care Ii: 14 reports

[732/915] Victorian Manor (San Francisco)
  Victorian Manor: 15 reports

[733/915] Village at Hayes Valley-grove Building, the (San Francisco)
  Village at Hayes Valley-grove Building, the: 12 reports

[734/915] Village at Hayes Valley-laguna Building, the (San Francisco)
  Village at Hayes Valley-laguna Building, the: 27 reports

[735/915] Acapulco Senior Care Home (San Leandro)
  Acapulco Senior Care Home: 6 reports

[736/915] Andre Alexis Guest Home (San Leandro)
  Andre Alexis Guest Home: 10 reports

[737/915] Andrew Elijah's Guest Home Ii (San Leandro)
  Andrew Elijah's Guest Home Ii: 5 reports

[738/915] Andrew Elijahs Guest Home (San Leandro)
  Andrew Elijahs Guest Home: 5 reports

[739/915] Aurora Absolute Care Home Inc (San Leandro)
  Aurora Absolute Care Home Inc: 4 reports

[740/915] California Mentor-marineview Home (San Leandro)
  California Mentor-marineview Home: 20 reports

[741/915] Carlton Plaza of San Leandro (San Leandro)
  Carlton Plaza of San Leandro: 26 reports

[742/915] Evelyn Manor (San Leandro)
  Evelyn Manor: 4 reports

[743/915] Heart and Soul Communities Ii (San Leandro)
  Heart and Soul Communities Ii: 42 reports

[744/915] Heaven Place Care Home (San Leandro)
  Heaven Place Care Home: 4 reports

[745/915] Heritage Haven (San Leandro)
  Heritage Haven: 19 reports

[746/915] Holistic Care Home (San Leandro)
  Holistic Care Home: 2 reports

[747/915] Jones Rest Home (San Leandro)
  Jones Rest Home: 9 reports

[748/915] Leslie Care Home Ii (San Leandro)
  Leslie Care Home Ii: 4 reports

[749/915] Leslie's Care Home (San Leandro)
  Leslie's Care Home: 1 reports

[750/915] Marymount Villa Retirement Center (San Leandro)
  Marymount Villa Retirement Center: 55 reports

[751/915] Mori Manor (San Leandro)
  Mori Manor: 3 reports

[752/915] Mori Manor (San Leandro)
  Mori Manor: 37 reports

[753/915] Optimum Care Home (San Leandro)
  Optimum Care Home: 2 reports

[754/915] Rosario's Care Home (San Leandro)
  Rosario's Care Home: 3 reports

[755/915] Rosegate (San Leandro)
  Rosegate: 18 reports

[756/915] Rosemont Gardens (San Leandro)
  Rosemont Gardens: no reports

[757/915] Rosemont Gardens (San Leandro)
  Rosemont Gardens: 6 reports

[758/915] San Leandro Senior Living (San Leandro)
  San Leandro Senior Living: 35 reports

[759/915] St. Anthony's Residential Care Home (San Leandro)
  St. Anthony's Residential Care Home: 23 reports

[760/915] At Home Elderly Care (San Lorenzo)
  At Home Elderly Care: 5 reports

[761/915] Blissful Care Home Llc. (San Lorenzo)
  Blissful Care Home Llc.: 3 reports

[762/915] Casa San Lorenzo (San Lorenzo)
  Casa San Lorenzo: 4 reports

[763/915] Grace Home Care (San Lorenzo)
  Grace Home Care: 5 reports

[764/915] Great America Care Home (San Lorenzo)
  Great America Care Home: no reports

[765/915] Healthy Living Residential Care, Inc (San Lorenzo)
  Healthy Living Residential Care, Inc: no reports

[766/915] Healthy Living Residential Care, Inc. (San Lorenzo)
  Healthy Living Residential Care, Inc.: 5 reports

[767/915] Sunrise Care Home (San Lorenzo)
  Sunrise Care Home: 4 reports

[768/915] Sunrise Care Home Ii (San Lorenzo)
  Sunrise Care Home Ii: 8 reports

[769/915] Villa San Lorenzo (San Lorenzo)
  Villa San Lorenzo: 2 reports

[770/915] Church Rcf (San Martin)
  Church Rcf: 5 reports

[771/915] South County Retirement Home Inc. (San Martin)
  South County Retirement Home Inc.: 55 reports

[772/915] St. Therese Homes, Inc. (San Martin)
  St. Therese Homes, Inc.: 4 reports

[773/915] A & E Home Care Services (San Mateo)
  A & E Home Care Services: 4 reports

[774/915] Aba Maria's Home for the Elderly (San Mateo)
  Aba Maria's Home for the Elderly: 2 reports

[775/915] Adams Paul Inc (San Mateo)
  Adams Paul Inc: 6 reports

[776/915] Ageway Boarding Care #2 (San Mateo)
  Ageway Boarding Care #2: 4 reports

[777/915] Ajaviniar Home Care Services Llc (San Mateo)
  Ajaviniar Home Care Services Llc: 5 reports

[778/915] Amazing Home (San Mateo)
  Amazing Home: 5 reports

[779/915] Angel Haven (San Mateo)
  Angel Haven: 5 reports

[780/915] Apple Tree Home Care (San Mateo)
  Apple Tree Home Care: 5 reports

[781/915] Atria Park of San Mateo (San Mateo)
  Atria Park of San Mateo: 47 reports

[782/915] B & B Residential Facilities (San Mateo)
  B & B Residential Facilities: 4 reports

[783/915] B & B Residential Facilities, Inc. (San Mateo)
  B & B Residential Facilities, Inc.: 3 reports

[784/915] B & B Residential Facilities, Inc. (San Mateo)
  B & B Residential Facilities, Inc.: 5 reports

[785/915] Casa del Cielo (San Mateo)
  Casa del Cielo: no reports

[786/915] Celeste Care Home (San Mateo)
  Celeste Care Home: 3 reports

[787/915] Chateau Sabelle (San Mateo)
  Chateau Sabelle: 5 reports

[788/915] Comfort Home Ii (San Mateo)
  Comfort Home Ii: 4 reports

[789/915] Complete Senior Living, Inc (San Mateo)
  Complete Senior Living, Inc: 8 reports

[790/915] Cortez Home (San Mateo)
  Cortez Home: 4 reports

[791/915] Emerald Residential Care Home (San Mateo)
  Emerald Residential Care Home: 10 reports

[792/915] Enchanted Garden for Seniors (San Mateo)
  Enchanted Garden for Seniors: 3 reports

[793/915] Garden Court at the Village (San Mateo)
  Garden Court at the Village: 4 reports

[794/915] George Anne Home (San Mateo)
  George Anne Home: 16 reports

[795/915] Harmony Assisted Living of San Mateo (San Mateo)
  Harmony Assisted Living of San Mateo: 2 reports

[796/915] Haven@22nd Avenue Assisted Living (San Mateo)
  Haven@22nd Avenue Assisted Living: 11 reports

[797/915] Hennelly House (San Mateo)
  Hennelly House: 5 reports

[798/915] Heritage Inn (San Mateo)
  Heritage Inn: 5 reports

[799/915] Heritage Inn (San Mateo)
  Heritage Inn: 1 reports

[800/915] Heritage Park (San Mateo)
  Heritage Park: 2 reports

[801/915] Heritage Park (San Mateo)
  Heritage Park: 5 reports

[802/915] Heritage Place (San Mateo)
  Heritage Place: 1 reports

[803/915] Heritage Place (San Mateo)
  Heritage Place: 5 reports

[804/915] Holland House (San Mateo)
  Holland House: 4 reports

[805/915] Home in San Mateo, the (San Mateo)
  Home in San Mateo, the: no reports

[806/915] Judy's Care Home for the Elderly (San Mateo)
  Judy's Care Home for the Elderly: 5 reports

[807/915] Judy's Home for the Elderly (San Mateo)
  Judy's Home for the Elderly: 3 reports

[808/915] Judy's Homes for the Elderly (San Mateo)
  Judy's Homes for the Elderly: 5 reports

[809/915] Judy's Homes for the Elderly, Inc. (San Mateo)
  Judy's Homes for the Elderly, Inc.: 3 reports

[810/915] Judy's Senior Care Home Llc (San Mateo)
  Judy's Senior Care Home Llc: 2 reports

[811/915] Judy's Tender Care for the Elderly (San Mateo)
  Judy's Tender Care for the Elderly: 1 reports

[812/915] Kimochi San Mateo (San Mateo)
  Kimochi San Mateo: 4 reports

[813/915] M. S. Care Home (San Mateo)
  M. S. Care Home: 6 reports

[814/915] Maria's Home for the Aged (San Mateo)
  Maria's Home for the Aged: no reports

[815/915] Maria's Home for the Elderly (San Mateo)
  Maria's Home for the Elderly: 7 reports

[816/915] Martha's Home (San Mateo)
  Martha's Home: 3 reports

[817/915] Monteverde Manor Iii (San Mateo)
  Monteverde Manor Iii: 6 reports

[818/915] Nani's Home (San Mateo)
  Nani's Home: 5 reports

[819/915] Nevilyn's Home (San Mateo)
  Nevilyn's Home: 3 reports

[820/915] New Life Residence (San Mateo)
  New Life Residence: 5 reports

[821/915] Norcal Care Home Ii (San Mateo)
  Norcal Care Home Ii: 4 reports

[822/915] Olivia's Care Home (San Mateo)
  Olivia's Care Home: 6 reports

[823/915] Olivia's Care Home Ii (San Mateo)
  Olivia's Care Home Ii: 10 reports

[824/915] Olivia's Care Home Iii (San Mateo)
  Olivia's Care Home Iii: 8 reports

[825/915] Olivia's Care Home Iv (San Mateo)
  Olivia's Care Home Iv: 6 reports

[826/915] Our House (San Mateo)
  Our House: 5 reports

[827/915] Our Lady of Peace Residential Care Home (San Mateo)
  Our Lady of Peace Residential Care Home: 5 reports

[828/915] Pacific Care Home (San Mateo)
  Pacific Care Home: 3 reports

[829/915] Pacific Care Home Ii (San Mateo)
  Pacific Care Home Ii: 3 reports

[830/915] Pacific Care Home Iv (San Mateo)
  Pacific Care Home Iv: 3 reports

[831/915] Pacific Care Home V (San Mateo)
  Pacific Care Home V: 4 reports

[832/915] Patricia Home (San Mateo)
  Patricia Home: 5 reports

[833/915] Peninsula Elderly Care Home (San Mateo)
  Peninsula Elderly Care Home: 4 reports

[834/915] Peninsula Regent (the) (San Mateo)
  Peninsula Regent (the): 5 reports

[835/915] Peninsula Village (San Mateo)
  Peninsula Village: 6 reports

[836/915] Petani Haven (San Mateo)
  Petani Haven: 3 reports

[837/915] Portola Place (San Mateo)
  Portola Place: 3 reports

[838/915] Roberta Care Home (San Mateo)
  Roberta Care Home: 5 reports

[839/915] Roias Home for the Elderly (San Mateo)
  Roias Home for the Elderly: 3 reports

[840/915] Royal Ilima (San Mateo)
  Royal Ilima: 3 reports

[841/915] Sakura Gardens (San Mateo)
  Sakura Gardens: 2 reports

[842/915] San Mateo Villa (San Mateo)
  San Mateo Villa: 8 reports

[843/915] Stephanie Lily Home Inc (San Mateo)
  Stephanie Lily Home Inc: 1 reports

[844/915] Sterling Court (San Mateo)
  Sterling Court: 5 reports

[845/915] Stratford, the (San Mateo)
  Stratford, the: 17 reports

[846/915] Sunrise of San Mateo (San Mateo)
  Sunrise of San Mateo: 8 reports

[847/915] Tavahi Senior Home Care (San Mateo)
  Tavahi Senior Home Care: no reports

[848/915] Therese Residential Care Home (San Mateo)
  Therese Residential Care Home: 2 reports

[849/915] Tlc Home Care Iii (San Mateo)
  Tlc Home Care Iii: 12 reports

[850/915] Tlc Home Care V (San Mateo)
  Tlc Home Care V: 11 reports

[851/915] Unified Hearts Home Care (San Mateo)
  Unified Hearts Home Care: 2 reports

[852/915] Vanessa Care Home Ii (San Mateo)
  Vanessa Care Home Ii: 7 reports

[853/915] A Hananiah Place of San Ramon (San Ramon)
  A Hananiah Place of San Ramon: 2 reports

[854/915] A Springtime Residence (San Ramon)
  A Springtime Residence: 6 reports

[855/915] Abigail's Guest Home (San Ramon)
  Abigail's Guest Home: 5 reports

[856/915] Belmont Village San Ramon (San Ramon)
  Belmont Village San Ramon: 8 reports

[857/915] Bluegarden Care (San Ramon)
  Bluegarden Care: 10 reports

[858/915] Bluemeadow Care (San Ramon)
  Bluemeadow Care: 11 reports

[859/915] Brookdale San Ramon (San Ramon)
  Brookdale San Ramon: 19 reports

[860/915] Casa San Ramon (San Ramon)
  Casa San Ramon: 1 reports

[861/915] Discovery Commons San Ramon (San Ramon)
  Discovery Commons San Ramon: 5 reports

[862/915] Emmaus Homecare Inc. (San Ramon)
  Emmaus Homecare Inc.: 6 reports

[863/915] Fairway Hills Care Home Llc (San Ramon)
  Fairway Hills Care Home Llc: no reports

[864/915] Golden Hill Homes, Inc. (San Ramon)
  Golden Hill Homes, Inc.: 9 reports

[865/915] Golden Hills Home Care (San Ramon)
  Golden Hills Home Care: 2 reports

[866/915] Good Shepherd of San Ramon (San Ramon)
  Good Shepherd of San Ramon: 7 reports

[867/915] Green Valley Care Home (San Ramon)
  Green Valley Care Home: 8 reports

[868/915] Ivy Park at San Ramon (San Ramon)
  Ivy Park at San Ramon: 36 reports

[869/915] Ivy Park at San Ramon (San Ramon)
  Ivy Park at San Ramon: 4 reports

[870/915] Karo Mina Care Home (San Ramon)
  Karo Mina Care Home: 11 reports

[871/915] Penny's Guest Home (San Ramon)
  Penny's Guest Home: 7 reports

[872/915] Pine Valley Homes (San Ramon)
  Pine Valley Homes: 6 reports

[873/915] Queens Care Home, Llc (San Ramon)
  Queens Care Home, Llc: 1 reports

[874/915] Springtime Residence Llc (San Ramon)
  Springtime Residence Llc: 1 reports

[875/915] Sunny Days Care (San Ramon)
  Sunny Days Care: 5 reports

[876/915] Tareyton Home, Llc (San Ramon)
  Tareyton Home, Llc: 5 reports

[877/915] Trinity Care Home #2 (San Ramon)
  Trinity Care Home #2: 5 reports

[878/915] Trinity Care Home 3 (San Ramon)
  Trinity Care Home 3: 4 reports

[879/915] Watermark at San Ramon, the (San Ramon)
  Watermark at San Ramon, the: 22 reports

[880/915] April Garden Villa of Saratoga (Saratoga)
  April Garden Villa of Saratoga: 5 reports

[881/915] Bon Homie Saratoga (Saratoga)
  Bon Homie Saratoga: 4 reports

[882/915] Earth Angel Llc (Saratoga)
  Earth Angel Llc: no reports

[883/915] Saratoga Retirement Community (Saratoga)
  Saratoga Retirement Community: 11 reports

[884/915] Saratoga Senior Living (Saratoga)
  Saratoga Senior Living: 5 reports

[885/915] Villas at Saratoga Skilled Nursing & Asst Lvg, the (Saratoga)
  Villas at Saratoga Skilled Nursing & Asst Lvg, the: 23 reports

[886/915] A - R Residential Care Home for Elderly #2 (Union City)
  A - R Residential Care Home for Elderly #2: 5 reports

[887/915] A and M Board&care,innovative Assis.home for Elder (Union City)
  A and M Board&care,innovative Assis.home for Elder: 4 reports

[888/915] A-n-d Care Homes (Union City)
  A-n-d Care Homes: 9 reports

[889/915] A-r Residential Care for Elderly (Union City)
  A-r Residential Care for Elderly: 3 reports

[890/915] Acacia Creek - Union City (Union City)
  Acacia Creek - Union City: 13 reports

[891/915] Ageway Boarding Care (Union City)
  Ageway Boarding Care: 4 reports

[892/915] Ageway Boarding Care #3 (Union City)
  Ageway Boarding Care #3: 9 reports

[893/915] Alegria Community Living - Fairfield (Union City)
  Alegria Community Living - Fairfield: 2 reports

[894/915] Arville Loving Care Home Ii (Union City)
  Arville Loving Care Home Ii: 2 reports

[895/915] Ava Bella Care Home (Union City)
  Ava Bella Care Home: 9 reports

[896/915] B-n Residential Care Home (Union City)
  B-n Residential Care Home: 6 reports

[897/915] Begonia Residential Care Home (Union City)
  Begonia Residential Care Home: 6 reports

[898/915] C & L Home for the Elderly (Union City)
  C & L Home for the Elderly: 7 reports

[899/915] C & R Home for the Elderly (Union City)
  C & R Home for the Elderly: 6 reports

[900/915] Essentials Crest Lane Care Home (Union City)
  Essentials Crest Lane Care Home: 3 reports

[901/915] Harmony Homes Llc (Union City)
  Harmony Homes Llc: 6 reports

[902/915] Hartnell Home Care (Union City)
  Hartnell Home Care: 34 reports

[903/915] Masonic Home for Adults (Union City)
  Masonic Home for Adults: 14 reports

[904/915] Merisol Care Home (Union City)
  Merisol Care Home: 10 reports

[905/915] Merisol Care Home (Union City)
  Merisol Care Home: 12 reports

[906/915] Mt. Zion Home for the Elderly (Union City)
  Mt. Zion Home for the Elderly: 8 reports

[907/915] P & R Residential Care (for Elderly) (Union City)
  P & R Residential Care (for Elderly): 3 reports

[908/915] Pacifica Senior Living Union City (Union City)
  Pacifica Senior Living Union City: 42 reports

[909/915] R & a Residential Care for the Elderly (Union City)
  R & a Residential Care for the Elderly: 3 reports

[910/915] Releve Homecare (Union City)
  Releve Homecare: 1 reports

[911/915] Rn Elder Care Provider Inc (Union City)
  Rn Elder Care Provider Inc: 3 reports

[912/915] San Miguel's Home for the Elderly (Union City)
  San Miguel's Home for the Elderly: 7 reports

[913/915] St. Therese Care Home Ii (Union City)
  St. Therese Care Home Ii: 9 reports

[914/915] Sweet Care Home in Union City (Union City)
  Sweet Care Home in Union City: 5 reports

[915/915] Tri City Care Home (Union City)
  Tri City Care Home: 9 reports

============================================================
Phase D citations ingest — COMPLETE
============================================================
  Facilities processed  : 915
  Reports seen          : 7230
  Reports ingested      : 3
  Reports skipped       : 6382 (already in DB)
  Deficiencies stored   : 3
  §87705/87706 citations: 0
  Errors                : 20
  scrape_run id         : 2668af79-0480-4662-89c4-142fe3b75cd3
============================================================
