Facilities loaded: 680
Silverado seed already set; skipping (use --force to overwrite).

[1/679] Oakmont of Agoura Hills (Agoura Hills)
  Generating…
  Running quality gate…
  ✓ Quality gate passed
  ✓ Written to DB

[2/679] Cardinal Point at Mariner Square (Alameda)
  → content already set; skipping (use --force)

[3/679] Elders Inn On Webster (Alameda)
  → content already set; skipping (use --force)

[4/679] Golden Age Bayside Ii (Alameda)
  → content already set; skipping (use --force)

[5/679] Golden Age of Sweet Road (Alameda)
  → content already set; skipping (use --force)

[6/679] Harbor Bay Assisted Living Inc (Alameda)
  → content already set; skipping (use --force)

[7/679] Oakmont of Mariner Point (Alameda)
  → content already set; skipping (use --force)

[8/679] Alamo Care Home (Alamo)
  → content already set; skipping (use --force)

[9/679] Alamo Residence Home (Alamo)
  → content already set; skipping (use --force)

[10/679] Casa Blanca Retirement Homes (Alamo)
  → content already set; skipping (use --force)

[11/679] Castle Crest Home I (Alamo)
  → content already set; skipping (use --force)

[12/679] Eaton Place (Alamo)
  → content already set; skipping (use --force)

[13/679] Gines Residential Care Home Iii (Alamo)
  → content already set; skipping (use --force)

[14/679] Megan Care Home (Alamo)
  → content already set; skipping (use --force)

[15/679] Navajo Care Home (Alamo)
  → content already set; skipping (use --force)

[16/679] New Alamo Residence Home (Alamo)
  → content already set; skipping (use --force)

[17/679] Roundhill Care Homes, Inc. (Alamo)
  → content already set; skipping (use --force)

[18/679] Welcome Home Senior Residence (alamo Ii) (Alamo)
  → content already set; skipping (use --force)

[19/679] Welcome Home Senior Residence (alamo) (Alamo)
  → content already set; skipping (use --force)

[20/679] Welcome Home Senior Residence-alamo 3 (Alamo)
  → content already set; skipping (use --force)

[21/679] Belmont Village Albany (Albany)
  → content already set; skipping (use --force)

[22/679] Raksha 13 Care Home (Albany)
  → content already set; skipping (use --force)

[23/679] Raksha 4 Care Home (Albany)
  → content already set; skipping (use --force)

[24/679] Raksha 6 (Albany)
  → content already set; skipping (use --force)

[25/679] Silverado Senior Living - the Huntington (Alhambra)
  Generating…
  Running quality gate…
  ✓ Quality gate passed
  ✓ Written to DB

[26/679] Belmont Village Aliso Viejo (Aliso Viejo)
  Generating…
  Running quality gate…
  ✓ Quality gate passed
  ✓ Written to DB

[27/679] Brookdale Anaheim (Anaheim)
  Generating…
  Running quality gate…
  ✓ Quality gate passed
  ✓ Written to DB

[28/679] Harbor Heights Assisted Living and Memory Care (Anaheim)
  Generating…
  Running quality gate…
  ✓ Quality gate passed
  ✓ Written to DB

[29/679] Brookdale Nohl Ranch (Anaheim Hills)
  Generating…
  Running quality gate…
  ✓ Quality gate passed
  ✓ Written to DB

[30/679] Aegis Senior Residence (Antelope)
  Generating…
  Running quality gate…
  ✓ Quality gate passed
  ✓ Written to DB

[31/679] Unity Memory Home Care (Antelope)
  Generating…
  Running quality gate…
  ✓ Quality gate passed
  ✓ Written to DB

[32/679] Silverado Senior Living-sierra Vista (Azusa)
  Generating…
  Running quality gate…
  ✓ Quality gate passed
  ✓ Written to DB

[33/679] New Rivershore Care Home (Bay Point)
  → content already set; skipping (use --force)

[34/679] Willow Glen Residence (Bay Point)
  → content already set; skipping (use --force)

[35/679] Ivy Park of Belmont (Belmont)
  → content already set; skipping (use --force)

[36/679] Silverado Senior Living - Belmont Hills (Belmont)
  → content already set; skipping (use --force)

[37/679] Vista Terrace of Belmont (Belmont)
  → content already set; skipping (use --force)

[38/679] Angeleon Care Home (Berkeley)
  → content already set; skipping (use --force)

[39/679] Angels Windsor House (Berkeley)
  → content already set; skipping (use --force)

[40/679] Elegance Berkeley (Berkeley)
  → content already set; skipping (use --force)

[41/679] Golden Oasis (Berkeley)
  → content already set; skipping (use --force)

[42/679] Ivy at Berkeley, the (Berkeley)
  → content already set; skipping (use --force)

[43/679] Sunrise of Beverly Hills (Beverly Hills)
  Generating…
  Running quality gate…
  ✓ Quality gate passed
  ✓ Written to DB

[44/679] Watermark at Beverly Hills, the (Beverly Hills)
  Generating…
  Running quality gate…
  ✓ Quality gate passed
  ✓ Written to DB

[45/679] Brookdale Brea (Brea)
  Generating…
  Running quality gate…
  ✓ Quality gate passed
  ✓ Written to DB

[46/679] Silverado Brea Llc (Brea)
  Generating…
  Running quality gate…
  ✓ Quality gate passed
  ✓ Written to DB

[47/679] Belmont Village Burbank (Burbank)
  Generating…
  Running quality gate…
  ✓ Quality gate passed
  ✓ Written to DB

[48/679] Ivy Park at Burbank (Burbank)
  Generating…
  Running quality gate…
  ✓ Quality gate passed
  ✓ Written to DB

[49/679] Acacia Manor (Burlingame)
  → content already set; skipping (use --force)

[50/679] Am Residential Care Home (Burlingame)
  → content already set; skipping (use --force)

[51/679] Burlingame Senior Home (Burlingame)
  → content already set; skipping (use --force)

[52/679] Burlingame Senior Home 2 (Burlingame)
  → content already set; skipping (use --force)

[53/679] Burlingame Senior Living (Burlingame)
  → content already set; skipping (use --force)

[54/679] Burlingame Villa, Inc. (Burlingame)
  → content already set; skipping (use --force)

[55/679] Cedarhill Manor Ii (Burlingame)
  → content already set; skipping (use --force)

[56/679] Marina's Home (Burlingame)
  → content already set; skipping (use --force)

[57/679] Mills Estate Villa (Burlingame)
  → content already set; skipping (use --force)

[58/679] Oakmont of Burlingame (Burlingame)
  → content already set; skipping (use --force)

[59/679] Toyon Care Llc (Burlingame)
  → content already set; skipping (use --force)

[60/679] Trousdale, the (Burlingame)
  → content already set; skipping (use --force)

[61/679] Belmont Village Calabasas (Calabasas)
  Generating…
  Running quality gate…
  ✓ Quality gate passed
  ✓ Written to DB

[62/679] Silverado Senior Living - Calabasas (Calabasas)
  Generating…
  Running quality gate…
  ✓ Quality gate passed
  ✓ Written to DB

[63/679] Ambrosia Home (Campbell)
  → content already set; skipping (use --force)

[64/679] Bed of Roses Residential Care Home (Campbell)
  → content already set; skipping (use --force)

[65/679] Campbell Senior Living (Campbell)
  → content already set; skipping (use --force)

[66/679] Campbell Village (Campbell)
  → content already set; skipping (use --force)

[67/679] Esther's Residential Care Home (Campbell)
  → content already set; skipping (use --force)

[68/679] Gardenia Homes 1 Llc (Campbell)
  → content already set; skipping (use --force)

[69/679] Merrill Gardens at Campbell (Campbell)
  → content already set; skipping (use --force)

[70/679] Mina's Elderly Care Home 3 Llc (Campbell)
  → content already set; skipping (use --force)

[71/679] Palm Villas, Campbell (Campbell)
  → content already set; skipping (use --force)

[72/679] Princess Lodge (Campbell)
  → content already set; skipping (use --force)

[73/679] Sakura Gardens Villa Llc (Campbell)
  → content already set; skipping (use --force)

[74/679] Shamrock Residential Care Home (Campbell)
  → content already set; skipping (use --force)

[75/679] West Valley Care Home (Campbell)
  → content already set; skipping (use --force)

[76/679] White Oaks Senior Living (Campbell)
  → content already set; skipping (use --force)

[77/679] Belmont Village Cardiff (Cardiff by the Sea)
  Generating…
  Running quality gate…
  ✓ Quality gate passed
  ✓ Written to DB

[78/679] Santianna Oakmont Signature Living (Carlsbad)
  Generating…
  Running quality gate…
  ✓ Quality gate passed
  ✓ Written to DB

[79/679] Aegis Assisted Living of Carmichael (Carmichael)
  Generating…
  Running quality gate…
  ✓ Quality gate passed
  ✓ Written to DB

[80/679] Oakmont of Carmichael (Carmichael)
  Generating…
  Running quality gate…
  ✓ Quality gate passed
  ✓ Written to DB

[81/679] Sunrise Assisted Living of Carmichael (Carmichael)
  Generating…
  Running quality gate…
  ✓ Quality gate passed
  ✓ Written to DB

[82/679] Aaa Care Haven Ii (Castro Valley)
  → content already set; skipping (use --force)

[83/679] Almond Road Senior Estates (Castro Valley)
  → content already set; skipping (use --force)

[84/679] Baywood Court (Castro Valley)
  → content already set; skipping (use --force)

[85/679] Carefield Castro Valley (Castro Valley)
  → content already set; skipping (use --force)

[86/679] Castro Village Care Home (Castro Valley)
  → content already set; skipping (use --force)

[87/679] Eden Assisted Living (Castro Valley)
  → content already set; skipping (use --force)

[88/679] Fairbanks One (Castro Valley)
  → content already set; skipping (use --force)

[89/679] Lake Chabot Care Home (Castro Valley)
  → content already set; skipping (use --force)

[90/679] Oakcreek (Castro Valley)
  → content already set; skipping (use --force)

[91/679] Redwood Assisted Living (Castro Valley)
  → content already set; skipping (use --force)

[92/679] Welcome Home - Castro Valley (Castro Valley)
  → content already set; skipping (use --force)

[93/679] Willow Creek Alzheimer's & Dementia Care Center (Castro Valley)
  → content already set; skipping (use --force)

[94/679] Woodside Residential Care Facility for Elderly (Castro Valley)
  → content already set; skipping (use --force)

[95/679] Ivy Park at Cerritos (Cerritos)
  Generating…
  Running quality gate…
  ✓ Quality gate passed
  ✓ Written to DB

[96/679] Brookdale Chatsworth (Chatsworth)
  Generating…
  Running quality gate…
  ✓ Quality gate passed
  ✓ Written to DB

[97/679] Ivy Park at Bonita (Chula Vista)
  Generating…
  Running quality gate…
  ✓ Quality gate passed
  ✓ Written to DB

[98/679] Ivy Park at Otay Ranch (Chula Vista)
  Generating…
  Running quality gate…
  ✓ Quality gate passed
  ✓ Written to DB

[99/679] Angel Touch Memory Care Llc (Cirtus Heights)
  Generating…
  Running quality gate…
  ✓ Quality gate passed
  ✓ Written to DB

[100/679] Brookdale Sylvan Ranch (Citrus Heights)
  Generating…
  Running quality gate…
  ✗ Quality gate FAILED:
    - Question 3 references Title 22 §87705 or §87706 but does not specify which actual deficiency code was cited; the source data only confirms '1 dementia_citation_count' without naming the specific code section.

[101/679] Ivy Park at Claremont (Claremont)
  Generating…
  Running quality gate…
  ✓ Quality gate passed
  ✓ Written to DB

[102/679] California Sunshine Rcfe (Clayton)
  → content already set; skipping (use --force)

[103/679] Peninsula Reflections (Colma)
  → content already set; skipping (use --force)

[104/679] Amistad Assisted Living and Memory Care Home (Corona)
  Generating…
  Running quality gate…
  ✓ Quality gate passed
  ✓ Written to DB

[105/679] Assisted Living and Memory Care by Inspirations (Corona)
  Generating…
  Running quality gate…
  ✓ Quality gate passed
  ✓ Written to DB

[106/679] Assisted Lvg & Memory Care Home at Wildrose Ranch (Corona)
  Generating…
  Running quality gate…
  ✗ Quality gate FAILED:
    - Question 4 asks about internal quality-monitoring processes and audit results, which are not regulatory documentation requirements and could apply to any facility without facility-specific grounding.

[107/679] Brookdale Corona (Corona)
  Generating…
  Running quality gate…
  ✓ Quality gate passed
  ✓ Written to DB

[108/679] Cathy's Cottage - Assisted Living and Memory Care (Corona)
  Generating…
  Running quality gate…
  ✓ Quality gate passed
  ✓ Written to DB

[109/679] Silverado Senior Living- Newport Mesa (Costa Mesa)
  Generating…
  Running quality gate…
  ✓ Quality gate passed
  ✓ Written to DB

[110/679] Park View Place (Covina)
  Generating…
  Running quality gate…
  ✓ Quality gate passed
  ✓ Written to DB

[111/679] Forum at Rancho San Antonio, the (Cupertino)
  → content already set; skipping (use --force)

[112/679] Paradise Manor Ii Inc. (Cupertino)
  → content already set; skipping (use --force)

[113/679] Selah Elderly Care (Cupertino)
  → content already set; skipping (use --force)

[114/679] Sunny View Retirement Community (Cupertino)
  → content already set; skipping (use --force)

[115/679] Aegis Living Dana Point (Dana Point)
  Generating…
  Running quality gate…
  ✓ Quality gate passed
  ✓ Written to DB

[116/679] Angel's Crest Home Ii (Danville)
  → content already set; skipping (use --force)

[117/679] Brookdale Danville (Danville)
  → content already set; skipping (use --force)

[118/679] Brookdale Diablo Lodge (Danville)
  → content already set; skipping (use --force)

[119/679] Danville Care Home (Danville)
  → content already set; skipping (use --force)

[120/679] Danville Courtyard (Danville)
  → content already set; skipping (use --force)

[121/679] Danville Home for Seniors (Danville)
  → content already set; skipping (use --force)

[122/679] Danville Paradise (Danville)
  → content already set; skipping (use --force)

[123/679] Golden Pond (Danville)
  → content already set; skipping (use --force)

[124/679] Good Shepherd of Danville (Danville)
  → content already set; skipping (use --force)

[125/679] Granny's Loving Angels Llc (Danville)
  → content already set; skipping (use --force)

[126/679] Home Sweet Elsie (Danville)
  → content already set; skipping (use --force)

[127/679] Lynwood Guest Home (Danville)
  → content already set; skipping (use --force)

[128/679] Magnolia Garden Assisted Living (Danville)
  → content already set; skipping (use --force)

[129/679] Paraiso Gardens (Danville)
  → content already set; skipping (use --force)

[130/679] Reutlinger Community, the (Danville)
  → content already set; skipping (use --force)

[131/679] Round Hill Care Homes, Inc. (Danville)
  → content already set; skipping (use --force)

[132/679] Serving Hands Llc (Danville)
  → content already set; skipping (use --force)

[133/679] Sunrise Assisted Living of Danville (Danville)
  → content already set; skipping (use --force)

[134/679] Trinity Care Home 4 (Danville)
  → content already set; skipping (use --force)

[135/679] Allstar Residence (Dublin)
  → content already set; skipping (use --force)

[136/679] Emerald Home Care (Dublin)
  → content already set; skipping (use --force)

[137/679] Emerald Valley (Dublin)
  → content already set; skipping (use --force)

[138/679] Helping Hands, Llc (Dublin)
  → content already set; skipping (use --force)

[139/679] Sunrise Home Care (Dublin)
  → content already set; skipping (use --force)

[140/679] Valle Verde Care Home Ii (Dublin)
  → content already set; skipping (use --force)

[141/679] Warm House (Dublin)
  → content already set; skipping (use --force)

[142/679] Wright Place, the (East Palo Alto)
  → content already set; skipping (use --force)

[143/679] Oakmont of East Sacramento (East Sacramento)
  Generating…
  Running quality gate…
  ✓ Quality gate passed
  ✓ Written to DB

[144/679] Carter Place (El Sobrante)
  → content already set; skipping (use --force)

[145/679] Hailey's Care Home (El Sobrante)
  → content already set; skipping (use --force)

[146/679] Hm Love & Care Home (El Sobrante)
  → content already set; skipping (use --force)

[147/679] Gardens at Laguna Springs Memory Care, the (Elk Grove)
  Generating…
  Running quality gate…
  ✓ Quality gate passed
  ✓ Written to DB

[148/679] Ivy Park at Laguna Creek (Elk Grove)
  Generating…
  Running quality gate…
  ✓ Quality gate passed
  ✓ Written to DB

[149/679] Lakeview Lodge (Emerald Hills)
  → content already set; skipping (use --force)

[150/679] 1440 by the Bay (Emeryville)
  → content already set; skipping (use --force)

[151/679] Silverado Senior Living-encinitas (Encinitas)
  Generating…
  Running quality gate…
  ✓ Quality gate passed
  ✓ Written to DB

[152/679] Ivy Park at Escondido (Escondido)
  Generating…
  Running quality gate…
  ✓ Quality gate passed
  ✓ Written to DB

[153/679] Ivy Park at Escondido (Escondido)
  Generating…
  Running quality gate…
  ✓ Quality gate passed
  ✓ Written to DB

[154/679] Silverado Senior Living-escondido (Escondido)
  Generating…
  Running quality gate…
  ✓ Quality gate passed
  ✓ Written to DB

[155/679] Vista del Lago Memory Care (Escondido)
  Generating…
  Running quality gate…
  ✓ Quality gate passed
  ✓ Written to DB

[156/679] Oakmont of Escondido Hills (Escondido Hills)
  Generating…
  Running quality gate…
  ✓ Quality gate passed
  ✓ Written to DB

[157/679] Oakmont of Fair Oaks (Fair Oaks)
  Generating…
  Running quality gate…
  ✓ Quality gate passed
  ✓ Written to DB

[158/679] Sunrise Assisted Living of Fair Oaks (Fair Oaks)
  Generating…
  Running quality gate…
  ✓ Quality gate passed
  ✓ Written to DB

[159/679] Brookdale Folsom (Folsom)
  Generating…
  Running quality gate…
  ✓ Quality gate passed
  ✓ Written to DB

[160/679] Oakmont of Folsom (Folsom)
  Generating…
  Running quality gate…
  ✓ Quality gate passed
  ✓ Written to DB

[161/679] Always Tlc (Foster City)
  → content already set; skipping (use --force)

[162/679] Atria at Foster Square (Foster City)
  → content already set; skipping (use --force)

[163/679] Emerald Retirement Residence (Foster City)
  → content already set; skipping (use --force)

[164/679] Five Star Care Home Ii (Foster City)
  → content already set; skipping (use --force)

[165/679] Janie's Home (Foster City)
  → content already set; skipping (use --force)

[166/679] Seniors at Crane (Foster City)
  → content already set; skipping (use --force)

[167/679] Sonas Home (Foster City)
  → content already set; skipping (use --force)

[168/679] A & P Care Home for Seniors (Fremont)
  → content already set; skipping (use --force)

[169/679] Aegis Assisted Living of Fremont (Fremont)
  → content already set; skipping (use --force)

[170/679] Aegis Gardens (Fremont)
  → content already set; skipping (use --force)

[171/679] Beloved Home Retreat (Fremont)
  → content already set; skipping (use --force)

[172/679] Brookdale North Fremont (Fremont)
  → content already set; skipping (use --force)

[173/679] Carlton Plaza of Fremont (Fremont)
  → content already set; skipping (use --force)

[174/679] Cma Care Home (Fremont)
  → content already set; skipping (use --force)

[175/679] Cma Care Home 1 (Fremont)
  → content already set; skipping (use --force)

[176/679] Common Destiny (Fremont)
  → content already set; skipping (use --force)

[177/679] Footprint Care Home (Fremont)
  → content already set; skipping (use --force)

[178/679] Fremont Hills (Fremont)
  → content already set; skipping (use --force)

[179/679] Fremont Village (Fremont)
  → content already set; skipping (use --force)

[180/679] H & M Homes Llc (Fremont)
  → content already set; skipping (use --force)

[181/679] Heather's Care Home (Fremont)
  → content already set; skipping (use --force)

[182/679] Isherwood Care Iii (Fremont)
  → content already set; skipping (use --force)

[183/679] K & J Residential Care Home (Fremont)
  → content already set; skipping (use --force)

[184/679] K & J Residential Care Home Iii (Fremont)
  → content already set; skipping (use --force)

[185/679] La Concepcion Residential Care Home (Fremont)
  → content already set; skipping (use --force)

[186/679] Lincoln Villa (Fremont)
  → content already set; skipping (use --force)

[187/679] Lucky Garden Care Home (Fremont)
  → content already set; skipping (use --force)

[188/679] Mary's Manor (Fremont)
  → content already set; skipping (use --force)

[189/679] Merisol Care (Fremont)
  → content already set; skipping (use --force)

[190/679] Muriel's Residential Facility (Fremont)
  → content already set; skipping (use --force)

[191/679] Muriel's Residential Facility Ii (Fremont)
  → content already set; skipping (use --force)

[192/679] Tri City Care Home Ii (Fremont)
  → content already set; skipping (use --force)

[193/679] Ivy Park at Fullerton (Fullerton)
  Generating…
  Running quality gate…
  ✓ Quality gate passed
  ✓ Written to DB

[194/679] Oakmont of Fullerton (Fullerton)
  Generating…
  Running quality gate…
  ✓ Quality gate passed
  ✓ Written to DB

[195/679] Brookdale Garden Grove (Garden Grove)
  Generating…
  Running quality gate…
  ✓ Quality gate passed
  ✓ Written to DB

[196/679] Brookdale Valley View (Garden Grove)
  Generating…
  Running quality gate…
  ✓ Quality gate passed
  ✓ Written to DB

[197/679] Bonita Springs Care Home (Gilroy)
  → content already set; skipping (use --force)

[198/679] Clark's Villa (Gilroy)
  → content already set; skipping (use --force)

[199/679] Gilroy Elderly Care Home (Gilroy)
  → content already set; skipping (use --force)

[200/679] Merrill Gardens at Gilroy (Gilroy)
  → content already set; skipping (use --force)

[201/679] Sweet Care Home in Gilroy (Gilroy)
  → content already set; skipping (use --force)

[202/679] Aegis Living Granada Hills (Granada Hills)
  Generating…
  Running quality gate…
  ✓ Quality gate passed
  ✓ Written to DB

[203/679] Above & Beyond Rcfe, Inc. (Hayward)
  → content already set; skipping (use --force)

[204/679] Alondra Care Home 3 (Hayward)
  → content already set; skipping (use --force)

[205/679] Arcadian Residential Community (Hayward)
  → content already set; skipping (use --force)

[206/679] Astera Care Home Llc (Hayward)
  → content already set; skipping (use --force)

[207/679] Bella Vista (Hayward)
  → content already set; skipping (use --force)

[208/679] Bellara Senior Living (Hayward)
  → content already set; skipping (use --force)

[209/679] Bethesda Home (Hayward)
  → content already set; skipping (use --force)

[210/679] Bloomstone Family Home Llc (Hayward)
  → content already set; skipping (use --force)

[211/679] Blossom Garden Senior Home (Hayward)
  → content already set; skipping (use --force)

[212/679] Colonial Acres Residential Care Home (Hayward)
  → content already set; skipping (use --force)

[213/679] Continuance Care Home Llc (Hayward)
  → content already set; skipping (use --force)

[214/679] Diana's Care Home (Hayward)
  → content already set; skipping (use --force)

[215/679] Diana's Care Home (Hayward)
  → content already set; skipping (use --force)

[216/679] Elle's Home (Hayward)
  → content already set; skipping (use --force)

[217/679] Escueta Care Home 2 (Hayward)
  → content already set; skipping (use --force)

[218/679] Galicia's Tulip Care Home #2 (Hayward)
  → content already set; skipping (use --force)

[219/679] H & M Homes Standish (Hayward)
  → content already set; skipping (use --force)

[220/679] Ivy Park at Hayward (Hayward)
  → content already set; skipping (use --force)

[221/679] Julian Family Carehome (Hayward)
  → content already set; skipping (use --force)

[222/679] Landmark Villa (Hayward)
  → content already set; skipping (use --force)

[223/679] Montgomery Springs Manor (Hayward)
  → content already set; skipping (use --force)

[224/679] Moonraker Villa Senior Care 2 (Hayward)
  → content already set; skipping (use --force)

[225/679] Pacaldo-yee (Hayward)
  → content already set; skipping (use --force)

[226/679] Palm Tree Courtyard (Hayward)
  → content already set; skipping (use --force)

[227/679] Pleasant Hill Manor (Hayward)
  → content already set; skipping (use --force)

[228/679] Royal Colony View Place (Hayward)
  → content already set; skipping (use --force)

[229/679] Ruus Home-rcfe (Hayward)
  → content already set; skipping (use --force)

[230/679] Scott Residential Care Home (Hayward)
  → content already set; skipping (use --force)

[231/679] Scott Villa (Hayward)
  → content already set; skipping (use --force)

[232/679] St. Lourdes Home (Hayward)
  → content already set; skipping (use --force)

[233/679] Brookdale Sunwest (Hemet)
  Generating…
  Running quality gate…
  ✓ Quality gate passed
  ✓ Written to DB

[234/679] Desert Hills Memory Care Center (Hemet)
  Generating…
  Running quality gate…
  ✓ Quality gate passed
  ✓ Written to DB

[235/679] Sunrise Assisted Living of Hermosa Beach (Hermosa Beach)
  Generating…
  Running quality gate…
  ✓ Quality gate passed
  ✓ Written to DB

[236/679] Ivy Park at Huntington Beach (Huntington Beach)
  Generating…
  Running quality gate…
  ✓ Quality gate passed
  ✓ Written to DB

[237/679] Merrill Gardens at Huntington Beach (Huntington Beach)
  Generating…
  Running quality gate…
  ✓ Quality gate passed
  ✓ Written to DB

[238/679] Oakmont of Huntington Beach (Huntington Beach)
  Generating…
  Running quality gate…
  ✓ Quality gate passed
  ✓ Written to DB

[239/679] Brookdale Irvine (Irvine)
  Generating…
  Running quality gate…
  ✓ Quality gate passed
  ✓ Written to DB

[240/679] Whitten Heights Assisted Living and Memory Care (La Habra)
  Generating…
  Running quality gate…
  ✓ Quality gate passed
  ✓ Written to DB

[241/679] Belmont Village la Jolla (La Jolla)
  Generating…
  Running quality gate…
  ✓ Quality gate passed
  ✓ Written to DB

[242/679] Grossmont Gardens Memory Care (La Mesa)
  Generating…
  Running quality gate…
  ✓ Quality gate passed
  ✓ Written to DB

[243/679] Ivy Park at la Palma (La Palma)
  Generating…
  Running quality gate…
  ✓ Quality gate passed
  ✓ Written to DB

[244/679] Caleo Bay Alzheimer's Special Care Center (La Quinta)
  Generating…
  Running quality gate…
  ✓ Quality gate passed
  ✓ Written to DB

[245/679] Ask Assisted Living Llc (Lafayette)
  → content already set; skipping (use --force)

[246/679] Ask: Hidden Valley Care Home (Lafayette)
  → content already set; skipping (use --force)

[247/679] Atria Park of Lafayette (Lafayette)
  → content already set; skipping (use --force)

[248/679] Caring Angels Care Home (Lafayette)
  → content already set; skipping (use --force)

[249/679] Immaculate Home at Withers (Lafayette)
  → content already set; skipping (use --force)

[250/679] Lafayette Care Home (Lafayette)
  → content already set; skipping (use --force)

[251/679] Lafayette Care Home Ii (Lafayette)
  → content already set; skipping (use --force)

[252/679] Lafayette Gardens (Lafayette)
  → content already set; skipping (use --force)

[253/679] Lafayette Heights Res. Care (Lafayette)
  → content already set; skipping (use --force)

[254/679] Merrill Gardens at Lafayette (Lafayette)
  → content already set; skipping (use --force)

[255/679] Woodlands Iv (Lafayette)
  → content already set; skipping (use --force)

[256/679] Aegis Assisted Living of Laguna Niguel (Laguna Niguel)
  Generating…
  Running quality gate…
  ✓ Quality gate passed
  ✓ Written to DB

[257/679] Ivy Park at Laguna Woods (Laguna Woods)
  Generating…
  Running quality gate…
  ✓ Quality gate passed
  ✓ Written to DB

[258/679] Ivy Park of Wellington (Laguna Woods)
  Generating…
  Running quality gate…
  ✓ Quality gate passed
  ✓ Written to DB

[259/679] A Gabriela's Villa-livermore (Livermore)
  → content already set; skipping (use --force)

[260/679] A Home of Our Own (Livermore)
  → content already set; skipping (use --force)

[261/679] A New Haven Care Home - Adams (Livermore)
  → content already set; skipping (use --force)

[262/679] A New Haven Care Home - Berlin (Livermore)
  → content already set; skipping (use --force)

[263/679] A New Haven Care Home - Hampton (Livermore)
  → content already set; skipping (use --force)

[264/679] A New Haven Care Home-hudson (Livermore)
  → content already set; skipping (use --force)

[265/679] A New Haven Care Home-springtown (Livermore)
  → content already set; skipping (use --force)

[266/679] Anastasia (Livermore)
  → content already set; skipping (use --force)

[267/679] Assisted Graceful Living (Livermore)
  → content already set; skipping (use --force)

[268/679] Bethany Home Senior Living, Llc (Livermore)
  → content already set; skipping (use --force)

[269/679] Bethany Home/harvard Manor (Livermore)
  → content already set; skipping (use --force)

[270/679] Bethany Homes Senior Living Ii (Livermore)
  → content already set; skipping (use --force)

[271/679] Caring Hands (Livermore)
  → content already set; skipping (use --force)

[272/679] Evergreen Senior Assisted Living (Livermore)
  → content already set; skipping (use --force)

[273/679] Grace Home Care - Lloyd (Livermore)
  → content already set; skipping (use --force)

[274/679] Grace Home Care - Meadowlark (Livermore)
  → content already set; skipping (use --force)

[275/679] Hrs Care Home (Livermore)
  → content already set; skipping (use --force)

[276/679] Kennedy Guest Home (Livermore)
  → content already set; skipping (use --force)

[277/679] Khivi Care, Llc (Livermore)
  → content already set; skipping (use --force)

[278/679] Leap Care Services Llc (Livermore)
  → content already set; skipping (use --force)

[279/679] Livermore Care Home (Livermore)
  → content already set; skipping (use --force)

[280/679] Milan Villa Senior Living (Livermore)
  → content already set; skipping (use --force)

[281/679] Old Oak Golden Villa, Llc (Livermore)
  → content already set; skipping (use --force)

[282/679] Quail Garden (Livermore)
  → content already set; skipping (use --force)

[283/679] Quail Garden 2 (Livermore)
  → content already set; skipping (use --force)

[284/679] Rhome Cares at Lynn (Livermore)
  → content already set; skipping (use --force)

[285/679] Shannen Guest Home (Livermore)
  → content already set; skipping (use --force)

[286/679] Sunrise Private Care (Livermore)
  → content already set; skipping (use --force)

[287/679] Tuscany Villa Senior Living (Livermore)
  → content already set; skipping (use --force)

[288/679] Watermark at Rosewood Gardens, the (Livermore)
  → content already set; skipping (use --force)

[289/679] Bridgepoint at los Altos (Los Altos)
  → content already set; skipping (use --force)

[290/679] El Sereno Home (Los Altos)
  → content already set; skipping (use --force)

[291/679] Hidden Lane Villa (Los Altos)
  → content already set; skipping (use --force)

[292/679] Snow White Care Home (Los Altos)
  → content already set; skipping (use --force)

[293/679] Terraces at los Altos, the (Los Altos)
  → content already set; skipping (use --force)

[294/679] Avenir Memory Care Westside (Los Angeles)
  Generating…
  Running quality gate…
  ✓ Quality gate passed
  ✓ Written to DB

[295/679] Belmont Village Hollywood (Los Angeles)
  Generating…
  Running quality gate…
  ✓ Quality gate passed
  ✓ Written to DB

[296/679] Belmont Village Westwood (Los Angeles)
  Generating…
  Running quality gate…
  ✓ Quality gate passed
  ✓ Written to DB

[297/679] Ivy Park at Culver City (Los Angeles)
  Generating…
  Running quality gate…
  ✓ Quality gate passed
  ✓ Written to DB

[298/679] Silverado Senior Living-beverly Place (Los Angeles)
  Generating…
  Running quality gate…
  ✓ Quality gate passed
  ✓ Written to DB

[299/679] Sunny Hills Assisted Living (memory Care) (Los Angeles)
  Generating…
  Running quality gate…
  ✓ Quality gate passed
  ✓ Written to DB

[300/679] Watermark at Westwood Village, the (Los Angeles)
  Generating…
  Running quality gate…
  ✓ Quality gate passed
  ✓ Written to DB

[301/679] Cedar Creek Alzheimer's & Dementia Care Center (Los Gatos)
  → content already set; skipping (use --force)

[302/679] Mina's Elderly Carehome 2 (Los Gatos)
  → content already set; skipping (use --force)

[303/679] Minas Elderly Care Home 1 (Los Gatos)
  → content already set; skipping (use --force)

[304/679] Roxbury Elderly Care Llc (Los Gatos)
  → content already set; skipping (use --force)

[305/679] Terraces of los Gatos, the (Los Gatos)
  → content already set; skipping (use --force)

[306/679] Aster Garden Care Home, Inc (Martinez)
  → content already set; skipping (use --force)

[307/679] Cherish Care Home Inc. (Martinez)
  → content already set; skipping (use --force)

[308/679] Olympic Residential Care Home (Martinez)
  → content already set; skipping (use --force)

[309/679] Reliez Valley Care Home (Martinez)
  → content already set; skipping (use --force)

[310/679] Villa Nueva Care Home 4 (Martinez)
  → content already set; skipping (use --force)

[311/679] Villa Vittoria (Martinez)
  → content already set; skipping (use --force)

[312/679] Pech5 Mg Oc Llc (Menlo Park)
  → content already set; skipping (use --force)

[313/679] Sandhill Assisted Living Llc (Menlo Park)
  → content already set; skipping (use --force)

[314/679] Sandhill Assisted Living Llc (Menlo Park)
  → content already set; skipping (use --force)

[315/679] Silver Oaks (Menlo Park)
  → content already set; skipping (use --force)

[316/679] Advent Residential Home Ii (Millbrae)
  → content already set; skipping (use --force)

[317/679] Cadence Millbrae (Millbrae)
  → content already set; skipping (use --force)

[318/679] Elle's Care Home 2 (Millbrae)
  → content already set; skipping (use --force)

[319/679] Golden Age Inc. (Millbrae)
  → content already set; skipping (use --force)

[320/679] Hearts at Millwood Assisted Living (Millbrae)
  → content already set; skipping (use --force)

[321/679] Heritage Royale (Millbrae)
  → content already set; skipping (use --force)

[322/679] J and V Family Care Home (Millbrae)
  → content already set; skipping (use --force)

[323/679] Magnolia of Millbrae (Millbrae)
  → content already set; skipping (use --force)

[324/679] Millbrae Assisted Living Home (Millbrae)
  → content already set; skipping (use --force)

[325/679] Millbrae Board & Care Home (Millbrae)
  → content already set; skipping (use --force)

[326/679] Millbrae Family Care Home (Millbrae)
  → content already set; skipping (use --force)

[327/679] Millbrae Paradise Care Home (Millbrae)
  → content already set; skipping (use --force)

[328/679] Aegis Residential Living (Mission Viejo)
  Generating…
  Running quality gate…
  ✓ Quality gate passed
  ✓ Written to DB

[329/679] Ivy Park at Mission Viejo (Mission Viejo)
  Generating…
  Running quality gate…
  ✓ Quality gate passed
  ✓ Written to DB

[330/679] Sunrise of Mission Viejo (Mission Viejo)
  Generating…
  Running quality gate…
  ✓ Quality gate passed
  ✓ Written to DB

[331/679] Brookdale Monrovia (Monrovia)
  Generating…
  Running quality gate…
  ✓ Quality gate passed
  ✓ Written to DB

[332/679] Jla Healthcare Services Llc (Montara)
  → content already set; skipping (use --force)

[333/679] New Cedar Lane Care Home, Inc. (Montara)
  → content already set; skipping (use --force)

[334/679] Aegis Assisted Living of Moraga (Moraga)
  → content already set; skipping (use --force)

[335/679] Moraga Retreat Care (Moraga)
  → content already set; skipping (use --force)

[336/679] Moraga Retreat Care On Woodford (Moraga)
  → content already set; skipping (use --force)

[337/679] Moraga Royale (Moraga)
  → content already set; skipping (use --force)

[338/679] Elwyn California Ginger Home (Morgan Hill)
  → content already set; skipping (use --force)

[339/679] Laurel Heights (Morgan Hill)
  → content already set; skipping (use --force)

[340/679] Loma Clara Senior Living (Morgan Hill)
  → content already set; skipping (use --force)

[341/679] Meridian Manor 3 Special Res Fac for Elderly(rcfe) (Morgan Hill)
  → content already set; skipping (use --force)

[342/679] Primavera Gardens (Morgan Hill)
  → content already set; skipping (use --force)

[343/679] Valley Pines (Morgan Hill)
  → content already set; skipping (use --force)

[344/679] Vila Monte (Morgan Hill)
  → content already set; skipping (use --force)

[345/679] Villa Amor (Morgan Hill)
  → content already set; skipping (use --force)

[346/679] Westmont of Morgan Hill (Morgan Hill)
  → content already set; skipping (use --force)

[347/679] Casa Alice Care Home (Mountain View)
  → content already set; skipping (use --force)

[348/679] Casa Pastel Care Home (Mountain View)
  → content already set; skipping (use --force)

[349/679] Paradise Care Home (Mountain View)
  → content already set; skipping (use --force)

[350/679] Villa Siena (Mountain View)
  → content already set; skipping (use --force)

[351/679] Villa Toscana a Memory Care Community (Mountain View)
  → content already set; skipping (use --force)

[352/679] Brookdale Murrieta (Murrieta)
  Generating…
  Running quality gate…
  ✓ Quality gate passed
  ✓ Written to DB

[353/679] Ivy Park at Murrieta (Murrieta)
  Generating…
  Running quality gate…
  ✓ Quality gate passed
  ✓ Written to DB

[354/679] Parkview Memory Care at Paradise Village (National City)
  Generating…
  Running quality gate…
  ✓ Quality gate passed
  ✓ Written to DB

[355/679] Alondra Care Home 2 (Newark)
  → content already set; skipping (use --force)

[356/679] Flintwood Care Home (Newark)
  → content already set; skipping (use --force)

[357/679] Heavenly Care Home (Newark)
  → content already set; skipping (use --force)

[358/679] Our Three Hearts Care Home Llc (Newark)
  → content already set; skipping (use --force)

[359/679] St Joseph Senior Care (Newark)
  → content already set; skipping (use --force)

[360/679] Newport Beach Memory Care (Newport Beach)
  Generating…
  Running quality gate…
  ✓ Quality gate passed
  ✓ Written to DB

[361/679] Alondra Care Home (Oakland)
  → content already set; skipping (use --force)

[362/679] Bellaken Garden (Oakland)
  → content already set; skipping (use --force)

[363/679] Charitys Residence (Oakland)
  → content already set; skipping (use --force)

[364/679] D'nalor Care Homes, Llc (Oakland)
  → content already set; skipping (use --force)

[365/679] Dimond Care (Oakland)
  → content already set; skipping (use --force)

[366/679] Dimond Care Ii (Oakland)
  → content already set; skipping (use --force)

[367/679] East Bay Assisted Living (Oakland)
  → content already set; skipping (use --force)

[368/679] East Bay Longevity Assisted Living (Oakland)
  → content already set; skipping (use --force)

[369/679] Elder Ashram (Oakland)
  → content already set; skipping (use --force)

[370/679] Good Shepherd Vista (Oakland)
  → content already set; skipping (use --force)

[371/679] Grand Lake Vista (Oakland)
  → content already set; skipping (use --force)

[372/679] Holy Family Home (Oakland)
  → content already set; skipping (use --force)

[373/679] House of Psalms Assisted Living for Seniors (Oakland)
  → content already set; skipping (use --force)

[374/679] Ivy Park at Oakland Hills (Oakland)
  → content already set; skipping (use --force)

[375/679] J & C Care Center Llc (Oakland)
  → content already set; skipping (use --force)

[376/679] Lake Park Senior Living (Oakland)
  → content already set; skipping (use --force)

[377/679] Lakeshore Residential Care (Oakland)
  → content already set; skipping (use --force)

[378/679] Lakeside Park (Oakland)
  → content already set; skipping (use --force)

[379/679] Mercy Retirement & Care Center (Oakland)
  → content already set; skipping (use --force)

[380/679] Merrill Gardens at Rockridge (Oakland)
  → content already set; skipping (use --force)

[381/679] Oakland Heights Senior Living (Oakland)
  → content already set; skipping (use --force)

[382/679] Opal Care Llc (Oakland)
  → content already set; skipping (use --force)

[383/679] Piedmont Gardens #1 (Oakland)
  → content already set; skipping (use --force)

[384/679] Point at Rockridge, the (Oakland)
  → content already set; skipping (use --force)

[385/679] St. Paul's Towers (Oakland)
  → content already set; skipping (use --force)

[386/679] B. Ruiz Carehome 2 (Oakley)
  → content already set; skipping (use --force)

[387/679] Buttons Elderly Care Llc (Oakley)
  → content already set; skipping (use --force)

[388/679] Camelia Gardens (Oakley)
  → content already set; skipping (use --force)

[389/679] Cathedral Care Home - Oakley (Oakley)
  → content already set; skipping (use --force)

[390/679] Coral Home Care Llc (Oakley)
  → content already set; skipping (use --force)

[391/679] Ecolux Assisted Living (Oakley)
  → content already set; skipping (use --force)

[392/679] Light of Grace I (Oakley)
  → content already set; skipping (use --force)

[393/679] Oakley Assisted Living Ii , Llc (Oakley)
  → content already set; skipping (use --force)

[394/679] Oakley Assisted Living Llc (Oakley)
  → content already set; skipping (use --force)

[395/679] Sacred Hands Living Iii (Oakley)
  → content already set; skipping (use --force)

[396/679] Safe Haven Oakley Llc (Oakley)
  → content already set; skipping (use --force)

[397/679] Serene Care Winchester (Oakley)
  → content already set; skipping (use --force)

[398/679] Spyglass Senior Villa I (Oakley)
  → content already set; skipping (use --force)

[399/679] Spyglass Senior Villa Ii (Oakley)
  → content already set; skipping (use --force)

[400/679] Teresa's Quality Comfort Care, Llc (Oakley)
  → content already set; skipping (use --force)

[401/679] Vita (Oakley)
  → content already set; skipping (use --force)

[402/679] Aegis Assisted Living at Shadowridge (Oceanside)
  Generating…
  Running quality gate…
  ✓ Quality gate passed
  ✓ Written to DB

[403/679] Brookdale Oceanside (Oceanside)
  Generating…
  Running quality gate…
  ✓ Quality gate passed
  ✓ Written to DB

[404/679] Ocean Hills Assisted Living & Memory Care (Oceanside)
  Generating…
  Running quality gate…
  ✓ Quality gate passed
  ✓ Written to DB

[405/679] Sunrise of Oceanside (Oceanside)
  Generating…
  Running quality gate…
  ✗ Quality gate FAILED:
    - Question 4 asks how many beds are dedicated to memory care versus assisted living, which is a staffing/operational capacity question that goes beyond facility-specific facts already in the source data.

[406/679] Oakmont of Orange (Orange)
  Generating…
  Running quality gate…
  ✓ Quality gate passed
  ✓ Written to DB

[407/679] Sunrise of Orange (Orange)
  Generating…
  Running quality gate…
  ✓ Quality gate passed
  ✓ Written to DB

[408/679] Saint Jarielle Residential Care 2 (Pacifica)
  → content already set; skipping (use --force)

[409/679] Saint Jarrielle Residential Care (Pacifica)
  → content already set; skipping (use --force)

[410/679] Tlc Pacifica (Pacifica)
  → content already set; skipping (use --force)

[411/679] Channing House (Palo Alto)
  → content already set; skipping (use --force)

[412/679] Ivy Park at Palo Alto (Palo Alto)
  → content already set; skipping (use --force)

[413/679] Lytton Gardens Community Care (Palo Alto)
  → content already set; skipping (use --force)

[414/679] Moldaw Family Residences at 899 Charleston (Palo Alto)
  → content already set; skipping (use --force)

[415/679] Palo Alto Commons (Palo Alto)
  → content already set; skipping (use --force)

[416/679] Vi at Palo Alto (Palo Alto)
  → content already set; skipping (use --force)

[417/679] Webster House (Palo Alto)
  → content already set; skipping (use --force)

[418/679] Ivy Park at Bradford (Placentia)
  Generating…
  Running quality gate…
  ✓ Quality gate passed
  ✓ Written to DB

[419/679] Ivy Park at Playa Vista (Playa Vista)
  Generating…
  Running quality gate…
  ✓ Quality gate passed
  ✓ Written to DB

[420/679] Aegis Living Pleasant Hill (Pleasant Hill)
  → content already set; skipping (use --force)

[421/679] Better Living Care Home (Pleasant Hill)
  → content already set; skipping (use --force)

[422/679] Boyd Senior Care Home (Pleasant Hill)
  → content already set; skipping (use --force)

[423/679] Chateau Iii (Pleasant Hill)
  → content already set; skipping (use --force)

[424/679] Chateau Pleasant Hill (Pleasant Hill)
  → content already set; skipping (use --force)

[425/679] Cordial Care Home (Pleasant Hill)
  → content already set; skipping (use --force)

[426/679] Dysico Care Home, Rcfe (Pleasant Hill)
  → content already set; skipping (use --force)

[427/679] Eden Senior Care (Pleasant Hill)
  → content already set; skipping (use --force)

[428/679] Elisabeth Care Home (Pleasant Hill)
  → content already set; skipping (use --force)

[429/679] Las Trampas - Sheila House (Pleasant Hill)
  → content already set; skipping (use --force)

[430/679] Maureen House (Pleasant Hill)
  → content already set; skipping (use --force)

[431/679] Memory Care of Contra Costa (Pleasant Hill)
  → content already set; skipping (use --force)

[432/679] Paradise Villa Senior Care Ii (Pleasant Hill)
  → content already set; skipping (use --force)

[433/679] Pleasant Hill Oasis (Pleasant Hill)
  → content already set; skipping (use --force)

[434/679] Pleasant Hill Villa Home Care (Pleasant Hill)
  → content already set; skipping (use --force)

[435/679] Pleasant Hill Villa Home Care 2 (Pleasant Hill)
  → content already set; skipping (use --force)

[436/679] Pleasant Hill Villa Home Care 3 (Pleasant Hill)
  → content already set; skipping (use --force)

[437/679] Poet's Vista Residential Care (Pleasant Hill)
  → content already set; skipping (use --force)

[438/679] Ramona Care Home (Pleasant Hill)
  → content already set; skipping (use --force)

[439/679] Rose Cottage Rcfe (Pleasant Hill)
  → content already set; skipping (use --force)

[440/679] Serene Suites (Pleasant Hill)
  → content already set; skipping (use --force)

[441/679] Stonehedge Guest Home (Pleasant Hill)
  → content already set; skipping (use --force)

[442/679] Sunvalley Residential Care Home (Pleasant Hill)
  → content already set; skipping (use --force)

[443/679] Abigail's Guest Home (Pleasanton)
  → content already set; skipping (use --force)

[444/679] Carefield Pleasanton (Pleasanton)
  → content already set; skipping (use --force)

[445/679] Creekview Assisted Living (Pleasanton)
  → content already set; skipping (use --force)

[446/679] Ivy Park at Pleasanton (Pleasanton)
  → content already set; skipping (use --force)

[447/679] Parkview, the (Pleasanton)
  → content already set; skipping (use --force)

[448/679] Stoneridge Creek Pleasanton (Pleasanton)
  → content already set; skipping (use --force)

[449/679] Sunol Creek Memory Care (Pleasanton)
  → content already set; skipping (use --force)

[450/679] Valle Verde Care Home Iii (Pleasanton)
  → content already set; skipping (use --force)

[451/679] Valle Verde Care Home Iv (Pleasanton)
  → content already set; skipping (use --force)

[452/679] Sequoias-portola Valley, the (Portola Valley)
  → content already set; skipping (use --force)

[453/679] Brookdale Mirage Inn (Rancho Mirage)
  Generating…
  Running quality gate…
  ✓ Quality gate passed
  ✓ Written to DB

[454/679] Belmont Village Rancho Palos Verdes (Rancho Palos Verdes)
  Generating…
  Running quality gate…
  ✓ Quality gate passed
  ✓ Written to DB

[455/679] Family Connect Memory Care Palos Verdes (Rancho Palos Verdes)
  Generating…
  Running quality gate…
  ✓ Quality gate passed
  ✓ Written to DB

[456/679] Silverado Senior Living-beach Cities (Redondo Beach)
  Generating…
  Running quality gate…
  ✓ Quality gate passed
  ✓ Written to DB

[457/679] Abigail Complete Care, Inc (Redwood City)
  → content already set; skipping (use --force)

[458/679] Advent Residential Home (Redwood City)
  → content already set; skipping (use --force)

[459/679] Ark, the (Redwood City)
  → content already set; skipping (use --force)

[460/679] Atherton Gardens (Redwood City)
  → content already set; skipping (use --force)

[461/679] Bay Leaf Elderly Care Home Llc (Redwood City)
  → content already set; skipping (use --force)

[462/679] Britannia House (Redwood City)
  → content already set; skipping (use --force)

[463/679] Britannia Place (Redwood City)
  → content already set; skipping (use --force)

[464/679] Brookdale Redwood City (Redwood City)
  → content already set; skipping (use --force)

[465/679] Canyon Place (Redwood City)
  → content already set; skipping (use --force)

[466/679] Diaz Residential Care Home (Redwood City)
  → content already set; skipping (use --force)

[467/679] Dolphin Park Rest Home #3 (Redwood City)
  → content already set; skipping (use --force)

[468/679] East West Care Redwood City Ii (Redwood City)
  → content already set; skipping (use --force)

[469/679] Emerald Hills Care Home (Redwood City)
  → content already set; skipping (use --force)

[470/679] Encina Care Home (Redwood City)
  → content already set; skipping (use --force)

[471/679] Farm Hill Rest Home (Redwood City)
  → content already set; skipping (use --force)

[472/679] Five Star Care Home (Redwood City)
  → content already set; skipping (use --force)

[473/679] Friendly Acres Elderly Home (Redwood City)
  → content already set; skipping (use --force)

[474/679] Gordon Manor (Redwood City)
  → content already set; skipping (use --force)

[475/679] Hopkins Manor (Redwood City)
  → content already set; skipping (use --force)

[476/679] Kensington Place Redwood City (Redwood City)
  → content already set; skipping (use --force)

[477/679] Maria's Senior Care Home (Redwood City)
  → content already set; skipping (use --force)

[478/679] Mariner's Green Residential Care (Redwood City)
  → content already set; skipping (use --force)

[479/679] Mission Woodside (Redwood City)
  → content already set; skipping (use --force)

[480/679] Oakmont of Redwood City (Redwood City)
  → content already set; skipping (use --force)

[481/679] Palm Villas (Redwood City)
  → content already set; skipping (use --force)

[482/679] Petes' Place (Redwood City)
  → content already set; skipping (use --force)

[483/679] Redwood Acres Residential Home (Redwood City)
  → content already set; skipping (use --force)

[484/679] Redwood Care Home (Redwood City)
  → content already set; skipping (use --force)

[485/679] Seniors With Grace Care Home (Redwood City)
  → content already set; skipping (use --force)

[486/679] Sequoia Home (Redwood City)
  → content already set; skipping (use --force)

[487/679] Arlington Heights Assisted Living and Memory Care (Riverside)
  Generating…
  Running quality gate…
  ✓ Quality gate passed
  ✓ Written to DB

[488/679] Canyon Crest Assisted Living and Memory Care (Riverside)
  Generating…
  Running quality gate…
  ✓ Quality gate passed
  ✓ Written to DB

[489/679] Sycamore Canyon Assisted Living and Memory Care (Riverside)
  Generating…
  Running quality gate…
  ✓ Quality gate passed
  ✓ Written to DB

[490/679] Victoria Hills Assisted Living and Memory Care (Riverside)
  Generating…
  Running quality gate…
  ✓ Quality gate passed
  ✓ Written to DB

[491/679] Loving Hands Care Home Llc (Rodeo)
  → content already set; skipping (use --force)

[492/679] Priority Care Home I (Rodeo)
  → content already set; skipping (use --force)

[493/679] Villa Board and Care Home (Rodeo)
  → content already set; skipping (use --force)

[494/679] Merrill Gardens at Rolling Hills Estates (Rolling Hills)
  Generating…
  Running quality gate…
  ✓ Quality gate passed
  ✓ Written to DB

[495/679] Early Horizons Home Care (S San Francisco)
  → content already set; skipping (use --force)

[496/679] Ivy Park at Sacramento (Sacramento)
  Generating…
  Running quality gate…
  ✓ Quality gate passed
  ✓ Written to DB

[497/679] Ivy Park at Sacramento (Sacramento)
  Generating…
  Running quality gate…
  ✓ Quality gate passed
  ✓ Written to DB

[498/679] Access Care Center (San Bruno)
  → content already set; skipping (use --force)

[499/679] Ahau Boarding Care Home (San Bruno)
  → content already set; skipping (use --force)

[500/679] Araville Residential Care Home Ii (San Bruno)
  → content already set; skipping (use --force)

[501/679] C & C Carehome (San Bruno)
  → content already set; skipping (use --force)

[502/679] Crystal Springs Care Home (San Bruno)
  → content already set; skipping (use --force)

[503/679] Family Affair Care Home (San Bruno)
  → content already set; skipping (use --force)

[504/679] Gonzales Home (San Bruno)
  → content already set; skipping (use --force)

[505/679] Home at Crestmoor (San Bruno)
  → content already set; skipping (use --force)

[506/679] Ismaela's Home Care, Inc. (San Bruno)
  → content already set; skipping (use --force)

[507/679] J and J Manalo's Board and Care (San Bruno)
  → content already set; skipping (use --force)

[508/679] Mariah's Garden Home Care (San Bruno)
  → content already set; skipping (use --force)

[509/679] Monteverde Manor (San Bruno)
  → content already set; skipping (use --force)

[510/679] Monteverde Manor Ii (San Bruno)
  → content already set; skipping (use --force)

[511/679] Nanay's Home (San Bruno)
  → content already set; skipping (use --force)

[512/679] Pacaldo Llc (San Bruno)
  → content already set; skipping (use --force)

[513/679] Pacaldo Llc (San Bruno)
  → content already set; skipping (use --force)

[514/679] Pacaldo Llc (San Bruno)
  → content already set; skipping (use --force)

[515/679] Pacific Care Home Iii (San Bruno)
  → content already set; skipping (use --force)

[516/679] San Bruno Care Home (San Bruno)
  → content already set; skipping (use --force)

[517/679] Soledad's Home (San Bruno)
  → content already set; skipping (use --force)

[518/679] Sunshine Care Home Facility Llc (San Bruno)
  → content already set; skipping (use --force)

[519/679] Westborough Manor 6 (San Bruno)
  → content already set; skipping (use --force)

[520/679] Bayview Villa (San Carlos)
  → content already set; skipping (use --force)

[521/679] Chestnut House (San Carlos)
  → content already set; skipping (use --force)

[522/679] Dayton Home Care (San Carlos)
  → content already set; skipping (use --force)

[523/679] Peninsula Elderly Care Home - Laurelwood Llc (San Carlos)
  → content already set; skipping (use --force)

[524/679] Peninsula Elderly Care Home-laurel Llc (San Carlos)
  → content already set; skipping (use --force)

[525/679] Retirement Plus of San Carlos (San Carlos)
  → content already set; skipping (use --force)

[526/679] San Carlos Elms (San Carlos)
  → content already set; skipping (use --force)

[527/679] Belmont Village Sabre Springs (San Diego)
  Generating…
  Running quality gate…
  ✓ Quality gate passed
  ✓ Written to DB

[528/679] Ivy Park at la Jolla (San Diego)
  Generating…
  Running quality gate…
  ✓ Quality gate passed
  ✓ Written to DB

[529/679] Ivy Park at Sabre Springs (San Diego)
  Generating…
  Running quality gate…
  ✓ Quality gate passed
  ✓ Written to DB

[530/679] Merrill Gardens at Bankers Hill (San Diego)
  Generating…
  Running quality gate…
  ✓ Quality gate passed
  ✓ Written to DB

[531/679] Oakmont of Pacific Beach (San Diego)
  Generating…
  Running quality gate…
  ✓ Quality gate passed
  ✓ Written to DB

[532/679] Terraces at Via Verde-a Memory Care Community, the (San Dimas)
  Generating…
  Running quality gate…
  ✓ Quality gate passed
  ✓ Written to DB

[533/679] Ivy Park at San Marino (San Gabriel)
  Generating…
  Running quality gate…
  ✗ Quality gate FAILED:
    - Question 4 incorrectly states the facility 'holds a memory-care designation' when source data indicates the designation is RCFE with a name-matched dementia program indicator, not a formal CDSS memory-care designation.

[534/679] Ivy Park at San Juan Capistrano (San Juan Capistrano)
  Generating…
  Running quality gate…
  ✓ Quality gate passed
  ✓ Written to DB

[535/679] Silverado Senior Living-san Juan Capistrano (San Juan Capistrano)
  Generating…
  Running quality gate…
  ✓ Quality gate passed
  ✓ Written to DB

[536/679] California Mentor-marineview Home (San Leandro)
  → content already set; skipping (use --force)

[537/679] Carlton Plaza of San Leandro (San Leandro)
  → content already set; skipping (use --force)

[538/679] Heart and Soul Communities Ii (San Leandro)
  → content already set; skipping (use --force)

[539/679] Heritage Haven (San Leandro)
  → content already set; skipping (use --force)

[540/679] Jones Rest Home (San Leandro)
  → content already set; skipping (use --force)

[541/679] Marymount Villa Retirement Center (San Leandro)
  → content already set; skipping (use --force)

[542/679] Mori Manor (San Leandro)
  → content already set; skipping (use --force)

[543/679] Rosegate (San Leandro)
  → content already set; skipping (use --force)

[544/679] San Leandro Senior Living (San Leandro)
  → content already set; skipping (use --force)

[545/679] Sunrise Care Home (San Lorenzo)
  → content already set; skipping (use --force)

[546/679] Brookdale Place of San Marcos (San Marcos)
  Generating…
  Running quality gate…
  ✓ Quality gate passed
  ✓ Written to DB

[547/679] Country Rose Estate Memory Care (San Marcos)
  Generating…
  Running quality gate…
  ✓ Quality gate passed
  ✓ Written to DB

[548/679] Church Rcf (San Martin)
  → content already set; skipping (use --force)

[549/679] South County Retirement Home Inc. (San Martin)
  → content already set; skipping (use --force)

[550/679] St. Therese Homes, Inc. (San Martin)
  → content already set; skipping (use --force)

[551/679] A & E Home Care Services (San Mateo)
  → content already set; skipping (use --force)

[552/679] Adams Paul Inc (San Mateo)
  → content already set; skipping (use --force)

[553/679] Ageway Boarding Care #2 (San Mateo)
  → content already set; skipping (use --force)

[554/679] Ajaviniar Home Care Services Llc (San Mateo)
  → content already set; skipping (use --force)

[555/679] Amazing Home (San Mateo)
  → content already set; skipping (use --force)

[556/679] Angel Haven (San Mateo)
  → content already set; skipping (use --force)

[557/679] B & B Residential Facilities (San Mateo)
  → content already set; skipping (use --force)

[558/679] B & B Residential Facilities, Inc. (San Mateo)
  → content already set; skipping (use --force)

[559/679] B & B Residential Facilities, Inc. (San Mateo)
  → content already set; skipping (use --force)

[560/679] Chateau Sabelle (San Mateo)
  → content already set; skipping (use --force)

[561/679] Comfort Home Ii (San Mateo)
  → content already set; skipping (use --force)

[562/679] Complete Senior Living, Inc (San Mateo)
  → content already set; skipping (use --force)

[563/679] Cortez Home (San Mateo)
  → content already set; skipping (use --force)

[564/679] Emerald Residential Care Home (San Mateo)
  → content already set; skipping (use --force)

[565/679] Enchanted Garden for Seniors (San Mateo)
  → content already set; skipping (use --force)

[566/679] Garden Court at the Village (San Mateo)
  → content already set; skipping (use --force)

[567/679] George Anne Home (San Mateo)
  → content already set; skipping (use --force)

[568/679] Haven@22nd Avenue Assisted Living (San Mateo)
  → content already set; skipping (use --force)

[569/679] Hennelly House (San Mateo)
  → content already set; skipping (use --force)

[570/679] Heritage Inn (San Mateo)
  → content already set; skipping (use --force)

[571/679] Heritage Park (San Mateo)
  → content already set; skipping (use --force)

[572/679] Heritage Place (San Mateo)
  → content already set; skipping (use --force)

[573/679] Judy's Care Home for the Elderly (San Mateo)
  → content already set; skipping (use --force)

[574/679] Judy's Home for the Elderly (San Mateo)
  → content already set; skipping (use --force)

[575/679] Judy's Homes for the Elderly (San Mateo)
  → content already set; skipping (use --force)

[576/679] Judy's Homes for the Elderly, Inc. (San Mateo)
  → content already set; skipping (use --force)

[577/679] Kimochi San Mateo (San Mateo)
  → content already set; skipping (use --force)

[578/679] M. S. Care Home (San Mateo)
  → content already set; skipping (use --force)

[579/679] Martha's Home (San Mateo)
  → content already set; skipping (use --force)

[580/679] Monteverde Manor Iii (San Mateo)
  → content already set; skipping (use --force)

[581/679] Nani's Home (San Mateo)
  → content already set; skipping (use --force)

[582/679] Nevilyn's Home (San Mateo)
  → content already set; skipping (use --force)

[583/679] New Life Residence (San Mateo)
  → content already set; skipping (use --force)

[584/679] Norcal Care Home Ii (San Mateo)
  → content already set; skipping (use --force)

[585/679] Olivia's Care Home (San Mateo)
  → content already set; skipping (use --force)

[586/679] Olivia's Care Home Ii (San Mateo)
  → content already set; skipping (use --force)

[587/679] Olivia's Care Home Iii (San Mateo)
  → content already set; skipping (use --force)

[588/679] Olivia's Care Home Iv (San Mateo)
  → content already set; skipping (use --force)

[589/679] Our House (San Mateo)
  → content already set; skipping (use --force)

[590/679] Pacific Care Home (San Mateo)
  → content already set; skipping (use --force)

[591/679] Pacific Care Home Ii (San Mateo)
  → content already set; skipping (use --force)

[592/679] Pacific Care Home Iv (San Mateo)
  → content already set; skipping (use --force)

[593/679] Pacific Care Home V (San Mateo)
  → content already set; skipping (use --force)

[594/679] Patricia Home (San Mateo)
  → content already set; skipping (use --force)

[595/679] Peninsula Elderly Care Home (San Mateo)
  → content already set; skipping (use --force)

[596/679] Peninsula Regent (the) (San Mateo)
  → content already set; skipping (use --force)

[597/679] Peninsula Village (San Mateo)
  → content already set; skipping (use --force)

[598/679] Petani Haven (San Mateo)
  → content already set; skipping (use --force)

[599/679] Portola Place (San Mateo)
  → content already set; skipping (use --force)

[600/679] Roberta Care Home (San Mateo)
  → content already set; skipping (use --force)

[601/679] Roias Home for the Elderly (San Mateo)
  → content already set; skipping (use --force)

[602/679] Royal Ilima (San Mateo)
  → content already set; skipping (use --force)

[603/679] San Mateo Villa (San Mateo)
  → content already set; skipping (use --force)

[604/679] Sterling Court (San Mateo)
  → content already set; skipping (use --force)

[605/679] Stratford, the (San Mateo)
  → content already set; skipping (use --force)

[606/679] Sunrise of San Mateo (San Mateo)
  → content already set; skipping (use --force)

[607/679] Therese Residential Care Home (San Mateo)
  → content already set; skipping (use --force)

[608/679] Tlc Home Care V (San Mateo)
  → content already set; skipping (use --force)

[609/679] Vanessa Care Home Ii (San Mateo)
  → content already set; skipping (use --force)

[610/679] Abigail's Guest Home (San Ramon)
  → content already set; skipping (use --force)

[611/679] Belmont Village San Ramon (San Ramon)
  → content already set; skipping (use --force)

[612/679] Bluegarden Care (San Ramon)
  → content already set; skipping (use --force)

[613/679] Bluemeadow Care (San Ramon)
  → content already set; skipping (use --force)

[614/679] Brookdale San Ramon (San Ramon)
  → content already set; skipping (use --force)

[615/679] Discovery Commons San Ramon (San Ramon)
  → content already set; skipping (use --force)

[616/679] Emmaus Homecare Inc. (San Ramon)
  → content already set; skipping (use --force)

[617/679] Golden Hill Homes, Inc. (San Ramon)
  → content already set; skipping (use --force)

[618/679] Good Shepherd of San Ramon (San Ramon)
  → content already set; skipping (use --force)

[619/679] Green Valley Care Home (San Ramon)
  → content already set; skipping (use --force)

[620/679] Ivy Park at San Ramon (San Ramon)
  → content already set; skipping (use --force)

[621/679] Karo Mina Care Home (San Ramon)
  → content already set; skipping (use --force)

[622/679] Penny's Guest Home (San Ramon)
  → content already set; skipping (use --force)

[623/679] Sunny Days Care (San Ramon)
  → content already set; skipping (use --force)

[624/679] Tareyton Home, Llc (San Ramon)
  → content already set; skipping (use --force)

[625/679] Trinity Care Home #2 (San Ramon)
  → content already set; skipping (use --force)

[626/679] Trinity Care Home 3 (San Ramon)
  → content already set; skipping (use --force)

[627/679] Watermark at San Ramon, the (San Ramon)
  → content already set; skipping (use --force)

[628/679] Forever Young Memory Care (Santa Ana)
  Generating…
  Running quality gate…
  ✗ Quality gate FAILED:
    - Question 3 asks the facility to verify that all staff have completed dementia-specific training, which is a staffing training/certification program question and must be flagged.

[629/679] Ivy Park at Tustin (Santa Ana)
  Generating…
  Running quality gate…
  ✓ Quality gate passed
  ✓ Written to DB

[630/679] Willow View Gardens Memory Care & Assisted Living (Santa Ana)
  Generating…
  Running quality gate…
  ✗ Quality gate FAILED:
    - Question 3 claims '18 total deficiencies' were 'documented' in the March 30, 2026 inspection, but source data shows 18 deficiencies across all 31 inspections, not from a single inspection.
    - Question 4 asks to 'provide the written dementia-care program required by Title 22 §87705' which is asking the facility to show regulatory documentation — this should PASS — but the phrasing 'can you provide' without also requesting the facility's own corrective-action plan or remediation documentation makes it borderline; however, it is acceptable as written.

[631/679] Oakmont of Santa Clarita (Santa Clarita)
  Generating…
  Running quality gate…
  ✓ Quality gate passed
  ✓ Written to DB

[632/679] Brookdale Ocean House (Santa Monica)
  Generating…
  Running quality gate…
  ✓ Quality gate passed
  ✓ Written to DB

[633/679] Brookdale Santa Monica Gardens (Santa Monica)
  Generating…
  Running quality gate…
  ✓ Quality gate passed
  ✓ Written to DB

[634/679] Ivy Park at Santa Monica (Santa Monica)
  Generating…
  Running quality gate…
  ✓ Quality gate passed
  ✓ Written to DB

[635/679] April Garden Villa of Saratoga (Saratoga)
  → content already set; skipping (use --force)

[636/679] Bon Homie Saratoga (Saratoga)
  → content already set; skipping (use --force)

[637/679] Saratoga Retirement Community (Saratoga)
  → content already set; skipping (use --force)

[638/679] Saratoga Senior Living (Saratoga)
  → content already set; skipping (use --force)

[639/679] Villas at Saratoga Skilled Nursing & Asst Lvg, the (Saratoga)
  → content already set; skipping (use --force)

[640/679] Ivy Park at Seal Beach (Seal Beach)
  Generating…
  Running quality gate…
  ✓ Quality gate passed
  ✓ Written to DB

[641/679] Belmont Village Encino (Sherman Oaks)
  Generating…
  Running quality gate…
  ✓ Quality gate passed
  ✓ Written to DB

[642/679] Seabright Assisted Living and Memory Care (Solana Beach)
  Generating…
  Running quality gate…
  ✓ Quality gate passed
  ✓ Written to DB

[643/679] Beach Terrace Assisted Living and Memory Care (Stanton)
  Generating…
  Running quality gate…
  ✓ Quality gate passed
  ✓ Written to DB

[644/679] Ivy Park at Studio City (Studio City)
  Generating…
  Running quality gate…
  ✓ Quality gate passed
  ✓ Written to DB

[645/679] Brookdale Gardens of Tarzana (Tarzana)
  Generating…
  Running quality gate…
  ✓ Quality gate passed
  ✓ Written to DB

[646/679] Family Connect Memory Care Inc (Torrance)
  Generating…
  Running quality gate…
  ✓ Quality gate passed
  ✓ Written to DB

[647/679] Family Connected Memory Care Boutique (Torrance)
  Generating…
  Running quality gate…
  ✓ Quality gate passed
  ✓ Written to DB

[648/679] Ivy Park at Palos Verdes (Torrance)
  Generating…
  Running quality gate…
  ✓ Quality gate passed
  ✓ Written to DB

[649/679] Oakmont of Torrance (Torrance)
  Generating…
  Running quality gate…
  ✓ Quality gate passed
  ✓ Written to DB

[650/679] Silverado Rolling Hills (Torrance)
  Generating…
  Running quality gate…
  ✗ Quality gate FAILED:
    - The array contains 4 questions, which is the approved minimum and should PASS, but question 4 asks about internal quality-assurance audits and compliance review frequency, which implies staffing/oversight processes that may cross into staffing-ratio territory — flag for caution.
    - Question 3 references a regulatory code (§87705) but frames it as asking the facility to 'walk families through' compliance, which is acceptable; however, combined with question 4's audit-frequency question, the intent appears to probe operational oversight rather than documentation.
    - Question 4 asks about 'how often §87705 compliance is reviewed' — this asks about the frequency and nature of internal supervision/review processes, which relates to supervisor availability and oversight structure.

[651/679] South Bay Memory Care (Torrance)
  Generating…
  Running quality gate…
  ✓ Quality gate passed
  ✓ Written to DB

[652/679] Silverado Senior Living-tustin Hacienda (Tustin)
  Generating…
  Running quality gate…
  ✓ Quality gate passed
  ✓ Written to DB

[653/679] Acacia Creek - Union City (Union City)
  → content already set; skipping (use --force)

[654/679] Ageway Boarding Care #3 (Union City)
  → content already set; skipping (use --force)

[655/679] Ava Bella Care Home (Union City)
  → content already set; skipping (use --force)

[656/679] Begonia Residential Care Home (Union City)
  → content already set; skipping (use --force)

[657/679] C & L Home for the Elderly (Union City)
  → content already set; skipping (use --force)

[658/679] C & R Home for the Elderly (Union City)
  → content already set; skipping (use --force)

[659/679] Harmony Homes Llc (Union City)
  → content already set; skipping (use --force)

[660/679] Hartnell Home Care (Union City)
  → content already set; skipping (use --force)

[661/679] Masonic Home for Adults (Union City)
  → content already set; skipping (use --force)

[662/679] Merisol Care Home (Union City)
  → content already set; skipping (use --force)

[663/679] Merisol Care Home (Union City)
  → content already set; skipping (use --force)

[664/679] Mt. Zion Home for the Elderly (Union City)
  → content already set; skipping (use --force)

[665/679] Pacifica Senior Living Union City (Union City)
  → content already set; skipping (use --force)

[666/679] St. Therese Care Home Ii (Union City)
  → content already set; skipping (use --force)

[667/679] Tri City Care Home (Union City)
  → content already set; skipping (use --force)

[668/679] Oakmont of Valencia (Valencia)
  Generating…
  Running quality gate…
  ✓ Quality gate passed
  ✓ Written to DB

[669/679] Sunrise at Sterling Canyon (Valencia)
  Generating…
  Running quality gate…
  ✗ Quality gate FAILED:
    - Question 2 asks for 'documented competency assessments for caregivers,' which relates to staff training/certification programs and should be flagged.
    - Question 4 asks about internal audit/quality-assurance processes for monitoring compliance, which is not a staffing question and should pass, but the question as a whole does not clearly establish facility-specific facts needed to distinguish it from any generic facility.
    - The array contains exactly 4 questions, which meets the minimum approved standard and should pass.

[670/679] Vista Gardens Memory Care (Vista)
  Generating…
  Running quality gate…
  ✗ Quality gate FAILED:
    - Question 1 and 4 are duplicative — both ask to provide the written dementia-care program required by Title 22 §87705.
    - Array contains 4 questions, which is the approved minimum and should pass, but the duplication creates redundancy in substance.

[671/679] Merrill Gardens at West Covina (West Covina)
  Generating…
  Running quality gate…
  ✓ Quality gate passed
  ✓ Written to DB

[672/679] Ivy Park at West Hills (West Hills)
  Generating…
  Running quality gate…
  ✓ Quality gate passed
  ✓ Written to DB

[673/679] Sunrise of Westlake Village (Westlake Village)
  Generating…
  Running quality gate…
  ✓ Quality gate passed
  ✓ Written to DB

[674/679] Brookdale Brookhurst (Westminster)
  Generating…
  Running quality gate…
  ✓ Quality gate passed
  ✓ Written to DB

[675/679] Brookdale Central Whittier (Whittier)
  Generating…
  Running quality gate…
  ✓ Quality gate passed
  ✓ Written to DB

[676/679] Brookdale Uptown Whittier (Whittier)
  Generating…
  Running quality gate…
  ✓ Quality gate passed
  ✓ Written to DB

[677/679] Oakmont of Whittier (Whittier)
  Generating…
  Running quality gate…
  ✓ Quality gate passed
  ✓ Written to DB

[678/679] Ivy Park at Woodland Hills (Woodland Hills)
  Generating…
  Running quality gate…
  ✓ Quality gate passed
  ✓ Written to DB

[679/679] Sunrise at Yorba Linda (Yorba Linda)
  Generating…
  Running quality gate…
  ✓ Quality gate passed
  ✓ Written to DB

=======================================================
Content generation complete
=======================================================
  Written       : 138
  Skipped       : 532 (already had content)
  Failed gate   : 9
  Errors        : 0
=======================================================
