Facilities loaded: 533
Silverado seed already set; skipping (use --force to overwrite).

[1/532] Cardinal Point at Mariner Square (Alameda)
  → content already set; skipping (use --force)

[2/532] Elders Inn On Webster (Alameda)
  → content already set; skipping (use --force)

[3/532] Golden Age Bayside Ii (Alameda)
  → content already set; skipping (use --force)

[4/532] Golden Age of Sweet Road (Alameda)
  → content already set; skipping (use --force)

[5/532] Harbor Bay Assisted Living Inc (Alameda)
  → content already set; skipping (use --force)

[6/532] Oakmont of Mariner Point (Alameda)
  → content already set; skipping (use --force)

[7/532] Alamo Care Home (Alamo)
  → content already set; skipping (use --force)

[8/532] Alamo Residence Home (Alamo)
  → content already set; skipping (use --force)

[9/532] Casa Blanca Retirement Homes (Alamo)
  → content already set; skipping (use --force)

[10/532] Castle Crest Home I (Alamo)
  Generating…
  Running quality gate…
  ✓ Quality gate passed
  ✓ Written to DB

[11/532] Eaton Place (Alamo)
  → content already set; skipping (use --force)

[12/532] Gines Residential Care Home Iii (Alamo)
  → content already set; skipping (use --force)

[13/532] Megan Care Home (Alamo)
  → content already set; skipping (use --force)

[14/532] Navajo Care Home (Alamo)
  → content already set; skipping (use --force)

[15/532] New Alamo Residence Home (Alamo)
  → content already set; skipping (use --force)

[16/532] Roundhill Care Homes, Inc. (Alamo)
  → content already set; skipping (use --force)

[17/532] Welcome Home Senior Residence (alamo Ii) (Alamo)
  → content already set; skipping (use --force)

[18/532] Welcome Home Senior Residence (alamo) (Alamo)
  Generating…
  Running quality gate…
  ✓ Quality gate passed
  ✓ Written to DB

[19/532] Welcome Home Senior Residence-alamo 3 (Alamo)
  → content already set; skipping (use --force)

[20/532] Belmont Village Albany (Albany)
  → content already set; skipping (use --force)

[21/532] Raksha 13 Care Home (Albany)
  → content already set; skipping (use --force)

[22/532] Raksha 4 Care Home (Albany)
  → content already set; skipping (use --force)

[23/532] Raksha 6 (Albany)
  → content already set; skipping (use --force)

[24/532] New Rivershore Care Home (Bay Point)
  → content already set; skipping (use --force)

[25/532] Willow Glen Residence (Bay Point)
  → content already set; skipping (use --force)

[26/532] Ivy Park of Belmont (Belmont)
  → content already set; skipping (use --force)

[27/532] Silverado Senior Living - Belmont Hills (Belmont)
  → content already set; skipping (use --force)

[28/532] Vista Terrace of Belmont (Belmont)
  → content already set; skipping (use --force)

[29/532] Angeleon Care Home (Berkeley)
  → content already set; skipping (use --force)

[30/532] Angels Windsor House (Berkeley)
  → content already set; skipping (use --force)

[31/532] Elegance Berkeley (Berkeley)
  → content already set; skipping (use --force)

[32/532] Golden Oasis (Berkeley)
  → content already set; skipping (use --force)

[33/532] Ivy at Berkeley, the (Berkeley)
  → content already set; skipping (use --force)

[34/532] Acacia Manor (Burlingame)
  → content already set; skipping (use --force)

[35/532] Am Residential Care Home (Burlingame)
  → content already set; skipping (use --force)

[36/532] Burlingame Senior Home (Burlingame)
  Generating…
  Running quality gate…
  ✓ Quality gate passed
  ✓ Written to DB

[37/532] Burlingame Senior Home 2 (Burlingame)
  → content already set; skipping (use --force)

[38/532] Burlingame Senior Living (Burlingame)
  → content already set; skipping (use --force)

[39/532] Burlingame Villa, Inc. (Burlingame)
  → content already set; skipping (use --force)

[40/532] Cedarhill Manor Ii (Burlingame)
  → content already set; skipping (use --force)

[41/532] Marina's Home (Burlingame)
  → content already set; skipping (use --force)

[42/532] Mills Estate Villa (Burlingame)
  → content already set; skipping (use --force)

[43/532] Oakmont of Burlingame (Burlingame)
  → content already set; skipping (use --force)

[44/532] Toyon Care Llc (Burlingame)
  → content already set; skipping (use --force)

[45/532] Trousdale, the (Burlingame)
  → content already set; skipping (use --force)

[46/532] Ambrosia Home (Campbell)
  → content already set; skipping (use --force)

[47/532] Bed of Roses Residential Care Home (Campbell)
  → content already set; skipping (use --force)

[48/532] Campbell Senior Living (Campbell)
  → content already set; skipping (use --force)

[49/532] Campbell Village (Campbell)
  → content already set; skipping (use --force)

[50/532] Esther's Residential Care Home (Campbell)
  → content already set; skipping (use --force)

[51/532] Gardenia Homes 1 Llc (Campbell)
  → content already set; skipping (use --force)

[52/532] Merrill Gardens at Campbell (Campbell)
  Generating…
  Running quality gate…
  ✓ Quality gate passed
  ✓ Written to DB

[53/532] Mina's Elderly Care Home 3 Llc (Campbell)
  → content already set; skipping (use --force)

[54/532] Palm Villas, Campbell (Campbell)
  → content already set; skipping (use --force)

[55/532] Princess Lodge (Campbell)
  → content already set; skipping (use --force)

[56/532] Sakura Gardens Villa Llc (Campbell)
  → content already set; skipping (use --force)

[57/532] Shamrock Residential Care Home (Campbell)
  → content already set; skipping (use --force)

[58/532] West Valley Care Home (Campbell)
  → content already set; skipping (use --force)

[59/532] White Oaks Senior Living (Campbell)
  → content already set; skipping (use --force)

[60/532] Aaa Care Haven Ii (Castro Valley)
  → content already set; skipping (use --force)

[61/532] Almond Road Senior Estates (Castro Valley)
  → content already set; skipping (use --force)

[62/532] Baywood Court (Castro Valley)
  → content already set; skipping (use --force)

[63/532] Carefield Castro Valley (Castro Valley)
  → content already set; skipping (use --force)

[64/532] Castro Village Care Home (Castro Valley)
  → content already set; skipping (use --force)

[65/532] Eden Assisted Living (Castro Valley)
  → content already set; skipping (use --force)

[66/532] Fairbanks One (Castro Valley)
  → content already set; skipping (use --force)

[67/532] Lake Chabot Care Home (Castro Valley)
  → content already set; skipping (use --force)

[68/532] Oakcreek (Castro Valley)
  → content already set; skipping (use --force)

[69/532] Redwood Assisted Living (Castro Valley)
  → content already set; skipping (use --force)

[70/532] Welcome Home - Castro Valley (Castro Valley)
  → content already set; skipping (use --force)

[71/532] Willow Creek Alzheimer's & Dementia Care Center (Castro Valley)
  → content already set; skipping (use --force)

[72/532] Woodside Residential Care Facility for Elderly (Castro Valley)
  → content already set; skipping (use --force)

[73/532] California Sunshine Rcfe (Clayton)
  → content already set; skipping (use --force)

[74/532] Peninsula Reflections (Colma)
  → content already set; skipping (use --force)

[75/532] Forum at Rancho San Antonio, the (Cupertino)
  → content already set; skipping (use --force)

[76/532] Paradise Manor Ii Inc. (Cupertino)
  → content already set; skipping (use --force)

[77/532] Selah Elderly Care (Cupertino)
  Generating…
  Running quality gate…
  ✓ Quality gate passed
  ✓ Written to DB

[78/532] Sunny View Retirement Community (Cupertino)
  Generating…
  Running quality gate…
  ✓ Quality gate passed
  ✓ Written to DB

[79/532] Angel's Crest Home Ii (Danville)
  → content already set; skipping (use --force)

[80/532] Brookdale Danville (Danville)
  → content already set; skipping (use --force)

[81/532] Brookdale Diablo Lodge (Danville)
  → content already set; skipping (use --force)

[82/532] Danville Care Home (Danville)
  Generating…
  Running quality gate…
  ✗ Quality gate FAILED:
    - Question 2 incorrectly states Title 22 §87705 does not apply to this license type — this is a regulatory code citation that should not be dismissed in a question.
    - Question 2 asks about 'dementia-care training' and 'competency assessments' which could relate to staffing qualifications and training programs, a restricted topic.
    - Question 4 uses the phrasing 'go beyond the baseline Title 22 requirements' which conflates marketing claims with regulatory scope in a way that may mislead families about what memory care means.

[83/532] Danville Courtyard (Danville)
  → content already set; skipping (use --force)

[84/532] Danville Home for Seniors (Danville)
  → content already set; skipping (use --force)

[85/532] Danville Paradise (Danville)
  Generating…
  Running quality gate…
  ✓ Quality gate passed
  ✓ Written to DB

[86/532] Golden Pond (Danville)
  → content already set; skipping (use --force)

[87/532] Good Shepherd of Danville (Danville)
  → content already set; skipping (use --force)

[88/532] Granny's Loving Angels Llc (Danville)
  Generating…
  Running quality gate…
  ✓ Quality gate passed
  ✓ Written to DB

[89/532] Home Sweet Elsie (Danville)
  → content already set; skipping (use --force)

[90/532] Lynwood Guest Home (Danville)
  → content already set; skipping (use --force)

[91/532] Magnolia Garden Assisted Living (Danville)
  → content already set; skipping (use --force)

[92/532] Paraiso Gardens (Danville)
  → content already set; skipping (use --force)

[93/532] Reutlinger Community, the (Danville)
  → content already set; skipping (use --force)

[94/532] Round Hill Care Homes, Inc. (Danville)
  Generating…
  Running quality gate…
  ✓ Quality gate passed
  ✓ Written to DB

[95/532] Serving Hands Llc (Danville)
  → content already set; skipping (use --force)

[96/532] Sunrise Assisted Living of Danville (Danville)
  Generating…
  Running quality gate…
  ✓ Quality gate passed
  ✓ Written to DB

[97/532] Trinity Care Home 4 (Danville)
  → content already set; skipping (use --force)

[98/532] Allstar Residence (Dublin)
  → content already set; skipping (use --force)

[99/532] Emerald Home Care (Dublin)
  → content already set; skipping (use --force)

[100/532] Emerald Valley (Dublin)
  → content already set; skipping (use --force)

[101/532] Helping Hands, Llc (Dublin)
  → content already set; skipping (use --force)

[102/532] Sunrise Home Care (Dublin)
  → content already set; skipping (use --force)

[103/532] Valle Verde Care Home Ii (Dublin)
  → content already set; skipping (use --force)

[104/532] Warm House (Dublin)
  → content already set; skipping (use --force)

[105/532] Wright Place, the (East Palo Alto)
  → content already set; skipping (use --force)

[106/532] Carter Place (El Sobrante)
  Generating…
  Running quality gate…
  ✗ Quality gate FAILED:
    - Question 1 asks about resident-to-caregiver ratios and how they are maintained, which is a staffing ratio question.
    - Question 3 asks whether staff are trained in dementia-specific protocols, which is a staff training question.
    - The array contains exactly 4 questions, which is acceptable, but combined with the staffing/training issues above, this fails on content grounds.

[107/532] Hailey's Care Home (El Sobrante)
  → content already set; skipping (use --force)

[108/532] Hm Love & Care Home (El Sobrante)
  Generating…
  Running quality gate…
  ✗ Quality gate FAILED:
    - Question 1 claims 5 serious citations but source data shows 5 serious citations total — this is correct, but the phrasing 'on file across all inspections' matches the approved format and should PASS.
    - Question 4 asks about 'specialized dementia-care training or protocols' and 'staff' programs — this crosses into staffing/training program territory and should be flagged.

[109/532] Lakeview Lodge (Emerald Hills)
  → content already set; skipping (use --force)

[110/532] 1440 by the Bay (Emeryville)
  → content already set; skipping (use --force)

[111/532] Always Tlc (Foster City)
  → content already set; skipping (use --force)

[112/532] Atria at Foster Square (Foster City)
  → content already set; skipping (use --force)

[113/532] Emerald Retirement Residence (Foster City)
  Generating…
  Running quality gate…
  ✓ Quality gate passed
  ✓ Written to DB

[114/532] Five Star Care Home Ii (Foster City)
  → content already set; skipping (use --force)

[115/532] Janie's Home (Foster City)
  → content already set; skipping (use --force)

[116/532] Seniors at Crane (Foster City)
  → content already set; skipping (use --force)

[117/532] Sonas Home (Foster City)
  Generating…
  Running quality gate…
  ✓ Quality gate passed
  ✓ Written to DB

[118/532] A & P Care Home for Seniors (Fremont)
  → content already set; skipping (use --force)

[119/532] Aegis Assisted Living of Fremont (Fremont)
  → content already set; skipping (use --force)

[120/532] Aegis Gardens (Fremont)
  → content already set; skipping (use --force)

[121/532] Beloved Home Retreat (Fremont)
  → content already set; skipping (use --force)

[122/532] Brookdale North Fremont (Fremont)
  → content already set; skipping (use --force)

[123/532] Carlton Plaza of Fremont (Fremont)
  → content already set; skipping (use --force)

[124/532] Cma Care Home (Fremont)
  → content already set; skipping (use --force)

[125/532] Cma Care Home 1 (Fremont)
  → content already set; skipping (use --force)

[126/532] Common Destiny (Fremont)
  → content already set; skipping (use --force)

[127/532] Footprint Care Home (Fremont)
  → content already set; skipping (use --force)

[128/532] Fremont Hills (Fremont)
  → content already set; skipping (use --force)

[129/532] Fremont Village (Fremont)
  → content already set; skipping (use --force)

[130/532] H & M Homes Llc (Fremont)
  → content already set; skipping (use --force)

[131/532] Heather's Care Home (Fremont)
  → content already set; skipping (use --force)

[132/532] Isherwood Care Iii (Fremont)
  → content already set; skipping (use --force)

[133/532] K & J Residential Care Home (Fremont)
  → content already set; skipping (use --force)

[134/532] K & J Residential Care Home Iii (Fremont)
  → content already set; skipping (use --force)

[135/532] La Concepcion Residential Care Home (Fremont)
  → content already set; skipping (use --force)

[136/532] Lincoln Villa (Fremont)
  → content already set; skipping (use --force)

[137/532] Lucky Garden Care Home (Fremont)
  → content already set; skipping (use --force)

[138/532] Mary's Manor (Fremont)
  → content already set; skipping (use --force)

[139/532] Merisol Care (Fremont)
  → content already set; skipping (use --force)

[140/532] Muriel's Residential Facility (Fremont)
  → content already set; skipping (use --force)

[141/532] Muriel's Residential Facility Ii (Fremont)
  → content already set; skipping (use --force)

[142/532] Tri City Care Home Ii (Fremont)
  → content already set; skipping (use --force)

[143/532] Bonita Springs Care Home (Gilroy)
  → content already set; skipping (use --force)

[144/532] Clark's Villa (Gilroy)
  → content already set; skipping (use --force)

[145/532] Gilroy Elderly Care Home (Gilroy)
  → content already set; skipping (use --force)

[146/532] Merrill Gardens at Gilroy (Gilroy)
  → content already set; skipping (use --force)

[147/532] Sweet Care Home in Gilroy (Gilroy)
  → content already set; skipping (use --force)

[148/532] Above & Beyond Rcfe, Inc. (Hayward)
  → content already set; skipping (use --force)

[149/532] Alondra Care Home 3 (Hayward)
  → content already set; skipping (use --force)

[150/532] Arcadian Residential Community (Hayward)
  → content already set; skipping (use --force)

[151/532] Astera Care Home Llc (Hayward)
  → content already set; skipping (use --force)

[152/532] Bella Vista (Hayward)
  → content already set; skipping (use --force)

[153/532] Bellara Senior Living (Hayward)
  → content already set; skipping (use --force)

[154/532] Bethesda Home (Hayward)
  → content already set; skipping (use --force)

[155/532] Bloomstone Family Home Llc (Hayward)
  → content already set; skipping (use --force)

[156/532] Blossom Garden Senior Home (Hayward)
  → content already set; skipping (use --force)

[157/532] Colonial Acres Residential Care Home (Hayward)
  → content already set; skipping (use --force)

[158/532] Continuance Care Home Llc (Hayward)
  → content already set; skipping (use --force)

[159/532] Diana's Care Home (Hayward)
  → content already set; skipping (use --force)

[160/532] Diana's Care Home (Hayward)
  → content already set; skipping (use --force)

[161/532] Elle's Home (Hayward)
  → content already set; skipping (use --force)

[162/532] Escueta Care Home 2 (Hayward)
  → content already set; skipping (use --force)

[163/532] Galicia's Tulip Care Home #2 (Hayward)
  → content already set; skipping (use --force)

[164/532] H & M Homes Standish (Hayward)
  → content already set; skipping (use --force)

[165/532] Ivy Park at Hayward (Hayward)
  → content already set; skipping (use --force)

[166/532] Julian Family Carehome (Hayward)
  → content already set; skipping (use --force)

[167/532] Landmark Villa (Hayward)
  → content already set; skipping (use --force)

[168/532] Montgomery Springs Manor (Hayward)
  → content already set; skipping (use --force)

[169/532] Moonraker Villa Senior Care 2 (Hayward)
  → content already set; skipping (use --force)

[170/532] Pacaldo-yee (Hayward)
  → content already set; skipping (use --force)

[171/532] Palm Tree Courtyard (Hayward)
  → content already set; skipping (use --force)

[172/532] Pleasant Hill Manor (Hayward)
  → content already set; skipping (use --force)

[173/532] Royal Colony View Place (Hayward)
  → content already set; skipping (use --force)

[174/532] Ruus Home-rcfe (Hayward)
  → content already set; skipping (use --force)

[175/532] Scott Residential Care Home (Hayward)
  → content already set; skipping (use --force)

[176/532] Scott Villa (Hayward)
  → content already set; skipping (use --force)

[177/532] St. Lourdes Home (Hayward)
  → content already set; skipping (use --force)

[178/532] Ask Assisted Living Llc (Lafayette)
  → content already set; skipping (use --force)

[179/532] Ask: Hidden Valley Care Home (Lafayette)
  → content already set; skipping (use --force)

[180/532] Atria Park of Lafayette (Lafayette)
  → content already set; skipping (use --force)

[181/532] Caring Angels Care Home (Lafayette)
  → content already set; skipping (use --force)

[182/532] Immaculate Home at Withers (Lafayette)
  → content already set; skipping (use --force)

[183/532] Lafayette Care Home (Lafayette)
  → content already set; skipping (use --force)

[184/532] Lafayette Care Home Ii (Lafayette)
  → content already set; skipping (use --force)

[185/532] Lafayette Gardens (Lafayette)
  → content already set; skipping (use --force)

[186/532] Lafayette Heights Res. Care (Lafayette)
  → content already set; skipping (use --force)

[187/532] Merrill Gardens at Lafayette (Lafayette)
  Generating…
  Running quality gate…
  ✓ Quality gate passed
  ✓ Written to DB

[188/532] Woodlands Iv (Lafayette)
  → content already set; skipping (use --force)

[189/532] A Gabriela's Villa-livermore (Livermore)
  → content already set; skipping (use --force)

[190/532] A Home of Our Own (Livermore)
  → content already set; skipping (use --force)

[191/532] A New Haven Care Home - Adams (Livermore)
  → content already set; skipping (use --force)

[192/532] A New Haven Care Home - Berlin (Livermore)
  → content already set; skipping (use --force)

[193/532] A New Haven Care Home - Hampton (Livermore)
  → content already set; skipping (use --force)

[194/532] A New Haven Care Home-hudson (Livermore)
  → content already set; skipping (use --force)

[195/532] A New Haven Care Home-springtown (Livermore)
  → content already set; skipping (use --force)

[196/532] Anastasia (Livermore)
  → content already set; skipping (use --force)

[197/532] Assisted Graceful Living (Livermore)
  → content already set; skipping (use --force)

[198/532] Bethany Home Senior Living, Llc (Livermore)
  → content already set; skipping (use --force)

[199/532] Bethany Home/harvard Manor (Livermore)
  → content already set; skipping (use --force)

[200/532] Bethany Homes Senior Living Ii (Livermore)
  → content already set; skipping (use --force)

[201/532] Caring Hands (Livermore)
  → content already set; skipping (use --force)

[202/532] Evergreen Senior Assisted Living (Livermore)
  → content already set; skipping (use --force)

[203/532] Grace Home Care - Lloyd (Livermore)
  → content already set; skipping (use --force)

[204/532] Grace Home Care - Meadowlark (Livermore)
  → content already set; skipping (use --force)

[205/532] Hrs Care Home (Livermore)
  → content already set; skipping (use --force)

[206/532] Kennedy Guest Home (Livermore)
  → content already set; skipping (use --force)

[207/532] Khivi Care, Llc (Livermore)
  → content already set; skipping (use --force)

[208/532] Leap Care Services Llc (Livermore)
  → content already set; skipping (use --force)

[209/532] Livermore Care Home (Livermore)
  → content already set; skipping (use --force)

[210/532] Milan Villa Senior Living (Livermore)
  → content already set; skipping (use --force)

[211/532] Old Oak Golden Villa, Llc (Livermore)
  → content already set; skipping (use --force)

[212/532] Quail Garden (Livermore)
  → content already set; skipping (use --force)

[213/532] Quail Garden 2 (Livermore)
  → content already set; skipping (use --force)

[214/532] Rhome Cares at Lynn (Livermore)
  → content already set; skipping (use --force)

[215/532] Shannen Guest Home (Livermore)
  → content already set; skipping (use --force)

[216/532] Sunrise Private Care (Livermore)
  → content already set; skipping (use --force)

[217/532] Tuscany Villa Senior Living (Livermore)
  → content already set; skipping (use --force)

[218/532] Watermark at Rosewood Gardens, the (Livermore)
  → content already set; skipping (use --force)

[219/532] Bridgepoint at los Altos (Los Altos)
  → content already set; skipping (use --force)

[220/532] El Sereno Home (Los Altos)
  → content already set; skipping (use --force)

[221/532] Hidden Lane Villa (Los Altos)
  → content already set; skipping (use --force)

[222/532] Snow White Care Home (Los Altos)
  Generating…
  Running quality gate…
  ✓ Quality gate passed
  ✓ Written to DB

[223/532] Terraces at los Altos, the (Los Altos)
  → content already set; skipping (use --force)

[224/532] Cedar Creek Alzheimer's & Dementia Care Center (Los Gatos)
  → content already set; skipping (use --force)

[225/532] Mina's Elderly Carehome 2 (Los Gatos)
  → content already set; skipping (use --force)

[226/532] Minas Elderly Care Home 1 (Los Gatos)
  → content already set; skipping (use --force)

[227/532] Roxbury Elderly Care Llc (Los Gatos)
  → content already set; skipping (use --force)

[228/532] Terraces of los Gatos, the (Los Gatos)
  → content already set; skipping (use --force)

[229/532] Aster Garden Care Home, Inc (Martinez)
  Generating…
  Running quality gate…
  ✗ Quality gate FAILED:
    - Question 1 references LIC 809, a form number that triggers automatic failure.
    - Question 3 asks about staff dementia-specific training, which is a staffing/training program question.
    - Question 4 asks to show inspection documentation, but only asks for state-issued paperwork without also requesting the facility's own corrective-action plan or written program.

[230/532] Cherish Care Home Inc. (Martinez)
  → content already set; skipping (use --force)

[231/532] Olympic Residential Care Home (Martinez)
  → content already set; skipping (use --force)

[232/532] Reliez Valley Care Home (Martinez)
  Generating…
  Running quality gate…
  ✓ Quality gate passed
  ✓ Written to DB

[233/532] Villa Nueva Care Home 4 (Martinez)
  → content already set; skipping (use --force)

[234/532] Villa Vittoria (Martinez)
  → content already set; skipping (use --force)

[235/532] Pech5 Mg Oc Llc (Menlo Park)
  Generating…
  Running quality gate…
  ✓ Quality gate passed
  ✓ Written to DB

[236/532] Sandhill Assisted Living Llc (Menlo Park)
  → content already set; skipping (use --force)

[237/532] Sandhill Assisted Living Llc (Menlo Park)
  → content already set; skipping (use --force)

[238/532] Silver Oaks (Menlo Park)
  → content already set; skipping (use --force)

[239/532] Advent Residential Home Ii (Millbrae)
  Generating…
  Running quality gate…
  ✓ Quality gate passed
  ✓ Written to DB

[240/532] Cadence Millbrae (Millbrae)
  → content already set; skipping (use --force)

[241/532] Elle's Care Home 2 (Millbrae)
  → content already set; skipping (use --force)

[242/532] Golden Age Inc. (Millbrae)
  → content already set; skipping (use --force)

[243/532] Hearts at Millwood Assisted Living (Millbrae)
  → content already set; skipping (use --force)

[244/532] Heritage Royale (Millbrae)
  Generating…
  Running quality gate…
  ✓ Quality gate passed
  ✓ Written to DB

[245/532] J and V Family Care Home (Millbrae)
  → content already set; skipping (use --force)

[246/532] Magnolia of Millbrae (Millbrae)
  → content already set; skipping (use --force)

[247/532] Millbrae Assisted Living Home (Millbrae)
  → content already set; skipping (use --force)

[248/532] Millbrae Board & Care Home (Millbrae)
  → content already set; skipping (use --force)

[249/532] Millbrae Family Care Home (Millbrae)
  → content already set; skipping (use --force)

[250/532] Millbrae Paradise Care Home (Millbrae)
  → content already set; skipping (use --force)

[251/532] Jla Healthcare Services Llc (Montara)
  → content already set; skipping (use --force)

[252/532] New Cedar Lane Care Home, Inc. (Montara)
  → content already set; skipping (use --force)

[253/532] Aegis Assisted Living of Moraga (Moraga)
  → content already set; skipping (use --force)

[254/532] Moraga Retreat Care (Moraga)
  Generating…
  Running quality gate…
  ✓ Quality gate passed
  ✓ Written to DB

[255/532] Moraga Retreat Care On Woodford (Moraga)
  Generating…
  Running quality gate…
  ✓ Quality gate passed
  ✓ Written to DB

[256/532] Moraga Royale (Moraga)
  → content already set; skipping (use --force)

[257/532] Elwyn California Ginger Home (Morgan Hill)
  Generating…
  Running quality gate…
  ✓ Quality gate passed
  ✓ Written to DB

[258/532] Laurel Heights (Morgan Hill)
  Generating…
  Running quality gate…
  ✗ Quality gate FAILED:
    - Question 3 asks what dementia-specific training caregivers receive, which is a staffing training/certification question and triggers a fail condition.

[259/532] Loma Clara Senior Living (Morgan Hill)
  → content already set; skipping (use --force)

[260/532] Meridian Manor 3 Special Res Fac for Elderly(rcfe) (Morgan Hill)
  → content already set; skipping (use --force)

[261/532] Primavera Gardens (Morgan Hill)
  → content already set; skipping (use --force)

[262/532] Valley Pines (Morgan Hill)
  → content already set; skipping (use --force)

[263/532] Vila Monte (Morgan Hill)
  → content already set; skipping (use --force)

[264/532] Villa Amor (Morgan Hill)
  → content already set; skipping (use --force)

[265/532] Westmont of Morgan Hill (Morgan Hill)
  → content already set; skipping (use --force)

[266/532] Casa Alice Care Home (Mountain View)
  → content already set; skipping (use --force)

[267/532] Casa Pastel Care Home (Mountain View)
  → content already set; skipping (use --force)

[268/532] Paradise Care Home (Mountain View)
  → content already set; skipping (use --force)

[269/532] Villa Siena (Mountain View)
  → content already set; skipping (use --force)

[270/532] Villa Toscana a Memory Care Community (Mountain View)
  → content already set; skipping (use --force)

[271/532] Alondra Care Home 2 (Newark)
  → content already set; skipping (use --force)

[272/532] Flintwood Care Home (Newark)
  → content already set; skipping (use --force)

[273/532] Heavenly Care Home (Newark)
  → content already set; skipping (use --force)

[274/532] Our Three Hearts Care Home Llc (Newark)
  → content already set; skipping (use --force)

[275/532] St Joseph Senior Care (Newark)
  → content already set; skipping (use --force)

[276/532] Alondra Care Home (Oakland)
  → content already set; skipping (use --force)

[277/532] Bellaken Garden (Oakland)
  → content already set; skipping (use --force)

[278/532] Charitys Residence (Oakland)
  → content already set; skipping (use --force)

[279/532] D'nalor Care Homes, Llc (Oakland)
  → content already set; skipping (use --force)

[280/532] Dimond Care (Oakland)
  → content already set; skipping (use --force)

[281/532] Dimond Care Ii (Oakland)
  → content already set; skipping (use --force)

[282/532] East Bay Assisted Living (Oakland)
  → content already set; skipping (use --force)

[283/532] East Bay Longevity Assisted Living (Oakland)
  → content already set; skipping (use --force)

[284/532] Elder Ashram (Oakland)
  → content already set; skipping (use --force)

[285/532] Good Shepherd Vista (Oakland)
  → content already set; skipping (use --force)

[286/532] Grand Lake Vista (Oakland)
  → content already set; skipping (use --force)

[287/532] Holy Family Home (Oakland)
  → content already set; skipping (use --force)

[288/532] House of Psalms Assisted Living for Seniors (Oakland)
  → content already set; skipping (use --force)

[289/532] Ivy Park at Oakland Hills (Oakland)
  → content already set; skipping (use --force)

[290/532] J & C Care Center Llc (Oakland)
  → content already set; skipping (use --force)

[291/532] Lake Park Senior Living (Oakland)
  → content already set; skipping (use --force)

[292/532] Lakeshore Residential Care (Oakland)
  → content already set; skipping (use --force)

[293/532] Lakeside Park (Oakland)
  → content already set; skipping (use --force)

[294/532] Mercy Retirement & Care Center (Oakland)
  → content already set; skipping (use --force)

[295/532] Merrill Gardens at Rockridge (Oakland)
  → content already set; skipping (use --force)

[296/532] Oakland Heights Senior Living (Oakland)
  → content already set; skipping (use --force)

[297/532] Opal Care Llc (Oakland)
  → content already set; skipping (use --force)

[298/532] Piedmont Gardens #1 (Oakland)
  → content already set; skipping (use --force)

[299/532] Point at Rockridge, the (Oakland)
  → content already set; skipping (use --force)

[300/532] St. Paul's Towers (Oakland)
  → content already set; skipping (use --force)

[301/532] B. Ruiz Carehome 2 (Oakley)
  Generating…
  Running quality gate…
  ✓ Quality gate passed
  ✓ Written to DB

[302/532] Buttons Elderly Care Llc (Oakley)
  → content already set; skipping (use --force)

[303/532] Camelia Gardens (Oakley)
  → content already set; skipping (use --force)

[304/532] Cathedral Care Home - Oakley (Oakley)
  → content already set; skipping (use --force)

[305/532] Coral Home Care Llc (Oakley)
  → content already set; skipping (use --force)

[306/532] Ecolux Assisted Living (Oakley)
  → content already set; skipping (use --force)

[307/532] Light of Grace I (Oakley)
  → content already set; skipping (use --force)

[308/532] Oakley Assisted Living Ii , Llc (Oakley)
  → content already set; skipping (use --force)

[309/532] Oakley Assisted Living Llc (Oakley)
  → content already set; skipping (use --force)

[310/532] Sacred Hands Living Iii (Oakley)
  → content already set; skipping (use --force)

[311/532] Safe Haven Oakley Llc (Oakley)
  Generating…
  Running quality gate…
  ✓ Quality gate passed
  ✓ Written to DB

[312/532] Serene Care Winchester (Oakley)
  → content already set; skipping (use --force)

[313/532] Spyglass Senior Villa I (Oakley)
  → content already set; skipping (use --force)

[314/532] Spyglass Senior Villa Ii (Oakley)
  → content already set; skipping (use --force)

[315/532] Teresa's Quality Comfort Care, Llc (Oakley)
  → content already set; skipping (use --force)

[316/532] Vita (Oakley)
  → content already set; skipping (use --force)

[317/532] Saint Jarielle Residential Care 2 (Pacifica)
  → content already set; skipping (use --force)

[318/532] Saint Jarrielle Residential Care (Pacifica)
  → content already set; skipping (use --force)

[319/532] Tlc Pacifica (Pacifica)
  Generating…
  Running quality gate…
  ✓ Quality gate passed
  ✓ Written to DB

[320/532] Channing House (Palo Alto)
  → content already set; skipping (use --force)

[321/532] Ivy Park at Palo Alto (Palo Alto)
  → content already set; skipping (use --force)

[322/532] Lytton Gardens Community Care (Palo Alto)
  → content already set; skipping (use --force)

[323/532] Moldaw Family Residences at 899 Charleston (Palo Alto)
  → content already set; skipping (use --force)

[324/532] Palo Alto Commons (Palo Alto)
  → content already set; skipping (use --force)

[325/532] Vi at Palo Alto (Palo Alto)
  → content already set; skipping (use --force)

[326/532] Webster House (Palo Alto)
  → content already set; skipping (use --force)

[327/532] Aegis Living Pleasant Hill (Pleasant Hill)
  → content already set; skipping (use --force)

[328/532] Better Living Care Home (Pleasant Hill)
  → content already set; skipping (use --force)

[329/532] Boyd Senior Care Home (Pleasant Hill)
  → content already set; skipping (use --force)

[330/532] Chateau Iii (Pleasant Hill)
  → content already set; skipping (use --force)

[331/532] Chateau Pleasant Hill (Pleasant Hill)
  → content already set; skipping (use --force)

[332/532] Cordial Care Home (Pleasant Hill)
  → content already set; skipping (use --force)

[333/532] Dysico Care Home, Rcfe (Pleasant Hill)
  → content already set; skipping (use --force)

[334/532] Eden Senior Care (Pleasant Hill)
  → content already set; skipping (use --force)

[335/532] Elisabeth Care Home (Pleasant Hill)
  → content already set; skipping (use --force)

[336/532] Las Trampas - Sheila House (Pleasant Hill)
  → content already set; skipping (use --force)

[337/532] Maureen House (Pleasant Hill)
  → content already set; skipping (use --force)

[338/532] Memory Care of Contra Costa (Pleasant Hill)
  → content already set; skipping (use --force)

[339/532] Paradise Villa Senior Care Ii (Pleasant Hill)
  → content already set; skipping (use --force)

[340/532] Pleasant Hill Oasis (Pleasant Hill)
  → content already set; skipping (use --force)

[341/532] Pleasant Hill Villa Home Care (Pleasant Hill)
  → content already set; skipping (use --force)

[342/532] Pleasant Hill Villa Home Care 2 (Pleasant Hill)
  → content already set; skipping (use --force)

[343/532] Pleasant Hill Villa Home Care 3 (Pleasant Hill)
  → content already set; skipping (use --force)

[344/532] Poet's Vista Residential Care (Pleasant Hill)
  → content already set; skipping (use --force)

[345/532] Ramona Care Home (Pleasant Hill)
  → content already set; skipping (use --force)

[346/532] Rose Cottage Rcfe (Pleasant Hill)
  Generating…
  Running quality gate…
  ✗ Quality gate FAILED:
    - Question 1 incorrectly states 'February 25, 2026 inspection found 10 deficiencies' when the data shows 10 total deficiencies across all 10 inspections, not from a single inspection.
    - Question 2 asks about 'daily schedule' and 'care coordination' which are clinical/operational processes, not staffing ratios, but the phrasing 'walk families through' and general nature make this borderline acceptable as a facility operations question.
    - Question 3 asks the facility to 'show families where those records are kept' which is documentation access, acceptable, but the zero-complaints framing could imply the facility should provide records it may not be required to share.

[347/532] Serene Suites (Pleasant Hill)
  Generating…
  Running quality gate…
  ✓ Quality gate passed
  ✓ Written to DB

[348/532] Stonehedge Guest Home (Pleasant Hill)
  → content already set; skipping (use --force)

[349/532] Sunvalley Residential Care Home (Pleasant Hill)
  → content already set; skipping (use --force)

[350/532] Abigail's Guest Home (Pleasanton)
  → content already set; skipping (use --force)

[351/532] Carefield Pleasanton (Pleasanton)
  → content already set; skipping (use --force)

[352/532] Creekview Assisted Living (Pleasanton)
  → content already set; skipping (use --force)

[353/532] Ivy Park at Pleasanton (Pleasanton)
  → content already set; skipping (use --force)

[354/532] Parkview, the (Pleasanton)
  → content already set; skipping (use --force)

[355/532] Stoneridge Creek Pleasanton (Pleasanton)
  → content already set; skipping (use --force)

[356/532] Sunol Creek Memory Care (Pleasanton)
  → content already set; skipping (use --force)

[357/532] Valle Verde Care Home Iii (Pleasanton)
  → content already set; skipping (use --force)

[358/532] Valle Verde Care Home Iv (Pleasanton)
  → content already set; skipping (use --force)

[359/532] Sequoias-portola Valley, the (Portola Valley)
  → content already set; skipping (use --force)

[360/532] Abigail Complete Care, Inc (Redwood City)
  → content already set; skipping (use --force)

[361/532] Advent Residential Home (Redwood City)
  → content already set; skipping (use --force)

[362/532] Ark, the (Redwood City)
  → content already set; skipping (use --force)

[363/532] Atherton Gardens (Redwood City)
  → content already set; skipping (use --force)

[364/532] Bay Leaf Elderly Care Home Llc (Redwood City)
  Generating…
  Running quality gate…
  ✓ Quality gate passed
  ✓ Written to DB

[365/532] Britannia House (Redwood City)
  → content already set; skipping (use --force)

[366/532] Britannia Place (Redwood City)
  → content already set; skipping (use --force)

[367/532] Brookdale Redwood City (Redwood City)
  → content already set; skipping (use --force)

[368/532] Canyon Place (Redwood City)
  Generating…
  Running quality gate…
  ✓ Quality gate passed
  ✓ Written to DB

[369/532] Diaz Residential Care Home (Redwood City)
  Generating…
  Running quality gate…
  ✓ Quality gate passed
  ✓ Written to DB

[370/532] Dolphin Park Rest Home #3 (Redwood City)
  → content already set; skipping (use --force)

[371/532] East West Care Redwood City Ii (Redwood City)
  → content already set; skipping (use --force)

[372/532] Emerald Hills Care Home (Redwood City)
  → content already set; skipping (use --force)

[373/532] Encina Care Home (Redwood City)
  → content already set; skipping (use --force)

[374/532] Farm Hill Rest Home (Redwood City)
  → content already set; skipping (use --force)

[375/532] Five Star Care Home (Redwood City)
  → content already set; skipping (use --force)

[376/532] Friendly Acres Elderly Home (Redwood City)
  → content already set; skipping (use --force)

[377/532] Gordon Manor (Redwood City)
  → content already set; skipping (use --force)

[378/532] Hopkins Manor (Redwood City)
  → content already set; skipping (use --force)

[379/532] Kensington Place Redwood City (Redwood City)
  → content already set; skipping (use --force)

[380/532] Maria's Senior Care Home (Redwood City)
  → content already set; skipping (use --force)

[381/532] Mariner's Green Residential Care (Redwood City)
  → content already set; skipping (use --force)

[382/532] Mission Woodside (Redwood City)
  → content already set; skipping (use --force)

[383/532] Oakmont of Redwood City (Redwood City)
  → content already set; skipping (use --force)

[384/532] Palm Villas (Redwood City)
  → content already set; skipping (use --force)

[385/532] Petes' Place (Redwood City)
  → content already set; skipping (use --force)

[386/532] Redwood Acres Residential Home (Redwood City)
  → content already set; skipping (use --force)

[387/532] Redwood Care Home (Redwood City)
  → content already set; skipping (use --force)

[388/532] Seniors With Grace Care Home (Redwood City)
  → content already set; skipping (use --force)

[389/532] Sequoia Home (Redwood City)
  Generating…
  Running quality gate…
  ✗ Quality gate FAILED:
    - Question 4 asks about ensuring care for residents with memory impairment without addressing that the facility has no formal CDSS memory-care designation and does not serve memory care.
    - Question 2 requests staff competency documentation, which implies staffing qualifications and training — a flagged topic.

[390/532] Loving Hands Care Home Llc (Rodeo)
  Generating…
  Running quality gate…
  ✓ Quality gate passed
  ✓ Written to DB

[391/532] Priority Care Home I (Rodeo)
  → content already set; skipping (use --force)

[392/532] Villa Board and Care Home (Rodeo)
  Generating…
  Running quality gate…
  ✗ Quality gate FAILED:
    - Question 1 correctly cites 10 serious citations, which matches source data.
    - Question 2 requests deficiency notice and inspection findings, which is acceptable.
    - Question 3 correctly cites Title 22 §87705 and requests the written dementia care program.
    - Question 4 is acceptable as it asks about operator's systems to prevent recurrence.
    - Array contains exactly 4 questions, which is the approved minimum.

[393/532] Early Horizons Home Care (S San Francisco)
  → content already set; skipping (use --force)

[394/532] Access Care Center (San Bruno)
  → content already set; skipping (use --force)

[395/532] Ahau Boarding Care Home (San Bruno)
  → content already set; skipping (use --force)

[396/532] Araville Residential Care Home Ii (San Bruno)
  → content already set; skipping (use --force)

[397/532] C & C Carehome (San Bruno)
  → content already set; skipping (use --force)

[398/532] Crystal Springs Care Home (San Bruno)
  → content already set; skipping (use --force)

[399/532] Family Affair Care Home (San Bruno)
  → content already set; skipping (use --force)

[400/532] Gonzales Home (San Bruno)
  Generating…
  Running quality gate…
  ✓ Quality gate passed
  ✓ Written to DB

[401/532] Home at Crestmoor (San Bruno)
  → content already set; skipping (use --force)

[402/532] Ismaela's Home Care, Inc. (San Bruno)
  → content already set; skipping (use --force)

[403/532] J and J Manalo's Board and Care (San Bruno)
  → content already set; skipping (use --force)

[404/532] Mariah's Garden Home Care (San Bruno)
  Generating…
  Running quality gate…
  ✓ Quality gate passed
  ✓ Written to DB

[405/532] Monteverde Manor (San Bruno)
  → content already set; skipping (use --force)

[406/532] Monteverde Manor Ii (San Bruno)
  → content already set; skipping (use --force)

[407/532] Nanay's Home (San Bruno)
  → content already set; skipping (use --force)

[408/532] Pacaldo Llc (San Bruno)
  → content already set; skipping (use --force)

[409/532] Pacaldo Llc (San Bruno)
  → content already set; skipping (use --force)

[410/532] Pacaldo Llc (San Bruno)
  Generating…
  Running quality gate…
  ✗ Quality gate FAILED:
    - Question 1 claims 5 serious citations but source data shows serious_citation_count is 5, which is correct — however, the phrasing 'serious citations on file across all inspections' is the approved format and should PASS; no issue here.
    - Question 3 asks 'what is your current census' which is a facility-specific operational question unrelated to regulatory compliance or tour readiness.
    - The array contains exactly 4 questions, which meets the approved minimum and should PASS; no issue here.
    - Question 1 correctly asks for corrective-action plan and remediation documentation, which should PASS.
    - Question 2 cites Title 22 code sections (§87705, §87706) which are regulatory codes and should PASS.

[411/532] Pacific Care Home Iii (San Bruno)
  → content already set; skipping (use --force)

[412/532] San Bruno Care Home (San Bruno)
  → content already set; skipping (use --force)

[413/532] Soledad's Home (San Bruno)
  → content already set; skipping (use --force)

[414/532] Sunshine Care Home Facility Llc (San Bruno)
  Generating…
  Running quality gate…
  ✗ Quality gate FAILED:
    - Question 1 claims 10 serious citations, but source data shows 10 serious citations — this is correct, so no issue here. However, the phrasing 'on file across all inspections' matches the approved format.
    - Question 4 asks the facility to 'confirm the current license status' and 'show families the most recent inspection report' — asking for state-issued inspection reports is documentation the facility cannot provide (only CDSS publishes these), making this request misleading.

[415/532] Westborough Manor 6 (San Bruno)
  → content already set; skipping (use --force)

[416/532] Bayview Villa (San Carlos)
  → content already set; skipping (use --force)

[417/532] Chestnut House (San Carlos)
  → content already set; skipping (use --force)

[418/532] Dayton Home Care (San Carlos)
  → content already set; skipping (use --force)

[419/532] Peninsula Elderly Care Home - Laurelwood Llc (San Carlos)
  → content already set; skipping (use --force)

[420/532] Peninsula Elderly Care Home-laurel Llc (San Carlos)
  → content already set; skipping (use --force)

[421/532] Retirement Plus of San Carlos (San Carlos)
  → content already set; skipping (use --force)

[422/532] San Carlos Elms (San Carlos)
  → content already set; skipping (use --force)

[423/532] California Mentor-marineview Home (San Leandro)
  → content already set; skipping (use --force)

[424/532] Carlton Plaza of San Leandro (San Leandro)
  → content already set; skipping (use --force)

[425/532] Heart and Soul Communities Ii (San Leandro)
  → content already set; skipping (use --force)

[426/532] Heritage Haven (San Leandro)
  → content already set; skipping (use --force)

[427/532] Jones Rest Home (San Leandro)
  → content already set; skipping (use --force)

[428/532] Marymount Villa Retirement Center (San Leandro)
  → content already set; skipping (use --force)

[429/532] Mori Manor (San Leandro)
  → content already set; skipping (use --force)

[430/532] Rosegate (San Leandro)
  → content already set; skipping (use --force)

[431/532] San Leandro Senior Living (San Leandro)
  → content already set; skipping (use --force)

[432/532] Sunrise Care Home (San Lorenzo)
  → content already set; skipping (use --force)

[433/532] Church Rcf (San Martin)
  → content already set; skipping (use --force)

[434/532] South County Retirement Home Inc. (San Martin)
  → content already set; skipping (use --force)

[435/532] St. Therese Homes, Inc. (San Martin)
  → content already set; skipping (use --force)

[436/532] A & E Home Care Services (San Mateo)
  → content already set; skipping (use --force)

[437/532] Adams Paul Inc (San Mateo)
  Generating…
  Running quality gate…
  ✓ Quality gate passed
  ✓ Written to DB

[438/532] Ageway Boarding Care #2 (San Mateo)
  → content already set; skipping (use --force)

[439/532] Ajaviniar Home Care Services Llc (San Mateo)
  → content already set; skipping (use --force)

[440/532] Amazing Home (San Mateo)
  → content already set; skipping (use --force)

[441/532] Angel Haven (San Mateo)
  → content already set; skipping (use --force)

[442/532] B & B Residential Facilities (San Mateo)
  Generating…
  Running quality gate…
  ✓ Quality gate passed
  ✓ Written to DB

[443/532] B & B Residential Facilities, Inc. (San Mateo)
  → content already set; skipping (use --force)

[444/532] B & B Residential Facilities, Inc. (San Mateo)
  → content already set; skipping (use --force)

[445/532] Chateau Sabelle (San Mateo)
  → content already set; skipping (use --force)

[446/532] Comfort Home Ii (San Mateo)
  → content already set; skipping (use --force)

[447/532] Complete Senior Living, Inc (San Mateo)
  → content already set; skipping (use --force)

[448/532] Cortez Home (San Mateo)
  Generating…
  Running quality gate…
  ✓ Quality gate passed
  ✓ Written to DB

[449/532] Emerald Residential Care Home (San Mateo)
  → content already set; skipping (use --force)

[450/532] Enchanted Garden for Seniors (San Mateo)
  → content already set; skipping (use --force)

[451/532] Garden Court at the Village (San Mateo)
  → content already set; skipping (use --force)

[452/532] George Anne Home (San Mateo)
  → content already set; skipping (use --force)

[453/532] Haven@22nd Avenue Assisted Living (San Mateo)
  → content already set; skipping (use --force)

[454/532] Hennelly House (San Mateo)
  → content already set; skipping (use --force)

[455/532] Heritage Inn (San Mateo)
  → content already set; skipping (use --force)

[456/532] Heritage Park (San Mateo)
  → content already set; skipping (use --force)

[457/532] Heritage Place (San Mateo)
  → content already set; skipping (use --force)

[458/532] Judy's Care Home for the Elderly (San Mateo)
  → content already set; skipping (use --force)

[459/532] Judy's Home for the Elderly (San Mateo)
  Generating…
  Running quality gate…
  ✓ Quality gate passed
  ✓ Written to DB

[460/532] Judy's Homes for the Elderly (San Mateo)
  → content already set; skipping (use --force)

[461/532] Judy's Homes for the Elderly, Inc. (San Mateo)
  → content already set; skipping (use --force)

[462/532] Kimochi San Mateo (San Mateo)
  → content already set; skipping (use --force)

[463/532] M. S. Care Home (San Mateo)
  → content already set; skipping (use --force)

[464/532] Martha's Home (San Mateo)
  → content already set; skipping (use --force)

[465/532] Monteverde Manor Iii (San Mateo)
  → content already set; skipping (use --force)

[466/532] Nani's Home (San Mateo)
  → content already set; skipping (use --force)

[467/532] Nevilyn's Home (San Mateo)
  → content already set; skipping (use --force)

[468/532] New Life Residence (San Mateo)
  → content already set; skipping (use --force)

[469/532] Norcal Care Home Ii (San Mateo)
  → content already set; skipping (use --force)

[470/532] Olivia's Care Home (San Mateo)
  → content already set; skipping (use --force)

[471/532] Olivia's Care Home Ii (San Mateo)
  → content already set; skipping (use --force)

[472/532] Olivia's Care Home Iii (San Mateo)
  → content already set; skipping (use --force)

[473/532] Olivia's Care Home Iv (San Mateo)
  Generating…
  Running quality gate…
  ✓ Quality gate passed
  ✓ Written to DB

[474/532] Our House (San Mateo)
  → content already set; skipping (use --force)

[475/532] Pacific Care Home (San Mateo)
  → content already set; skipping (use --force)

[476/532] Pacific Care Home Ii (San Mateo)
  Generating…
  Running quality gate…
  ✓ Quality gate passed
  ✓ Written to DB

[477/532] Pacific Care Home Iv (San Mateo)
  → content already set; skipping (use --force)

[478/532] Pacific Care Home V (San Mateo)
  → content already set; skipping (use --force)

[479/532] Patricia Home (San Mateo)
  → content already set; skipping (use --force)

[480/532] Peninsula Elderly Care Home (San Mateo)
  → content already set; skipping (use --force)

[481/532] Peninsula Regent (the) (San Mateo)
  → content already set; skipping (use --force)

[482/532] Peninsula Village (San Mateo)
  → content already set; skipping (use --force)

[483/532] Petani Haven (San Mateo)
  → content already set; skipping (use --force)

[484/532] Portola Place (San Mateo)
  Generating…
  Running quality gate…
  ✗ Quality gate FAILED:
    - Question 1 claims 5 serious citations, but source data shows 5 serious citations total — the phrasing is correct and should PASS, but re-reading reveals no actual error; however, this requires careful review.
    - Question 2 correctly cites Title 22 §87705/§87706 and asks for corrective-action plan — this should PASS.
    - Question 3 asks about the written dementia-care program and is a regulatory documentation question — this should PASS.
    - Question 4 asks 'can you walk families through how you assess' which is a clinical assessment question, not a staffing question — this should PASS.
    - All 4 questions are grounded in facility-specific facts (license count, inspection date, bed count, citation counts) — this should PASS.
    - However, reviewing the serious citation count: source shows 5 serious citations total, and question 1 states '5 serious citations on file across all inspections' — this is accurate per the pass criteria.

[485/532] Roberta Care Home (San Mateo)
  Generating…
  Running quality gate…
  ✓ Quality gate passed
  ✓ Written to DB

[486/532] Roias Home for the Elderly (San Mateo)
  → content already set; skipping (use --force)

[487/532] Royal Ilima (San Mateo)
  → content already set; skipping (use --force)

[488/532] San Mateo Villa (San Mateo)
  Generating…
  Running quality gate…
  ✗ Quality gate FAILED:
    - Question 4 cites an inspection date of April 24, 2025, but today is April 26, 2026 — this inspection is over one year old and the question should acknowledge the age of the data or reference the most recent inspection relative to today's date.

[489/532] Sterling Court (San Mateo)
  → content already set; skipping (use --force)

[490/532] Stratford, the (San Mateo)
  → content already set; skipping (use --force)

[491/532] Sunrise of San Mateo (San Mateo)
  → content already set; skipping (use --force)

[492/532] Therese Residential Care Home (San Mateo)
  Generating…
  Running quality gate…
  ✓ Quality gate passed
  ✓ Written to DB

[493/532] Tlc Home Care V (San Mateo)
  → content already set; skipping (use --force)

[494/532] Vanessa Care Home Ii (San Mateo)
  → content already set; skipping (use --force)

[495/532] Abigail's Guest Home (San Ramon)
  → content already set; skipping (use --force)

[496/532] Belmont Village San Ramon (San Ramon)
  → content already set; skipping (use --force)

[497/532] Bluegarden Care (San Ramon)
  → content already set; skipping (use --force)

[498/532] Bluemeadow Care (San Ramon)
  → content already set; skipping (use --force)

[499/532] Brookdale San Ramon (San Ramon)
  Generating…
  Running quality gate…
  ✓ Quality gate passed
  ✓ Written to DB

[500/532] Discovery Commons San Ramon (San Ramon)
  → content already set; skipping (use --force)

[501/532] Emmaus Homecare Inc. (San Ramon)
  Generating…
  Running quality gate…
  ✓ Quality gate passed
  ✓ Written to DB

[502/532] Golden Hill Homes, Inc. (San Ramon)
  → content already set; skipping (use --force)

[503/532] Good Shepherd of San Ramon (San Ramon)
  → content already set; skipping (use --force)

[504/532] Green Valley Care Home (San Ramon)
  → content already set; skipping (use --force)

[505/532] Ivy Park at San Ramon (San Ramon)
  → content already set; skipping (use --force)

[506/532] Karo Mina Care Home (San Ramon)
  → content already set; skipping (use --force)

[507/532] Penny's Guest Home (San Ramon)
  → content already set; skipping (use --force)

[508/532] Sunny Days Care (San Ramon)
  → content already set; skipping (use --force)

[509/532] Tareyton Home, Llc (San Ramon)
  → content already set; skipping (use --force)

[510/532] Trinity Care Home #2 (San Ramon)
  → content already set; skipping (use --force)

[511/532] Trinity Care Home 3 (San Ramon)
  Generating…
  Running quality gate…
  ✗ Quality gate FAILED:
    - Question 4 asks how the facility handles situations when multiple residents require simultaneous attention, which is a disguised staffing-ratio question.
    - Array contains only 4 questions; minimum approved count is 4, but this is borderline and acceptable — actually, this passes the count requirement.

[512/532] Watermark at San Ramon, the (San Ramon)
  → content already set; skipping (use --force)

[513/532] April Garden Villa of Saratoga (Saratoga)
  → content already set; skipping (use --force)

[514/532] Bon Homie Saratoga (Saratoga)
  Generating…
  Running quality gate…
  ✓ Quality gate passed
  ✓ Written to DB

[515/532] Saratoga Retirement Community (Saratoga)
  → content already set; skipping (use --force)

[516/532] Saratoga Senior Living (Saratoga)
  → content already set; skipping (use --force)

[517/532] Villas at Saratoga Skilled Nursing & Asst Lvg, the (Saratoga)
  → content already set; skipping (use --force)

[518/532] Acacia Creek - Union City (Union City)
  → content already set; skipping (use --force)

[519/532] Ageway Boarding Care #3 (Union City)
  → content already set; skipping (use --force)

[520/532] Ava Bella Care Home (Union City)
  → content already set; skipping (use --force)

[521/532] Begonia Residential Care Home (Union City)
  → content already set; skipping (use --force)

[522/532] C & L Home for the Elderly (Union City)
  → content already set; skipping (use --force)

[523/532] C & R Home for the Elderly (Union City)
  → content already set; skipping (use --force)

[524/532] Harmony Homes Llc (Union City)
  → content already set; skipping (use --force)

[525/532] Hartnell Home Care (Union City)
  → content already set; skipping (use --force)

[526/532] Masonic Home for Adults (Union City)
  → content already set; skipping (use --force)

[527/532] Merisol Care Home (Union City)
  → content already set; skipping (use --force)

[528/532] Merisol Care Home (Union City)
  → content already set; skipping (use --force)

[529/532] Mt. Zion Home for the Elderly (Union City)
  → content already set; skipping (use --force)

[530/532] Pacifica Senior Living Union City (Union City)
  → content already set; skipping (use --force)

[531/532] St. Therese Care Home Ii (Union City)
  → content already set; skipping (use --force)

[532/532] Tri City Care Home (Union City)
  → content already set; skipping (use --force)

=======================================================
Content generation complete
=======================================================
  Written       : 42
  Skipped       : 477 (already had content)
  Failed gate   : 13
  Errors        : 0
=======================================================
