Facilities loaded: 226

[1/226] Meadowbrook at Agoura Hills (Agoura Hills)
  → content already set; skipping (use --force)

[2/226] Oakmont of Agoura Hills (Agoura Hills)
  → content already set; skipping (use --force)

[3/226] Silverado Senior Living - the Huntington (Alhambra)
  → content already set; skipping (use --force)

[4/226] Belmont Village Aliso Viejo (Aliso Viejo)
  → content already set; skipping (use --force)

[5/226] Acacia Guest Home-anaheim (Anaheim)
  → content already set; skipping (use --force)

[6/226] Anaheim Villa (Anaheim)
  → content already set; skipping (use --force)

[7/226] Angel Comfort Care 2 (Anaheim)
  → content already set; skipping (use --force)

[8/226] Britta Care (Anaheim)
  → content already set; skipping (use --force)

[9/226] Care Celine (Anaheim)
  → content already set; skipping (use --force)

[10/226] Carewell Manor (Anaheim)
  → content already set; skipping (use --force)

[11/226] Caringbridge Inc. (Anaheim)
  → content already set; skipping (use --force)

[12/226] Carnelian Villas (Anaheim)
  → content already set; skipping (use --force)

[13/226] Cottages at Artesia Anaheim, the (Anaheim)
  → content already set; skipping (use --force)

[14/226] Divine Grace Villa (Anaheim)
  → content already set; skipping (use --force)

[15/226] Francel Guest Home Ii (Anaheim)
  → content already set; skipping (use --force)

[16/226] Graces Home (Anaheim)
  → content already set; skipping (use --force)

[17/226] Harbor Heights Assisted Living and Memory Care (Anaheim)
  → content already set; skipping (use --force)

[18/226] Walnut Village (Anaheim)
  → content already set; skipping (use --force)

[19/226] Silverado Senior Living-sierra Vista (Azusa)
  → content already set; skipping (use --force)

[20/226] Sunrise of Beverly Hills (Beverly Hills)
  → content already set; skipping (use --force)

[21/226] Capriana (Brea)
  → content already set; skipping (use --force)

[22/226] Cogir of Brea (Brea)
  → content already set; skipping (use --force)

[23/226] Silverado Brea Llc (Brea)
  → content already set; skipping (use --force)

[24/226] Belmont Village Burbank (Burbank)
  → content already set; skipping (use --force)

[25/226] Ivy Park at Burbank (Burbank)
  → content already set; skipping (use --force)

[26/226] Belmont Village Calabasas (Calabasas)
  → content already set; skipping (use --force)

[27/226] Silverado Senior Living - Calabasas (Calabasas)
  → content already set; skipping (use --force)

[28/226] Bed of Roses Residential Care Home (Campbell)
  → content already set; skipping (use --force)

[29/226] Merrill Gardens at Campbell (Campbell)
  → content already set; skipping (use --force)

[30/226] Princess Lodge (Campbell)
  → content already set; skipping (use --force)

[31/226] West Valley Care Home (Campbell)
  → content already set; skipping (use --force)

[32/226] Activcare at Bressi Ranch (Carlsbad)
  → content already set; skipping (use --force)

[33/226] La Marea Senior Living (Carlsbad)
  → content already set; skipping (use --force)

[34/226] Santianna Oakmont Signature Living (Carlsbad)
  → content already set; skipping (use --force)

[35/226] Sunrise at la Costa (Carlsbad)
  → content already set; skipping (use --force)

[36/226] Ivy Park at Cerritos (Cerritos)
  → content already set; skipping (use --force)

[37/226] Activcare at Rolling Hills Ranch (Chula Vista)
  → content already set; skipping (use --force)

[38/226] Bonita Villa Senior Living (Chula Vista)
  → content already set; skipping (use --force)

[39/226] Fredericka Manor (Chula Vista)
  → content already set; skipping (use --force)

[40/226] Ivy Park at Bonita (Chula Vista)
  → content already set; skipping (use --force)

[41/226] Ivy Park at Otay Ranch (Chula Vista)
  → content already set; skipping (use --force)

[42/226] Westmont at San Miguel Ranch (Chula Vista)
  → content already set; skipping (use --force)

[43/226] Brookdale Sylvan Ranch (Citrus Heights)
  → content already set; skipping (use --force)

[44/226] Cogir of Stock Ranch (Citrus Heights)
  → content already set; skipping (use --force)

[45/226] Claremont Manor (Claremont)
  → content already set; skipping (use --force)

[46/226] Claremont Place (Claremont)
  → content already set; skipping (use --force)

[47/226] Ivy Park at Claremont (Claremont)
  → content already set; skipping (use --force)

[48/226] Newport Mesa Senior Living (Costa Mesa)
  → content already set; skipping (use --force)

[49/226] Pacifica Senior Living South Coast (Costa Mesa)
  → content already set; skipping (use --force)

[50/226] Silverado Senior Living- Newport Mesa (Costa Mesa)
  → content already set; skipping (use --force)

[51/226] Park View Place (Covina)
  → content already set; skipping (use --force)

[52/226] Westmont of Culver City (Culver City)
  → content already set; skipping (use --force)

[53/226] Forum at Rancho San Antonio, the (Cupertino)
  → content already set; skipping (use --force)

[54/226] Aegis Living Dana Point (Dana Point)
  → content already set; skipping (use --force)

[55/226] Sea Bluffs, the (Dana Point)
  → content already set; skipping (use --force)

[56/226] Commons at Elk Grove, the (Elk Grove)
  → content already set; skipping (use --force)

[57/226] Gardens at Laguna Springs Memory Care, the (Elk Grove)
  → content already set; skipping (use --force)

[58/226] Ivy Park at Laguna Creek (Elk Grove)
  → content already set; skipping (use --force)

[59/226] Meadows Senior Living, the (Elk Grove)
  → content already set; skipping (use --force)

[60/226] Wellquest of Elk Grove (Elk Grove)
  → content already set; skipping (use --force)

[61/226] Silverado Senior Living-encinitas (Encinitas)
  → content already set; skipping (use --force)

[62/226] Summerfield of Encinitas (Encinitas)
  → content already set; skipping (use --force)

[63/226] Escondido Senior Living (Escondido)
  → content already set; skipping (use --force)

[64/226] Gardens at Escondido (Escondido)
  → content already set; skipping (use --force)

[65/226] Ivy Park at Escondido (Escondido)
  → content already set; skipping (use --force)

[66/226] Las Villas del Norte (Escondido)
  → content already set; skipping (use --force)

[67/226] Redwood Terrace (Escondido)
  → content already set; skipping (use --force)

[68/226] Silverado Senior Living-escondido (Escondido)
  → content already set; skipping (use --force)

[69/226] Villa Monticello Assisted Living (Escondido)
  → content already set; skipping (use --force)

[70/226] Vista del Lago Memory Care (Escondido)
  → content already set; skipping (use --force)

[71/226] Westmont of Escondido (Escondido)
  → content already set; skipping (use --force)

[72/226] Brookdale Folsom (Folsom)
  → content already set; skipping (use --force)

[73/226] Cogir of Folsom (Folsom)
  → content already set; skipping (use --force)

[74/226] Folsom Countryhouse (Folsom)
  → content already set; skipping (use --force)

[75/226] Oakmont of Folsom (Folsom)
  → content already set; skipping (use --force)

[76/226] Carmel Village Retirement Community (Fountain Valley)
  → content already set; skipping (use --force)

[77/226] Ivy Terrace at Fullerton (Fullerton)
  → content already set; skipping (use --force)

[78/226] Brookdale Garden Grove (Garden Grove)
  → content already set; skipping (use --force)

[79/226] Ivy Terrace at Garden Grove (Garden Grove)
  → content already set; skipping (use --force)

[80/226] Merrill Gardens at Gilroy (Gilroy)
  → content already set; skipping (use --force)

[81/226] Sweet Care Home in Gilroy (Gilroy)
  → content already set; skipping (use --force)

[82/226] Sage Glendale Senior Living (Glendale)
  → content already set; skipping (use --force)

[83/226] Clearwater at Glendora (Glendora)
  → content already set; skipping (use --force)

[84/226] Sunrise Assisted Living of Hermosa Beach (Hermosa Beach)
  → content already set; skipping (use --force)

[85/226] Huntington Terrace (Huntington Beach)
  → content already set; skipping (use --force)

[86/226] Ivy Park at Huntington Beach (Huntington Beach)
  → content already set; skipping (use --force)

[87/226] Oakmont of Huntington Beach (Huntington Beach)
  → content already set; skipping (use --force)

[88/226] Atria Golden Creek (Irvine)
  → content already set; skipping (use --force)

[89/226] Woodbridge Terrace (Irvine)
  → content already set; skipping (use --force)

[90/226] Whitten Heights Assisted Living and Memory Care (La Habra)
  → content already set; skipping (use --force)

[91/226] Grossmont Gardens Memory Care (La Mesa)
  → content already set; skipping (use --force)

[92/226] Montera, the (La Mesa)
  → content already set; skipping (use --force)

[93/226] Westmont of la Mesa (La Mesa)
  → content already set; skipping (use --force)

[94/226] Ivy Park at la Palma (La Palma)
  → content already set; skipping (use --force)

[95/226] Activcare Laguna Hills (Laguna Hills)
  → content already set; skipping (use --force)

[96/226] Aegis Assisted Living of Laguna Niguel (Laguna Niguel)
  → content already set; skipping (use --force)

[97/226] Crestavilla (Laguna Niguel)
  → content already set; skipping (use --force)

[98/226] Watermark Laguna Niguel (Laguna Niguel)
  → content already set; skipping (use --force)

[99/226] Ivy Park of Wellington (Laguna Woods)
  → content already set; skipping (use --force)

[100/226] Bellamar Lancaster (Lancaster)
  Generating…
  Running quality gate…
  ✓ Quality gate passed
  ✓ Written to DB

[101/226] Havens at Antelope Valley Assisted Living, the (Lancaster)
  Generating…
  Running quality gate…
  ✓ Quality gate passed
  ✓ Written to DB

[102/226] Brittany House (Long Beach)
  → content already set; skipping (use --force)

[103/226] Regency Palms Long Beach (Long Beach)
  → content already set; skipping (use --force)

[104/226] Vista del Mar Senior Living (Long Beach)
  → content already set; skipping (use --force)

[105/226] Hidden Lane Villa (Los Altos)
  → content already set; skipping (use --force)

[106/226] Avenir Memory Care Westside (Los Angeles)
  → content already set; skipping (use --force)

[107/226] Belmont Village Hollywood (Los Angeles)
  → content already set; skipping (use --force)

[108/226] Belmont Village Westwood (Los Angeles)
  → content already set; skipping (use --force)

[109/226] Hollenbeck Palms (Los Angeles)
  → content already set; skipping (use --force)

[110/226] Hollywood Hills Senior Living (Los Angeles)
  → content already set; skipping (use --force)

[111/226] Ivy Park at Culver City (Los Angeles)
  → content already set; skipping (use --force)

[112/226] Sakura Gardens at los Angeles (Los Angeles)
  → content already set; skipping (use --force)

[113/226] Silverado Senior Living-beverly Place (Los Angeles)
  → content already set; skipping (use --force)

[114/226] Solheim Senior Community (Los Angeles)
  → content already set; skipping (use --force)

[115/226] Sunny Hills Assisted Living (memory Care) (Los Angeles)
  → content already set; skipping (use --force)

[116/226] Watermark at Westwood Village, the (Los Angeles)
  → content already set; skipping (use --force)

[117/226] Cedar Creek Alzheimer's & Dementia Care Center (Los Gatos)
  → content already set; skipping (use --force)

[118/226] Mina's Elderly Carehome 2 (Los Gatos)
  → content already set; skipping (use --force)

[119/226] Coral Oaks Care Living (Lynwood)
  Generating…
  Running quality gate…
  ✗ Quality gate FAILED:
    - Question 1 asks what training caregivers receive, which is a staffing/training program question.
    - Question 2 asks for unannounced visit documentation and next inspection schedule, which conflates CDSS inspection records with facility-specific scheduling.
    - Question 4 asks to show third-party audit results, which is outside the scope of CDSS licensing data and tour verification.

[120/226] Generations of los Angeles Assisted Lvng. Facility (Lynwood)
  Generating…
  Running quality gate…
  ✓ Quality gate passed
  ✓ Written to DB

[121/226] Aegis Residential Living (Mission Viejo)
  → content already set; skipping (use --force)

[122/226] Atria del Sol (Mission Viejo)
  → content already set; skipping (use --force)

[123/226] Ivy Park at Mission Viejo (Mission Viejo)
  → content already set; skipping (use --force)

[124/226] Morningstar Senior Living of Mission Viejo (Mission Viejo)
  → content already set; skipping (use --force)

[125/226] Sunrise of Mission Viejo (Mission Viejo)
  → content already set; skipping (use --force)

[126/226] Loma Clara Senior Living (Morgan Hill)
  → content already set; skipping (use --force)

[127/226] Westmont of Morgan Hill (Morgan Hill)
  → content already set; skipping (use --force)

[128/226] Casa Pastel Care Home (Mountain View)
  → content already set; skipping (use --force)

[129/226] Paradise Care Home (Mountain View)
  → content already set; skipping (use --force)

[130/226] Villa Toscana a Memory Care Community (Mountain View)
  → content already set; skipping (use --force)

[131/226] Parkview Memory Care at Paradise Village (National City)
  → content already set; skipping (use --force)

[132/226] Atria Newport Beach (Newport Beach)
  → content already set; skipping (use --force)

[133/226] Atria Newport Plaza (Newport Beach)
  Generating…
  Running quality gate…
  ✓ Quality gate passed
  ✓ Written to DB

[134/226] Clearwater Newport Beach (Newport Beach)
  Generating…
  Running quality gate…
  ✗ Quality gate FAILED:
    - Question 1 asks for documentation of initial certification inspection, which is a regulatory compliance question that appropriately passes, but the phrasing about 'when the license was originally issued' requests state-issued paperwork without also requesting the facility's own corrective documentation.
    - Question 2 requests internal compliance audits, which is appropriate, but framing it as 'explain why no state visits appear' pressures the facility to justify CDSS record gaps rather than asking for its own documentation.
    - Question 3 requests internal incident logs to verify CDSS disclosure, which conflates the facility's records with regulatory verification and is not a standard tour question about the facility's written programs or corrective actions.
    - Question 4 correctly cites Title 22 §87705 and asks for the written dementia-care program, which passes; however, the array contains exactly 4 questions, which meets the minimum and should pass on count alone.

[135/226] Newport Beach Memory Care (Newport Beach)
  → content already set; skipping (use --force)

[136/226] Aegis Assisted Living at Shadowridge (Oceanside)
  → content already set; skipping (use --force)

[137/226] Brookdale Oceanside (Oceanside)
  → content already set; skipping (use --force)

[138/226] Everest at Oceanside (Oceanside)
  → content already set; skipping (use --force)

[139/226] Ocean Hills Assisted Living & Memory Care (Oceanside)
  → content already set; skipping (use --force)

[140/226] Oceanside Senior Living (Oceanside)
  → content already set; skipping (use --force)

[141/226] Sunrise of Oceanside (Oceanside)
  → content already set; skipping (use --force)

[142/226] Activcare Orange (Orange)
  → content already set; skipping (use --force)

[143/226] Kirkwood Orange (Orange)
  → content already set; skipping (use --force)

[144/226] Oakmont of Orange (Orange)
  → content already set; skipping (use --force)

[145/226] Sunrise of Orange (Orange)
  → content already set; skipping (use --force)

[146/226] Ivy Park at Palo Alto (Palo Alto)
  → content already set; skipping (use --force)

[147/226] Palo Alto Commons (Palo Alto)
  → content already set; skipping (use --force)

[148/226] Vi at Palo Alto (Palo Alto)
  → content already set; skipping (use --force)

[149/226] Astoria Park Senior Living (Pasadena)
  → content already set; skipping (use --force)

[150/226] Pasadena Highlands (Pasadena)
  → content already set; skipping (use --force)

[151/226] Regency Park Oak Knoll (Pasadena)
  → content already set; skipping (use --force)

[152/226] Crescendo Senior Living (Placentia)
  → content already set; skipping (use --force)

[153/226] Ivy Park at Bradford (Placentia)
  → content already set; skipping (use --force)

[154/226] Poway Gardens Senior Living - Mountain Vistas (Poway)
  → content already set; skipping (use --force)

[155/226] Belmont Village Rancho Palos Verdes (Rancho Palos Verdes)
  → content already set; skipping (use --force)

[156/226] Family Connect Memory Care Palos Verdes (Rancho Palos Verdes)
  → content already set; skipping (use --force)

[157/226] Silverado Senior Living-beach Cities (Redondo Beach)
  → content already set; skipping (use --force)

[158/226] Golden Pond Retirement Community (Sacramento)
  → content already set; skipping (use --force)

[159/226] Ivy Park at Sacramento (Sacramento)
  → content already set; skipping (use --force)

[160/226] Regency Place (Sacramento)
  → content already set; skipping (use --force)

[161/226] San Clemente Villas by the Sea (San Clemente)
  → content already set; skipping (use --force)

[162/226] Activcare at 4s Ranch (San Diego)
  → content already set; skipping (use --force)

[163/226] Activcare at Mission Bay (San Diego)
  → content already set; skipping (use --force)

[164/226] Belmont Village Sabre Springs (San Diego)
  → content already set; skipping (use --force)

[165/226] Ivy Park at la Jolla (San Diego)
  → content already set; skipping (use --force)

[166/226] Ivy Park at Sabre Springs (San Diego)
  → content already set; skipping (use --force)

[167/226] Rancho Penasquitos Senior Living (San Diego)
  → content already set; skipping (use --force)

[168/226] Silvergate Rancho Bernardo (San Diego)
  → content already set; skipping (use --force)

[169/226] Westmont of Carmel Valley (San Diego)
  → content already set; skipping (use --force)

[170/226] Terraces at Via Verde-a Memory Care Community, the (San Dimas)
  → content already set; skipping (use --force)

[171/226] Autumn Glow (San Francisco)
  → content already set; skipping (use --force)

[172/226] Buena Vista Manor House (San Francisco)
  → content already set; skipping (use --force)

[173/226] Cayco's Care Home (San Francisco)
  → content already set; skipping (use --force)

[174/226] Coterie Cathedral Hill (San Francisco)
  → content already set; skipping (use --force)

[175/226] Damenik's Home (San Francisco)
  → content already set; skipping (use --force)

[176/226] Gonzales Home (San Francisco)
  → content already set; skipping (use --force)

[177/226] Ivy at Golden Gate, the (San Francisco)
  → content already set; skipping (use --force)

[178/226] Ivy Park at Cathedral Hill (San Francisco)
  → content already set; skipping (use --force)

[179/226] Janet's Residential Facility for the Elderly (San Francisco)
  → content already set; skipping (use --force)

[180/226] Kimochi Home (San Francisco)
  → content already set; skipping (use --force)

[181/226] Kokoro Assisted Living (San Francisco)
  → content already set; skipping (use --force)

[182/226] Lynne & Roy M Frank Residences (San Francisco)
  → content already set; skipping (use --force)

[183/226] Sagebrook Senior Living at San Francisco (San Francisco)
  → content already set; skipping (use --force)

[184/226] Ivy Park at San Marino (San Gabriel)
  → content already set; skipping (use --force)

[185/226] Atria San Juan (San Juan Capistrano)
  → content already set; skipping (use --force)

[186/226] Capistrano Senior Living (San Juan Capistrano)
  Generating…
  Running quality gate…
  ✓ Quality gate passed
  ✓ Written to DB

[187/226] Serra Sol (San Juan Capistrano)
  → content already set; skipping (use --force)

[188/226] Silverado Senior Living-san Juan Capistrano (San Juan Capistrano)
  → content already set; skipping (use --force)

[189/226] Country Rose Estate Memory Care (San Marcos)
  → content already set; skipping (use --force)

[190/226] Silvergate San Marcos Retirement Residence (San Marcos)
  → content already set; skipping (use --force)

[191/226] Forever Young Memory Care (Santa Ana)
  → content already set; skipping (use --force)

[192/226] Ivy Park at Tustin (Santa Ana)
  → content already set; skipping (use --force)

[193/226] Willow View Gardens Memory Care & Assisted Living (Santa Ana)
  → content already set; skipping (use --force)

[194/226] Atria Santa Clarita (Santa Clarita)
  → content already set; skipping (use --force)

[195/226] Oakmont of Santa Clarita (Santa Clarita)
  → content already set; skipping (use --force)

[196/226] Bentley Suites (Santa Monica)
  Generating…
  Running quality gate…
  ✗ Quality gate FAILED:
    - Question 4 references LIC 624, which is a LIC-numbered form and must not be requested.
    - Array contains 4 questions, which meets the minimum requirement, but Question 1 asks for inspection documentation that does not exist on record — this is appropriate, however Question 4's reference to a LIC form fails the quality gate.

[197/226] Ivy Park at Santa Monica (Santa Monica)
  → content already set; skipping (use --force)

[198/226] Lantern Crest (Santee)
  → content already set; skipping (use --force)

[199/226] April Garden Villa of Saratoga (Saratoga)
  → content already set; skipping (use --force)

[200/226] Saratoga Retirement Community (Saratoga)
  → content already set; skipping (use --force)

[201/226] Ivy Park at Seal Beach (Seal Beach)
  → content already set; skipping (use --force)

[202/226] Seabright Assisted Living and Memory Care (Solana Beach)
  → content already set; skipping (use --force)

[203/226] Beach Terrace Assisted Living and Memory Care (Stanton)
  → content already set; skipping (use --force)

[204/226] Rowntree Gardens (Stanton)
  → content already set; skipping (use --force)

[205/226] Clearwater at South Bay (Torrance)
  → content already set; skipping (use --force)

[206/226] Cogir of South Bay (Torrance)
  → content already set; skipping (use --force)

[207/226] Family Connect Memory Care Inc (Torrance)
  → content already set; skipping (use --force)

[208/226] Family Connected Memory Care Boutique (Torrance)
  → content already set; skipping (use --force)

[209/226] Ivy Park at Palos Verdes (Torrance)
  → content already set; skipping (use --force)

[210/226] Oakmont of Torrance (Torrance)
  → content already set; skipping (use --force)

[211/226] Silverado Rolling Hills (Torrance)
  → content already set; skipping (use --force)

[212/226] South Bay Memory Care (Torrance)
  → content already set; skipping (use --force)

[213/226] Groves of Tustin, the (Tustin)
  → content already set; skipping (use --force)

[214/226] Silverado Senior Living-tustin Hacienda (Tustin)
  → content already set; skipping (use --force)

[215/226] Alta Vista Senior Living (Vista)
  → content already set; skipping (use --force)

[216/226] Rancho Vista Senior Living (Vista)
  → content already set; skipping (use --force)

[217/226] Vista Gardens Memory Care (Vista)
  → content already set; skipping (use --force)

[218/226] Merrill Gardens at West Covina (West Covina)
  → content already set; skipping (use --force)

[219/226] Regency Grand at West Covina (West Covina)
  Generating…
  Running quality gate…
  ✗ Quality gate FAILED:
    - Question 3 asks about 'day-to-day responsibility for regulatory compliance and resident care oversight,' which is a staffing/supervisor-availability question.
    - Question 4 closes with a generic phrase ('walk families through') that could apply to any facility and lacks facility-specific grounding beyond generic compliance terminology.

[220/226] Sunrise of Westlake Village (Westlake Village)
  → content already set; skipping (use --force)

[221/226] Brookdale Brookhurst (Westminster)
  → content already set; skipping (use --force)

[222/226] La Posada (Whittier)
  → content already set; skipping (use --force)

[223/226] Oakmont of Whittier (Whittier)
  → content already set; skipping (use --force)

[224/226] Activcare at Yorba Linda (Yorba Linda)
  → content already set; skipping (use --force)

[225/226] Bayshire Yorba Linda (Yorba Linda)
  Generating…
  Running quality gate…
  ✓ Quality gate passed
  ✓ Written to DB

[226/226] Sunrise at Yorba Linda (Yorba Linda)
  → content already set; skipping (use --force)

=======================================================
Content generation complete
=======================================================
  Written       : 6
  Skipped       : 216 (already had content)
  Failed gate   : 4
  Errors        : 0
=======================================================
