Facilities to process: 680

[1/680] Oakmont of Agoura Hills (Agoura Hills)
Retrying request (1/6) after 0.8s: https://www.ccld.dss.ca.gov/transparencyapi/api/FacilityReports/195850344
Retrying request (2/6) after 1.6s: https://www.ccld.dss.ca.gov/transparencyapi/api/FacilityReports/195850344
Retrying request (3/6) after 3.2s: https://www.ccld.dss.ca.gov/transparencyapi/api/FacilityReports/195850344
Retrying request (4/6) after 6.4s: https://www.ccld.dss.ca.gov/transparencyapi/api/FacilityReports/195850344
Retrying request (5/6) after 12.8s: https://www.ccld.dss.ca.gov/transparencyapi/api/FacilityReports/195850344
Retrying request (6/6) after 20.0s: https://www.ccld.dss.ca.gov/transparencyapi/api/FacilityReports/195850344
  ERROR fetching report index for Oakmont of Agoura Hills: Request failed after 6 attempts: https://www.ccld.dss.ca.gov/transparencyapi/api/FacilityReports/195850344

[2/680] Cardinal Point at Mariner Square (Alameda)
Retrying request (1/6) after 0.8s: https://www.ccld.dss.ca.gov/transparencyapi/api/FacilityReports/015601222
Retrying request (2/6) after 1.6s: https://www.ccld.dss.ca.gov/transparencyapi/api/FacilityReports/015601222
Retrying request (3/6) after 3.2s: https://www.ccld.dss.ca.gov/transparencyapi/api/FacilityReports/015601222
Retrying request (4/6) after 6.4s: https://www.ccld.dss.ca.gov/transparencyapi/api/FacilityReports/015601222
Retrying request (5/6) after 12.8s: https://www.ccld.dss.ca.gov/transparencyapi/api/FacilityReports/015601222
Retrying request (6/6) after 20.0s: https://www.ccld.dss.ca.gov/transparencyapi/api/FacilityReports/015601222
  ERROR fetching report index for Cardinal Point at Mariner Square: Request failed after 6 attempts: https://www.ccld.dss.ca.gov/transparencyapi/api/FacilityReports/015601222

[3/680] Elders Inn On Webster (Alameda)
Retrying request (1/6) after 0.8s: https://www.ccld.dss.ca.gov/transparencyapi/api/FacilityReports/015600526
Retrying request (2/6) after 1.6s: https://www.ccld.dss.ca.gov/transparencyapi/api/FacilityReports/015600526
Retrying request (3/6) after 3.2s: https://www.ccld.dss.ca.gov/transparencyapi/api/FacilityReports/015600526
Retrying request (4/6) after 6.4s: https://www.ccld.dss.ca.gov/transparencyapi/api/FacilityReports/015600526
Retrying request (5/6) after 12.8s: https://www.ccld.dss.ca.gov/transparencyapi/api/FacilityReports/015600526
Retrying request (6/6) after 20.0s: https://www.ccld.dss.ca.gov/transparencyapi/api/FacilityReports/015600526
  ERROR fetching report index for Elders Inn On Webster: Request failed after 6 attempts: https://www.ccld.dss.ca.gov/transparencyapi/api/FacilityReports/015600526

[4/680] Golden Age Bayside Ii (Alameda)
Retrying request (1/6) after 0.8s: https://www.ccld.dss.ca.gov/transparencyapi/api/FacilityReports/015600746
Retrying request (2/6) after 1.6s: https://www.ccld.dss.ca.gov/transparencyapi/api/FacilityReports/015600746
Retrying request (3/6) after 3.2s: https://www.ccld.dss.ca.gov/transparencyapi/api/FacilityReports/015600746
Retrying request (4/6) after 6.4s: https://www.ccld.dss.ca.gov/transparencyapi/api/FacilityReports/015600746
Retrying request (5/6) after 12.8s: https://www.ccld.dss.ca.gov/transparencyapi/api/FacilityReports/015600746
Retrying request (6/6) after 20.0s: https://www.ccld.dss.ca.gov/transparencyapi/api/FacilityReports/015600746
  ERROR fetching report index for Golden Age Bayside Ii: Request failed after 6 attempts: https://www.ccld.dss.ca.gov/transparencyapi/api/FacilityReports/015600746

[5/680] Golden Age of Sweet Road (Alameda)
Retrying request (1/6) after 0.8s: https://www.ccld.dss.ca.gov/transparencyapi/api/FacilityReports/015601081
Retrying request (2/6) after 1.6s: https://www.ccld.dss.ca.gov/transparencyapi/api/FacilityReports/015601081
Retrying request (3/6) after 3.2s: https://www.ccld.dss.ca.gov/transparencyapi/api/FacilityReports/015601081
Retrying request (4/6) after 6.4s: https://www.ccld.dss.ca.gov/transparencyapi/api/FacilityReports/015601081
Retrying request (5/6) after 12.8s: https://www.ccld.dss.ca.gov/transparencyapi/api/FacilityReports/015601081
Retrying request (6/6) after 20.0s: https://www.ccld.dss.ca.gov/transparencyapi/api/FacilityReports/015601081
  ERROR fetching report index for Golden Age of Sweet Road: Request failed after 6 attempts: https://www.ccld.dss.ca.gov/transparencyapi/api/FacilityReports/015601081

[6/680] Harbor Bay Assisted Living Inc (Alameda)
Retrying request (1/6) after 0.8s: https://www.ccld.dss.ca.gov/transparencyapi/api/FacilityReports/019200765
Retrying request (2/6) after 1.6s: https://www.ccld.dss.ca.gov/transparencyapi/api/FacilityReports/019200765
Retrying request (3/6) after 3.2s: https://www.ccld.dss.ca.gov/transparencyapi/api/FacilityReports/019200765
Retrying request (4/6) after 6.4s: https://www.ccld.dss.ca.gov/transparencyapi/api/FacilityReports/019200765
Retrying request (5/6) after 12.8s: https://www.ccld.dss.ca.gov/transparencyapi/api/FacilityReports/019200765
Retrying request (6/6) after 20.0s: https://www.ccld.dss.ca.gov/transparencyapi/api/FacilityReports/019200765
  ERROR fetching report index for Harbor Bay Assisted Living Inc: Request failed after 6 attempts: https://www.ccld.dss.ca.gov/transparencyapi/api/FacilityReports/019200765

[7/680] Oakmont of Mariner Point (Alameda)
Retrying request (1/6) after 0.8s: https://www.ccld.dss.ca.gov/transparencyapi/api/FacilityReports/019201084
Retrying request (2/6) after 1.6s: https://www.ccld.dss.ca.gov/transparencyapi/api/FacilityReports/019201084
Retrying request (3/6) after 3.2s: https://www.ccld.dss.ca.gov/transparencyapi/api/FacilityReports/019201084
Retrying request (4/6) after 6.4s: https://www.ccld.dss.ca.gov/transparencyapi/api/FacilityReports/019201084
Retrying request (5/6) after 12.8s: https://www.ccld.dss.ca.gov/transparencyapi/api/FacilityReports/019201084
Retrying request (6/6) after 20.0s: https://www.ccld.dss.ca.gov/transparencyapi/api/FacilityReports/019201084
  ERROR fetching report index for Oakmont of Mariner Point: Request failed after 6 attempts: https://www.ccld.dss.ca.gov/transparencyapi/api/FacilityReports/019201084

[8/680] Alamo Care Home (Alamo)
Retrying request (1/6) after 0.8s: https://www.ccld.dss.ca.gov/transparencyapi/api/FacilityReports/079201147
Retrying request (2/6) after 1.6s: https://www.ccld.dss.ca.gov/transparencyapi/api/FacilityReports/079201147
Retrying request (3/6) after 3.2s: https://www.ccld.dss.ca.gov/transparencyapi/api/FacilityReports/079201147
Retrying request (4/6) after 6.4s: https://www.ccld.dss.ca.gov/transparencyapi/api/FacilityReports/079201147
Retrying request (5/6) after 12.8s: https://www.ccld.dss.ca.gov/transparencyapi/api/FacilityReports/079201147
Retrying request (6/6) after 20.0s: https://www.ccld.dss.ca.gov/transparencyapi/api/FacilityReports/079201147
  ERROR fetching report index for Alamo Care Home: Request failed after 6 attempts: https://www.ccld.dss.ca.gov/transparencyapi/api/FacilityReports/079201147

[9/680] Alamo Residence Home (Alamo)
Retrying request (1/6) after 0.8s: https://www.ccld.dss.ca.gov/transparencyapi/api/FacilityReports/079201127
Retrying request (2/6) after 1.6s: https://www.ccld.dss.ca.gov/transparencyapi/api/FacilityReports/079201127
Retrying request (3/6) after 3.2s: https://www.ccld.dss.ca.gov/transparencyapi/api/FacilityReports/079201127
Retrying request (4/6) after 6.4s: https://www.ccld.dss.ca.gov/transparencyapi/api/FacilityReports/079201127
Retrying request (5/6) after 12.8s: https://www.ccld.dss.ca.gov/transparencyapi/api/FacilityReports/079201127
Retrying request (6/6) after 20.0s: https://www.ccld.dss.ca.gov/transparencyapi/api/FacilityReports/079201127
  ERROR fetching report index for Alamo Residence Home: Request failed after 6 attempts: https://www.ccld.dss.ca.gov/transparencyapi/api/FacilityReports/079201127

[10/680] Casa Blanca Retirement Homes (Alamo)
Retrying request (1/6) after 0.8s: https://www.ccld.dss.ca.gov/transparencyapi/api/FacilityReports/071441125
Retrying request (2/6) after 1.6s: https://www.ccld.dss.ca.gov/transparencyapi/api/FacilityReports/071441125
Retrying request (3/6) after 3.2s: https://www.ccld.dss.ca.gov/transparencyapi/api/FacilityReports/071441125
Retrying request (4/6) after 6.4s: https://www.ccld.dss.ca.gov/transparencyapi/api/FacilityReports/071441125
Retrying request (5/6) after 12.8s: https://www.ccld.dss.ca.gov/transparencyapi/api/FacilityReports/071441125
Retrying request (6/6) after 20.0s: https://www.ccld.dss.ca.gov/transparencyapi/api/FacilityReports/071441125
  ERROR fetching report index for Casa Blanca Retirement Homes: Request failed after 6 attempts: https://www.ccld.dss.ca.gov/transparencyapi/api/FacilityReports/071441125

[11/680] Castle Crest Home I (Alamo)
Retrying request (1/6) after 0.8s: https://www.ccld.dss.ca.gov/transparencyapi/api/FacilityReports/079201216
Retrying request (2/6) after 1.6s: https://www.ccld.dss.ca.gov/transparencyapi/api/FacilityReports/079201216
Retrying request (3/6) after 3.2s: https://www.ccld.dss.ca.gov/transparencyapi/api/FacilityReports/079201216
Retrying request (4/6) after 6.4s: https://www.ccld.dss.ca.gov/transparencyapi/api/FacilityReports/079201216
Retrying request (5/6) after 12.8s: https://www.ccld.dss.ca.gov/transparencyapi/api/FacilityReports/079201216
Retrying request (6/6) after 20.0s: https://www.ccld.dss.ca.gov/transparencyapi/api/FacilityReports/079201216
  ERROR fetching report index for Castle Crest Home I: Request failed after 6 attempts: https://www.ccld.dss.ca.gov/transparencyapi/api/FacilityReports/079201216

[12/680] Eaton Place (Alamo)
  Eaton Place: 4 reports

[13/680] Gines Residential Care Home Iii (Alamo)
  Gines Residential Care Home Iii: 14 reports

[14/680] Megan Care Home (Alamo)
  Megan Care Home: 8 reports

[15/680] Navajo Care Home (Alamo)
  Navajo Care Home: 4 reports

[16/680] New Alamo Residence Home (Alamo)
  New Alamo Residence Home: 9 reports

[17/680] Roundhill Care Homes, Inc. (Alamo)
  Roundhill Care Homes, Inc.: 11 reports

[18/680] Welcome Home Senior Residence (alamo Ii) (Alamo)
  Welcome Home Senior Residence (alamo Ii): 4 reports

[19/680] Welcome Home Senior Residence (alamo) (Alamo)
  Welcome Home Senior Residence (alamo): 4 reports

[20/680] Welcome Home Senior Residence-alamo 3 (Alamo)
  Welcome Home Senior Residence-alamo 3: 3 reports

[21/680] Belmont Village Albany (Albany)
  Belmont Village Albany: 26 reports

[22/680] Raksha 13 Care Home (Albany)
  Raksha 13 Care Home: 12 reports

[23/680] Raksha 4 Care Home (Albany)
  Raksha 4 Care Home: 8 reports

[24/680] Raksha 6 (Albany)
  Raksha 6: 6 reports

[25/680] Silverado Senior Living - the Huntington (Alhambra)
  Silverado Senior Living - the Huntington: 27 reports

[26/680] Belmont Village Aliso Viejo (Aliso Viejo)
  Belmont Village Aliso Viejo: 23 reports

[27/680] Brookdale Anaheim (Anaheim)
  Brookdale Anaheim: 40 reports

[28/680] Harbor Heights Assisted Living and Memory Care (Anaheim)
  Harbor Heights Assisted Living and Memory Care: 49 reports

[29/680] Brookdale Nohl Ranch (Anaheim Hills)
  Brookdale Nohl Ranch: 15 reports

[30/680] Aegis Senior Residence (Antelope)
  Aegis Senior Residence: 3 reports

[31/680] Unity Memory Home Care (Antelope)
  Unity Memory Home Care: 13 reports

[32/680] Silverado Senior Living-sierra Vista (Azusa)
  Silverado Senior Living-sierra Vista: 21 reports

[33/680] New Rivershore Care Home (Bay Point)
  New Rivershore Care Home: 9 reports

[34/680] Willow Glen Residence (Bay Point)
  Willow Glen Residence: 9 reports

[35/680] Ivy Park of Belmont (Belmont)
  Ivy Park of Belmont: 6 reports

[36/680] Silverado Senior Living - Belmont Hills (Belmont)
  Silverado Senior Living - Belmont Hills: 43 reports

[37/680] Vista Terrace of Belmont (Belmont)
  Vista Terrace of Belmont: 44 reports

[38/680] Angeleon Care Home (Berkeley)
  Angeleon Care Home: 8 reports

[39/680] Angels Windsor House (Berkeley)
  Angels Windsor House: 5 reports

[40/680] Elegance Berkeley (Berkeley)
  Elegance Berkeley: 46 reports

[41/680] Golden Oasis (Berkeley)
  Golden Oasis: 5 reports

[42/680] Ivy at Berkeley, the (Berkeley)
  Ivy at Berkeley, the: 6 reports

[43/680] Silverado Senior Living-berkeley (Berkeley)
  Silverado Senior Living-berkeley: 23 reports

[44/680] Sunrise of Beverly Hills (Beverly Hills)
  Sunrise of Beverly Hills: 22 reports

[45/680] Watermark at Beverly Hills, the (Beverly Hills)
  Watermark at Beverly Hills, the: 11 reports

[46/680] Brookdale Brea (Brea)
  Brookdale Brea: 10 reports

[47/680] Silverado Brea Llc (Brea)
  Silverado Brea Llc: 18 reports

[48/680] Belmont Village Burbank (Burbank)
  Belmont Village Burbank: 9 reports

[49/680] Ivy Park at Burbank (Burbank)
  Ivy Park at Burbank: 23 reports

[50/680] Acacia Manor (Burlingame)
  Acacia Manor: 4 reports

[51/680] Am Residential Care Home (Burlingame)
  Am Residential Care Home: 5 reports

[52/680] Burlingame Senior Home (Burlingame)
  Burlingame Senior Home: 5 reports

[53/680] Burlingame Senior Home 2 (Burlingame)
  Burlingame Senior Home 2: 8 reports

[54/680] Burlingame Senior Living (Burlingame)
  Burlingame Senior Living: 35 reports

[55/680] Burlingame Villa, Inc. (Burlingame)
  Burlingame Villa, Inc.: 14 reports

[56/680] Cedarhill Manor Ii (Burlingame)
  Cedarhill Manor Ii: 8 reports

[57/680] Marina's Home (Burlingame)
  Marina's Home: 2 reports

[58/680] Mills Estate Villa (Burlingame)
  Mills Estate Villa: 4 reports

[59/680] Oakmont of Burlingame (Burlingame)
  Oakmont of Burlingame: 5 reports

[60/680] Toyon Care Llc (Burlingame)
  Toyon Care Llc: 4 reports

[61/680] Trousdale, the (Burlingame)
  Trousdale, the: 13 reports

[62/680] Belmont Village Calabasas (Calabasas)
  Belmont Village Calabasas: 28 reports

[63/680] Silverado Senior Living - Calabasas (Calabasas)
  Silverado Senior Living - Calabasas: 40 reports

[64/680] Ambrosia Home (Campbell)
  Ambrosia Home: 4 reports

[65/680] Bed of Roses Residential Care Home (Campbell)
  Bed of Roses Residential Care Home: 4 reports

[66/680] Campbell Senior Living (Campbell)
  Campbell Senior Living: 4 reports

[67/680] Campbell Village (Campbell)
  Campbell Village: 24 reports

[68/680] Esther's Residential Care Home (Campbell)
  Esther's Residential Care Home: 3 reports

[69/680] Gardenia Homes 1 Llc (Campbell)
  Gardenia Homes 1 Llc: 4 reports

[70/680] Merrill Gardens at Campbell (Campbell)
  Merrill Gardens at Campbell: 10 reports

[71/680] Mina's Elderly Care Home 3 Llc (Campbell)
  Mina's Elderly Care Home 3 Llc: 4 reports

[72/680] Palm Villas, Campbell (Campbell)
  Palm Villas, Campbell: 28 reports

[73/680] Princess Lodge (Campbell)
  Princess Lodge: 7 reports

[74/680] Sakura Gardens Villa Llc (Campbell)
  Sakura Gardens Villa Llc: 6 reports

[75/680] Shamrock Residential Care Home (Campbell)
  Shamrock Residential Care Home: 5 reports

[76/680] West Valley Care Home (Campbell)
  West Valley Care Home: 12 reports

[77/680] White Oaks Senior Living (Campbell)
  White Oaks Senior Living: 7 reports

[78/680] Belmont Village Cardiff (Cardiff by the Sea)
  Belmont Village Cardiff: 22 reports

[79/680] Santianna Oakmont Signature Living (Carlsbad)
  Santianna Oakmont Signature Living: 37 reports

[80/680] Aegis Assisted Living of Carmichael (Carmichael)
  Aegis Assisted Living of Carmichael: 42 reports

[81/680] Oakmont of Carmichael (Carmichael)
  Oakmont of Carmichael: 24 reports

[82/680] Sunrise Assisted Living of Carmichael (Carmichael)
  Sunrise Assisted Living of Carmichael: 22 reports

[83/680] Aaa Care Haven Ii (Castro Valley)
  Aaa Care Haven Ii: 3 reports

[84/680] Almond Road Senior Estates (Castro Valley)
  Almond Road Senior Estates: 5 reports

[85/680] Baywood Court (Castro Valley)
  Baywood Court: 7 reports

[86/680] Carefield Castro Valley (Castro Valley)
  Carefield Castro Valley: 17 reports

[87/680] Castro Village Care Home (Castro Valley)
  Castro Village Care Home: 4 reports

[88/680] Eden Assisted Living (Castro Valley)
  Eden Assisted Living: 7 reports

[89/680] Fairbanks One (Castro Valley)
  Fairbanks One: 4 reports

[90/680] Lake Chabot Care Home (Castro Valley)
  Lake Chabot Care Home: 3 reports

[91/680] Oakcreek (Castro Valley)
  Oakcreek: 7 reports

[92/680] Redwood Assisted Living (Castro Valley)
  Redwood Assisted Living: 5 reports

[93/680] Welcome Home - Castro Valley (Castro Valley)
  Welcome Home - Castro Valley: 4 reports

[94/680] Willow Creek Alzheimer's & Dementia Care Center (Castro Valley)
  Willow Creek Alzheimer's & Dementia Care Center: 10 reports

[95/680] Woodside Residential Care Facility for Elderly (Castro Valley)
  Woodside Residential Care Facility for Elderly: 8 reports

[96/680] Ivy Park at Cerritos (Cerritos)
  Ivy Park at Cerritos: 37 reports

[97/680] Brookdale Chatsworth (Chatsworth)
  Brookdale Chatsworth: 36 reports

[98/680] Ivy Park at Bonita (Chula Vista)
  Ivy Park at Bonita: 10 reports

[99/680] Ivy Park at Otay Ranch (Chula Vista)
  Ivy Park at Otay Ranch: 36 reports

[100/680] Angel Touch Memory Care Llc (Cirtus Heights)
  Angel Touch Memory Care Llc: 5 reports

[101/680] Brookdale Sylvan Ranch (Citrus Heights)
  Brookdale Sylvan Ranch: 25 reports

[102/680] Ivy Park at Claremont (Claremont)
  Ivy Park at Claremont: 8 reports

[103/680] California Sunshine Rcfe (Clayton)
  California Sunshine Rcfe: 8 reports

[104/680] Peninsula Reflections (Colma)
  Peninsula Reflections: 16 reports

[105/680] Amistad Assisted Living and Memory Care Home (Corona)
  Amistad Assisted Living and Memory Care Home: 10 reports

[106/680] Assisted Living and Memory Care by Inspirations (Corona)
  Assisted Living and Memory Care by Inspirations: 2 reports

[107/680] Assisted Lvg & Memory Care Home at Wildrose Ranch (Corona)
  Assisted Lvg & Memory Care Home at Wildrose Ranch: 4 reports

[108/680] Brookdale Corona (Corona)
  Brookdale Corona: 20 reports

[109/680] Cathy's Cottage - Assisted Living and Memory Care (Corona)
  Cathy's Cottage - Assisted Living and Memory Care: 6 reports

[110/680] Silverado Senior Living- Newport Mesa (Costa Mesa)
  Silverado Senior Living- Newport Mesa: 19 reports

[111/680] Park View Place (Covina)
  Park View Place: 17 reports

[112/680] Forum at Rancho San Antonio, the (Cupertino)
  Forum at Rancho San Antonio, the: 8 reports

[113/680] Paradise Manor Ii Inc. (Cupertino)
  Paradise Manor Ii Inc.: 9 reports

[114/680] Selah Elderly Care (Cupertino)
  Selah Elderly Care: 3 reports

[115/680] Sunny View Retirement Community (Cupertino)
  Sunny View Retirement Community: 13 reports

[116/680] Aegis Living Dana Point (Dana Point)
  Aegis Living Dana Point: 10 reports

[117/680] Angel's Crest Home Ii (Danville)
  Angel's Crest Home Ii: 6 reports

[118/680] Brookdale Danville (Danville)
  Brookdale Danville: 14 reports

[119/680] Brookdale Diablo Lodge (Danville)
  Brookdale Diablo Lodge: 16 reports

[120/680] Danville Care Home (Danville)
  Danville Care Home: 4 reports

[121/680] Danville Courtyard (Danville)
  Danville Courtyard: 4 reports

[122/680] Danville Home for Seniors (Danville)
  Danville Home for Seniors: 5 reports

[123/680] Danville Paradise (Danville)
  Danville Paradise: 4 reports

[124/680] Golden Pond (Danville)
  Golden Pond: 5 reports

[125/680] Good Shepherd of Danville (Danville)
  Good Shepherd of Danville: 17 reports

[126/680] Granny's Loving Angels Llc (Danville)
  Granny's Loving Angels Llc: 5 reports

[127/680] Home Sweet Elsie (Danville)
  Home Sweet Elsie: 3 reports

[128/680] Lynwood Guest Home (Danville)
  Lynwood Guest Home: 5 reports

[129/680] Magnolia Garden Assisted Living (Danville)
  Magnolia Garden Assisted Living: 6 reports

[130/680] Paraiso Gardens (Danville)
  Paraiso Gardens: 5 reports

[131/680] Reutlinger Community, the (Danville)
  Reutlinger Community, the: 26 reports

[132/680] Round Hill Care Homes, Inc. (Danville)
  Round Hill Care Homes, Inc.: 5 reports

[133/680] Serving Hands Llc (Danville)
  Serving Hands Llc: 4 reports

[134/680] Sunrise Assisted Living of Danville (Danville)
  Sunrise Assisted Living of Danville: 12 reports

[135/680] Trinity Care Home 4 (Danville)
  Trinity Care Home 4: 8 reports

[136/680] Allstar Residence (Dublin)
  Allstar Residence: 5 reports

[137/680] Emerald Home Care (Dublin)
  Emerald Home Care: 7 reports

[138/680] Emerald Valley (Dublin)
  Emerald Valley: 23 reports

[139/680] Helping Hands, Llc (Dublin)
  Helping Hands, Llc: 8 reports

[140/680] Sunrise Home Care (Dublin)
  Sunrise Home Care: 3 reports

[141/680] Valle Verde Care Home Ii (Dublin)
  Valle Verde Care Home Ii: 4 reports

[142/680] Warm House (Dublin)
  Warm House: 7 reports

[143/680] Wright Place, the (East Palo Alto)
  Wright Place, the: 8 reports

[144/680] Oakmont of East Sacramento (East Sacramento)
  Oakmont of East Sacramento: 35 reports

[145/680] Carter Place (El Sobrante)
  Carter Place: 5 reports

[146/680] Hailey's Care Home (El Sobrante)
  Hailey's Care Home: 8 reports

[147/680] Hm Love & Care Home (El Sobrante)
  Hm Love & Care Home: 11 reports

[148/680] Gardens at Laguna Springs Memory Care, the (Elk Grove)
  Gardens at Laguna Springs Memory Care, the: 32 reports

[149/680] Ivy Park at Laguna Creek (Elk Grove)
  Ivy Park at Laguna Creek: 42 reports

[150/680] Lakeview Lodge (Emerald Hills)
  Lakeview Lodge: 57 reports

[151/680] 1440 by the Bay (Emeryville)
  1440 by the Bay: 22 reports

[152/680] Silverado Senior Living-encinitas (Encinitas)
  Silverado Senior Living-encinitas: 17 reports

[153/680] Ivy Park at Escondido (Escondido)
  Ivy Park at Escondido: 2 reports

[154/680] Ivy Park at Escondido (Escondido)
  Ivy Park at Escondido: 10 reports

[155/680] Silverado Senior Living-escondido (Escondido)
  Silverado Senior Living-escondido: 9 reports

[156/680] Vista del Lago Memory Care (Escondido)
  Vista del Lago Memory Care: 42 reports

[157/680] Oakmont of Escondido Hills (Escondido Hills)
  Oakmont of Escondido Hills: 8 reports

[158/680] Oakmont of Fair Oaks (Fair Oaks)
  Oakmont of Fair Oaks: 37 reports

[159/680] Sunrise Assisted Living of Fair Oaks (Fair Oaks)
  Sunrise Assisted Living of Fair Oaks: 13 reports

[160/680] Brookdale Folsom (Folsom)
  Brookdale Folsom: 36 reports

[161/680] Oakmont of Folsom (Folsom)
  Oakmont of Folsom: 17 reports

[162/680] Always Tlc (Foster City)
  Always Tlc: 8 reports

[163/680] Atria at Foster Square (Foster City)
  Atria at Foster Square: 26 reports

[164/680] Emerald Retirement Residence (Foster City)
  Emerald Retirement Residence: 3 reports

[165/680] Five Star Care Home Ii (Foster City)
  Five Star Care Home Ii: 4 reports

[166/680] Janie's Home (Foster City)
  Janie's Home: 10 reports

[167/680] Seniors at Crane (Foster City)
  Seniors at Crane: 3 reports

[168/680] Sonas Home (Foster City)
  Sonas Home: 7 reports

[169/680] A & P Care Home for Seniors (Fremont)
  A & P Care Home for Seniors: 6 reports

[170/680] Aegis Assisted Living of Fremont (Fremont)
  Aegis Assisted Living of Fremont: 42 reports

[171/680] Aegis Gardens (Fremont)
  Aegis Gardens: 37 reports

[172/680] Beloved Home Retreat (Fremont)
  Beloved Home Retreat: 7 reports

[173/680] Brookdale North Fremont (Fremont)
  Brookdale North Fremont: 14 reports

[174/680] Carlton Plaza of Fremont (Fremont)
  Carlton Plaza of Fremont: 27 reports

[175/680] Cma Care Home (Fremont)
  Cma Care Home: 5 reports

[176/680] Cma Care Home 1 (Fremont)
  Cma Care Home 1: 4 reports

[177/680] Common Destiny (Fremont)
  Common Destiny: 6 reports

[178/680] Footprint Care Home (Fremont)
  Footprint Care Home: 10 reports

[179/680] Fremont Hills (Fremont)
  Fremont Hills: 27 reports

[180/680] Fremont Village (Fremont)
  Fremont Village: 23 reports

[181/680] H & M Homes Llc (Fremont)
  H & M Homes Llc: 8 reports

[182/680] Heather's Care Home (Fremont)
  Heather's Care Home: 5 reports

[183/680] Isherwood Care Iii (Fremont)
  Isherwood Care Iii: 7 reports

[184/680] K & J Residential Care Home (Fremont)
  K & J Residential Care Home: 7 reports

[185/680] K & J Residential Care Home Iii (Fremont)
  K & J Residential Care Home Iii: 4 reports

[186/680] La Concepcion Residential Care Home (Fremont)
  La Concepcion Residential Care Home: 7 reports

[187/680] Lincoln Villa (Fremont)
  Lincoln Villa: 24 reports

[188/680] Lucky Garden Care Home (Fremont)
  Lucky Garden Care Home: 8 reports

[189/680] Mary's Manor (Fremont)
  Mary's Manor: 7 reports

[190/680] Merisol Care (Fremont)
  Merisol Care: 7 reports

[191/680] Muriel's Residential Facility (Fremont)
  Muriel's Residential Facility: 4 reports

[192/680] Muriel's Residential Facility Ii (Fremont)
  Muriel's Residential Facility Ii: 6 reports

[193/680] Tri City Care Home Ii (Fremont)
  Tri City Care Home Ii: 8 reports

[194/680] Ivy Park at Fullerton (Fullerton)
  Ivy Park at Fullerton: 4 reports

[195/680] Oakmont of Fullerton (Fullerton)
  Oakmont of Fullerton: 14 reports

[196/680] Brookdale Garden Grove (Garden Grove)
  Brookdale Garden Grove: 30 reports

[197/680] Brookdale Valley View (Garden Grove)
  Brookdale Valley View: 28 reports

[198/680] Bonita Springs Care Home (Gilroy)
  Bonita Springs Care Home: 5 reports

[199/680] Clark's Villa (Gilroy)
  Clark's Villa: 5 reports

[200/680] Gilroy Elderly Care Home (Gilroy)
  Gilroy Elderly Care Home: 4 reports

[201/680] Merrill Gardens at Gilroy (Gilroy)
  Merrill Gardens at Gilroy: 48 reports

[202/680] Sweet Care Home in Gilroy (Gilroy)
  Sweet Care Home in Gilroy: 5 reports

[203/680] Aegis Living Granada Hills (Granada Hills)
  Aegis Living Granada Hills: 16 reports

[204/680] Above & Beyond Rcfe, Inc. (Hayward)
  Above & Beyond Rcfe, Inc.: 8 reports

[205/680] Alondra Care Home 3 (Hayward)
  Alondra Care Home 3: 7 reports

[206/680] Arcadian Residential Community (Hayward)
  Arcadian Residential Community: 10 reports

[207/680] Astera Care Home Llc (Hayward)
  Astera Care Home Llc: 7 reports

[208/680] Bella Vista (Hayward)
  Bella Vista: 17 reports

[209/680] Bellara Senior Living (Hayward)
  Bellara Senior Living: 10 reports

[210/680] Bethesda Home (Hayward)
  Bethesda Home: 26 reports

[211/680] Bloomstone Family Home Llc (Hayward)
  Bloomstone Family Home Llc: 6 reports

[212/680] Blossom Garden Senior Home (Hayward)
  Blossom Garden Senior Home: 6 reports

[213/680] Colonial Acres Residential Care Home (Hayward)
  Colonial Acres Residential Care Home: 21 reports

[214/680] Continuance Care Home Llc (Hayward)
  Continuance Care Home Llc: 16 reports

[215/680] Diana's Care Home (Hayward)
  Diana's Care Home: 5 reports

[216/680] Diana's Care Home (Hayward)
  Diana's Care Home: 9 reports

[217/680] Elle's Home (Hayward)
  Elle's Home: 8 reports

[218/680] Escueta Care Home 2 (Hayward)
  Escueta Care Home 2: 4 reports

[219/680] Galicia's Tulip Care Home #2 (Hayward)
  Galicia's Tulip Care Home #2: 6 reports

[220/680] H & M Homes Standish (Hayward)
  H & M Homes Standish: 6 reports

[221/680] Ivy Park at Hayward (Hayward)
  Ivy Park at Hayward: 32 reports

[222/680] Julian Family Carehome (Hayward)
  Julian Family Carehome: 10 reports

[223/680] Landmark Villa (Hayward)
  Landmark Villa: 18 reports

[224/680] Montgomery Springs Manor (Hayward)
  Montgomery Springs Manor: 27 reports

[225/680] Moonraker Villa Senior Care 2 (Hayward)
  Moonraker Villa Senior Care 2: 5 reports

[226/680] Pacaldo-yee (Hayward)
  Pacaldo-yee: 14 reports

[227/680] Palm Tree Courtyard (Hayward)
  Palm Tree Courtyard: 9 reports

[228/680] Pleasant Hill Manor (Hayward)
  Pleasant Hill Manor: 6 reports

[229/680] Royal Colony View Place (Hayward)
  Royal Colony View Place: 8 reports

[230/680] Ruus Home-rcfe (Hayward)
  Ruus Home-rcfe: 4 reports

[231/680] Scott Residential Care Home (Hayward)
  Scott Residential Care Home: 3 reports

[232/680] Scott Villa (Hayward)
  Scott Villa: 16 reports

[233/680] St. Lourdes Home (Hayward)
  St. Lourdes Home: 8 reports

[234/680] Brookdale Sunwest (Hemet)
  Brookdale Sunwest: 10 reports

[235/680] Desert Hills Memory Care Center (Hemet)
  Desert Hills Memory Care Center: 34 reports

[236/680] Sunrise Assisted Living of Hermosa Beach (Hermosa Beach)
  Sunrise Assisted Living of Hermosa Beach: 12 reports

[237/680] Ivy Park at Huntington Beach (Huntington Beach)
  Ivy Park at Huntington Beach: 8 reports

[238/680] Merrill Gardens at Huntington Beach (Huntington Beach)
  Merrill Gardens at Huntington Beach: 11 reports

[239/680] Oakmont of Huntington Beach (Huntington Beach)
  Oakmont of Huntington Beach: 18 reports

[240/680] Brookdale Irvine (Irvine)
  Brookdale Irvine: 44 reports

[241/680] Whitten Heights Assisted Living and Memory Care (La Habra)
  Whitten Heights Assisted Living and Memory Care: 82 reports

[242/680] Belmont Village la Jolla (La Jolla)
  Belmont Village la Jolla: 21 reports

[243/680] Grossmont Gardens Memory Care (La Mesa)
  Grossmont Gardens Memory Care: 32 reports

[244/680] Ivy Park at la Palma (La Palma)
  Ivy Park at la Palma: 4 reports

[245/680] Caleo Bay Alzheimer's Special Care Center (La Quinta)
  Caleo Bay Alzheimer's Special Care Center: 19 reports

[246/680] Ask Assisted Living Llc (Lafayette)
  Ask Assisted Living Llc: 5 reports

[247/680] Ask: Hidden Valley Care Home (Lafayette)
  Ask: Hidden Valley Care Home: 11 reports

[248/680] Atria Park of Lafayette (Lafayette)
  Atria Park of Lafayette: 19 reports

[249/680] Caring Angels Care Home (Lafayette)
  Caring Angels Care Home: 5 reports

[250/680] Immaculate Home at Withers (Lafayette)
  Immaculate Home at Withers: 6 reports

[251/680] Lafayette Care Home (Lafayette)
  Lafayette Care Home: 4 reports

[252/680] Lafayette Care Home Ii (Lafayette)
  Lafayette Care Home Ii: 5 reports

[253/680] Lafayette Gardens (Lafayette)
  Lafayette Gardens: 10 reports

[254/680] Lafayette Heights Res. Care (Lafayette)
  Lafayette Heights Res. Care: 5 reports

[255/680] Merrill Gardens at Lafayette (Lafayette)
  Merrill Gardens at Lafayette: 9 reports

[256/680] Woodlands Iv (Lafayette)
  Woodlands Iv: 4 reports

[257/680] Aegis Assisted Living of Laguna Niguel (Laguna Niguel)
  Aegis Assisted Living of Laguna Niguel: 12 reports

[258/680] Ivy Park at Laguna Woods (Laguna Woods)
  Ivy Park at Laguna Woods: 15 reports

[259/680] Ivy Park of Wellington (Laguna Woods)
  Ivy Park of Wellington: 10 reports

[260/680] A Gabriela's Villa-livermore (Livermore)
  A Gabriela's Villa-livermore: 7 reports

[261/680] A Home of Our Own (Livermore)
  A Home of Our Own: 6 reports

[262/680] A New Haven Care Home - Adams (Livermore)
  A New Haven Care Home - Adams: 5 reports

[263/680] A New Haven Care Home - Berlin (Livermore)
  A New Haven Care Home - Berlin: 8 reports

[264/680] A New Haven Care Home - Hampton (Livermore)
  A New Haven Care Home - Hampton: 6 reports

[265/680] A New Haven Care Home-hudson (Livermore)
  A New Haven Care Home-hudson: 5 reports

[266/680] A New Haven Care Home-springtown (Livermore)
  A New Haven Care Home-springtown: 5 reports

[267/680] Anastasia (Livermore)
  Anastasia: 11 reports

[268/680] Assisted Graceful Living (Livermore)
  Assisted Graceful Living: 6 reports

[269/680] Bethany Home Senior Living, Llc (Livermore)
  Bethany Home Senior Living, Llc: 24 reports

[270/680] Bethany Home/harvard Manor (Livermore)
  Bethany Home/harvard Manor: 6 reports

[271/680] Bethany Homes Senior Living Ii (Livermore)
  Bethany Homes Senior Living Ii: 6 reports

[272/680] Caring Hands (Livermore)
  Caring Hands: 7 reports

[273/680] Evergreen Senior Assisted Living (Livermore)
  Evergreen Senior Assisted Living: 5 reports

[274/680] Grace Home Care - Lloyd (Livermore)
  Grace Home Care - Lloyd: 9 reports

[275/680] Grace Home Care - Meadowlark (Livermore)
  Grace Home Care - Meadowlark: 5 reports

[276/680] Hrs Care Home (Livermore)
  Hrs Care Home: 6 reports

[277/680] Kennedy Guest Home (Livermore)
  Kennedy Guest Home: 5 reports

[278/680] Khivi Care, Llc (Livermore)
  Khivi Care, Llc: 6 reports

[279/680] Leap Care Services Llc (Livermore)
  Leap Care Services Llc: 8 reports

[280/680] Livermore Care Home (Livermore)
  Livermore Care Home: 9 reports

[281/680] Milan Villa Senior Living (Livermore)
  Milan Villa Senior Living: 12 reports

[282/680] Old Oak Golden Villa, Llc (Livermore)
  Old Oak Golden Villa, Llc: 6 reports

[283/680] Quail Garden (Livermore)
  Quail Garden: 10 reports

[284/680] Quail Garden 2 (Livermore)
  Quail Garden 2: 7 reports

[285/680] Rhome Cares at Lynn (Livermore)
  Rhome Cares at Lynn: 3 reports

[286/680] Shannen Guest Home (Livermore)
  Shannen Guest Home: 5 reports

[287/680] Sunrise Private Care (Livermore)
  Sunrise Private Care: 9 reports

[288/680] Tuscany Villa Senior Living (Livermore)
  Tuscany Villa Senior Living: 9 reports

[289/680] Watermark at Rosewood Gardens, the (Livermore)
  Watermark at Rosewood Gardens, the: 18 reports

[290/680] Bridgepoint at los Altos (Los Altos)
  Bridgepoint at los Altos: 15 reports

[291/680] El Sereno Home (Los Altos)
  El Sereno Home: 6 reports

[292/680] Hidden Lane Villa (Los Altos)
  Hidden Lane Villa: 5 reports

[293/680] Snow White Care Home (Los Altos)
  Snow White Care Home: 6 reports

[294/680] Terraces at los Altos, the (Los Altos)
  Terraces at los Altos, the: 10 reports

[295/680] Avenir Memory Care Westside (Los Angeles)
  Avenir Memory Care Westside: 59 reports

[296/680] Belmont Village Hollywood (Los Angeles)
  Belmont Village Hollywood: 21 reports

[297/680] Belmont Village Westwood (Los Angeles)
  Belmont Village Westwood: 19 reports

[298/680] Ivy Park at Culver City (Los Angeles)
  Ivy Park at Culver City: 32 reports

[299/680] Silverado Senior Living-beverly Place (Los Angeles)
  Silverado Senior Living-beverly Place: 12 reports

[300/680] Sunny Hills Assisted Living (memory Care) (Los Angeles)
  Sunny Hills Assisted Living (memory Care): 27 reports

[301/680] Watermark at Westwood Village, the (Los Angeles)
  Watermark at Westwood Village, the: 29 reports

[302/680] Cedar Creek Alzheimer's & Dementia Care Center (Los Gatos)
  Cedar Creek Alzheimer's & Dementia Care Center: 7 reports

[303/680] Mina's Elderly Carehome 2 (Los Gatos)
  Mina's Elderly Carehome 2: 3 reports

[304/680] Minas Elderly Care Home 1 (Los Gatos)
  Minas Elderly Care Home 1: 3 reports

[305/680] Roxbury Elderly Care Llc (Los Gatos)
  Roxbury Elderly Care Llc: 4 reports

[306/680] Terraces of los Gatos, the (Los Gatos)
  Terraces of los Gatos, the: 19 reports

[307/680] Aster Garden Care Home, Inc (Martinez)
  Aster Garden Care Home, Inc: 4 reports

[308/680] Cherish Care Home Inc. (Martinez)
  Cherish Care Home Inc.: 10 reports

[309/680] Olympic Residential Care Home (Martinez)
  Olympic Residential Care Home: 5 reports

[310/680] Reliez Valley Care Home (Martinez)
  Reliez Valley Care Home: 8 reports

[311/680] Villa Nueva Care Home 4 (Martinez)
  Villa Nueva Care Home 4: 4 reports

[312/680] Villa Vittoria (Martinez)
  Villa Vittoria: 4 reports

[313/680] Pech5 Mg Oc Llc (Menlo Park)
  Pech5 Mg Oc Llc: 3 reports

[314/680] Sandhill Assisted Living Llc (Menlo Park)
  Sandhill Assisted Living Llc: 16 reports

[315/680] Sandhill Assisted Living Llc (Menlo Park)
  Sandhill Assisted Living Llc: 22 reports

[316/680] Silver Oaks (Menlo Park)
  Silver Oaks: 37 reports

[317/680] Advent Residential Home Ii (Millbrae)
  Advent Residential Home Ii: 5 reports

[318/680] Cadence Millbrae (Millbrae)
  Cadence Millbrae: 26 reports

[319/680] Elle's Care Home 2 (Millbrae)
  Elle's Care Home 2: 2 reports

[320/680] Golden Age Inc. (Millbrae)
  Golden Age Inc.: 5 reports

[321/680] Hearts at Millwood Assisted Living (Millbrae)
  Hearts at Millwood Assisted Living: 10 reports

[322/680] Heritage Royale (Millbrae)
  Heritage Royale: 6 reports

[323/680] J and V Family Care Home (Millbrae)
  J and V Family Care Home: 4 reports

[324/680] Magnolia of Millbrae (Millbrae)
  Magnolia of Millbrae: 9 reports

[325/680] Millbrae Assisted Living Home (Millbrae)
  Millbrae Assisted Living Home: 10 reports

[326/680] Millbrae Board & Care Home (Millbrae)
  Millbrae Board & Care Home: 3 reports

[327/680] Millbrae Family Care Home (Millbrae)
  Millbrae Family Care Home: 5 reports

[328/680] Millbrae Paradise Care Home (Millbrae)
  Millbrae Paradise Care Home: 4 reports

[329/680] Aegis Residential Living (Mission Viejo)
  Aegis Residential Living: 4 reports

[330/680] Ivy Park at Mission Viejo (Mission Viejo)
  Ivy Park at Mission Viejo: 19 reports

[331/680] Sunrise of Mission Viejo (Mission Viejo)
  Sunrise of Mission Viejo: 10 reports

[332/680] Brookdale Monrovia (Monrovia)
  Brookdale Monrovia: 13 reports

[333/680] Jla Healthcare Services Llc (Montara)
  Jla Healthcare Services Llc: 15 reports

[334/680] New Cedar Lane Care Home, Inc. (Montara)
  New Cedar Lane Care Home, Inc.: 11 reports

[335/680] Aegis Assisted Living of Moraga (Moraga)
  Aegis Assisted Living of Moraga: 18 reports

[336/680] Moraga Retreat Care (Moraga)
  Moraga Retreat Care: 5 reports

[337/680] Moraga Retreat Care On Woodford (Moraga)
  Moraga Retreat Care On Woodford: 5 reports

[338/680] Moraga Royale (Moraga)
  Moraga Royale: 5 reports

[339/680] Elwyn California Ginger Home (Morgan Hill)
  Elwyn California Ginger Home: 4 reports

[340/680] Laurel Heights (Morgan Hill)
  Laurel Heights: 5 reports

[341/680] Loma Clara Senior Living (Morgan Hill)
  Loma Clara Senior Living: 26 reports

[342/680] Meridian Manor 3 Special Res Fac for Elderly(rcfe) (Morgan Hill)
  Meridian Manor 3 Special Res Fac for Elderly(rcfe): 3 reports

[343/680] Primavera Gardens (Morgan Hill)
  Primavera Gardens: 12 reports

[344/680] Valley Pines (Morgan Hill)
  Valley Pines: 11 reports

[345/680] Vila Monte (Morgan Hill)
  Vila Monte: 31 reports

[346/680] Villa Amor (Morgan Hill)
  Villa Amor: 6 reports

[347/680] Westmont of Morgan Hill (Morgan Hill)
  Westmont of Morgan Hill: 27 reports

[348/680] Casa Alice Care Home (Mountain View)
  Casa Alice Care Home: 9 reports

[349/680] Casa Pastel Care Home (Mountain View)
  Casa Pastel Care Home: 4 reports

[350/680] Paradise Care Home (Mountain View)
  Paradise Care Home: 5 reports

[351/680] Villa Siena (Mountain View)
  Villa Siena: 4 reports

[352/680] Villa Toscana a Memory Care Community (Mountain View)
  Villa Toscana a Memory Care Community: 4 reports

[353/680] Brookdale Murrieta (Murrieta)
  Brookdale Murrieta: 11 reports

[354/680] Ivy Park at Murrieta (Murrieta)
  Ivy Park at Murrieta: 14 reports

[355/680] Parkview Memory Care at Paradise Village (National City)
  Parkview Memory Care at Paradise Village: 19 reports

[356/680] Alondra Care Home 2 (Newark)
  Alondra Care Home 2: 3 reports

[357/680] Flintwood Care Home (Newark)
  Flintwood Care Home: 6 reports

[358/680] Heavenly Care Home (Newark)
  Heavenly Care Home: 7 reports

[359/680] Our Three Hearts Care Home Llc (Newark)
  Our Three Hearts Care Home Llc: 4 reports

[360/680] St Joseph Senior Care (Newark)
  St Joseph Senior Care: 4 reports

[361/680] Newport Beach Memory Care (Newport Beach)
  Newport Beach Memory Care: 24 reports

[362/680] Alondra Care Home (Oakland)
  Alondra Care Home: 11 reports

[363/680] Bellaken Garden (Oakland)
  Bellaken Garden: 8 reports

[364/680] Charitys Residence (Oakland)
  Charitys Residence: 5 reports

[365/680] D'nalor Care Homes, Llc (Oakland)
  D'nalor Care Homes, Llc: 8 reports

[366/680] Dimond Care (Oakland)
  Dimond Care: 6 reports

[367/680] Dimond Care Ii (Oakland)
  Dimond Care Ii: 4 reports

[368/680] East Bay Assisted Living (Oakland)
  East Bay Assisted Living: 4 reports

[369/680] East Bay Longevity Assisted Living (Oakland)
  East Bay Longevity Assisted Living: 4 reports

[370/680] Elder Ashram (Oakland)
  Elder Ashram: 32 reports

[371/680] Good Shepherd Vista (Oakland)
  Good Shepherd Vista: 12 reports

[372/680] Grand Lake Vista (Oakland)
  Grand Lake Vista: 3 reports

[373/680] Holy Family Home (Oakland)
  Holy Family Home: 5 reports

[374/680] House of Psalms Assisted Living for Seniors (Oakland)
  House of Psalms Assisted Living for Seniors: 5 reports

[375/680] Ivy Park at Oakland Hills (Oakland)
  Ivy Park at Oakland Hills: 12 reports

[376/680] J & C Care Center Llc (Oakland)
  J & C Care Center Llc: 11 reports

[377/680] Lake Park Senior Living (Oakland)
  Lake Park Senior Living: 54 reports

[378/680] Lakeshore Residential Care (Oakland)
  Lakeshore Residential Care: 22 reports

[379/680] Lakeside Park (Oakland)
  Lakeside Park: 28 reports

[380/680] Mercy Retirement & Care Center (Oakland)
  Mercy Retirement & Care Center: 26 reports

[381/680] Merrill Gardens at Rockridge (Oakland)
  Merrill Gardens at Rockridge: 29 reports

[382/680] Oakland Heights Senior Living (Oakland)
  Oakland Heights Senior Living: 81 reports

[383/680] Opal Care Llc (Oakland)
  Opal Care Llc: 67 reports

[384/680] Piedmont Gardens #1 (Oakland)
  Piedmont Gardens #1: 20 reports

[385/680] Point at Rockridge, the (Oakland)
  Point at Rockridge, the: 48 reports

[386/680] St. Paul's Towers (Oakland)
  St. Paul's Towers: 18 reports

[387/680] B. Ruiz Carehome 2 (Oakley)
  B. Ruiz Carehome 2: 7 reports

[388/680] Buttons Elderly Care Llc (Oakley)
  Buttons Elderly Care Llc: 5 reports

[389/680] Camelia Gardens (Oakley)
  Camelia Gardens: 3 reports

[390/680] Cathedral Care Home - Oakley (Oakley)
  Cathedral Care Home - Oakley: 4 reports

[391/680] Coral Home Care Llc (Oakley)
  Coral Home Care Llc: 4 reports

[392/680] Ecolux Assisted Living (Oakley)
  Ecolux Assisted Living: 8 reports

[393/680] Light of Grace I (Oakley)
  Light of Grace I: 5 reports

[394/680] Oakley Assisted Living Ii , Llc (Oakley)
  Oakley Assisted Living Ii , Llc: 6 reports

[395/680] Oakley Assisted Living Llc (Oakley)
  Oakley Assisted Living Llc: 6 reports

[396/680] Sacred Hands Living Iii (Oakley)
  Sacred Hands Living Iii: 8 reports

[397/680] Safe Haven Oakley Llc (Oakley)
  Safe Haven Oakley Llc: 4 reports

[398/680] Serene Care Winchester (Oakley)
  Serene Care Winchester: 4 reports

[399/680] Spyglass Senior Villa I (Oakley)
  Spyglass Senior Villa I: 7 reports

[400/680] Spyglass Senior Villa Ii (Oakley)
  Spyglass Senior Villa Ii: 7 reports

[401/680] Teresa's Quality Comfort Care, Llc (Oakley)
  Teresa's Quality Comfort Care, Llc: 6 reports

[402/680] Vita (Oakley)
  Vita: 4 reports

[403/680] Aegis Assisted Living at Shadowridge (Oceanside)
  Aegis Assisted Living at Shadowridge: 22 reports

[404/680] Brookdale Oceanside (Oceanside)
  Brookdale Oceanside: 24 reports

[405/680] Ocean Hills Assisted Living & Memory Care (Oceanside)
  Ocean Hills Assisted Living & Memory Care: 24 reports

[406/680] Sunrise of Oceanside (Oceanside)
  Sunrise of Oceanside: 11 reports

[407/680] Oakmont of Orange (Orange)
  Oakmont of Orange: 17 reports

[408/680] Sunrise of Orange (Orange)
  Sunrise of Orange: 6 reports

[409/680] Saint Jarielle Residential Care 2 (Pacifica)
  Saint Jarielle Residential Care 2: 9 reports

[410/680] Saint Jarrielle Residential Care (Pacifica)
  Saint Jarrielle Residential Care: 4 reports

[411/680] Tlc Pacifica (Pacifica)
  Tlc Pacifica: 6 reports

[412/680] Channing House (Palo Alto)
  Channing House: 13 reports

[413/680] Ivy Park at Palo Alto (Palo Alto)
  Ivy Park at Palo Alto: 18 reports

[414/680] Lytton Gardens Community Care (Palo Alto)
  Lytton Gardens Community Care: 22 reports

[415/680] Moldaw Family Residences at 899 Charleston (Palo Alto)
  Moldaw Family Residences at 899 Charleston: 12 reports

[416/680] Palo Alto Commons (Palo Alto)
  Palo Alto Commons: 28 reports

[417/680] Vi at Palo Alto (Palo Alto)
  Vi at Palo Alto: 21 reports

[418/680] Webster House (Palo Alto)
  Webster House: 7 reports
Retrying request (1/6) after 0.8s: https://www.ccld.dss.ca.gov/transparencyapi/api/FacilityReports?facNum=435202504&inx=7

[419/680] Ivy Park at Bradford (Placentia)
  Ivy Park at Bradford: 6 reports

[420/680] Ivy Park at Playa Vista (Playa Vista)
  Ivy Park at Playa Vista: 22 reports

[421/680] Aegis Living Pleasant Hill (Pleasant Hill)
  Aegis Living Pleasant Hill: 18 reports

[422/680] Better Living Care Home (Pleasant Hill)
  Better Living Care Home: 11 reports

[423/680] Boyd Senior Care Home (Pleasant Hill)
  Boyd Senior Care Home: 10 reports

[424/680] Chateau Iii (Pleasant Hill)
  Chateau Iii: 14 reports

[425/680] Chateau Pleasant Hill (Pleasant Hill)
  Chateau Pleasant Hill: 14 reports

[426/680] Cordial Care Home (Pleasant Hill)
  Cordial Care Home: 10 reports

[427/680] Dysico Care Home, Rcfe (Pleasant Hill)
  Dysico Care Home, Rcfe: 7 reports

[428/680] Eden Senior Care (Pleasant Hill)
  Eden Senior Care: 3 reports

[429/680] Elisabeth Care Home (Pleasant Hill)
  Elisabeth Care Home: 18 reports

[430/680] Las Trampas - Sheila House (Pleasant Hill)
  Las Trampas - Sheila House: 5 reports

[431/680] Maureen House (Pleasant Hill)
  Maureen House: 13 reports

[432/680] Memory Care of Contra Costa (Pleasant Hill)
  Memory Care of Contra Costa: 15 reports

[433/680] Paradise Villa Senior Care Ii (Pleasant Hill)
  Paradise Villa Senior Care Ii: 4 reports

[434/680] Pleasant Hill Oasis (Pleasant Hill)
  Pleasant Hill Oasis: 20 reports

[435/680] Pleasant Hill Villa Home Care (Pleasant Hill)
  Pleasant Hill Villa Home Care: 9 reports

[436/680] Pleasant Hill Villa Home Care 2 (Pleasant Hill)
  Pleasant Hill Villa Home Care 2: 4 reports

[437/680] Pleasant Hill Villa Home Care 3 (Pleasant Hill)
  Pleasant Hill Villa Home Care 3: 3 reports

[438/680] Poet's Vista Residential Care (Pleasant Hill)
  Poet's Vista Residential Care: 5 reports

[439/680] Ramona Care Home (Pleasant Hill)
  Ramona Care Home: 6 reports

[440/680] Rose Cottage Rcfe (Pleasant Hill)
  Rose Cottage Rcfe: 11 reports

[441/680] Serene Suites (Pleasant Hill)
  Serene Suites: 3 reports

[442/680] Stonehedge Guest Home (Pleasant Hill)
  Stonehedge Guest Home: 8 reports

[443/680] Sunvalley Residential Care Home (Pleasant Hill)
  Sunvalley Residential Care Home: 5 reports

[444/680] Abigail's Guest Home (Pleasanton)
  Abigail's Guest Home: 9 reports

[445/680] Carefield Pleasanton (Pleasanton)
  Carefield Pleasanton: 15 reports

[446/680] Creekview Assisted Living (Pleasanton)
  Creekview Assisted Living: 9 reports

[447/680] Ivy Park at Pleasanton (Pleasanton)
  Ivy Park at Pleasanton: 16 reports

[448/680] Parkview, the (Pleasanton)
  Parkview, the: 15 reports

[449/680] Stoneridge Creek Pleasanton (Pleasanton)
  Stoneridge Creek Pleasanton: 14 reports

[450/680] Sunol Creek Memory Care (Pleasanton)
  Sunol Creek Memory Care: 23 reports

[451/680] Valle Verde Care Home Iii (Pleasanton)
  Valle Verde Care Home Iii: 4 reports

[452/680] Valle Verde Care Home Iv (Pleasanton)
  Valle Verde Care Home Iv: 5 reports

[453/680] Sequoias-portola Valley, the (Portola Valley)
  Sequoias-portola Valley, the: 7 reports

[454/680] Brookdale Mirage Inn (Rancho Mirage)
  Brookdale Mirage Inn: 13 reports

[455/680] Belmont Village Rancho Palos Verdes (Rancho Palos Verdes)
  Belmont Village Rancho Palos Verdes: 29 reports

[456/680] Family Connect Memory Care Palos Verdes (Rancho Palos Verdes)
  Family Connect Memory Care Palos Verdes: 3 reports

[457/680] Silverado Senior Living-beach Cities (Redondo Beach)
  Silverado Senior Living-beach Cities: 17 reports

[458/680] Abigail Complete Care, Inc (Redwood City)
  Abigail Complete Care, Inc: 6 reports

[459/680] Advent Residential Home (Redwood City)
  Advent Residential Home: 5 reports

[460/680] Ark, the (Redwood City)
  Ark, the: 6 reports

[461/680] Atherton Gardens (Redwood City)
  Atherton Gardens: 3 reports

[462/680] Bay Leaf Elderly Care Home Llc (Redwood City)
  Bay Leaf Elderly Care Home Llc: 10 reports

[463/680] Britannia House (Redwood City)
  Britannia House: 5 reports

[464/680] Britannia Place (Redwood City)
  Britannia Place: 10 reports

[465/680] Brookdale Redwood City (Redwood City)
  Brookdale Redwood City: 25 reports

[466/680] Canyon Place (Redwood City)
  Canyon Place: 6 reports

[467/680] Diaz Residential Care Home (Redwood City)
  Diaz Residential Care Home: 6 reports

[468/680] Dolphin Park Rest Home #3 (Redwood City)
  Dolphin Park Rest Home #3: 3 reports

[469/680] East West Care Redwood City Ii (Redwood City)
  East West Care Redwood City Ii: 6 reports

[470/680] Emerald Hills Care Home (Redwood City)
  Emerald Hills Care Home: 3 reports

[471/680] Encina Care Home (Redwood City)
  Encina Care Home: 4 reports

[472/680] Farm Hill Rest Home (Redwood City)
  Farm Hill Rest Home: 8 reports

[473/680] Five Star Care Home (Redwood City)
  Five Star Care Home: 3 reports

[474/680] Friendly Acres Elderly Home (Redwood City)
  Friendly Acres Elderly Home: 5 reports

[475/680] Gordon Manor (Redwood City)
  Gordon Manor: 6 reports

[476/680] Hopkins Manor (Redwood City)
  Hopkins Manor: 37 reports

[477/680] Kensington Place Redwood City (Redwood City)
  Kensington Place Redwood City: 14 reports

[478/680] Maria's Senior Care Home (Redwood City)
  Maria's Senior Care Home: 5 reports

[479/680] Mariner's Green Residential Care (Redwood City)
  Mariner's Green Residential Care: 8 reports

[480/680] Mission Woodside (Redwood City)
  Mission Woodside: 11 reports

[481/680] Oakmont of Redwood City (Redwood City)
  Oakmont of Redwood City: 28 reports

[482/680] Palm Villas (Redwood City)
  Palm Villas: 9 reports

[483/680] Petes' Place (Redwood City)
  Petes' Place: 4 reports

[484/680] Redwood Acres Residential Home (Redwood City)
  Redwood Acres Residential Home: 7 reports

[485/680] Redwood Care Home (Redwood City)
  Redwood Care Home: 7 reports

[486/680] Seniors With Grace Care Home (Redwood City)
  Seniors With Grace Care Home: 3 reports

[487/680] Sequoia Home (Redwood City)
  Sequoia Home: 4 reports

[488/680] Arlington Heights Assisted Living and Memory Care (Riverside)
  Arlington Heights Assisted Living and Memory Care: 3 reports

[489/680] Canyon Crest Assisted Living and Memory Care (Riverside)
  Canyon Crest Assisted Living and Memory Care: 6 reports

[490/680] Sycamore Canyon Assisted Living and Memory Care (Riverside)
  Sycamore Canyon Assisted Living and Memory Care: 2 reports

[491/680] Victoria Hills Assisted Living and Memory Care (Riverside)
  Victoria Hills Assisted Living and Memory Care: 5 reports

[492/680] Loving Hands Care Home Llc (Rodeo)
  Loving Hands Care Home Llc: 14 reports

[493/680] Priority Care Home I (Rodeo)
  Priority Care Home I: 5 reports

[494/680] Villa Board and Care Home (Rodeo)
  Villa Board and Care Home: 9 reports

[495/680] Merrill Gardens at Rolling Hills Estates (Rolling Hills)
  Merrill Gardens at Rolling Hills Estates: 21 reports

[496/680] Early Horizons Home Care (S San Francisco)
  Early Horizons Home Care: 8 reports

[497/680] Ivy Park at Sacramento (Sacramento)
  Ivy Park at Sacramento: 12 reports

[498/680] Ivy Park at Sacramento (Sacramento)
  Ivy Park at Sacramento: 7 reports

[499/680] Access Care Center (San Bruno)
  Access Care Center: 3 reports

[500/680] Ahau Boarding Care Home (San Bruno)
  Ahau Boarding Care Home: 6 reports

[501/680] Araville Residential Care Home Ii (San Bruno)
  Araville Residential Care Home Ii: 5 reports

[502/680] C & C Carehome (San Bruno)
  C & C Carehome: 4 reports

[503/680] Crystal Springs Care Home (San Bruno)
  Crystal Springs Care Home: 5 reports

[504/680] Family Affair Care Home (San Bruno)
  Family Affair Care Home: 13 reports

[505/680] Gonzales Home (San Bruno)
  Gonzales Home: 7 reports

[506/680] Home at Crestmoor (San Bruno)
  Home at Crestmoor: 4 reports

[507/680] Ismaela's Home Care, Inc. (San Bruno)
  Ismaela's Home Care, Inc.: 7 reports

[508/680] J and J Manalo's Board and Care (San Bruno)
  J and J Manalo's Board and Care: 4 reports

[509/680] Mariah's Garden Home Care (San Bruno)
  Mariah's Garden Home Care: 7 reports

[510/680] Monteverde Manor (San Bruno)
  Monteverde Manor: 7 reports

[511/680] Monteverde Manor Ii (San Bruno)
  Monteverde Manor Ii: 7 reports

[512/680] Nanay's Home (San Bruno)
  Nanay's Home: 4 reports

[513/680] Pacaldo Llc (San Bruno)
  Pacaldo Llc: 5 reports

[514/680] Pacaldo Llc (San Bruno)
  Pacaldo Llc: 8 reports

[515/680] Pacaldo Llc (San Bruno)
  Pacaldo Llc: 4 reports

[516/680] Pacific Care Home Iii (San Bruno)
  Pacific Care Home Iii: 4 reports

[517/680] San Bruno Care Home (San Bruno)
  San Bruno Care Home: 5 reports

[518/680] Soledad's Home (San Bruno)
  Soledad's Home: 6 reports

[519/680] Sunshine Care Home Facility Llc (San Bruno)
  Sunshine Care Home Facility Llc: 8 reports

[520/680] Westborough Manor 6 (San Bruno)
  Westborough Manor 6: 12 reports

[521/680] Bayview Villa (San Carlos)
  Bayview Villa: 5 reports

[522/680] Chestnut House (San Carlos)
  Chestnut House: 3 reports

[523/680] Dayton Home Care (San Carlos)
  Dayton Home Care: 4 reports

[524/680] Peninsula Elderly Care Home - Laurelwood Llc (San Carlos)
  Peninsula Elderly Care Home - Laurelwood Llc: 6 reports

[525/680] Peninsula Elderly Care Home-laurel Llc (San Carlos)
  Peninsula Elderly Care Home-laurel Llc: 11 reports

[526/680] Retirement Plus of San Carlos (San Carlos)
  Retirement Plus of San Carlos: 4 reports

[527/680] San Carlos Elms (San Carlos)
  San Carlos Elms: 14 reports

[528/680] Belmont Village Sabre Springs (San Diego)
  Belmont Village Sabre Springs: 62 reports

[529/680] Ivy Park at la Jolla (San Diego)
  Ivy Park at la Jolla: 6 reports

[530/680] Ivy Park at Sabre Springs (San Diego)
  Ivy Park at Sabre Springs: 12 reports

[531/680] Merrill Gardens at Bankers Hill (San Diego)
  Merrill Gardens at Bankers Hill: 10 reports

[532/680] Oakmont of Pacific Beach (San Diego)
  Oakmont of Pacific Beach: 23 reports

[533/680] Terraces at Via Verde-a Memory Care Community, the (San Dimas)
  Terraces at Via Verde-a Memory Care Community, the: 30 reports

[534/680] Ivy Park at San Marino (San Gabriel)
  Ivy Park at San Marino: 9 reports

[535/680] Ivy Park at San Juan Capistrano (San Juan Capistrano)
  Ivy Park at San Juan Capistrano: 10 reports

[536/680] Silverado Senior Living-san Juan Capistrano (San Juan Capistrano)
  Silverado Senior Living-san Juan Capistrano: 8 reports

[537/680] California Mentor-marineview Home (San Leandro)
  California Mentor-marineview Home: 20 reports

[538/680] Carlton Plaza of San Leandro (San Leandro)
  Carlton Plaza of San Leandro: 26 reports

[539/680] Heart and Soul Communities Ii (San Leandro)
  Heart and Soul Communities Ii: 42 reports

[540/680] Heritage Haven (San Leandro)
  Heritage Haven: 19 reports

[541/680] Jones Rest Home (San Leandro)
  Jones Rest Home: 9 reports

[542/680] Marymount Villa Retirement Center (San Leandro)
  Marymount Villa Retirement Center: 55 reports

[543/680] Mori Manor (San Leandro)
  Mori Manor: 37 reports

[544/680] Rosegate (San Leandro)
  Rosegate: 18 reports

[545/680] San Leandro Senior Living (San Leandro)
  San Leandro Senior Living: 35 reports

[546/680] Sunrise Care Home (San Lorenzo)
  Sunrise Care Home: 4 reports

[547/680] Brookdale Place of San Marcos (San Marcos)
  Brookdale Place of San Marcos: 18 reports

[548/680] Country Rose Estate Memory Care (San Marcos)
  Country Rose Estate Memory Care: 11 reports

[549/680] Church Rcf (San Martin)
  Church Rcf: 5 reports

[550/680] South County Retirement Home Inc. (San Martin)
  South County Retirement Home Inc.: 55 reports

[551/680] St. Therese Homes, Inc. (San Martin)
  St. Therese Homes, Inc.: 4 reports

[552/680] A & E Home Care Services (San Mateo)
  A & E Home Care Services: 4 reports

[553/680] Adams Paul Inc (San Mateo)
  Adams Paul Inc: 6 reports

[554/680] Ageway Boarding Care #2 (San Mateo)
  Ageway Boarding Care #2: 4 reports

[555/680] Ajaviniar Home Care Services Llc (San Mateo)
  Ajaviniar Home Care Services Llc: 5 reports

[556/680] Amazing Home (San Mateo)
  Amazing Home: 5 reports

[557/680] Angel Haven (San Mateo)
  Angel Haven: 5 reports

[558/680] B & B Residential Facilities (San Mateo)
  B & B Residential Facilities: 4 reports

[559/680] B & B Residential Facilities, Inc. (San Mateo)
  B & B Residential Facilities, Inc.: 3 reports

[560/680] B & B Residential Facilities, Inc. (San Mateo)
  B & B Residential Facilities, Inc.: 5 reports

[561/680] Chateau Sabelle (San Mateo)
  Chateau Sabelle: 5 reports

[562/680] Comfort Home Ii (San Mateo)
  Comfort Home Ii: 4 reports

[563/680] Complete Senior Living, Inc (San Mateo)
  Complete Senior Living, Inc: 8 reports

[564/680] Cortez Home (San Mateo)
  Cortez Home: 4 reports

[565/680] Emerald Residential Care Home (San Mateo)
  Emerald Residential Care Home: 10 reports

[566/680] Enchanted Garden for Seniors (San Mateo)
  Enchanted Garden for Seniors: 3 reports

[567/680] Garden Court at the Village (San Mateo)
  Garden Court at the Village: 4 reports

[568/680] George Anne Home (San Mateo)
  George Anne Home: 16 reports

[569/680] Haven@22nd Avenue Assisted Living (San Mateo)
  Haven@22nd Avenue Assisted Living: 11 reports

[570/680] Hennelly House (San Mateo)
  Hennelly House: 5 reports

[571/680] Heritage Inn (San Mateo)
  Heritage Inn: 5 reports

[572/680] Heritage Park (San Mateo)
  Heritage Park: 5 reports

[573/680] Heritage Place (San Mateo)
  Heritage Place: 5 reports

[574/680] Judy's Care Home for the Elderly (San Mateo)
  Judy's Care Home for the Elderly: 5 reports

[575/680] Judy's Home for the Elderly (San Mateo)
  Judy's Home for the Elderly: 3 reports

[576/680] Judy's Homes for the Elderly (San Mateo)
  Judy's Homes for the Elderly: 5 reports

[577/680] Judy's Homes for the Elderly, Inc. (San Mateo)
  Judy's Homes for the Elderly, Inc.: 3 reports

[578/680] Kimochi San Mateo (San Mateo)
  Kimochi San Mateo: 4 reports

[579/680] M. S. Care Home (San Mateo)
  M. S. Care Home: 6 reports

[580/680] Martha's Home (San Mateo)
  Martha's Home: 3 reports

[581/680] Monteverde Manor Iii (San Mateo)
  Monteverde Manor Iii: 6 reports

[582/680] Nani's Home (San Mateo)
  Nani's Home: 5 reports

[583/680] Nevilyn's Home (San Mateo)
  Nevilyn's Home: 3 reports

[584/680] New Life Residence (San Mateo)
  New Life Residence: 5 reports

[585/680] Norcal Care Home Ii (San Mateo)
  Norcal Care Home Ii: 4 reports

[586/680] Olivia's Care Home (San Mateo)
  Olivia's Care Home: 6 reports

[587/680] Olivia's Care Home Ii (San Mateo)
  Olivia's Care Home Ii: 10 reports

[588/680] Olivia's Care Home Iii (San Mateo)
  Olivia's Care Home Iii: 8 reports

[589/680] Olivia's Care Home Iv (San Mateo)
  Olivia's Care Home Iv: 6 reports

[590/680] Our House (San Mateo)
  Our House: 5 reports

[591/680] Pacific Care Home (San Mateo)
  Pacific Care Home: 3 reports

[592/680] Pacific Care Home Ii (San Mateo)
  Pacific Care Home Ii: 3 reports

[593/680] Pacific Care Home Iv (San Mateo)
  Pacific Care Home Iv: 3 reports

[594/680] Pacific Care Home V (San Mateo)
  Pacific Care Home V: 4 reports

[595/680] Patricia Home (San Mateo)
  Patricia Home: 5 reports

[596/680] Peninsula Elderly Care Home (San Mateo)
  Peninsula Elderly Care Home: 4 reports

[597/680] Peninsula Regent (the) (San Mateo)
  Peninsula Regent (the): 5 reports

[598/680] Peninsula Village (San Mateo)
  Peninsula Village: 6 reports

[599/680] Petani Haven (San Mateo)
  Petani Haven: 3 reports

[600/680] Portola Place (San Mateo)
  Portola Place: 3 reports

[601/680] Roberta Care Home (San Mateo)
  Roberta Care Home: 5 reports

[602/680] Roias Home for the Elderly (San Mateo)
  Roias Home for the Elderly: 3 reports

[603/680] Royal Ilima (San Mateo)
  Royal Ilima: 3 reports

[604/680] San Mateo Villa (San Mateo)
  San Mateo Villa: 8 reports

[605/680] Sterling Court (San Mateo)
  Sterling Court: 5 reports

[606/680] Stratford, the (San Mateo)
  Stratford, the: 17 reports

[607/680] Sunrise of San Mateo (San Mateo)
  Sunrise of San Mateo: 8 reports

[608/680] Therese Residential Care Home (San Mateo)
  Therese Residential Care Home: 2 reports

[609/680] Tlc Home Care V (San Mateo)
  Tlc Home Care V: 11 reports

[610/680] Vanessa Care Home Ii (San Mateo)
  Vanessa Care Home Ii: 7 reports

[611/680] Abigail's Guest Home (San Ramon)
  Abigail's Guest Home: 5 reports

[612/680] Belmont Village San Ramon (San Ramon)
  Belmont Village San Ramon: 8 reports

[613/680] Bluegarden Care (San Ramon)
  Bluegarden Care: 10 reports

[614/680] Bluemeadow Care (San Ramon)
  Bluemeadow Care: 11 reports

[615/680] Brookdale San Ramon (San Ramon)
  Brookdale San Ramon: 19 reports

[616/680] Discovery Commons San Ramon (San Ramon)
  Discovery Commons San Ramon: 5 reports

[617/680] Emmaus Homecare Inc. (San Ramon)
  Emmaus Homecare Inc.: 6 reports

[618/680] Golden Hill Homes, Inc. (San Ramon)
  Golden Hill Homes, Inc.: 9 reports

[619/680] Good Shepherd of San Ramon (San Ramon)
  Good Shepherd of San Ramon: 7 reports

[620/680] Green Valley Care Home (San Ramon)
  Green Valley Care Home: 8 reports

[621/680] Ivy Park at San Ramon (San Ramon)
  Ivy Park at San Ramon: 36 reports

[622/680] Karo Mina Care Home (San Ramon)
  Karo Mina Care Home: 11 reports

[623/680] Penny's Guest Home (San Ramon)
  Penny's Guest Home: 7 reports

[624/680] Sunny Days Care (San Ramon)
  Sunny Days Care: 5 reports

[625/680] Tareyton Home, Llc (San Ramon)
  Tareyton Home, Llc: 5 reports

[626/680] Trinity Care Home #2 (San Ramon)
  Trinity Care Home #2: 5 reports

[627/680] Trinity Care Home 3 (San Ramon)
  Trinity Care Home 3: 4 reports

[628/680] Watermark at San Ramon, the (San Ramon)
  Watermark at San Ramon, the: 22 reports

[629/680] Forever Young Memory Care (Santa Ana)
  Forever Young Memory Care: 4 reports

[630/680] Ivy Park at Tustin (Santa Ana)
  Ivy Park at Tustin: 4 reports

[631/680] Willow View Gardens Memory Care & Assisted Living (Santa Ana)
  Willow View Gardens Memory Care & Assisted Living: 32 reports

[632/680] Oakmont of Santa Clarita (Santa Clarita)
  Oakmont of Santa Clarita: 10 reports

[633/680] Brookdale Ocean House (Santa Monica)
  Brookdale Ocean House: 26 reports

[634/680] Brookdale Santa Monica Gardens (Santa Monica)
  Brookdale Santa Monica Gardens: 17 reports

[635/680] Ivy Park at Santa Monica (Santa Monica)
  Ivy Park at Santa Monica: 26 reports

[636/680] April Garden Villa of Saratoga (Saratoga)
  April Garden Villa of Saratoga: 5 reports

[637/680] Bon Homie Saratoga (Saratoga)
  Bon Homie Saratoga: 4 reports

[638/680] Saratoga Retirement Community (Saratoga)
  Saratoga Retirement Community: 11 reports

[639/680] Saratoga Senior Living (Saratoga)
  Saratoga Senior Living: 5 reports

[640/680] Villas at Saratoga Skilled Nursing & Asst Lvg, the (Saratoga)
  Villas at Saratoga Skilled Nursing & Asst Lvg, the: 23 reports

[641/680] Ivy Park at Seal Beach (Seal Beach)
  Ivy Park at Seal Beach: 7 reports

[642/680] Belmont Village Encino (Sherman Oaks)
  Belmont Village Encino: 25 reports

[643/680] Seabright Assisted Living and Memory Care (Solana Beach)
  Seabright Assisted Living and Memory Care: 6 reports

[644/680] Beach Terrace Assisted Living and Memory Care (Stanton)
  Beach Terrace Assisted Living and Memory Care: 57 reports

[645/680] Ivy Park at Studio City (Studio City)
  Ivy Park at Studio City: 4 reports

[646/680] Brookdale Gardens of Tarzana (Tarzana)
  Brookdale Gardens of Tarzana: 14 reports

[647/680] Family Connect Memory Care Inc (Torrance)
  Family Connect Memory Care Inc: 7 reports

[648/680] Family Connected Memory Care Boutique (Torrance)
  Family Connected Memory Care Boutique: 5 reports

[649/680] Ivy Park at Palos Verdes (Torrance)
  Ivy Park at Palos Verdes: 10 reports

[650/680] Oakmont of Torrance (Torrance)
  Oakmont of Torrance: 24 reports

[651/680] Silverado Rolling Hills (Torrance)
  Silverado Rolling Hills: 13 reports

[652/680] South Bay Memory Care (Torrance)
  South Bay Memory Care: 5 reports

[653/680] Silverado Senior Living-tustin Hacienda (Tustin)
  Silverado Senior Living-tustin Hacienda: 12 reports

[654/680] Acacia Creek - Union City (Union City)
  Acacia Creek - Union City: 13 reports

[655/680] Ageway Boarding Care #3 (Union City)
  Ageway Boarding Care #3: 9 reports

[656/680] Ava Bella Care Home (Union City)
  Ava Bella Care Home: 9 reports

[657/680] Begonia Residential Care Home (Union City)
  Begonia Residential Care Home: 6 reports

[658/680] C & L Home for the Elderly (Union City)
  C & L Home for the Elderly: 7 reports

[659/680] C & R Home for the Elderly (Union City)
  C & R Home for the Elderly: 6 reports

[660/680] Harmony Homes Llc (Union City)
  Harmony Homes Llc: 6 reports

[661/680] Hartnell Home Care (Union City)
  Hartnell Home Care: 34 reports

[662/680] Masonic Home for Adults (Union City)
  Masonic Home for Adults: 14 reports

[663/680] Merisol Care Home (Union City)
  Merisol Care Home: 10 reports

[664/680] Merisol Care Home (Union City)
  Merisol Care Home: 12 reports

[665/680] Mt. Zion Home for the Elderly (Union City)
  Mt. Zion Home for the Elderly: 8 reports

[666/680] Pacifica Senior Living Union City (Union City)
  Pacifica Senior Living Union City: 42 reports

[667/680] St. Therese Care Home Ii (Union City)
  St. Therese Care Home Ii: 9 reports

[668/680] Tri City Care Home (Union City)
  Tri City Care Home: 9 reports

[669/680] Oakmont of Valencia (Valencia)
  Oakmont of Valencia: 56 reports

[670/680] Sunrise at Sterling Canyon (Valencia)
  Sunrise at Sterling Canyon: 11 reports

[671/680] Vista Gardens Memory Care (Vista)
  Vista Gardens Memory Care: 3 reports

[672/680] Merrill Gardens at West Covina (West Covina)
  Merrill Gardens at West Covina: 14 reports

[673/680] Ivy Park at West Hills (West Hills)
  Ivy Park at West Hills: 8 reports

[674/680] Sunrise of Westlake Village (Westlake Village)
  Sunrise of Westlake Village: 8 reports

[675/680] Brookdale Brookhurst (Westminster)
  Brookdale Brookhurst: 30 reports

[676/680] Brookdale Central Whittier (Whittier)
  Brookdale Central Whittier: 32 reports

[677/680] Brookdale Uptown Whittier (Whittier)
  Brookdale Uptown Whittier: 16 reports

[678/680] Oakmont of Whittier (Whittier)
  Oakmont of Whittier: 21 reports

[679/680] Ivy Park at Woodland Hills (Woodland Hills)
  Ivy Park at Woodland Hills: 8 reports

[680/680] Sunrise at Yorba Linda (Yorba Linda)
  Sunrise at Yorba Linda: 12 reports

============================================================
Phase D citations ingest — COMPLETE
============================================================
  Facilities processed  : 680
  Reports seen          : 8001
  Reports ingested      : 2636
  Reports skipped       : 4703 (already in DB)
  Deficiencies stored   : 903
  §87705/87706 citations: 39
  Errors                : 11
  scrape_run id         : ed7bd9b0-dd55-42af-94aa-782cb9f3a1d7
============================================================
