Facilities to process: 43

→ Atria Newport Plaza
  ✓ Street View image set

→ Atria Santa Clarita
  – No Street View imagery found, skipping

→ Bayshire Yorba Linda
  ✓ Street View image set

→ Bellamar Lancaster
  ✓ Street View image set

→ Belmont Village Aliso Viejo
  – No Street View imagery found, skipping

→ Bentley Suites
  ✓ Street View image set

→ Brookdale Oceanside
  – No Street View imagery found, skipping

→ Brookdale Sylvan Ranch
  – No Street View imagery found, skipping

→ Capistrano Senior Living
  ✓ Street View image set

→ Cedar Creek Alzheimer's & Dementia Care Center
  – No Street View imagery found, skipping

→ Clearwater Newport Beach
  ✓ Street View image set

→ Cogir of South Bay
  – No Street View imagery found, skipping

→ Cogir of Stock Ranch
  – No Street View imagery found, skipping

→ Coral Oaks Care Living
  ✓ Street View image set

→ Country Rose Estate Memory Care
  – No Street View imagery found, skipping

→ Forum at Rancho San Antonio, the
  – No Street View imagery found, skipping

→ Generations of los Angeles Assisted Lvng. Facility
  ✓ Street View image set

→ Havens at Antelope Valley Assisted Living, the
  ✓ Street View image set

→ Ivy Park at Cerritos
  – No Street View imagery found, skipping

→ Ivy Park at Culver City
  – No Street View imagery found, skipping

→ Ivy Park at Huntington Beach
  ✓ Street View image set

→ Ivy Park at Santa Monica
  ✓ Street View image set

→ Lantern Crest
  – No Street View imagery found, skipping

→ Las Villas del Norte
  – No Street View imagery found, skipping

→ Meadowbrook at Agoura Hills
  – No Street View imagery found, skipping

→ Merrill Gardens at Campbell
  ✓ Street View image set

→ Merrill Gardens at West Covina
  ✓ Street View image set

→ Oakmont of Agoura Hills
  – No Street View imagery found, skipping

→ Oakmont of Folsom
  – No Street View imagery found, skipping

→ Oakmont of Santa Clarita
  – No Street View imagery found, skipping

→ Oakmont of Whittier
  ✓ Street View image set

→ Regency Grand at West Covina
  ✓ Street View image set

→ Regency Park Oak Knoll
  – No Street View imagery found, skipping

→ Rowntree Gardens
  – No Street View imagery found, skipping

→ Saratoga Retirement Community
  – No Street View imagery found, skipping

→ Silverado Senior Living-escondido
  – No Street View imagery found, skipping

→ Sunrise at la Costa
  – No Street View imagery found, skipping

→ Sunrise of Westlake Village
  ✓ Street View image set

→ Vi at Palo Alto
  – No Street View imagery found, skipping

→ Villa Monticello Assisted Living
  – No Street View imagery found, skipping

→ Vista Gardens Memory Care
  – No Street View imagery found, skipping

→ Westmont of Morgan Hill
  – No Street View imagery found, skipping

→ Woodbridge Terrace
  – No Street View imagery found, skipping

Done. 16 updated, 27 skipped (no imagery), 0 errored.

